
          -------------------------------------------------------
          Amber 20 PMEMD                              2020
          -------------------------------------------------------

| PMEMD implementation of SANDER, Release 18

|  Compiled date/time: Thu May 20 07:44:43 2021
| Run on 10/15/2024 at 15:49:38

|   Executable path: pmemd.cuda
| Working directory: /home/muditj/protocols_new/otf_general/otf_rbfe/lig_153~lig_104/site/la-0.88495
|          Hostname: Unknown
  [-O]verwriting output

File Assignments:
|   MDIN: 2_nvt/nvt.in                                                          
|  MDOUT: 2_nvt/complex_nvt.out                                                 
| INPCRD: 2_nvt/complex_nvt.inpcrd                                              
|   PARM: ../complex.prmtop                                                     
| RESTRT: 2_nvt/complex_nvt.rst                                                 
|   REFC: 2_nvt/complex_nvt_ref.rst                                             
|  MDVEL: mdvel                                                                 
|   MDEN: mden                                                                  
|  MDCRD: 2_nvt/complex_nvt.nc                                                  
| MDINFO: mdinfo                                                                
|  MDFRC: mdfrc                                                                 


 Here is the input file:

nvt run                                                                        
 &cntrl                                                                        
  ig = -1,                                                                     
  imin = 0,                                                                    
  nstlim = 25000,                                                              
  dt = 0.002,                                                                  
  irest = 0,                                                                   
  ntx = 1,                                                                     
  ntxo = 2,                                                                    
  ioutfm = 1,                                                                  
  ntb = 1,                                                                     
  ntt = 3,                                                                     
  gamma_ln = 1.0,                                                              
  tempi = 0.1,                                                                 
  temp0 = 300,                                                                 
  ntr = 1,                                                                     
  ntc = 2,                                                                     
  ntf = 1,                                                                     
  ntpr = 1000,                                                                 
  ntwx = 0,                                                                    
  ntwr = 1000,                                                                 
  nmropt = 1,                                                                  
  cut = 10,                                                                    
  restraintmask=':309|!(:WAT|@H=|:Na+|:Cl-)',                                  
  restraint_wt=20.0,                                                           
                                                                               
  icfe = 1, ifsc = 1, clambda = 0.88495, gti_lam_sch = 1, scalpha = 0.2, scbeta
  timask1 = ':1', timask2 = ':2',                                              
  scmask1 = ':1@C29,H62,H59,H58,H57,H56,H55,H54,H53,H52,H51,H50,H49,H48,H47,H46
 /                                                                             
 &wt TYPE='TEMP0', istep1=0, istep2=20000,                                     
  value1=0.1, value2=300.0, /                                                  
 &wt TYPE='END' /                                                              


Note: ig = -1. Setting random seed to   953124 based on wallclock time in 
      microseconds.
| irandom = 1, using AMBER's internal random number generator (default).
 
|--------------------- INFORMATION ----------------------
| GPU (CUDA) Version of PMEMD in use: NVIDIA GPU IN USE.
|                    Version 18.0.0
| 
|                      03/25/2018
| 
| Implementation by:
|                    Ross C. Walker     (SDSC)
|                    Scott Le Grand     (nVIDIA)
| 
| Version 18 performance extensions by:
|                    David Cerutti     (Rutgers)
| 
| Precision model in use:
|      [SPFP] - Single Precision Forces, 64-bit Fixed Point
|               Accumulation. (Default)
| 
|--------------------------------------------------------
 
|----------------- CITATION INFORMATION -----------------
|
|    When publishing work that utilized the CUDA version
|    of AMBER, please cite the following in addition to
|    the regular AMBER citations:
|
|  - Romelia Salomon-Ferrer; Andreas W. Goetz; Duncan
|    Poole; Scott Le Grand; Ross C. Walker "Routine
|    microsecond molecular dynamics simulations with
|    AMBER - Part II: Particle Mesh Ewald", J. Chem.
|    Theory Comput., 2013, 9 (9), pp3878-3888,
|    DOI: 10.1021/ct400314y.
|
|  - Andreas W. Goetz; Mark J. Williamson; Dong Xu;
|    Duncan Poole; Scott Le Grand; Ross C. Walker
|    "Routine microsecond molecular dynamics simulations
|    with AMBER - Part I: Generalized Born", J. Chem.
|    Theory Comput., 2012, 8 (5), pp1542-1555.
|
|  - Scott Le Grand; Andreas W. Goetz; Ross C. Walker
|    "SPFP: Speed without compromise - a mixed precision
|    model for GPU accelerated molecular dynamics
|    simulations.", Comp. Phys. Comm., 2013, 184
|    pp374-380, DOI: 10.1016/j.cpc.2012.09.022
|
|    When publishing work that utilized the CUDA version
|    of TI, BAR, MBAR or FEP please cite the following 
|    publications in addition to the regular AMBER 
|    GPU citations:
|
|  - Daniel J. Mermelstein; Charles Lin; Gard Nelson; 
|    Rachael Kretsch; J. Andrew McCammon; Ross C. Walker
|    "Fast and Flexible GPU Accelerated Binding 
|    Free Energy Calculations within the AMBER Molecular
|    Dynamics Package" J. Comp. Chem., 2018,
|    DOI: 10.1002/jcc.25187
|
|  - Tai-Sung Lee; Yuan Hu; Brad Sherborne; Zhuyan Guo;
|    Darrin M. York
|    "Toward Fast and Accurate Binding Affinity Prediction with
|    pmemdGTI: An Efficient Implementation of GPU-Accelerated
|    Thermodynamic Integration"
|    J. Chem. Theory Comput., 2017, 13 (7), 3077
|
|
|--------------------------------------------------------
 
|------------------- GPU DEVICE INFO --------------------
|
|            CUDA_VISIBLE_DEVICES: 0
|   CUDA Capable Devices Detected:      1
|           CUDA Device ID in use:      0
|                CUDA Device Name: NVIDIA GeForce RTX 2080
|     CUDA Device Global Mem Size:   7982 MB
| CUDA Device Num Multiprocessors:     46
|           CUDA Device Core Freq:   1.71 GHz
|
|--------------------------------------------------------
 
 
| Conditional Compilation Defines Used:
| PUBFFT
| BINTRAJ
| CUDA
| EMIL

| Largest sphere to fit in unit cell has radius =    28.285

| New format PARM file being parsed.
| Version =    1.000 Date = 10/05/24 Time = 17:06:23

| Note: 1-4 EEL scale factors are being read from the topology file.

| Note: 1-4 VDW scale factors are being read from the topology file.
| Duplicated    0 dihedrals

| Duplicated    0 dihedrals

--------------------------------------------------------------------------------
   1.  RESOURCE   USE: 
--------------------------------------------------------------------------------

 getting box info from netcdf restart file
 NATOM  =   17464 NTYPES =      31 NBONH =   15011 MBONA  =    2503
 NTHETH =    5537 MTHETA =    3396 NPHIH =   11178 MPHIA  =   10632
 NHPARM =       0 NPARM  =       0 NNB   =   43744 NRES   =    4497
 NBONA  =    2503 NTHETA =    3396 NPHIA =   10632 NUMBND =      93
 NUMANG =     208 NPTRA  =     215 NATYP =      53 NPHB   =       1
 IFBOX  =       1 NMXRS  =      62 IFCAP =       0 NEXTRA =       0
 NCOPY  =       0

| Coordinate Index Table dimensions:    11   10   11
| Direct force subcell size =     5.9561    5.6570    5.5474

     BOX TYPE: RECTILINEAR

--------------------------------------------------------------------------------
   2.  CONTROL  DATA  FOR  THE  RUN
--------------------------------------------------------------------------------

L0                                                                              

General flags:
     imin    =       0, nmropt  =       1

Nature and format of input:
     ntx     =       1, irest   =       0, ntrx    =       1

Nature and format of output:
     ntxo    =       2, ntpr    =    1000, ntrx    =       1, ntwr    =    1000
     iwrap   =       0, ntwx    =       0, ntwv    =       0, ntwe    =       0
     ioutfm  =       1, ntwprt  =       0, idecomp =       0, rbornstat=      0

Potential function:
     ntf     =       1, ntb     =       1, igb     =       0, nsnb    =      25
     ipol    =       0, gbsa    =       0, iesp    =       0
     dielc   =   1.00000, cut     =  10.00000, intdiel =   1.00000

Frozen or restrained atoms:
     ibelly  =       0, ntr     =       1
     restraint_wt =  20.00000

Molecular dynamics:
     nstlim  =     25000, nscm    =         0, nrespa  =         1
     t       =   0.00000, dt      =   0.00200, vlimit  =  -1.00000

Langevin dynamics temperature regulation:
     ig      =  953124
     temp0   = 300.00000, tempi   =   0.10000, gamma_ln=   1.00000

SHAKE:
     ntc     =       2, jfastw  =       0
     tol     =   0.00001

NMR refinement options:
     iscale  =       0, noeskp  =       1, ipnlty  =       1, mxsub   =       1
     scalm   = 100.00000, pencut  =   0.10000, tausw   =   0.10000

Free energy options:
     icfe    =       1, ifsc    =       1, klambda =       1
     clambda =  0.8850, scalpha =  0.2000, scbeta  = 50.0000
     sceeorder =       2
     dynlmb =  0.0000 logdvdl =       0

| Intermolecular bonds treatment:
|     no_intermolecular_bonds =       1

| Energy averages sample interval:
|     ene_avg_sampling =    1000

Ewald parameters:
     verbose =       0, ew_type =       0, nbflag  =       1, use_pme =       1
     vdwmeth =       1, eedmeth =       1, netfrc  =       1
     Box X =   65.517   Box Y =   56.570   Box Z =   61.021
     Alpha =   90.000   Beta  =   90.000   Gamma =   90.000
     NFFT1 =   64       NFFT2 =   64       NFFT3 =   64
     Cutoff=   10.000   Tol   =0.100E-04
     Ewald Coefficient =  0.27511
     Interpolation order =    4

    LOADING THE CONSTRAINED ATOMS AS GROUPS


   5.  REFERENCE ATOM COORDINATES

  L0                                                                              
     Mask :309|!(:WAT|@H=|:Na+|:Cl-); matches  2446 atoms
     TI Mask 1 :1; matches     62 atoms
     TI Mask 2 :2; matches     61 atoms
     TI region 1:   17403 atoms
     TI region 2:   17402 atoms
     SC Mask 1 :1@C29,H62,H59,H58,H57,H56,H55,H54,H53,H52,H51,H50,H49,H48,H47,H46,H41,H40,H39,H38,H37,H36,H35,H34,H33,H32,C27,O26,C25,O24,C23,O22,C21,C20,C19,C18,C17,C7,C6,C5,C4,N3; matches     42 atoms
     SC Mask 2 :2@H46,C5,C6,C7,O8,C9,C10,C11,C12,C13,C14,O15,C16,C24,C25,N26,C27,C28,H33,H34,H35,H36,H37,H38,H39,H40,H41,H42,H43,H44,H45,H49,H50,H51,H52,H53,H54,H55,H56,H57,H61; matches     41 atoms

|--------------------------------------------------------------------------------------------
| Extra TI control variables
|     gti_add_sc     =   1, gti_ele_gauss  =   0, gti_auto_alpha =   0, gti_scale_beta =   0
|     gti_ele_exp    =   2, gti_vdw_exp    =   6, gti_ele_sc     =   1, gti_vdw_sc     =   1
|     gti_cut        =   1, gti_cut_sc     =   0
|     gti_cut_sc_on    =  0.0000, gti_cut_sc_off    =  0.0000
|--------------------------------------------------------------------------------------------


--------------------------------------------------------------------------------
   3.  ATOMIC COORDINATES AND VELOCITIES
--------------------------------------------------------------------------------

L0                                                                              
 begin time read from input coords =     0.000 ps



           Begin reading energy term weight changes/NMR restraints
 WEIGHT CHANGES:
 TEMP0         0  20000    0.100000  300.000000      0      0

 RESTRAINTS:
                          ** No restraint defined **

                  Done reading weight changes/NMR restraints


 
 Number of triangulated 3-point waters found:     4189
   Removing shake constraints from C2    L0    1 -- H33   L0    1
   Removing shake constraints from C2    L0    1 -- H32   L0    1
   Removing shake constraints from C17   L1    2 -- H46   L1    2
 Number of shake restraints removed in TI region  1 :        2
 Number of shake restraints removed in TI region  2 :        1

     Sum of charges for TI region  1 =  -0.00001916
     Skip neutralizing charges...


     Sum of charges for TI region  2 =  -0.00002514
     Skip neutralizing charges...

| Dynamic Memory, Types Used:
| Reals              867995
| Integers          1262921

| Nonbonded Pairs Initial Allocation:     5282423

| GPU memory information (estimate):
| KB of GPU memory in use:    147303
| KB of CPU memory in use:     47637

--------------------------------------------------------------------------------
   4.  RESULTS
--------------------------------------------------------------------------------

   DOF for the SC part  1 of the system:  103
   SHAKE constraints in the SC region:   23
   DOF for the SC part  2 of the system:  100
   SHAKE constraints in the SC region:   23

| TI region  1


 NSTEP =        0   TIME(PS) =       0.000  TEMP(K) =     0.14  PRESS =     0.0
 Etot   =    -59918.1138  EKtot   =         5.1547  EPtot      =    -59923.2685
 BOND   =      3832.0041  ANGLE   =       626.6915  DIHED      =      3370.5044
 1-4 NB =       971.5440  1-4 EEL =     10680.7326  VDWAALS    =      6454.1450
 EELEC  =    -85858.8900  EHBOND  =         0.0000  RESTRAINT  =         0.0000
 DV/DL  =       -45.9418
 ------------------------------------------------------------------------------

  Softcore part of the system:      42 atoms,       TEMP(K)    =           0.20
 SC_Etot=        91.0717  SC_EKtot=         0.0205  SC_EPtot   =        91.0512
 SC_BOND=         0.6210  SC_ANGLE=         7.8266  SC_DIHED   =        18.8922
 SC_14NB=         3.0630  SC_14EEL=        26.0382  SC_VDW     =         0.1267
 SC_EEL =        34.4835
 SC_RES_DIST=     0.0000  SC_RES_ANG=       0.0000  SC_RES_TORS=         0.0000
 SC_EEL_DER=    -29.5653  SC_VDW_DER=       2.6506  SC_DERIV   =       -26.9147
 ------------------------------------------------------------------------------


| TI region  2


 NSTEP =        0   TIME(PS) =       0.000  TEMP(K) =     0.14  PRESS =     0.0
 Etot   =    -59918.1139  EKtot   =         5.1545  EPtot      =    -59923.2685
 BOND   =      3832.0041  ANGLE   =       626.6915  DIHED      =      3370.5044
 1-4 NB =       971.5440  1-4 EEL =     10680.7326  VDWAALS    =      6454.1450
 EELEC  =    -85858.8900  EHBOND  =         0.0000  RESTRAINT  =         0.0000
 DV/DL  =       -45.9418
 ------------------------------------------------------------------------------

  Softcore part of the system:      41 atoms,       TEMP(K)    =           0.21
 SC_Etot=       164.1743  SC_EKtot=         0.0206  SC_EPtot   =       164.1537
 SC_BOND=         1.4542  SC_ANGLE=         2.7748  SC_DIHED   =        15.7565
 SC_14NB=         4.6544  SC_14EEL=        91.0011  SC_VDW     =        -0.4348
 SC_EEL =        48.9475
 SC_RES_DIST=     0.0000  SC_RES_ANG=       0.0000  SC_RES_TORS=         0.0000
 SC_EEL_DER=    -29.5653  SC_VDW_DER=       2.6506  SC_DERIV   =       -26.9147
 ------------------------------------------------------------------------------

 NMR restraints: Bond =    0.000   Angle =     0.000   Torsion =     0.000
===============================================================================

| TI region  1


 NSTEP =     1000   TIME(PS) =       2.000  TEMP(K) =    22.65  PRESS =     0.0
 Etot   =    -58840.2431  EKtot   =       837.7483  EPtot      =    -59677.9913
 BOND   =       177.8339  ANGLE   =       669.6476  DIHED      =      3387.3171
 1-4 NB =       981.3268  1-4 EEL =     10672.8842  VDWAALS    =      6421.3359
 EELEC  =    -82051.4446  EHBOND  =         0.0000  RESTRAINT  =        63.1077
 EAMBER (non-restraint)  =    -59741.0990
 DV/DL  =       -49.8019
 ------------------------------------------------------------------------------

  Softcore part of the system:      42 atoms,       TEMP(K)    =          12.71
 SC_Etot=        92.9805  SC_EKtot=         1.3006  SC_EPtot   =        91.6799
 SC_BOND=         1.1046  SC_ANGLE=         8.8192  SC_DIHED   =        18.2701
 SC_14NB=         2.8879  SC_14EEL=        26.0228  SC_VDW     =         0.0663
 SC_EEL =        34.5090
 SC_RES_DIST=     0.0000  SC_RES_ANG=       0.0000  SC_RES_TORS=         0.0000
 SC_EEL_DER=    -32.1077  SC_VDW_DER=       3.5257  SC_DERIV   =       -28.5820
 ------------------------------------------------------------------------------


| TI region  2


 NSTEP =     1000   TIME(PS) =       2.000  TEMP(K) =    22.64  PRESS =     0.0
 Etot   =    -58840.6044  EKtot   =       837.3870  EPtot      =    -59677.9913
 BOND   =       177.8339  ANGLE   =       669.6476  DIHED      =      3387.3171
 1-4 NB =       981.3268  1-4 EEL =     10672.8842  VDWAALS    =      6421.3359
 EELEC  =    -82051.4446  EHBOND  =         0.0000  RESTRAINT  =        63.1077
 EAMBER (non-restraint)  =    -59741.0990
 DV/DL  =       -49.8019
 ------------------------------------------------------------------------------

  Softcore part of the system:      41 atoms,       TEMP(K)    =           9.45
 SC_Etot=       165.9417  SC_EKtot=         0.9393  SC_EPtot   =       165.0024
 SC_BOND=         1.5245  SC_ANGLE=         3.2824  SC_DIHED   =        16.0942
 SC_14NB=         4.6146  SC_14EEL=        91.1869  SC_VDW     =        -0.5185
 SC_EEL =        48.8184
 SC_RES_DIST=     0.0000  SC_RES_ANG=       0.0000  SC_RES_TORS=         0.0000
 SC_EEL_DER=    -32.1077  SC_VDW_DER=       3.5257  SC_DERIV   =       -28.5820
 ------------------------------------------------------------------------------

 NMR restraints: Bond =    0.000   Angle =     0.000   Torsion =     0.000
===============================================================================

| TI region  1


 NSTEP =     2000   TIME(PS) =       4.000  TEMP(K) =    26.68  PRESS =     0.0
 Etot   =    -58908.9183  EKtot   =       986.9630  EPtot      =    -59895.8813
 BOND   =       214.7963  ANGLE   =       748.6043  DIHED      =      3406.3811
 1-4 NB =       985.0477  1-4 EEL =     10664.4235  VDWAALS    =      6492.8344
 EELEC  =    -82488.9495  EHBOND  =         0.0000  RESTRAINT  =        80.9810
 EAMBER (non-restraint)  =    -59976.8623
 DV/DL  =       -65.3546
 ------------------------------------------------------------------------------

  Softcore part of the system:      42 atoms,       TEMP(K)    =          23.08
 SC_Etot=        95.4972  SC_EKtot=         2.3622  SC_EPtot   =        93.1349
 SC_BOND=         1.1737  SC_ANGLE=         8.7706  SC_DIHED   =        18.8940
 SC_14NB=         3.2555  SC_14EEL=        26.3386  SC_VDW     =         0.3866
 SC_EEL =        34.3160
 SC_RES_DIST=     0.0000  SC_RES_ANG=       0.0000  SC_RES_TORS=         0.0000
 SC_EEL_DER=    -45.7507  SC_VDW_DER=       3.4702  SC_DERIV   =       -42.2804
 ------------------------------------------------------------------------------


| TI region  2


 NSTEP =     2000   TIME(PS) =       4.000  TEMP(K) =    26.68  PRESS =     0.0
 Etot   =    -58908.9347  EKtot   =       986.9466  EPtot      =    -59895.8813
 BOND   =       214.7963  ANGLE   =       748.6043  DIHED      =      3406.3811
 1-4 NB =       985.0477  1-4 EEL =     10664.4235  VDWAALS    =      6492.8344
 EELEC  =    -82488.9495  EHBOND  =         0.0000  RESTRAINT  =        80.9810
 EAMBER (non-restraint)  =    -59976.8623
 DV/DL  =       -65.3546
 ------------------------------------------------------------------------------

  Softcore part of the system:      41 atoms,       TEMP(K)    =          23.61
 SC_Etot=       169.2659  SC_EKtot=         2.3458  SC_EPtot   =       166.9201
 SC_BOND=         1.6812  SC_ANGLE=         4.4151  SC_DIHED   =        16.3363
 SC_14NB=         4.6164  SC_14EEL=        91.2981  SC_VDW     =        -0.3516
 SC_EEL =        48.9246
 SC_RES_DIST=     0.0000  SC_RES_ANG=       0.0000  SC_RES_TORS=         0.0000
 SC_EEL_DER=    -45.7507  SC_VDW_DER=       3.4702  SC_DERIV   =       -42.2804
 ------------------------------------------------------------------------------

 NMR restraints: Bond =    0.000   Angle =     0.000   Torsion =     0.000
===============================================================================

| TI region  1


 NSTEP =     3000   TIME(PS) =       6.000  TEMP(K) =    38.50  PRESS =     0.0
 Etot   =    -58147.2025  EKtot   =      1424.0249  EPtot      =    -59571.2275
 BOND   =       250.4507  ANGLE   =       824.7902  DIHED      =      3414.4902
 1-4 NB =       995.0472  1-4 EEL =     10647.7093  VDWAALS    =      6475.3125
 EELEC  =    -82283.2271  EHBOND  =         0.0000  RESTRAINT  =       104.1995
 EAMBER (non-restraint)  =    -59675.4270
 DV/DL  =       -61.2751
 ------------------------------------------------------------------------------

  Softcore part of the system:      42 atoms,       TEMP(K)    =          31.78
 SC_Etot=        98.3812  SC_EKtot=         3.2522  SC_EPtot   =        95.1290
 SC_BOND=         1.6239  SC_ANGLE=        10.0868  SC_DIHED   =        19.5106
 SC_14NB=         3.0409  SC_14EEL=        26.6189  SC_VDW     =         0.1875
 SC_EEL =        34.0604
 SC_RES_DIST=     0.0000  SC_RES_ANG=       0.0000  SC_RES_TORS=         0.0000
 SC_EEL_DER=    -41.7243  SC_VDW_DER=       3.6937  SC_DERIV   =       -38.0306
 ------------------------------------------------------------------------------


| TI region  2


 NSTEP =     3000   TIME(PS) =       6.000  TEMP(K) =    38.51  PRESS =     0.0
 Etot   =    -58146.8811  EKtot   =      1424.3463  EPtot      =    -59571.2275
 BOND   =       250.4507  ANGLE   =       824.7902  DIHED      =      3414.4902
 1-4 NB =       995.0472  1-4 EEL =     10647.7093  VDWAALS    =      6475.3125
 EELEC  =    -82283.2271  EHBOND  =         0.0000  RESTRAINT  =       104.1995
 EAMBER (non-restraint)  =    -59675.4270
 DV/DL  =       -61.2751
 ------------------------------------------------------------------------------

  Softcore part of the system:      41 atoms,       TEMP(K)    =          35.97
 SC_Etot=       172.4327  SC_EKtot=         3.5736  SC_EPtot   =       168.8591
 SC_BOND=         2.7725  SC_ANGLE=         5.3528  SC_DIHED   =        16.2598
 SC_14NB=         4.5673  SC_14EEL=        91.2849  SC_VDW     =        -0.3533
 SC_EEL =        48.9752
 SC_RES_DIST=     0.0000  SC_RES_ANG=       0.0000  SC_RES_TORS=         0.0000
 SC_EEL_DER=    -41.7243  SC_VDW_DER=       3.6937  SC_DERIV   =       -38.0306
 ------------------------------------------------------------------------------

 NMR restraints: Bond =    0.000   Angle =     0.000   Torsion =     0.000
===============================================================================

| TI region  1


 NSTEP =     4000   TIME(PS) =       8.000  TEMP(K) =    52.56  PRESS =     0.0
 Etot   =    -57183.5698  EKtot   =      1944.3916  EPtot      =    -59127.9614
 BOND   =       279.1273  ANGLE   =       917.6301  DIHED      =      3440.1497
 1-4 NB =       997.0644  1-4 EEL =     10667.6151  VDWAALS    =      6375.3007
 EELEC  =    -81940.4671  EHBOND  =         0.0000  RESTRAINT  =       135.6186
 EAMBER (non-restraint)  =    -59263.5800
 DV/DL  =       -60.0376
 ------------------------------------------------------------------------------

  Softcore part of the system:      42 atoms,       TEMP(K)    =          54.87
 SC_Etot=       101.3498  SC_EKtot=         5.6156  SC_EPtot   =        95.7343
 SC_BOND=         1.5821  SC_ANGLE=        10.2439  SC_DIHED   =        19.8984
 SC_14NB=         2.9015  SC_14EEL=        26.0795  SC_VDW     =         0.2142
 SC_EEL =        34.8147
 SC_RES_DIST=     0.0000  SC_RES_ANG=       0.0000  SC_RES_TORS=         0.0000
 SC_EEL_DER=    -43.0694  SC_VDW_DER=       4.6244  SC_DERIV   =       -38.4450
 ------------------------------------------------------------------------------


| TI region  2


 NSTEP =     4000   TIME(PS) =       8.000  TEMP(K) =    52.57  PRESS =     0.0
 Etot   =    -57183.3904  EKtot   =      1944.5710  EPtot      =    -59127.9614
 BOND   =       279.1273  ANGLE   =       917.6301  DIHED      =      3440.1497
 1-4 NB =       997.0644  1-4 EEL =     10667.6151  VDWAALS    =      6375.3007
 EELEC  =    -81940.4671  EHBOND  =         0.0000  RESTRAINT  =       135.6186
 EAMBER (non-restraint)  =    -59263.5800
 DV/DL  =       -60.0376
 ------------------------------------------------------------------------------

  Softcore part of the system:      41 atoms,       TEMP(K)    =          58.32
 SC_Etot=       174.6727  SC_EKtot=         5.7950  SC_EPtot   =       168.8777
 SC_BOND=         2.1760  SC_ANGLE=         5.9337  SC_DIHED   =        16.0987
 SC_14NB=         4.6571  SC_14EEL=        91.3836  SC_VDW     =        -0.4421
 SC_EEL =        49.0707
 SC_RES_DIST=     0.0000  SC_RES_ANG=       0.0000  SC_RES_TORS=         0.0000
 SC_EEL_DER=    -43.0694  SC_VDW_DER=       4.6244  SC_DERIV   =       -38.4450
 ------------------------------------------------------------------------------

 NMR restraints: Bond =    0.000   Angle =     0.000   Torsion =     0.000
===============================================================================

| TI region  1


 NSTEP =     5000   TIME(PS) =      10.000  TEMP(K) =    68.32  PRESS =     0.0
 Etot   =    -56154.9308  EKtot   =      2527.1298  EPtot      =    -58682.0605
 BOND   =       316.0120  ANGLE   =       978.4651  DIHED      =      3457.6669
 1-4 NB =      1006.9789  1-4 EEL =     10668.1373  VDWAALS    =      6312.7791
 EELEC  =    -81588.8653  EHBOND  =         0.0000  RESTRAINT  =       166.7656
 EAMBER (non-restraint)  =    -58848.8261
 DV/DL  =       -61.7482
 ------------------------------------------------------------------------------

  Softcore part of the system:      42 atoms,       TEMP(K)    =          59.90
 SC_Etot=       102.9521  SC_EKtot=         6.1301  SC_EPtot   =        96.8220
 SC_BOND=         1.5535  SC_ANGLE=        11.2047  SC_DIHED   =        19.9552
 SC_14NB=         3.4110  SC_14EEL=        26.3679  SC_VDW     =         0.0203
 SC_EEL =        34.3094
 SC_RES_DIST=     0.0000  SC_RES_ANG=       0.0000  SC_RES_TORS=         0.0000
 SC_EEL_DER=    -43.7503  SC_VDW_DER=       3.7074  SC_DERIV   =       -40.0430
 ------------------------------------------------------------------------------


| TI region  2


 NSTEP =     5000   TIME(PS) =      10.000  TEMP(K) =    68.37  PRESS =     0.0
 Etot   =    -56153.2660  EKtot   =      2528.7945  EPtot      =    -58682.0605
 BOND   =       316.0120  ANGLE   =       978.4651  DIHED      =      3457.6669
 1-4 NB =      1006.9789  1-4 EEL =     10668.1373  VDWAALS    =      6312.7791
 EELEC  =    -81588.8653  EHBOND  =         0.0000  RESTRAINT  =       166.7656
 EAMBER (non-restraint)  =    -58848.8261
 DV/DL  =       -61.7482
 ------------------------------------------------------------------------------

  Softcore part of the system:      41 atoms,       TEMP(K)    =          78.45
 SC_Etot=       178.8985  SC_EKtot=         7.7948  SC_EPtot   =       171.1037
 SC_BOND=         3.9255  SC_ANGLE=         6.8982  SC_DIHED   =        16.7097
 SC_14NB=         4.6569  SC_14EEL=        90.3921  SC_VDW     =         0.3826
 SC_EEL =        48.1387
 SC_RES_DIST=     0.0000  SC_RES_ANG=       0.0000  SC_RES_TORS=         0.0000
 SC_EEL_DER=    -43.7503  SC_VDW_DER=       3.7074  SC_DERIV   =       -40.0430
 ------------------------------------------------------------------------------

 NMR restraints: Bond =    0.000   Angle =     0.000   Torsion =     0.000
===============================================================================

| TI region  1


 NSTEP =     6000   TIME(PS) =      12.000  TEMP(K) =    83.26  PRESS =     0.0
 Etot   =    -55044.2270  EKtot   =      3079.9845  EPtot      =    -58124.2115
 BOND   =       364.1048  ANGLE   =      1096.8064  DIHED      =      3475.1694
 1-4 NB =      1003.8240  1-4 EEL =     10649.6671  VDWAALS    =      6068.1500
 EELEC  =    -80974.0679  EHBOND  =         0.0000  RESTRAINT  =       192.1346
 EAMBER (non-restraint)  =    -58316.3461
 DV/DL  =       -59.9863
 ------------------------------------------------------------------------------

  Softcore part of the system:      42 atoms,       TEMP(K)    =          84.87
 SC_Etot=       106.6001  SC_EKtot=         8.6855  SC_EPtot   =        97.9146
 SC_BOND=         1.8186  SC_ANGLE=        11.6387  SC_DIHED   =        20.0699
 SC_14NB=         3.0936  SC_14EEL=        26.3934  SC_VDW     =         0.1208
 SC_EEL =        34.7796
 SC_RES_DIST=     0.0000  SC_RES_ANG=       0.0000  SC_RES_TORS=         0.0000
 SC_EEL_DER=    -40.7222  SC_VDW_DER=       3.3403  SC_DERIV   =       -37.3819
 ------------------------------------------------------------------------------


| TI region  2


 NSTEP =     6000   TIME(PS) =      12.000  TEMP(K) =    83.21  PRESS =     0.0
 Etot   =    -55046.4163  EKtot   =      3077.7952  EPtot      =    -58124.2115
 BOND   =       364.1048  ANGLE   =      1096.8064  DIHED      =      3475.1694
 1-4 NB =      1003.8240  1-4 EEL =     10649.6671  VDWAALS    =      6068.1500
 EELEC  =    -80974.0679  EHBOND  =         0.0000  RESTRAINT  =       192.1346
 EAMBER (non-restraint)  =    -58316.3461
 DV/DL  =       -59.9863
 ------------------------------------------------------------------------------

  Softcore part of the system:      41 atoms,       TEMP(K)    =          65.38
 SC_Etot=       179.8337  SC_EKtot=         6.4962  SC_EPtot   =       173.3376
 SC_BOND=         2.3199  SC_ANGLE=         8.2817  SC_DIHED   =        18.0178
 SC_14NB=         5.0314  SC_14EEL=        91.3939  SC_VDW     =        -0.8615
 SC_EEL =        49.1542
 SC_RES_DIST=     0.0000  SC_RES_ANG=       0.0000  SC_RES_TORS=         0.0000
 SC_EEL_DER=    -40.7222  SC_VDW_DER=       3.3403  SC_DERIV   =       -37.3819
 ------------------------------------------------------------------------------

 NMR restraints: Bond =    0.000   Angle =     0.000   Torsion =     0.000
===============================================================================

| TI region  1


 NSTEP =     7000   TIME(PS) =      14.000  TEMP(K) =    96.80  PRESS =     0.0
 Etot   =    -54112.7514  EKtot   =      3580.7546  EPtot      =    -57693.5061
 BOND   =       394.4871  ANGLE   =      1155.5986  DIHED      =      3505.1544
 1-4 NB =      1014.7590  1-4 EEL =     10673.9175  VDWAALS    =      6007.6766
 EELEC  =    -80667.0729  EHBOND  =         0.0000  RESTRAINT  =       221.9735
 EAMBER (non-restraint)  =    -57915.4796
 DV/DL  =       -66.5945
 ------------------------------------------------------------------------------

  Softcore part of the system:      42 atoms,       TEMP(K)    =          75.97
 SC_Etot=       105.8414  SC_EKtot=         7.7753  SC_EPtot   =        98.0662
 SC_BOND=         3.1934  SC_ANGLE=        11.5136  SC_DIHED   =        19.6121
 SC_14NB=         3.1591  SC_14EEL=        25.8972  SC_VDW     =         0.0806
 SC_EEL =        34.6101
 SC_RES_DIST=     0.0000  SC_RES_ANG=       0.0000  SC_RES_TORS=         0.0000
 SC_EEL_DER=    -46.2272  SC_VDW_DER=       3.5602  SC_DERIV   =       -42.6670
 ------------------------------------------------------------------------------


| TI region  2


 NSTEP =     7000   TIME(PS) =      14.000  TEMP(K) =    96.90  PRESS =     0.0
 Etot   =    -54109.2708  EKtot   =      3584.2353  EPtot      =    -57693.5061
 BOND   =       394.4871  ANGLE   =      1155.5986  DIHED      =      3505.1544
 1-4 NB =      1014.7590  1-4 EEL =     10673.9175  VDWAALS    =      6007.6766
 EELEC  =    -80667.0729  EHBOND  =         0.0000  RESTRAINT  =       221.9735
 EAMBER (non-restraint)  =    -57915.4796
 DV/DL  =       -66.5945
 ------------------------------------------------------------------------------

  Softcore part of the system:      41 atoms,       TEMP(K)    =         113.28
 SC_Etot=       183.8372  SC_EKtot=        11.2559  SC_EPtot   =       172.5813
 SC_BOND=         2.5684  SC_ANGLE=         9.2890  SC_DIHED   =        16.9319
 SC_14NB=         4.9601  SC_14EEL=        91.0460  SC_VDW     =        -0.6900
 SC_EEL =        48.4759
 SC_RES_DIST=     0.0000  SC_RES_ANG=       0.0000  SC_RES_TORS=         0.0000
 SC_EEL_DER=    -46.2272  SC_VDW_DER=       3.5602  SC_DERIV   =       -42.6670
 ------------------------------------------------------------------------------

 NMR restraints: Bond =    0.000   Angle =     0.000   Torsion =     0.000
===============================================================================

| TI region  1


 NSTEP =     8000   TIME(PS) =      16.000  TEMP(K) =   111.62  PRESS =     0.0
 Etot   =    -52975.3642  EKtot   =      4128.9469  EPtot      =    -57104.3111
 BOND   =       426.1944  ANGLE   =      1257.2204  DIHED      =      3518.8577
 1-4 NB =      1021.7677  1-4 EEL =     10687.6324  VDWAALS    =      5784.5910
 EELEC  =    -80052.6917  EHBOND  =         0.0000  RESTRAINT  =       252.1170
 EAMBER (non-restraint)  =    -57356.4281
 DV/DL  =       -78.2413
 ------------------------------------------------------------------------------

  Softcore part of the system:      42 atoms,       TEMP(K)    =         131.45
 SC_Etot=       114.8155  SC_EKtot=        13.4528  SC_EPtot   =       101.3627
 SC_BOND=         3.7059  SC_ANGLE=        14.2003  SC_DIHED   =        20.0759
 SC_14NB=         2.7968  SC_14EEL=        25.9390  SC_VDW     =         0.6626
 SC_EEL =        33.9823
 SC_RES_DIST=     0.0000  SC_RES_ANG=       0.0000  SC_RES_TORS=         0.0000
 SC_EEL_DER=    -55.2040  SC_VDW_DER=       4.0978  SC_DERIV   =       -51.1062
 ------------------------------------------------------------------------------


| TI region  2


 NSTEP =     8000   TIME(PS) =      16.000  TEMP(K) =   111.63  PRESS =     0.0
 Etot   =    -52975.3179  EKtot   =      4128.9931  EPtot      =    -57104.3111
 BOND   =       426.1944  ANGLE   =      1257.2204  DIHED      =      3518.8577
 1-4 NB =      1021.7677  1-4 EEL =     10687.6324  VDWAALS    =      5784.5910
 EELEC  =    -80052.6917  EHBOND  =         0.0000  RESTRAINT  =       252.1170
 EAMBER (non-restraint)  =    -57356.4281
 DV/DL  =       -78.2413
 ------------------------------------------------------------------------------

  Softcore part of the system:      41 atoms,       TEMP(K)    =         135.86
 SC_Etot=       188.5663  SC_EKtot=        13.4991  SC_EPtot   =       175.0673
 SC_BOND=         3.3633  SC_ANGLE=        10.2183  SC_DIHED   =        17.3553
 SC_14NB=         4.4246  SC_14EEL=        91.2430  SC_VDW     =        -0.6180
 SC_EEL =        49.0807
 SC_RES_DIST=     0.0000  SC_RES_ANG=       0.0000  SC_RES_TORS=         0.0000
 SC_EEL_DER=    -55.2040  SC_VDW_DER=       4.0978  SC_DERIV   =       -51.1062
 ------------------------------------------------------------------------------

 NMR restraints: Bond =    0.000   Angle =     0.000   Torsion =     0.000
===============================================================================

| TI region  1


 NSTEP =     9000   TIME(PS) =      18.000  TEMP(K) =   128.26  PRESS =     0.0
 Etot   =    -51894.6746  EKtot   =      4744.5552  EPtot      =    -56639.2297
 BOND   =       454.3252  ANGLE   =      1300.6202  DIHED      =      3546.8739
 1-4 NB =      1017.2840  1-4 EEL =     10673.2326  VDWAALS    =      5607.9865
 EELEC  =    -79506.5916  EHBOND  =         0.0000  RESTRAINT  =       267.0396
 EAMBER (non-restraint)  =    -56906.2693
 DV/DL  =       -74.9068
 ------------------------------------------------------------------------------

  Softcore part of the system:      42 atoms,       TEMP(K)    =         120.18
 SC_Etot=       118.8019  SC_EKtot=        12.2997  SC_EPtot   =       106.5021
 SC_BOND=         3.1940  SC_ANGLE=        19.3427  SC_DIHED   =        19.4793
 SC_14NB=         3.2613  SC_14EEL=        25.7926  SC_VDW     =         0.9953
 SC_EEL =        34.4369
 SC_RES_DIST=     0.0000  SC_RES_ANG=       0.0000  SC_RES_TORS=         0.0000
 SC_EEL_DER=    -54.0754  SC_VDW_DER=       5.1010  SC_DERIV   =       -48.9744
 ------------------------------------------------------------------------------


| TI region  2


 NSTEP =     9000   TIME(PS) =      18.000  TEMP(K) =   128.40  PRESS =     0.0
 Etot   =    -51890.0237  EKtot   =      4749.2060  EPtot      =    -56639.2297
 BOND   =       454.3252  ANGLE   =      1300.6202  DIHED      =      3546.8739
 1-4 NB =      1017.2840  1-4 EEL =     10673.2326  VDWAALS    =      5607.9865
 EELEC  =    -79506.5916  EHBOND  =         0.0000  RESTRAINT  =       267.0396
 EAMBER (non-restraint)  =    -56906.2693
 DV/DL  =       -74.9068
 ------------------------------------------------------------------------------

  Softcore part of the system:      41 atoms,       TEMP(K)    =         170.60
 SC_Etot=       195.3992  SC_EKtot=        16.9506  SC_EPtot   =       178.4486
 SC_BOND=         6.7706  SC_ANGLE=        10.3877  SC_DIHED   =        17.2916
 SC_14NB=         5.2351  SC_14EEL=        90.2960  SC_VDW     =         0.2659
 SC_EEL =        48.2018
 SC_RES_DIST=     0.0000  SC_RES_ANG=       0.0000  SC_RES_TORS=         0.0000
 SC_EEL_DER=    -54.0754  SC_VDW_DER=       5.1010  SC_DERIV   =       -48.9744
 ------------------------------------------------------------------------------

 NMR restraints: Bond =    0.000   Angle =     0.000   Torsion =     0.000
===============================================================================

| TI region  1


 NSTEP =    10000   TIME(PS) =      20.000  TEMP(K) =   141.53  PRESS =     0.0
 Etot   =    -50872.3021  EKtot   =      5235.5446  EPtot      =    -56107.8467
 BOND   =       510.5280  ANGLE   =      1433.9753  DIHED      =      3545.0692
 1-4 NB =      1036.9637  1-4 EEL =     10626.8917  VDWAALS    =      5567.8115
 EELEC  =    -79142.3208  EHBOND  =         0.0000  RESTRAINT  =       313.2348
 EAMBER (non-restraint)  =    -56421.0815
 DV/DL  =       -61.8677
 ------------------------------------------------------------------------------

  Softcore part of the system:      42 atoms,       TEMP(K)    =         141.68
 SC_Etot=       121.2265  SC_EKtot=        14.4996  SC_EPtot   =       106.7269
 SC_BOND=         4.6992  SC_ANGLE=        18.9701  SC_DIHED   =        19.2857
 SC_14NB=         2.5572  SC_14EEL=        25.6727  SC_VDW     =         0.3310
 SC_EEL =        35.2110
 SC_RES_DIST=     0.0000  SC_RES_ANG=       0.0000  SC_RES_TORS=         0.0000
 SC_EEL_DER=    -39.4309  SC_VDW_DER=       3.0185  SC_DERIV   =       -36.4124
 ------------------------------------------------------------------------------


| TI region  2


 NSTEP =    10000   TIME(PS) =      20.000  TEMP(K) =   141.53  PRESS =     0.0
 Etot   =    -50873.0078  EKtot   =      5234.8388  EPtot      =    -56107.8467
 BOND   =       510.5280  ANGLE   =      1433.9753  DIHED      =      3545.0692
 1-4 NB =      1036.9637  1-4 EEL =     10626.8917  VDWAALS    =      5567.8115
 EELEC  =    -79142.3208  EHBOND  =         0.0000  RESTRAINT  =       313.2348
 EAMBER (non-restraint)  =    -56421.0815
 DV/DL  =       -61.8677
 ------------------------------------------------------------------------------

  Softcore part of the system:      41 atoms,       TEMP(K)    =         138.83
 SC_Etot=       191.0940  SC_EKtot=        13.7939  SC_EPtot   =       177.3001
 SC_BOND=         2.9146  SC_ANGLE=        10.3418  SC_DIHED   =        18.7930
 SC_14NB=         5.3706  SC_14EEL=        90.9659  SC_VDW     =        -0.2285
 SC_EEL =        49.1426
 SC_RES_DIST=     0.0000  SC_RES_ANG=       0.0000  SC_RES_TORS=         0.0000
 SC_EEL_DER=    -39.4309  SC_VDW_DER=       3.0185  SC_DERIV   =       -36.4124
 ------------------------------------------------------------------------------

 NMR restraints: Bond =    0.000   Angle =     0.000   Torsion =     0.000
===============================================================================

| TI region  1


 NSTEP =    11000   TIME(PS) =      22.000  TEMP(K) =   155.57  PRESS =     0.0
 Etot   =    -49756.8369  EKtot   =      5754.8734  EPtot      =    -55511.7103
 BOND   =       501.5554  ANGLE   =      1487.8281  DIHED      =      3558.2219
 1-4 NB =      1028.8866  1-4 EEL =     10652.0868  VDWAALS    =      5277.6046
 EELEC  =    -78355.2862  EHBOND  =         0.0000  RESTRAINT  =       337.3926
 EAMBER (non-restraint)  =    -55849.1029
 DV/DL  =       -57.9433
 ------------------------------------------------------------------------------

  Softcore part of the system:      42 atoms,       TEMP(K)    =         159.98
 SC_Etot=       118.4930  SC_EKtot=        16.3726  SC_EPtot   =       102.1204
 SC_BOND=         3.2046  SC_ANGLE=        13.4912  SC_DIHED   =        21.1822
 SC_14NB=         3.1560  SC_14EEL=        26.5841  SC_VDW     =        -0.1031
 SC_EEL =        34.6054
 SC_RES_DIST=     0.0000  SC_RES_ANG=       0.0000  SC_RES_TORS=         0.0000
 SC_EEL_DER=    -35.3868  SC_VDW_DER=       3.6875  SC_DERIV   =       -31.6993
 ------------------------------------------------------------------------------


| TI region  2


 NSTEP =    11000   TIME(PS) =      22.000  TEMP(K) =   155.59  PRESS =     0.0
 Etot   =    -49756.7907  EKtot   =      5754.9195  EPtot      =    -55511.7103
 BOND   =       501.5554  ANGLE   =      1487.8281  DIHED      =      3558.2219
 1-4 NB =      1028.8866  1-4 EEL =     10652.0868  VDWAALS    =      5277.6046
 EELEC  =    -78355.2862  EHBOND  =         0.0000  RESTRAINT  =       337.3926
 EAMBER (non-restraint)  =    -55849.1029
 DV/DL  =       -57.9433
 ------------------------------------------------------------------------------

  Softcore part of the system:      41 atoms,       TEMP(K)    =         165.25
 SC_Etot=       195.9696  SC_EKtot=        16.4187  SC_EPtot   =       179.5509
 SC_BOND=         4.3031  SC_ANGLE=        11.9338  SC_DIHED   =        16.0404
 SC_14NB=         4.5953  SC_14EEL=        92.6686  SC_VDW     =        -0.6681
 SC_EEL =        50.6777
 SC_RES_DIST=     0.0000  SC_RES_ANG=       0.0000  SC_RES_TORS=         0.0000
 SC_EEL_DER=    -35.3868  SC_VDW_DER=       3.6875  SC_DERIV   =       -31.6993
 ------------------------------------------------------------------------------

 NMR restraints: Bond =    0.000   Angle =     0.000   Torsion =     0.000
===============================================================================

| TI region  1


 NSTEP =    12000   TIME(PS) =      24.000  TEMP(K) =   172.03  PRESS =     0.0
 Etot   =    -48578.7350  EKtot   =      6363.7618  EPtot      =    -54942.4967
 BOND   =       589.3187  ANGLE   =      1585.2871  DIHED      =      3579.8161
 1-4 NB =      1049.5565  1-4 EEL =     10674.0194  VDWAALS    =      5137.2053
 EELEC  =    -77928.2677  EHBOND  =         0.0000  RESTRAINT  =       370.5680
 EAMBER (non-restraint)  =    -55313.0647
 DV/DL  =       -58.9963
 ------------------------------------------------------------------------------

  Softcore part of the system:      42 atoms,       TEMP(K)    =         142.91
 SC_Etot=       117.3646  SC_EKtot=        14.6254  SC_EPtot   =       102.7392
 SC_BOND=         3.4025  SC_ANGLE=        13.1864  SC_DIHED   =        22.5597
 SC_14NB=         2.7595  SC_14EEL=        27.4219  SC_VDW     =        -0.4471
 SC_EEL =        33.8563
 SC_RES_DIST=     0.0000  SC_RES_ANG=       0.0000  SC_RES_TORS=         0.0000
 SC_EEL_DER=    -38.5889  SC_VDW_DER=       4.0584  SC_DERIV   =       -34.5304
 ------------------------------------------------------------------------------


| TI region  2


 NSTEP =    12000   TIME(PS) =      24.000  TEMP(K) =   172.09  PRESS =     0.0
 Etot   =    -48577.1091  EKtot   =      6365.3877  EPtot      =    -54942.4967
 BOND   =       589.3187  ANGLE   =      1585.2871  DIHED      =      3579.8161
 1-4 NB =      1049.5565  1-4 EEL =     10674.0194  VDWAALS    =      5137.2053
 EELEC  =    -77928.2677  EHBOND  =         0.0000  RESTRAINT  =       370.5680
 EAMBER (non-restraint)  =    -55313.0647
 DV/DL  =       -58.9963
 ------------------------------------------------------------------------------

  Softcore part of the system:      41 atoms,       TEMP(K)    =         163.56
 SC_Etot=       202.7702  SC_EKtot=        16.2513  SC_EPtot   =       186.5190
 SC_BOND=         5.6027  SC_ANGLE=        17.8118  SC_DIHED   =        18.4005
 SC_14NB=         5.1397  SC_14EEL=        89.9832  SC_VDW     =         0.0497
 SC_EEL =        49.5313
 SC_RES_DIST=     0.0000  SC_RES_ANG=       0.0000  SC_RES_TORS=         0.0000
 SC_EEL_DER=    -38.5889  SC_VDW_DER=       4.0584  SC_DERIV   =       -34.5304
 ------------------------------------------------------------------------------

 NMR restraints: Bond =    0.000   Angle =     0.000   Torsion =     0.000
===============================================================================

| TI region  1


 NSTEP =    13000   TIME(PS) =      26.000  TEMP(K) =   188.69  PRESS =     0.0
 Etot   =    -47354.3332  EKtot   =      6979.7906  EPtot      =    -54334.1238
 BOND   =       624.2293  ANGLE   =      1637.9929  DIHED      =      3598.8872
 1-4 NB =      1047.5017  1-4 EEL =     10709.8445  VDWAALS    =      4852.1892
 EELEC  =    -77201.9153  EHBOND  =         0.0000  RESTRAINT  =       397.1466
 EAMBER (non-restraint)  =    -54731.2704
 DV/DL  =       -51.1866
 ------------------------------------------------------------------------------

  Softcore part of the system:      42 atoms,       TEMP(K)    =         155.88
 SC_Etot=       123.2826  SC_EKtot=        15.9525  SC_EPtot   =       107.3301
 SC_BOND=         2.1053  SC_ANGLE=        20.0883  SC_DIHED   =        20.4916
 SC_14NB=         3.0908  SC_14EEL=        26.0727  SC_VDW     =         1.2009
 SC_EEL =        34.2806
 SC_RES_DIST=     0.0000  SC_RES_ANG=       0.0000  SC_RES_TORS=         0.0000
 SC_EEL_DER=    -29.3479  SC_VDW_DER=       4.0259  SC_DERIV   =       -25.3220
 ------------------------------------------------------------------------------


| TI region  2


 NSTEP =    13000   TIME(PS) =      26.000  TEMP(K) =   188.73  PRESS =     0.0
 Etot   =    -47353.1348  EKtot   =      6980.9890  EPtot      =    -54334.1238
 BOND   =       624.2293  ANGLE   =      1637.9929  DIHED      =      3598.8872
 1-4 NB =      1047.5017  1-4 EEL =     10709.8445  VDWAALS    =      4852.1892
 EELEC  =    -77201.9153  EHBOND  =         0.0000  RESTRAINT  =       397.1466
 EAMBER (non-restraint)  =    -54731.2704
 DV/DL  =       -51.1866
 ------------------------------------------------------------------------------

  Softcore part of the system:      41 atoms,       TEMP(K)    =         172.61
 SC_Etot=       195.2571  SC_EKtot=        17.1509  SC_EPtot   =       178.1062
 SC_BOND=         4.3161  SC_ANGLE=        11.0010  SC_DIHED   =        18.1452
 SC_14NB=         5.9269  SC_14EEL=        91.2634  SC_VDW     =        -0.7231
 SC_EEL =        48.1767
 SC_RES_DIST=     0.0000  SC_RES_ANG=       0.0000  SC_RES_TORS=         0.0000
 SC_EEL_DER=    -29.3479  SC_VDW_DER=       4.0259  SC_DERIV   =       -25.3220
 ------------------------------------------------------------------------------

 NMR restraints: Bond =    0.000   Angle =     0.000   Torsion =     0.000
===============================================================================

| TI region  1


 NSTEP =    14000   TIME(PS) =      28.000  TEMP(K) =   202.22  PRESS =     0.0
 Etot   =    -46187.4151  EKtot   =      7480.5169  EPtot      =    -53667.9320
 BOND   =       648.9835  ANGLE   =      1717.7600  DIHED      =      3633.5300
 1-4 NB =      1062.1422  1-4 EEL =     10667.7762  VDWAALS    =      4804.1332
 EELEC  =    -76637.1518  EHBOND  =         0.0000  RESTRAINT  =       434.8945
 EAMBER (non-restraint)  =    -54102.8265
 DV/DL  =       -66.4418
 ------------------------------------------------------------------------------

  Softcore part of the system:      42 atoms,       TEMP(K)    =         211.55
 SC_Etot=       129.5507  SC_EKtot=        21.6501  SC_EPtot   =       107.9006
 SC_BOND=         3.6953  SC_ANGLE=        19.5810  SC_DIHED   =        20.2743
 SC_14NB=         3.6595  SC_14EEL=        25.1611  SC_VDW     =         0.9432
 SC_EEL =        34.5861
 SC_RES_DIST=     0.0000  SC_RES_ANG=       0.0000  SC_RES_TORS=         0.0000
 SC_EEL_DER=    -41.2197  SC_VDW_DER=       3.3408  SC_DERIV   =       -37.8788
 ------------------------------------------------------------------------------


| TI region  2


 NSTEP =    14000   TIME(PS) =      28.000  TEMP(K) =   202.25  PRESS =     0.0
 Etot   =    -46186.8102  EKtot   =      7481.1218  EPtot      =    -53667.9320
 BOND   =       648.9835  ANGLE   =      1717.7600  DIHED      =      3633.5300
 1-4 NB =      1062.1422  1-4 EEL =     10667.7762  VDWAALS    =      4804.1332
 EELEC  =    -76637.1518  EHBOND  =         0.0000  RESTRAINT  =       434.8945
 EAMBER (non-restraint)  =    -54102.8265
 DV/DL  =       -66.4418
 ------------------------------------------------------------------------------

  Softcore part of the system:      41 atoms,       TEMP(K)    =         223.99
 SC_Etot=       204.3272  SC_EKtot=        22.2551  SC_EPtot   =       182.0721
 SC_BOND=         4.4291  SC_ANGLE=        14.9184  SC_DIHED   =        19.0690
 SC_14NB=         4.5033  SC_14EEL=        91.2145  SC_VDW     =        -0.3300
 SC_EEL =        48.2678
 SC_RES_DIST=     0.0000  SC_RES_ANG=       0.0000  SC_RES_TORS=         0.0000
 SC_EEL_DER=    -41.2197  SC_VDW_DER=       3.3408  SC_DERIV   =       -37.8788
 ------------------------------------------------------------------------------

 NMR restraints: Bond =    0.000   Angle =     0.000   Torsion =     0.000
===============================================================================

| TI region  1


 NSTEP =    15000   TIME(PS) =      30.000  TEMP(K) =   217.51  PRESS =     0.0
 Etot   =    -44924.8276  EKtot   =      8045.8782  EPtot      =    -52970.7058
 BOND   =       661.1092  ANGLE   =      1835.0712  DIHED      =      3653.4441
 1-4 NB =      1072.4836  1-4 EEL =     10666.8156  VDWAALS    =      4610.0164
 EELEC  =    -75935.6031  EHBOND  =         0.0000  RESTRAINT  =       465.9571
 EAMBER (non-restraint)  =    -53436.6629
 DV/DL  =       -67.6593
 ------------------------------------------------------------------------------

  Softcore part of the system:      42 atoms,       TEMP(K)    =         213.12
 SC_Etot=       133.1412  SC_EKtot=        21.8106  SC_EPtot   =       111.3306
 SC_BOND=         4.3027  SC_ANGLE=        19.8317  SC_DIHED   =        22.8838
 SC_14NB=         2.9207  SC_14EEL=        25.8811  SC_VDW     =         0.8553
 SC_EEL =        34.6552
 SC_RES_DIST=     0.0000  SC_RES_ANG=       0.0000  SC_RES_TORS=         0.0000
 SC_EEL_DER=    -41.5554  SC_VDW_DER=       2.5983  SC_DERIV   =       -38.9571
 ------------------------------------------------------------------------------


| TI region  2


 NSTEP =    15000   TIME(PS) =      30.000  TEMP(K) =   217.54  PRESS =     0.0
 Etot   =    -44924.2452  EKtot   =      8046.4606  EPtot      =    -52970.7058
 BOND   =       661.1092  ANGLE   =      1835.0712  DIHED      =      3653.4441
 1-4 NB =      1072.4836  1-4 EEL =     10666.8156  VDWAALS    =      4610.0164
 EELEC  =    -75935.6031  EHBOND  =         0.0000  RESTRAINT  =       465.9571
 EAMBER (non-restraint)  =    -53436.6629
 DV/DL  =       -67.6593
 ------------------------------------------------------------------------------

  Softcore part of the system:      41 atoms,       TEMP(K)    =         225.37
 SC_Etot=       206.5814  SC_EKtot=        22.3930  SC_EPtot   =       184.1884
 SC_BOND=         3.1657  SC_ANGLE=        14.4940  SC_DIHED   =        18.1014
 SC_14NB=         5.7408  SC_14EEL=        91.8914  SC_VDW     =         0.4032
 SC_EEL =        50.3917
 SC_RES_DIST=     0.0000  SC_RES_ANG=       0.0000  SC_RES_TORS=         0.0000
 SC_EEL_DER=    -41.5554  SC_VDW_DER=       2.5983  SC_DERIV   =       -38.9571
 ------------------------------------------------------------------------------

 NMR restraints: Bond =    0.000   Angle =     0.000   Torsion =     0.000
===============================================================================

| TI region  1


 NSTEP =    16000   TIME(PS) =      32.000  TEMP(K) =   228.36  PRESS =     0.0
 Etot   =    -43758.1954  EKtot   =      8447.4998  EPtot      =    -52205.6953
 BOND   =       700.6585  ANGLE   =      1921.5519  DIHED      =      3661.6610
 1-4 NB =      1081.2026  1-4 EEL =     10694.1997  VDWAALS    =      4201.3246
 EELEC  =    -74974.5280  EHBOND  =         0.0000  RESTRAINT  =       508.2345
 EAMBER (non-restraint)  =    -52713.9298
 DV/DL  =       -60.3989
 ------------------------------------------------------------------------------

  Softcore part of the system:      42 atoms,       TEMP(K)    =         223.20
 SC_Etot=       136.6682  SC_EKtot=        22.8424  SC_EPtot   =       113.8258
 SC_BOND=         5.9729  SC_ANGLE=        20.1313  SC_DIHED   =        22.9767
 SC_14NB=         2.7101  SC_14EEL=        26.8867  SC_VDW     =         0.4012
 SC_EEL =        34.7469
 SC_RES_DIST=     0.0000  SC_RES_ANG=       0.0000  SC_RES_TORS=         0.0000
 SC_EEL_DER=    -40.8133  SC_VDW_DER=       4.0544  SC_DERIV   =       -36.7589
 ------------------------------------------------------------------------------


| TI region  2


 NSTEP =    16000   TIME(PS) =      32.000  TEMP(K) =   228.48  PRESS =     0.0
 Etot   =    -43754.4716  EKtot   =      8451.2236  EPtot      =    -52205.6953
 BOND   =       700.6585  ANGLE   =      1921.5519  DIHED      =      3661.6610
 1-4 NB =      1081.2026  1-4 EEL =     10694.1997  VDWAALS    =      4201.3246
 EELEC  =    -74974.5280  EHBOND  =         0.0000  RESTRAINT  =       508.2345
 EAMBER (non-restraint)  =    -52713.9298
 DV/DL  =       -60.3989
 ------------------------------------------------------------------------------

  Softcore part of the system:      41 atoms,       TEMP(K)    =         267.37
 SC_Etot=       203.6454  SC_EKtot=        26.5661  SC_EPtot   =       177.0792
 SC_BOND=         2.9869  SC_ANGLE=        10.6009  SC_DIHED   =        18.1432
 SC_14NB=         5.0926  SC_14EEL=        90.8995  SC_VDW     =         0.1872
 SC_EEL =        49.1689
 SC_RES_DIST=     0.0000  SC_RES_ANG=       0.0000  SC_RES_TORS=         0.0000
 SC_EEL_DER=    -40.8133  SC_VDW_DER=       4.0544  SC_DERIV   =       -36.7589
 ------------------------------------------------------------------------------

 NMR restraints: Bond =    0.000   Angle =     0.000   Torsion =     0.000
===============================================================================

| TI region  1


 NSTEP =    17000   TIME(PS) =      34.000  TEMP(K) =   244.29  PRESS =     0.0
 Etot   =    -42387.2750  EKtot   =      9036.4937  EPtot      =    -51423.7688
 BOND   =       766.8351  ANGLE   =      2008.5082  DIHED      =      3707.1633
 1-4 NB =      1086.1178  1-4 EEL =     10655.4129  VDWAALS    =      4119.6856
 EELEC  =    -74301.3980  EHBOND  =         0.0000  RESTRAINT  =       533.9064
 EAMBER (non-restraint)  =    -51957.6752
 DV/DL  =       -72.3080
 ------------------------------------------------------------------------------

  Softcore part of the system:      42 atoms,       TEMP(K)    =         211.68
 SC_Etot=       134.6816  SC_EKtot=        21.6630  SC_EPtot   =       113.0185
 SC_BOND=         5.7153  SC_ANGLE=        19.9391  SC_DIHED   =        21.3587
 SC_14NB=         3.6774  SC_14EEL=        26.6009  SC_VDW     =         0.7515
 SC_EEL =        34.9757
 SC_RES_DIST=     0.0000  SC_RES_ANG=       0.0000  SC_RES_TORS=         0.0000
 SC_EEL_DER=    -48.0733  SC_VDW_DER=       3.6805  SC_DERIV   =       -44.3928
 ------------------------------------------------------------------------------


| TI region  2


 NSTEP =    17000   TIME(PS) =      34.000  TEMP(K) =   244.30  PRESS =     0.0
 Etot   =    -42387.3674  EKtot   =      9036.4014  EPtot      =    -51423.7688
 BOND   =       766.8351  ANGLE   =      2008.5082  DIHED      =      3707.1633
 1-4 NB =      1086.1178  1-4 EEL =     10655.4129  VDWAALS    =      4119.6856
 EELEC  =    -74301.3980  EHBOND  =         0.0000  RESTRAINT  =       533.9064
 EAMBER (non-restraint)  =    -51957.6752
 DV/DL  =       -72.3080
 ------------------------------------------------------------------------------

  Softcore part of the system:      41 atoms,       TEMP(K)    =         217.10
 SC_Etot=       213.6681  SC_EKtot=        21.5707  SC_EPtot   =       192.0974
 SC_BOND=         5.5596  SC_ANGLE=        21.2102  SC_DIHED   =        19.7899
 SC_14NB=         5.2319  SC_14EEL=        92.1025  SC_VDW     =         0.2656
 SC_EEL =        47.9377
 SC_RES_DIST=     0.0000  SC_RES_ANG=       0.0000  SC_RES_TORS=         0.0000
 SC_EEL_DER=    -48.0733  SC_VDW_DER=       3.6805  SC_DERIV   =       -44.3928
 ------------------------------------------------------------------------------

 NMR restraints: Bond =    0.000   Angle =     0.000   Torsion =     0.000
===============================================================================

| TI region  1


 NSTEP =    18000   TIME(PS) =      36.000  TEMP(K) =   258.43  PRESS =     0.0
 Etot   =    -40937.1821  EKtot   =      9559.7419  EPtot      =    -50496.9241
 BOND   =       762.9806  ANGLE   =      2138.8199  DIHED      =      3696.5766
 1-4 NB =      1065.2794  1-4 EEL =     10605.3407  VDWAALS    =      3817.0233
 EELEC  =    -73151.2942  EHBOND  =         0.0000  RESTRAINT  =       568.3496
 EAMBER (non-restraint)  =    -51065.2736
 DV/DL  =       -77.2079
 ------------------------------------------------------------------------------

  Softcore part of the system:      42 atoms,       TEMP(K)    =         228.16
 SC_Etot=       133.3164  SC_EKtot=        23.3502  SC_EPtot   =       109.9662
 SC_BOND=         4.1798  SC_ANGLE=        20.6018  SC_DIHED   =        21.6626
 SC_14NB=         3.1835  SC_14EEL=        26.0943  SC_VDW     =        -0.5485
 SC_EEL =        34.7927
 SC_RES_DIST=     0.0000  SC_RES_ANG=       0.0000  SC_RES_TORS=         0.0000
 SC_EEL_DER=    -53.0647  SC_VDW_DER=       6.8033  SC_DERIV   =       -46.2613
 ------------------------------------------------------------------------------


| TI region  2


 NSTEP =    18000   TIME(PS) =      36.000  TEMP(K) =   258.54  PRESS =     0.0
 Etot   =    -40934.0380  EKtot   =      9562.8861  EPtot      =    -50496.9241
 BOND   =       762.9806  ANGLE   =      2138.8199  DIHED      =      3696.5766
 1-4 NB =      1065.2794  1-4 EEL =     10605.3407  VDWAALS    =      3817.0233
 EELEC  =    -73151.2942  EHBOND  =         0.0000  RESTRAINT  =       568.3496
 EAMBER (non-restraint)  =    -51065.2736
 DV/DL  =       -77.2079
 ------------------------------------------------------------------------------

  Softcore part of the system:      41 atoms,       TEMP(K)    =         266.65
 SC_Etot=       209.7873  SC_EKtot=        26.4943  SC_EPtot   =       183.2930
 SC_BOND=         4.7334  SC_ANGLE=        15.8934  SC_DIHED   =        17.7600
 SC_14NB=         5.1452  SC_14EEL=        91.5627  SC_VDW     =        -0.5836
 SC_EEL =        48.7820
 SC_RES_DIST=     0.0000  SC_RES_ANG=       0.0000  SC_RES_TORS=         0.0000
 SC_EEL_DER=    -53.0647  SC_VDW_DER=       6.8033  SC_DERIV   =       -46.2613
 ------------------------------------------------------------------------------

 NMR restraints: Bond =    0.000   Angle =     0.000   Torsion =     0.000
===============================================================================

| TI region  1


 NSTEP =    19000   TIME(PS) =      38.000  TEMP(K) =   272.28  PRESS =     0.0
 Etot   =    -39360.6321  EKtot   =     10071.9280  EPtot      =    -49432.5601
 BOND   =       809.6366  ANGLE   =      2186.2534  DIHED      =      3708.3853
 1-4 NB =      1073.1659  1-4 EEL =     10660.7829  VDWAALS    =      3231.9117
 EELEC  =    -71663.9018  EHBOND  =         0.0000  RESTRAINT  =       561.2059
 EAMBER (non-restraint)  =    -49993.7660
 DV/DL  =       -73.5913
 ------------------------------------------------------------------------------

  Softcore part of the system:      42 atoms,       TEMP(K)    =         325.28
 SC_Etot=       158.6827  SC_EKtot=        33.2891  SC_EPtot   =       125.3937
 SC_BOND=         6.7523  SC_ANGLE=        26.1350  SC_DIHED   =        25.4710
 SC_14NB=         4.5322  SC_14EEL=        26.6915  SC_VDW     =         0.7830
 SC_EEL =        35.0287
 SC_RES_DIST=     0.0000  SC_RES_ANG=       0.0000  SC_RES_TORS=         0.0000
 SC_EEL_DER=    -46.5884  SC_VDW_DER=       4.7038  SC_DERIV   =       -41.8845
 ------------------------------------------------------------------------------


| TI region  2


 NSTEP =    19000   TIME(PS) =      38.000  TEMP(K) =   272.03  PRESS =     0.0
 Etot   =    -39370.6354  EKtot   =     10061.9247  EPtot      =    -49432.5601
 BOND   =       809.6366  ANGLE   =      2186.2534  DIHED      =      3708.3853
 1-4 NB =      1073.1659  1-4 EEL =     10660.7829  VDWAALS    =      3231.9117
 EELEC  =    -71663.9018  EHBOND  =         0.0000  RESTRAINT  =       561.2059
 EAMBER (non-restraint)  =    -49993.7660
 DV/DL  =       -73.5913
 ------------------------------------------------------------------------------

  Softcore part of the system:      41 atoms,       TEMP(K)    =         234.36
 SC_Etot=       209.5093  SC_EKtot=        23.2858  SC_EPtot   =       186.2236
 SC_BOND=         6.7254  SC_ANGLE=        13.2018  SC_DIHED   =        22.3144
 SC_14NB=         4.3718  SC_14EEL=        92.1183  SC_VDW     =        -1.3601
 SC_EEL =        48.8520
 SC_RES_DIST=     0.0000  SC_RES_ANG=       0.0000  SC_RES_TORS=         0.0000
 SC_EEL_DER=    -46.5884  SC_VDW_DER=       4.7038  SC_DERIV   =       -41.8845
 ------------------------------------------------------------------------------

 NMR restraints: Bond =    0.000   Angle =     0.000   Torsion =     0.000
===============================================================================

| TI region  1


 NSTEP =    20000   TIME(PS) =      40.000  TEMP(K) =   286.74  PRESS =     0.0
 Etot   =    -37771.8001  EKtot   =     10607.1377  EPtot      =    -48378.9378
 BOND   =       860.6622  ANGLE   =      2294.3102  DIHED      =      3719.9730
 1-4 NB =      1085.0845  1-4 EEL =     10662.0664  VDWAALS    =      3123.6581
 EELEC  =    -70721.1263  EHBOND  =         0.0000  RESTRAINT  =       596.4342
 EAMBER (non-restraint)  =    -48975.3720
 DV/DL  =       -88.9955
 ------------------------------------------------------------------------------

  Softcore part of the system:      42 atoms,       TEMP(K)    =         272.42
 SC_Etot=       141.0105  SC_EKtot=        27.8794  SC_EPtot   =       113.1311
 SC_BOND=         3.3719  SC_ANGLE=        23.4457  SC_DIHED   =        20.7535
 SC_14NB=         3.8239  SC_14EEL=        26.9068  SC_VDW     =         0.6550
 SC_EEL =        34.1743
 SC_RES_DIST=     0.0000  SC_RES_ANG=       0.0000  SC_RES_TORS=         0.0000
 SC_EEL_DER=    -66.0845  SC_VDW_DER=       5.7430  SC_DERIV   =       -60.3415
 ------------------------------------------------------------------------------


| TI region  2


 NSTEP =    20000   TIME(PS) =      40.000  TEMP(K) =   286.73  PRESS =     0.0
 Etot   =    -37773.1464  EKtot   =     10605.7913  EPtot      =    -48378.9378
 BOND   =       860.6622  ANGLE   =      2294.3102  DIHED      =      3719.9730
 1-4 NB =      1085.0845  1-4 EEL =     10662.0664  VDWAALS    =      3123.6581
 EELEC  =    -70721.1263  EHBOND  =         0.0000  RESTRAINT  =       596.4342
 EAMBER (non-restraint)  =    -48975.3720
 DV/DL  =       -88.9955
 ------------------------------------------------------------------------------

  Softcore part of the system:      41 atoms,       TEMP(K)    =         267.04
 SC_Etot=       218.4307  SC_EKtot=        26.5330  SC_EPtot   =       191.8977
 SC_BOND=         8.9830  SC_ANGLE=        20.2726  SC_DIHED   =        17.4127
 SC_14NB=         4.6235  SC_14EEL=        90.8349  SC_VDW     =        -0.1060
 SC_EEL =        49.8770
 SC_RES_DIST=     0.0000  SC_RES_ANG=       0.0000  SC_RES_TORS=         0.0000
 SC_EEL_DER=    -66.0845  SC_VDW_DER=       5.7430  SC_DERIV   =       -60.3415
 ------------------------------------------------------------------------------

 NMR restraints: Bond =    0.000   Angle =     0.000   Torsion =     0.000
===============================================================================

| TI region  1


 NSTEP =    21000   TIME(PS) =      42.000  TEMP(K) =   299.38  PRESS =     0.0
 Etot   =    -36725.2131  EKtot   =     11074.6566  EPtot      =    -47799.8696
 BOND   =       893.4445  ANGLE   =      2351.3772  DIHED      =      3760.5657
 1-4 NB =      1088.6424  1-4 EEL =     10607.3804  VDWAALS    =      3192.9503
 EELEC  =    -70336.3650  EHBOND  =         0.0000  RESTRAINT  =       642.1349
 EAMBER (non-restraint)  =    -48442.0045
 DV/DL  =       -89.9335
 ------------------------------------------------------------------------------

  Softcore part of the system:      42 atoms,       TEMP(K)    =         367.95
 SC_Etot=       147.7469  SC_EKtot=        37.6566  SC_EPtot   =       110.0903
 SC_BOND=         5.6160  SC_ANGLE=        18.0732  SC_DIHED   =        21.6319
 SC_14NB=         3.2678  SC_14EEL=        26.2463  SC_VDW     =         0.6903
 SC_EEL =        34.5649
 SC_RES_DIST=     0.0000  SC_RES_ANG=       0.0000  SC_RES_TORS=         0.0000
 SC_EEL_DER=    -61.0540  SC_VDW_DER=       4.3380  SC_DERIV   =       -56.7160
 ------------------------------------------------------------------------------


| TI region  2


 NSTEP =    21000   TIME(PS) =      42.000  TEMP(K) =   299.24  PRESS =     0.0
 Etot   =    -36731.4746  EKtot   =     11068.3950  EPtot      =    -47799.8696
 BOND   =       893.4445  ANGLE   =      2351.3772  DIHED      =      3760.5657
 1-4 NB =      1088.6424  1-4 EEL =     10607.3804  VDWAALS    =      3192.9503
 EELEC  =    -70336.3650  EHBOND  =         0.0000  RESTRAINT  =       642.1349
 EAMBER (non-restraint)  =    -48442.0045
 DV/DL  =       -89.9335
 ------------------------------------------------------------------------------

  Softcore part of the system:      41 atoms,       TEMP(K)    =         315.97
 SC_Etot=       221.9059  SC_EKtot=        31.3951  SC_EPtot   =       190.5108
 SC_BOND=         7.4081  SC_ANGLE=        23.0867  SC_DIHED   =        18.6033
 SC_14NB=         4.1916  SC_14EEL=        89.6491  SC_VDW     =        -1.0743
 SC_EEL =        48.6463
 SC_RES_DIST=     0.0000  SC_RES_ANG=       0.0000  SC_RES_TORS=         0.0000
 SC_EEL_DER=    -61.0540  SC_VDW_DER=       4.3380  SC_DERIV   =       -56.7160
 ------------------------------------------------------------------------------

 NMR restraints: Bond =    0.000   Angle =     0.000   Torsion =     0.000
===============================================================================

| TI region  1


 NSTEP =    22000   TIME(PS) =      44.000  TEMP(K) =   300.54  PRESS =     0.0
 Etot   =    -36582.7976  EKtot   =     11117.5012  EPtot      =    -47700.2988
 BOND   =       883.4293  ANGLE   =      2287.9773  DIHED      =      3747.9422
 1-4 NB =      1090.2361  1-4 EEL =     10627.0037  VDWAALS    =      2735.3130
 EELEC  =    -69690.4794  EHBOND  =         0.0000  RESTRAINT  =       618.2791
 EAMBER (non-restraint)  =    -48318.5779
 DV/DL  =       -62.1638
 ------------------------------------------------------------------------------

  Softcore part of the system:      42 atoms,       TEMP(K)    =         301.13
 SC_Etot=       153.2733  SC_EKtot=        30.8175  SC_EPtot   =       122.4557
 SC_BOND=         5.3728  SC_ANGLE=        29.1312  SC_DIHED   =        23.7980
 SC_14NB=         3.1729  SC_14EEL=        27.6316  SC_VDW     =        -0.4821
 SC_EEL =        33.8314
 SC_RES_DIST=     0.0000  SC_RES_ANG=       0.0000  SC_RES_TORS=         0.0000
 SC_EEL_DER=    -41.2569  SC_VDW_DER=       5.2493  SC_DERIV   =       -36.0076
 ------------------------------------------------------------------------------


| TI region  2


 NSTEP =    22000   TIME(PS) =      44.000  TEMP(K) =   300.71  PRESS =     0.0
 Etot   =    -36577.4697  EKtot   =     11122.8291  EPtot      =    -47700.2988
 BOND   =       883.4293  ANGLE   =      2287.9773  DIHED      =      3747.9422
 1-4 NB =      1090.2361  1-4 EEL =     10627.0037  VDWAALS    =      2735.3130
 EELEC  =    -69690.4794  EHBOND  =         0.0000  RESTRAINT  =       618.2791
 EAMBER (non-restraint)  =    -48318.5779
 DV/DL  =       -62.1638
 ------------------------------------------------------------------------------

  Softcore part of the system:      41 atoms,       TEMP(K)    =         363.78
 SC_Etot=       222.6934  SC_EKtot=        36.1455  SC_EPtot   =       186.5479
 SC_BOND=         4.5870  SC_ANGLE=        17.6146  SC_DIHED   =        19.9265
 SC_14NB=         5.2452  SC_14EEL=        90.4901  SC_VDW     =         0.0917
 SC_EEL =        48.5929
 SC_RES_DIST=     0.0000  SC_RES_ANG=       0.0000  SC_RES_TORS=         0.0000
 SC_EEL_DER=    -41.2569  SC_VDW_DER=       5.2493  SC_DERIV   =       -36.0076
 ------------------------------------------------------------------------------

 NMR restraints: Bond =    0.000   Angle =     0.000   Torsion =     0.000
===============================================================================

| TI region  1


 NSTEP =    23000   TIME(PS) =      46.000  TEMP(K) =   302.95  PRESS =     0.0
 Etot   =    -36581.4516  EKtot   =     11206.4513  EPtot      =    -47787.9029
 BOND   =       875.2509  ANGLE   =      2352.4083  DIHED      =      3762.9525
 1-4 NB =      1074.9932  1-4 EEL =     10591.4468  VDWAALS    =      2832.9058
 EELEC  =    -69894.2830  EHBOND  =         0.0000  RESTRAINT  =       616.4225
 EAMBER (non-restraint)  =    -48404.3255
 DV/DL  =       -76.8672
 ------------------------------------------------------------------------------

  Softcore part of the system:      42 atoms,       TEMP(K)    =         398.42
 SC_Etot=       159.4819  SC_EKtot=        40.7744  SC_EPtot   =       118.7075
 SC_BOND=         4.8756  SC_ANGLE=        24.6561  SC_DIHED   =        23.1159
 SC_14NB=         3.9522  SC_14EEL=        26.9749  SC_VDW     =         0.7394
 SC_EEL =        34.3934
 SC_RES_DIST=     0.0000  SC_RES_ANG=       0.0000  SC_RES_TORS=         0.0000
 SC_EEL_DER=    -51.5971  SC_VDW_DER=       3.7461  SC_DERIV   =       -47.8510
 ------------------------------------------------------------------------------


| TI region  2


 NSTEP =    23000   TIME(PS) =      46.000  TEMP(K) =   302.76  PRESS =     0.0
 Etot   =    -36589.4205  EKtot   =     11198.4824  EPtot      =    -47787.9029
 BOND   =       875.2509  ANGLE   =      2352.4083  DIHED      =      3762.9525
 1-4 NB =      1074.9932  1-4 EEL =     10591.4468  VDWAALS    =      2832.9058
 EELEC  =    -69894.2830  EHBOND  =         0.0000  RESTRAINT  =       616.4225
 EAMBER (non-restraint)  =    -48404.3255
 DV/DL  =       -76.8672
 ------------------------------------------------------------------------------

  Softcore part of the system:      41 atoms,       TEMP(K)    =         330.17
 SC_Etot=       232.4565  SC_EKtot=        32.8056  SC_EPtot   =       199.6509
 SC_BOND=         5.6277  SC_ANGLE=        29.9577  SC_DIHED   =        18.3035
 SC_14NB=         5.4398  SC_14EEL=        91.1554  SC_VDW     =         0.2182
 SC_EEL =        48.9486
 SC_RES_DIST=     0.0000  SC_RES_ANG=       0.0000  SC_RES_TORS=         0.0000
 SC_EEL_DER=    -51.5971  SC_VDW_DER=       3.7461  SC_DERIV   =       -47.8510
 ------------------------------------------------------------------------------

 NMR restraints: Bond =    0.000   Angle =     0.000   Torsion =     0.000
===============================================================================

| TI region  1


 NSTEP =    24000   TIME(PS) =      48.000  TEMP(K) =   299.81  PRESS =     0.0
 Etot   =    -36604.3818  EKtot   =     11090.4418  EPtot      =    -47694.8236
 BOND   =       894.7272  ANGLE   =      2354.0001  DIHED      =      3736.5824
 1-4 NB =      1107.3571  1-4 EEL =     10634.1671  VDWAALS    =      2844.4921
 EELEC  =    -69893.4611  EHBOND  =         0.0000  RESTRAINT  =       627.3115
 EAMBER (non-restraint)  =    -48322.1351
 DV/DL  =       -83.7487
 ------------------------------------------------------------------------------

  Softcore part of the system:      42 atoms,       TEMP(K)    =         245.93
 SC_Etot=       149.0423  SC_EKtot=        25.1686  SC_EPtot   =       123.8737
 SC_BOND=        10.8086  SC_ANGLE=        25.3821  SC_DIHED   =        23.1032
 SC_14NB=         3.8410  SC_14EEL=        25.8460  SC_VDW     =         0.5546
 SC_EEL =        34.3381
 SC_RES_DIST=     0.0000  SC_RES_ANG=       0.0000  SC_RES_TORS=         0.0000
 SC_EEL_DER=    -58.6583  SC_VDW_DER=       3.6430  SC_DERIV   =       -55.0154
 ------------------------------------------------------------------------------


| TI region  2


 NSTEP =    24000   TIME(PS) =      48.000  TEMP(K) =   300.09  PRESS =     0.0
 Etot   =    -36595.0064  EKtot   =     11099.8172  EPtot      =    -47694.8236
 BOND   =       894.7272  ANGLE   =      2354.0001  DIHED      =      3736.5824
 1-4 NB =      1107.3571  1-4 EEL =     10634.1671  VDWAALS    =      2844.4921
 EELEC  =    -69893.4611  EHBOND  =         0.0000  RESTRAINT  =       627.3115
 EAMBER (non-restraint)  =    -48322.1351
 DV/DL  =       -83.7487
 ------------------------------------------------------------------------------

  Softcore part of the system:      41 atoms,       TEMP(K)    =         347.67
 SC_Etot=       227.0782  SC_EKtot=        34.5440  SC_EPtot   =       192.5342
 SC_BOND=         8.2249  SC_ANGLE=        20.3970  SC_DIHED   =        17.3350
 SC_14NB=         5.1584  SC_14EEL=        91.9537  SC_VDW     =        -0.5642
 SC_EEL =        50.0294
 SC_RES_DIST=     0.0000  SC_RES_ANG=       0.0000  SC_RES_TORS=         0.0000
 SC_EEL_DER=    -58.6583  SC_VDW_DER=       3.6430  SC_DERIV   =       -55.0154
 ------------------------------------------------------------------------------

 NMR restraints: Bond =    0.000   Angle =     0.000   Torsion =     0.000
===============================================================================

| TI region  1


 NSTEP =    25000   TIME(PS) =      50.000  TEMP(K) =   300.98  PRESS =     0.0
 Etot   =    -36520.2443  EKtot   =     11133.6332  EPtot      =    -47653.8775
 BOND   =       878.5209  ANGLE   =      2329.7908  DIHED      =      3766.2392
 1-4 NB =      1071.2431  1-4 EEL =     10702.6725  VDWAALS    =      2804.6346
 EELEC  =    -69850.2589  EHBOND  =         0.0000  RESTRAINT  =       643.2803
 EAMBER (non-restraint)  =    -48297.1578
 DV/DL  =       -73.4770
 ------------------------------------------------------------------------------

  Softcore part of the system:      42 atoms,       TEMP(K)    =         318.55
 SC_Etot=       153.0112  SC_EKtot=        32.6007  SC_EPtot   =       120.4105
 SC_BOND=         6.1668  SC_ANGLE=        23.6868  SC_DIHED   =        25.8774
 SC_14NB=         3.1869  SC_14EEL=        26.0307  SC_VDW     =         1.0745
 SC_EEL =        34.3874
 SC_RES_DIST=     0.0000  SC_RES_ANG=       0.0000  SC_RES_TORS=         0.0000
 SC_EEL_DER=    -53.3694  SC_VDW_DER=       5.2277  SC_DERIV   =       -48.1418
 ------------------------------------------------------------------------------


| TI region  2


 NSTEP =    25000   TIME(PS) =      50.000  TEMP(K) =   300.86  PRESS =     0.0
 Etot   =    -36525.4064  EKtot   =     11128.4712  EPtot      =    -47653.8775
 BOND   =       878.5209  ANGLE   =      2329.7908  DIHED      =      3766.2392
 1-4 NB =      1071.2431  1-4 EEL =     10702.6725  VDWAALS    =      2804.6346
 EELEC  =    -69850.2589  EHBOND  =         0.0000  RESTRAINT  =       643.2803
 EAMBER (non-restraint)  =    -48297.1578
 DV/DL  =       -73.4770
 ------------------------------------------------------------------------------

  Softcore part of the system:      41 atoms,       TEMP(K)    =         276.16
 SC_Etot=       223.2294  SC_EKtot=        27.4387  SC_EPtot   =       195.7908
 SC_BOND=         7.0117  SC_ANGLE=        22.6696  SC_DIHED   =        19.2896
 SC_14NB=         6.1601  SC_14EEL=        92.2621  SC_VDW     =        -0.1222
 SC_EEL =        48.5199
 SC_RES_DIST=     0.0000  SC_RES_ANG=       0.0000  SC_RES_TORS=         0.0000
 SC_EEL_DER=    -53.3694  SC_VDW_DER=       5.2277  SC_DERIV   =       -48.1418
 ------------------------------------------------------------------------------

 NMR restraints: Bond =    0.000   Angle =     0.000   Torsion =     0.000
===============================================================================

| TI region  1


      A V E R A G E S   O V E R      25 S T E P S


 NSTEP =    25000   TIME(PS) =      50.000  TEMP(K) =   180.00  PRESS =     0.0
 Etot   =    -47126.6202  EKtot   =      6658.4140  EPtot      =    -53785.0342
 BOND   =       589.5681  ANGLE   =      1634.8918  DIHED      =      3599.5628
 1-4 NB =      1045.7583  1-4 EEL =     10657.7250  VDWAALS    =      4747.9530
 EELEC  =    -76449.2407  EHBOND  =         0.0000  RESTRAINT  =       388.7476
 EAMBER (non-restraint)  =    -54173.7817
 DV/DL  =       -68.0293
 ------------------------------------------------------------------------------

 NMR restraints: Bond =    0.000   Angle =     0.000   Torsion =     0.000
===============================================================================
  Softcore part of the system:      42 atoms,       TEMP(K)    =         180.51
 SC_Etot=       125.8877  SC_EKtot=        18.4731  SC_EPtot   =       107.4147
 SC_BOND=         3.9676  SC_ANGLE=        17.6861  SC_DIHED   =        21.2877
 SC_14NB=         3.2520  SC_14EEL=        26.3261  SC_VDW     =         0.4053
 SC_EEL =        34.4899
 SC_RES_DIST=     0.0000  SC_RES_ANG=       0.0000  SC_RES_TORS=         0.0000
 SC_EEL_DER=    -45.9488  SC_VDW_DER=       4.1216  SC_DERIV   =       -41.8272
 ------------------------------------------------------------------------------


      R M S  F L U C T U A T I O N S


 NSTEP =    25000   TIME(PS) =      50.000  TEMP(K) =    95.95  PRESS =     0.0
 Etot   =      7876.8712  EKtot   =      3549.4454  EPtot      =      4347.8074
 BOND   =       235.5067  ANGLE   =       561.1811  DIHED      =       122.8568
 1-4 NB =        37.1115  1-4 EEL =        28.8069  VDWAALS    =      1330.2567
 EELEC  =      4555.9559  EHBOND  =         0.0000  RESTRAINT  =       194.1925
 EAMBER (non-restraint)  =      4153.6149
 DV/DL  =        10.4205
 ------------------------------------------------------------------------------

  Softcore part of the system:      42 atoms,       TEMP(K)    =         108.16
 SC_Etot=        20.2395  SC_EKtot=        11.0691  SC_EPtot   =         9.7319
 SC_BOND=         2.1575  SC_ANGLE=         5.8493  SC_DIHED   =         1.9543
 SC_14NB=         0.4425  SC_14EEL=         0.5492  SC_VDW     =         0.4795
 SC_EEL =         0.3460
 SC_RES_DIST=     0.0000  SC_RES_ANG=       0.0000  SC_RES_TORS=         0.0000
 SC_EEL_DER=      8.7480  SC_VDW_DER=       0.9141  SC_DERIV   =         8.3524
 ------------------------------------------------------------------------------


| TI region  2


      A V E R A G E S   O V E R      25 S T E P S


 NSTEP =    25000   TIME(PS) =      50.000  TEMP(K) =   180.01  PRESS =     0.0
 Etot   =    -47126.5456  EKtot   =      6658.4886  EPtot      =    -53785.0342
 BOND   =       589.5681  ANGLE   =      1634.8918  DIHED      =      3599.5628
 1-4 NB =      1045.7583  1-4 EEL =     10657.7250  VDWAALS    =      4747.9530
 EELEC  =    -76449.2407  EHBOND  =         0.0000  RESTRAINT  =       388.7476
 EAMBER (non-restraint)  =    -54173.7817
 DV/DL  =       -68.0293
 ------------------------------------------------------------------------------

 NMR restraints: Bond =    0.000   Angle =     0.000   Torsion =     0.000
===============================================================================
  Softcore part of the system:      41 atoms,       TEMP(K)    =         186.67
 SC_Etot=       199.4901  SC_EKtot=        18.5477  SC_EPtot   =       180.9424
 SC_BOND=         4.5472  SC_ANGLE=        13.5786  SC_DIHED   =        17.9409
 SC_14NB=         4.9880  SC_14EEL=        91.2216  SC_VDW     =        -0.3092
 SC_EEL =        48.9753
 SC_RES_DIST=     0.0000  SC_RES_ANG=       0.0000  SC_RES_TORS=         0.0000
 SC_EEL_DER=    -45.9488  SC_VDW_DER=       4.1216  SC_DERIV   =       -41.8272
 ------------------------------------------------------------------------------


      R M S  F L U C T U A T I O N S


 NSTEP =    25000   TIME(PS) =      50.000  TEMP(K) =    95.94  PRESS =     0.0
 Etot   =      7876.1032  EKtot   =      3548.7431  EPtot      =      4347.8074
 BOND   =       235.5067  ANGLE   =       561.1811  DIHED      =       122.8568
 1-4 NB =        37.1115  1-4 EEL =        28.8069  VDWAALS    =      1330.2567
 EELEC  =      4555.9559  EHBOND  =         0.0000  RESTRAINT  =       194.1925
 EAMBER (non-restraint)  =      4153.6149
 DV/DL  =        10.4205
 ------------------------------------------------------------------------------

  Softcore part of the system:      41 atoms,       TEMP(K)    =         102.64
 SC_Etot=        18.9731  SC_EKtot=        10.1983  SC_EPtot   =         9.3687
 SC_BOND=         2.0437  SC_ANGLE=         6.6047  SC_DIHED   =         1.4282
 SC_14NB=         0.4889  SC_14EEL=         0.7033  SC_VDW     =         0.4598
 SC_EEL =         0.6800
 SC_RES_DIST=     0.0000  SC_RES_ANG=       0.0000  SC_RES_TORS=         0.0000
 SC_EEL_DER=      8.7480  SC_VDW_DER=       0.9141  SC_DERIV   =         8.3524
 ------------------------------------------------------------------------------


      DV/DL, AVERAGES OVER      25 STEPS


 NSTEP =    25000   TIME(PS) =      50.000  TEMP(K) =    95.94  PRESS =     0.0
 Etot   =         0.0000  EKtot   =         0.0000  EPtot      =       -68.0293
 BOND   =        -0.9147  ANGLE   =         0.0087  DIHED      =         0.0000
 1-4 NB =        -0.0057  1-4 EEL =        17.9133  VDWAALS    =        -4.6073
 EELEC  =       -38.5965  EHBOND  =         0.0000  RESTRAINT  =         0.0000
 DV/DL  =       -68.0293
 ------------------------------------------------------------------------------


 NMR restraints on final step:

--------------------------------------------------------------------------------
   5.  TIMINGS
--------------------------------------------------------------------------------

|  NonSetup CPU Time in Major Routines:
|
|     Routine           Sec        %
|     ------------------------------
|     Nonbond           8.53   37.64
|     Bond              0.00    0.00
|     Angle             0.00    0.00
|     Dihedral          0.00    0.00
|     Shake             0.04    0.17
|     RunMD            14.07   62.06
|     Other             0.03    0.13
|     ------------------------------
|     Total            22.67

|  PME Nonbond Pairlist CPU Time:
|
|     Routine              Sec        %
|     ---------------------------------
|     Set Up Cit           0.00    0.00
|     Build List           0.00    0.00
|     ---------------------------------
|     Total                0.00    0.00

|  PME Direct Force CPU Time:
|
|     Routine              Sec        %
|     ---------------------------------
|     NonBonded Calc       0.00    0.00
|     Exclude Masked       0.00    0.00
|     Other                0.02    0.08
|     ---------------------------------
|     Total                0.02    0.08

|  PME Reciprocal Force CPU Time:
|
|     Routine              Sec        %
|     ---------------------------------
|     1D bspline           0.00    0.00
|     Grid Charges         0.00    0.00
|     Scalar Sum           0.00    0.00
|     Gradient Sum         0.00    0.00
|     FFT                  0.00    0.00
|     ---------------------------------
|     Total                0.00    0.00

|  Final Performance Info:
|     -----------------------------------------------------
|     Average timings for last   25000 steps:
|     Elapsed(s) =      22.67 Per Step(ms) =       0.91
|         ns/day =     190.54   seconds/ns =     453.44
|
|     Average timings for all steps:
|     Elapsed(s) =      22.67 Per Step(ms) =       0.91
|         ns/day =     190.54   seconds/ns =     453.44
|     -----------------------------------------------------

|  Setup CPU time:            0.77 seconds
|  NonSetup CPU time:        22.67 seconds
|  Total CPU time:           23.45 seconds     0.01 hours

|  Setup wall time:           0    seconds
|  NonSetup wall time:       23    seconds
|  Total wall time:          23    seconds     0.01 hours
