
          -------------------------------------------------------
          Amber 20 PMEMD                              2020
          -------------------------------------------------------

| PMEMD implementation of SANDER, Release 18

|  Compiled date/time: Thu May 20 07:44:43 2021
| Run on 10/15/2024 at 15:49:18

|   Executable path: pmemd.cuda
| Working directory: /home/muditj/protocols_new/otf_general/otf_rbfe/lig_153~lig_77/site/la-0.00922
|          Hostname: Unknown
  [-O]verwriting output

File Assignments:
|   MDIN: 2_nvt/nvt.in                                                          
|  MDOUT: 2_nvt/complex_nvt.out                                                 
| INPCRD: 2_nvt/complex_nvt.inpcrd                                              
|   PARM: ../complex.prmtop                                                     
| RESTRT: 2_nvt/complex_nvt.rst                                                 
|   REFC: 2_nvt/complex_nvt_ref.rst                                             
|  MDVEL: mdvel                                                                 
|   MDEN: mden                                                                  
|  MDCRD: 2_nvt/complex_nvt.nc                                                  
| MDINFO: mdinfo                                                                
|  MDFRC: mdfrc                                                                 


 Here is the input file:

nvt run                                                                        
 &cntrl                                                                        
  ig = -1,                                                                     
  imin = 0,                                                                    
  nstlim = 25000,                                                              
  dt = 0.002,                                                                  
  irest = 0,                                                                   
  ntx = 1,                                                                     
  ntxo = 2,                                                                    
  ioutfm = 1,                                                                  
  ntb = 1,                                                                     
  ntt = 3,                                                                     
  gamma_ln = 1.0,                                                              
  tempi = 0.1,                                                                 
  temp0 = 300,                                                                 
  ntr = 1,                                                                     
  ntc = 2,                                                                     
  ntf = 1,                                                                     
  ntpr = 1000,                                                                 
  ntwx = 0,                                                                    
  ntwr = 1000,                                                                 
  nmropt = 1,                                                                  
  cut = 10,                                                                    
  restraintmask=':309|!(:WAT|@H=|:Na+|:Cl-)',                                  
  restraint_wt=20.0,                                                           
                                                                               
  icfe = 1, ifsc = 1, clambda = 0.00922, gti_lam_sch = 1, scalpha = 0.2, scbeta
  timask1 = ':1', timask2 = ':2',                                              
  scmask1 = ':1@O24,C29,H54,H62,H59,H58,H57,H56,H55,H53,H52,H51,H41,H40,H39,H38
 /                                                                             
 &wt TYPE='TEMP0', istep1=0, istep2=20000,                                     
  value1=0.1, value2=300.0, /                                                  
 &wt TYPE='END' /                                                              


Note: ig = -1. Setting random seed to   777782 based on wallclock time in 
      microseconds.
| irandom = 1, using AMBER's internal random number generator (default).
 
|--------------------- INFORMATION ----------------------
| GPU (CUDA) Version of PMEMD in use: NVIDIA GPU IN USE.
|                    Version 18.0.0
| 
|                      03/25/2018
| 
| Implementation by:
|                    Ross C. Walker     (SDSC)
|                    Scott Le Grand     (nVIDIA)
| 
| Version 18 performance extensions by:
|                    David Cerutti     (Rutgers)
| 
| Precision model in use:
|      [SPFP] - Single Precision Forces, 64-bit Fixed Point
|               Accumulation. (Default)
| 
|--------------------------------------------------------
 
|----------------- CITATION INFORMATION -----------------
|
|    When publishing work that utilized the CUDA version
|    of AMBER, please cite the following in addition to
|    the regular AMBER citations:
|
|  - Romelia Salomon-Ferrer; Andreas W. Goetz; Duncan
|    Poole; Scott Le Grand; Ross C. Walker "Routine
|    microsecond molecular dynamics simulations with
|    AMBER - Part II: Particle Mesh Ewald", J. Chem.
|    Theory Comput., 2013, 9 (9), pp3878-3888,
|    DOI: 10.1021/ct400314y.
|
|  - Andreas W. Goetz; Mark J. Williamson; Dong Xu;
|    Duncan Poole; Scott Le Grand; Ross C. Walker
|    "Routine microsecond molecular dynamics simulations
|    with AMBER - Part I: Generalized Born", J. Chem.
|    Theory Comput., 2012, 8 (5), pp1542-1555.
|
|  - Scott Le Grand; Andreas W. Goetz; Ross C. Walker
|    "SPFP: Speed without compromise - a mixed precision
|    model for GPU accelerated molecular dynamics
|    simulations.", Comp. Phys. Comm., 2013, 184
|    pp374-380, DOI: 10.1016/j.cpc.2012.09.022
|
|    When publishing work that utilized the CUDA version
|    of TI, BAR, MBAR or FEP please cite the following 
|    publications in addition to the regular AMBER 
|    GPU citations:
|
|  - Daniel J. Mermelstein; Charles Lin; Gard Nelson; 
|    Rachael Kretsch; J. Andrew McCammon; Ross C. Walker
|    "Fast and Flexible GPU Accelerated Binding 
|    Free Energy Calculations within the AMBER Molecular
|    Dynamics Package" J. Comp. Chem., 2018,
|    DOI: 10.1002/jcc.25187
|
|  - Tai-Sung Lee; Yuan Hu; Brad Sherborne; Zhuyan Guo;
|    Darrin M. York
|    "Toward Fast and Accurate Binding Affinity Prediction with
|    pmemdGTI: An Efficient Implementation of GPU-Accelerated
|    Thermodynamic Integration"
|    J. Chem. Theory Comput., 2017, 13 (7), 3077
|
|
|--------------------------------------------------------
 
|------------------- GPU DEVICE INFO --------------------
|
|            CUDA_VISIBLE_DEVICES: 0
|   CUDA Capable Devices Detected:      1
|           CUDA Device ID in use:      0
|                CUDA Device Name: NVIDIA GeForce RTX 2080
|     CUDA Device Global Mem Size:   7982 MB
| CUDA Device Num Multiprocessors:     46
|           CUDA Device Core Freq:   1.71 GHz
|
|--------------------------------------------------------
 
 
| Conditional Compilation Defines Used:
| PUBFFT
| BINTRAJ
| CUDA
| EMIL

| Largest sphere to fit in unit cell has radius =    28.285

| New format PARM file being parsed.
| Version =    1.000 Date = 09/17/24 Time = 21:33:32

| Note: 1-4 EEL scale factors are being read from the topology file.

| Note: 1-4 VDW scale factors are being read from the topology file.
| Duplicated    0 dihedrals

| Duplicated    0 dihedrals

--------------------------------------------------------------------------------
   1.  RESOURCE   USE: 
--------------------------------------------------------------------------------

 getting box info from netcdf restart file
 NATOM  =   17471 NTYPES =      33 NBONH =   15015 MBONA  =    2506
 NTHETH =    5546 MTHETA =    3400 NPHIH =   11203 MPHIA  =   10650
 NHPARM =       0 NPARM  =       0 NNB   =   43805 NRES   =    4497
 NBONA  =    2506 NTHETA =    3400 NPHIA =   10650 NUMBND =      92
 NUMANG =     205 NPTRA  =     216 NATYP =      54 NPHB   =       1
 IFBOX  =       1 NMXRS  =      68 IFCAP =       0 NEXTRA =       0
 NCOPY  =       0

| Coordinate Index Table dimensions:    11   10   11
| Direct force subcell size =     5.9561    5.6570    5.5474

     BOX TYPE: RECTILINEAR

--------------------------------------------------------------------------------
   2.  CONTROL  DATA  FOR  THE  RUN
--------------------------------------------------------------------------------

L0                                                                              

General flags:
     imin    =       0, nmropt  =       1

Nature and format of input:
     ntx     =       1, irest   =       0, ntrx    =       1

Nature and format of output:
     ntxo    =       2, ntpr    =    1000, ntrx    =       1, ntwr    =    1000
     iwrap   =       0, ntwx    =       0, ntwv    =       0, ntwe    =       0
     ioutfm  =       1, ntwprt  =       0, idecomp =       0, rbornstat=      0

Potential function:
     ntf     =       1, ntb     =       1, igb     =       0, nsnb    =      25
     ipol    =       0, gbsa    =       0, iesp    =       0
     dielc   =   1.00000, cut     =  10.00000, intdiel =   1.00000

Frozen or restrained atoms:
     ibelly  =       0, ntr     =       1
     restraint_wt =  20.00000

Molecular dynamics:
     nstlim  =     25000, nscm    =         0, nrespa  =         1
     t       =   0.00000, dt      =   0.00200, vlimit  =  -1.00000

Langevin dynamics temperature regulation:
     ig      =  777782
     temp0   = 300.00000, tempi   =   0.10000, gamma_ln=   1.00000

SHAKE:
     ntc     =       2, jfastw  =       0
     tol     =   0.00001

NMR refinement options:
     iscale  =       0, noeskp  =       1, ipnlty  =       1, mxsub   =       1
     scalm   = 100.00000, pencut  =   0.10000, tausw   =   0.10000

Free energy options:
     icfe    =       1, ifsc    =       1, klambda =       1
     clambda =  0.0092, scalpha =  0.2000, scbeta  = 50.0000
     sceeorder =       2
     dynlmb =  0.0000 logdvdl =       0

| Intermolecular bonds treatment:
|     no_intermolecular_bonds =       1

| Energy averages sample interval:
|     ene_avg_sampling =    1000

Ewald parameters:
     verbose =       0, ew_type =       0, nbflag  =       1, use_pme =       1
     vdwmeth =       1, eedmeth =       1, netfrc  =       1
     Box X =   65.517   Box Y =   56.570   Box Z =   61.021
     Alpha =   90.000   Beta  =   90.000   Gamma =   90.000
     NFFT1 =   64       NFFT2 =   64       NFFT3 =   64
     Cutoff=   10.000   Tol   =0.100E-04
     Ewald Coefficient =  0.27511
     Interpolation order =    4

    LOADING THE CONSTRAINED ATOMS AS GROUPS


   5.  REFERENCE ATOM COORDINATES

  L0                                                                              
     Mask :309|!(:WAT|@H=|:Na+|:Cl-); matches  2449 atoms
     TI Mask 1 :1; matches     62 atoms
     TI Mask 2 :2; matches     68 atoms
     TI region 1:   17403 atoms
     TI region 2:   17409 atoms
     SC Mask 1 :1@O24,C29,H54,H62,H59,H58,H57,H56,H55,H53,H52,H51,H41,H40,H39,H38,H37,H36,H35,H34,H33,H32,C25,C7,C6,C5,C4,N3; matches     28 atoms
     SC Mask 2 :2@H37,H53,C11,C12,C13,O14,C15,C16,C27,C28,N29,C30,C31,H38,H39,H40,H41,H42,H43,H44,H45,H46,H47,H48,H56,H57,H58,H59,H60,H61,H62,H63,H64,H68; matches     34 atoms

|--------------------------------------------------------------------------------------------
| Extra TI control variables
|     gti_add_sc     =   1, gti_ele_gauss  =   0, gti_auto_alpha =   0, gti_scale_beta =   0
|     gti_ele_exp    =   2, gti_vdw_exp    =   6, gti_ele_sc     =   1, gti_vdw_sc     =   1
|     gti_cut        =   1, gti_cut_sc     =   0
|     gti_cut_sc_on    =  0.0000, gti_cut_sc_off    =  0.0000
|--------------------------------------------------------------------------------------------


--------------------------------------------------------------------------------
   3.  ATOMIC COORDINATES AND VELOCITIES
--------------------------------------------------------------------------------

L0                                                                              
 begin time read from input coords =     0.000 ps



           Begin reading energy term weight changes/NMR restraints
 WEIGHT CHANGES:
 TEMP0         0  20000    0.100000  300.000000      0      0

 RESTRAINTS:
                          ** No restraint defined **

                  Done reading weight changes/NMR restraints


 
 Number of triangulated 3-point waters found:     4189
   Removing shake constraints from C27   L0    1 -- H54   L0    1
   Removing shake constraints from C27   L0    1 -- H56   L0    1
   Removing shake constraints from C27   L0    1 -- H55   L0    1
   Removing shake constraints from C2    L0    1 -- H33   L0    1
   Removing shake constraints from C2    L0    1 -- H32   L0    1
   Removing shake constraints from C20   L1    2 -- H53   L1    2
   Removing shake constraints from C10   L1    2 -- H38   L1    2
   Removing shake constraints from C7    L1    2 -- H37   L1    2
 Number of shake restraints removed in TI region  1 :        5
 Number of shake restraints removed in TI region  2 :        3

     Sum of charges for TI region  1 =  -0.00001916
     Skip neutralizing charges...


     Sum of charges for TI region  2 =  -0.00001316
     Skip neutralizing charges...

| Dynamic Memory, Types Used:
| Reals              868728
| Integers          1264546

| Nonbonded Pairs Initial Allocation:     5284540

| GPU memory information (estimate):
| KB of GPU memory in use:    147648
| KB of CPU memory in use:     47982

--------------------------------------------------------------------------------
   4.  RESULTS
--------------------------------------------------------------------------------

   DOF for the SC part  1 of the system:   69
   SHAKE constraints in the SC region:   15
   DOF for the SC part  2 of the system:   82
   SHAKE constraints in the SC region:   20

| TI region  1


 NSTEP =        0   TIME(PS) =       0.000  TEMP(K) =     0.14  PRESS =     0.0
 Etot   =    -60060.5708  EKtot   =         5.1928  EPtot      =    -60065.7636
 BOND   =      3869.6518  ANGLE   =       626.5862  DIHED      =      3373.6770
 1-4 NB =       977.8794  1-4 EEL =     10636.9563  VDWAALS    =      6637.0861
 EELEC  =    -86187.6004  EHBOND  =         0.0000  RESTRAINT  =         0.0000
 DV/DL  =         0.7938
 ------------------------------------------------------------------------------

  Softcore part of the system:      28 atoms,       TEMP(K)    =           0.32
 SC_Etot=        82.3228  SC_EKtot=         0.0219  SC_EPtot   =        82.3009
 SC_BOND=         0.4736  SC_ANGLE=         5.7617  SC_DIHED   =        15.6091
 SC_14NB=        -0.6296  SC_14EEL=        18.6810  SC_VDW     =        -0.3291
 SC_EEL =        42.7342
 SC_RES_DIST=     0.0000  SC_RES_ANG=       0.0000  SC_RES_TORS=         0.0000
 SC_EEL_DER=      0.5777  SC_VDW_DER=      -0.0294  SC_DERIV   =         0.5483
 ------------------------------------------------------------------------------


| TI region  2


 NSTEP =        0   TIME(PS) =       0.000  TEMP(K) =     0.14  PRESS =     0.0
 Etot   =    -60060.5710  EKtot   =         5.1926  EPtot      =    -60065.7636
 BOND   =      3869.6518  ANGLE   =       626.5862  DIHED      =      3373.6770
 1-4 NB =       977.8794  1-4 EEL =     10636.9563  VDWAALS    =      6637.0861
 EELEC  =    -86187.6004  EHBOND  =         0.0000  RESTRAINT  =         0.0000
 DV/DL  =         0.7938
 ------------------------------------------------------------------------------

  Softcore part of the system:      34 atoms,       TEMP(K)    =           0.30
 SC_Etot=       154.2422  SC_EKtot=         0.0244  SC_EPtot   =       154.2178
 SC_BOND=         1.1983  SC_ANGLE=         1.2681  SC_DIHED   =        11.5653
 SC_14NB=         2.6469  SC_14EEL=        60.4156  SC_VDW     =        -0.8859
 SC_EEL =        78.0095
 SC_RES_DIST=     0.0000  SC_RES_ANG=       0.0000  SC_RES_TORS=         0.0000
 SC_EEL_DER=      0.5777  SC_VDW_DER=      -0.0294  SC_DERIV   =         0.5483
 ------------------------------------------------------------------------------

 NMR restraints: Bond =    0.000   Angle =     0.000   Torsion =     0.000
===============================================================================

| TI region  1


 NSTEP =     1000   TIME(PS) =       2.000  TEMP(K) =    21.50  PRESS =     0.0
 Etot   =    -58738.9448  EKtot   =       795.3609  EPtot      =    -59534.3057
 BOND   =       176.9628  ANGLE   =       679.1786  DIHED      =      3387.1149
 1-4 NB =       988.5177  1-4 EEL =     10621.2121  VDWAALS    =      6397.6704
 EELEC  =    -81848.4068  EHBOND  =         0.0000  RESTRAINT  =        63.4446
 EAMBER (non-restraint)  =    -59597.7503
 DV/DL  =         0.7310
 ------------------------------------------------------------------------------

  Softcore part of the system:      28 atoms,       TEMP(K)    =           7.19
 SC_Etot=        83.3409  SC_EKtot=         0.4930  SC_EPtot   =        82.8479
 SC_BOND=         0.3733  SC_ANGLE=         6.8721  SC_DIHED   =        14.8462
 SC_14NB=        -0.6289  SC_14EEL=        18.5349  SC_VDW     =        -0.3394
 SC_EEL =        43.1898
 SC_RES_DIST=     0.0000  SC_RES_ANG=       0.0000  SC_RES_TORS=         0.0000
 SC_EEL_DER=      0.5090  SC_VDW_DER=      -0.0307  SC_DERIV   =         0.4783
 ------------------------------------------------------------------------------


| TI region  2


 NSTEP =     1000   TIME(PS) =       2.000  TEMP(K) =    21.50  PRESS =     0.0
 Etot   =    -58738.6187  EKtot   =       795.6870  EPtot      =    -59534.3057
 BOND   =       176.9628  ANGLE   =       679.1786  DIHED      =      3387.1149
 1-4 NB =       988.5177  1-4 EEL =     10621.2121  VDWAALS    =      6397.6704
 EELEC  =    -81848.4068  EHBOND  =         0.0000  RESTRAINT  =        63.4446
 EAMBER (non-restraint)  =    -59597.7503
 DV/DL  =         0.7310
 ------------------------------------------------------------------------------

  Softcore part of the system:      34 atoms,       TEMP(K)    =          10.05
 SC_Etot=       155.4942  SC_EKtot=         0.8191  SC_EPtot   =       154.6750
 SC_BOND=         1.0708  SC_ANGLE=         1.7867  SC_DIHED   =        11.2260
 SC_14NB=         2.6480  SC_14EEL=        62.0432  SC_VDW     =        -0.8695
 SC_EEL =        76.7698
 SC_RES_DIST=     0.0000  SC_RES_ANG=       0.0000  SC_RES_TORS=         0.0000
 SC_EEL_DER=      0.5090  SC_VDW_DER=      -0.0307  SC_DERIV   =         0.4783
 ------------------------------------------------------------------------------

 NMR restraints: Bond =    0.000   Angle =     0.000   Torsion =     0.000
===============================================================================

| TI region  1


 NSTEP =     2000   TIME(PS) =       4.000  TEMP(K) =    26.30  PRESS =     0.0
 Etot   =    -58769.7227  EKtot   =       973.1145  EPtot      =    -59742.8372
 BOND   =       207.2234  ANGLE   =       750.0691  DIHED      =      3398.3124
 1-4 NB =       995.6475  1-4 EEL =     10622.3109  VDWAALS    =      6504.5637
 EELEC  =    -82299.1807  EHBOND  =         0.0000  RESTRAINT  =        78.2165
 EAMBER (non-restraint)  =    -59821.0537
 DV/DL  =         0.7549
 ------------------------------------------------------------------------------

  Softcore part of the system:      28 atoms,       TEMP(K)    =          29.13
 SC_Etot=        85.4370  SC_EKtot=         1.9973  SC_EPtot   =        83.4398
 SC_BOND=         0.5700  SC_ANGLE=         6.8090  SC_DIHED   =        15.3273
 SC_14NB=        -0.6071  SC_14EEL=        18.6147  SC_VDW     =        -0.3333
 SC_EEL =        43.0592
 SC_RES_DIST=     0.0000  SC_RES_ANG=       0.0000  SC_RES_TORS=         0.0000
 SC_EEL_DER=      0.5307  SC_VDW_DER=      -0.0323  SC_DERIV   =         0.4985
 ------------------------------------------------------------------------------


| TI region  2


 NSTEP =     2000   TIME(PS) =       4.000  TEMP(K) =    26.30  PRESS =     0.0
 Etot   =    -58769.6566  EKtot   =       973.1806  EPtot      =    -59742.8372
 BOND   =       207.2234  ANGLE   =       750.0691  DIHED      =      3398.3124
 1-4 NB =       995.6475  1-4 EEL =     10622.3109  VDWAALS    =      6504.5637
 EELEC  =    -82299.1807  EHBOND  =         0.0000  RESTRAINT  =        78.2165
 EAMBER (non-restraint)  =    -59821.0537
 DV/DL  =         0.7549
 ------------------------------------------------------------------------------

  Softcore part of the system:      34 atoms,       TEMP(K)    =          25.33
 SC_Etot=       157.8878  SC_EKtot=         2.0634  SC_EPtot   =       155.8244
 SC_BOND=         1.0704  SC_ANGLE=         2.9350  SC_DIHED   =        11.3501
 SC_14NB=         2.7586  SC_14EEL=        61.7677  SC_VDW     =        -0.9071
 SC_EEL =        76.8497
 SC_RES_DIST=     0.0000  SC_RES_ANG=       0.0000  SC_RES_TORS=         0.0000
 SC_EEL_DER=      0.5307  SC_VDW_DER=      -0.0323  SC_DERIV   =         0.4985
 ------------------------------------------------------------------------------

 NMR restraints: Bond =    0.000   Angle =     0.000   Torsion =     0.000
===============================================================================

| TI region  1


 NSTEP =     3000   TIME(PS) =       6.000  TEMP(K) =    38.78  PRESS =     0.0
 Etot   =    -57978.7980  EKtot   =      1434.6850  EPtot      =    -59413.4830
 BOND   =       242.6603  ANGLE   =       835.9820  DIHED      =      3413.5958
 1-4 NB =       995.0948  1-4 EEL =     10637.7013  VDWAALS    =      6426.3447
 EELEC  =    -82071.3715  EHBOND  =         0.0000  RESTRAINT  =       106.5096
 EAMBER (non-restraint)  =    -59519.9926
 DV/DL  =         0.8053
 ------------------------------------------------------------------------------

  Softcore part of the system:      28 atoms,       TEMP(K)    =          37.64
 SC_Etot=        86.5509  SC_EKtot=         2.5807  SC_EPtot   =        83.9702
 SC_BOND=         0.5203  SC_ANGLE=         8.9618  SC_DIHED   =        14.1683
 SC_14NB=        -0.6176  SC_14EEL=        18.7072  SC_VDW     =        -0.3197
 SC_EEL =        42.5499
 SC_RES_DIST=     0.0000  SC_RES_ANG=       0.0000  SC_RES_TORS=         0.0000
 SC_EEL_DER=      0.5683  SC_VDW_DER=      -0.0379  SC_DERIV   =         0.5304
 ------------------------------------------------------------------------------


| TI region  2


 NSTEP =     3000   TIME(PS) =       6.000  TEMP(K) =    38.78  PRESS =     0.0
 Etot   =    -57978.3600  EKtot   =      1435.1230  EPtot      =    -59413.4830
 BOND   =       242.6603  ANGLE   =       835.9820  DIHED      =      3413.5958
 1-4 NB =       995.0948  1-4 EEL =     10637.7013  VDWAALS    =      6426.3447
 EELEC  =    -82071.3715  EHBOND  =         0.0000  RESTRAINT  =       106.5096
 EAMBER (non-restraint)  =    -59519.9926
 DV/DL  =         0.8053
 ------------------------------------------------------------------------------

  Softcore part of the system:      34 atoms,       TEMP(K)    =          37.05
 SC_Etot=       159.1010  SC_EKtot=         3.0187  SC_EPtot   =       156.0823
 SC_BOND=         1.4286  SC_ANGLE=         3.4137  SC_DIHED   =        11.1494
 SC_14NB=         2.7038  SC_14EEL=        61.7195  SC_VDW     =        -0.8509
 SC_EEL =        76.5183
 SC_RES_DIST=     0.0000  SC_RES_ANG=       0.0000  SC_RES_TORS=         0.0000
 SC_EEL_DER=      0.5683  SC_VDW_DER=      -0.0379  SC_DERIV   =         0.5304
 ------------------------------------------------------------------------------

 NMR restraints: Bond =    0.000   Angle =     0.000   Torsion =     0.000
===============================================================================

| TI region  1


 NSTEP =     4000   TIME(PS) =       8.000  TEMP(K) =    53.35  PRESS =     0.0
 Etot   =    -57008.4329  EKtot   =      1973.5044  EPtot      =    -58981.9374
 BOND   =       290.6425  ANGLE   =       905.9564  DIHED      =      3439.2995
 1-4 NB =       997.5874  1-4 EEL =     10632.0968  VDWAALS    =      6261.7425
 EELEC  =    -81642.9977  EHBOND  =         0.0000  RESTRAINT  =       133.7353
 EAMBER (non-restraint)  =    -59115.6727
 DV/DL  =         0.6803
 ------------------------------------------------------------------------------

  Softcore part of the system:      28 atoms,       TEMP(K)    =          41.89
 SC_Etot=        89.9167  SC_EKtot=         2.8720  SC_EPtot   =        87.0447
 SC_BOND=         1.4595  SC_ANGLE=         9.1449  SC_DIHED   =        15.8511
 SC_14NB=        -0.6582  SC_14EEL=        18.7973  SC_VDW     =        -0.3346
 SC_EEL =        42.7847
 SC_RES_DIST=     0.0000  SC_RES_ANG=       0.0000  SC_RES_TORS=         0.0000
 SC_EEL_DER=      0.4276  SC_VDW_DER=      -0.0275  SC_DERIV   =         0.4001
 ------------------------------------------------------------------------------


| TI region  2


 NSTEP =     4000   TIME(PS) =       8.000  TEMP(K) =    53.36  PRESS =     0.0
 Etot   =    -57007.3526  EKtot   =      1974.5847  EPtot      =    -58981.9374
 BOND   =       290.6425  ANGLE   =       905.9564  DIHED      =      3439.2995
 1-4 NB =       997.5874  1-4 EEL =     10632.0968  VDWAALS    =      6261.7425
 EELEC  =    -81642.9977  EHBOND  =         0.0000  RESTRAINT  =       133.7353
 EAMBER (non-restraint)  =    -59115.6727
 DV/DL  =         0.6803
 ------------------------------------------------------------------------------

  Softcore part of the system:      34 atoms,       TEMP(K)    =          48.51
 SC_Etot=       161.7246  SC_EKtot=         3.9523  SC_EPtot   =       157.7722
 SC_BOND=         1.6702  SC_ANGLE=         3.5235  SC_DIHED   =        11.8918
 SC_14NB=         2.4789  SC_14EEL=        62.1031  SC_VDW     =        -0.9550
 SC_EEL =        77.0598
 SC_RES_DIST=     0.0000  SC_RES_ANG=       0.0000  SC_RES_TORS=         0.0000
 SC_EEL_DER=      0.4276  SC_VDW_DER=      -0.0275  SC_DERIV   =         0.4001
 ------------------------------------------------------------------------------

 NMR restraints: Bond =    0.000   Angle =     0.000   Torsion =     0.000
===============================================================================

| TI region  1


 NSTEP =     5000   TIME(PS) =      10.000  TEMP(K) =    67.21  PRESS =     0.0
 Etot   =    -56075.0930  EKtot   =      2486.2500  EPtot      =    -58561.3430
 BOND   =       310.9036  ANGLE   =       992.9676  DIHED      =      3440.7230
 1-4 NB =      1011.8919  1-4 EEL =     10614.5997  VDWAALS    =      6228.6065
 EELEC  =    -81329.3015  EHBOND  =         0.0000  RESTRAINT  =       168.2662
 EAMBER (non-restraint)  =    -58729.6092
 DV/DL  =         0.8036
 ------------------------------------------------------------------------------

  Softcore part of the system:      28 atoms,       TEMP(K)    =          82.37
 SC_Etot=        91.1023  SC_EKtot=         5.6473  SC_EPtot   =        85.4550
 SC_BOND=         0.9383  SC_ANGLE=         8.0247  SC_DIHED   =        16.1612
 SC_14NB=        -0.6332  SC_14EEL=        18.8150  SC_VDW     =        -0.3101
 SC_EEL =        42.4591
 SC_RES_DIST=     0.0000  SC_RES_ANG=       0.0000  SC_RES_TORS=         0.0000
 SC_EEL_DER=      0.5391  SC_VDW_DER=      -0.0287  SC_DERIV   =         0.5104
 ------------------------------------------------------------------------------


| TI region  2


 NSTEP =     5000   TIME(PS) =      10.000  TEMP(K) =    67.17  PRESS =     0.0
 Etot   =    -56075.5018  EKtot   =      2485.8413  EPtot      =    -58561.3430
 BOND   =       310.9036  ANGLE   =       992.9676  DIHED      =      3440.7230
 1-4 NB =      1011.8919  1-4 EEL =     10614.5997  VDWAALS    =      6228.6065
 EELEC  =    -81329.3015  EHBOND  =         0.0000  RESTRAINT  =       168.2662
 EAMBER (non-restraint)  =    -58729.6092
 DV/DL  =         0.8036
 ------------------------------------------------------------------------------

  Softcore part of the system:      34 atoms,       TEMP(K)    =          64.30
 SC_Etot=       164.4616  SC_EKtot=         5.2386  SC_EPtot   =       159.2230
 SC_BOND=         1.4311  SC_ANGLE=         5.7900  SC_DIHED   =        11.8213
 SC_14NB=         2.7194  SC_14EEL=        61.6988  SC_VDW     =        -0.8457
 SC_EEL =        76.6081
 SC_RES_DIST=     0.0000  SC_RES_ANG=       0.0000  SC_RES_TORS=         0.0000
 SC_EEL_DER=      0.5391  SC_VDW_DER=      -0.0287  SC_DERIV   =         0.5104
 ------------------------------------------------------------------------------

 NMR restraints: Bond =    0.000   Angle =     0.000   Torsion =     0.000
===============================================================================

| TI region  1


 NSTEP =     6000   TIME(PS) =      12.000  TEMP(K) =    84.06  PRESS =     0.0
 Etot   =    -54928.1670  EKtot   =      3109.7787  EPtot      =    -58037.9456
 BOND   =       352.9639  ANGLE   =      1092.6831  DIHED      =      3476.0010
 1-4 NB =      1010.3618  1-4 EEL =     10605.4416  VDWAALS    =      5961.3857
 EELEC  =    -80728.1159  EHBOND  =         0.0000  RESTRAINT  =       191.3333
 EAMBER (non-restraint)  =    -58229.2789
 DV/DL  =         0.8254
 ------------------------------------------------------------------------------

  Softcore part of the system:      28 atoms,       TEMP(K)    =          91.36
 SC_Etot=        93.1334  SC_EKtot=         6.2637  SC_EPtot   =        86.8698
 SC_BOND=         0.9642  SC_ANGLE=        10.3822  SC_DIHED   =        14.7399
 SC_14NB=        -0.6842  SC_14EEL=        19.0928  SC_VDW     =        -0.3118
 SC_EEL =        42.6868
 SC_RES_DIST=     0.0000  SC_RES_ANG=       0.0000  SC_RES_TORS=         0.0000
 SC_EEL_DER=      0.5766  SC_VDW_DER=      -0.0341  SC_DERIV   =         0.5425
 ------------------------------------------------------------------------------


| TI region  2


 NSTEP =     6000   TIME(PS) =      12.000  TEMP(K) =    84.07  PRESS =     0.0
 Etot   =    -54926.8235  EKtot   =      3111.1222  EPtot      =    -58037.9456
 BOND   =       352.9639  ANGLE   =      1092.6831  DIHED      =      3476.0010
 1-4 NB =      1010.3618  1-4 EEL =     10605.4416  VDWAALS    =      5961.3857
 EELEC  =    -80728.1159  EHBOND  =         0.0000  RESTRAINT  =       191.3333
 EAMBER (non-restraint)  =    -58229.2789
 DV/DL  =         0.8254
 ------------------------------------------------------------------------------

  Softcore part of the system:      34 atoms,       TEMP(K)    =          93.37
 SC_Etot=       166.6025  SC_EKtot=         7.6072  SC_EPtot   =       158.9953
 SC_BOND=         1.6264  SC_ANGLE=         5.2240  SC_DIHED   =        10.7847
 SC_14NB=         3.4147  SC_14EEL=        61.6647  SC_VDW     =        -0.5458
 SC_EEL =        76.8267
 SC_RES_DIST=     0.0000  SC_RES_ANG=       0.0000  SC_RES_TORS=         0.0000
 SC_EEL_DER=      0.5766  SC_VDW_DER=      -0.0341  SC_DERIV   =         0.5425
 ------------------------------------------------------------------------------

 NMR restraints: Bond =    0.000   Angle =     0.000   Torsion =     0.000
