
          -------------------------------------------------------
          Amber 20 PMEMD                              2020
          -------------------------------------------------------

| PMEMD implementation of SANDER, Release 18

|  Compiled date/time: Thu May 20 07:44:43 2021
| Run on 10/05/2024 at 19:42:50

|   Executable path: pmemd.cuda
| Working directory: /home/muditj/alk2_rbfe/lig_153~lig_104/water/la-0.20634
|          Hostname: Unknown
  [-O]verwriting output

File Assignments:
|   MDIN: 2_nvt/nvt.in                                                          
|  MDOUT: 2_nvt/ligwat_nvt.out                                                  
| INPCRD: 2_nvt/ligwat_nvt.inpcrd                                               
|   PARM: ../ligwat.prmtop                                                      
| RESTRT: 2_nvt/ligwat_nvt.rst                                                  
|   REFC: 2_nvt/ligwat_nvt_ref.rst                                              
|  MDVEL: mdvel                                                                 
|   MDEN: mden                                                                  
|  MDCRD: 2_nvt/ligwat_nvt.nc                                                   
| MDINFO: mdinfo                                                                
|  MDFRC: mdfrc                                                                 


 Here is the input file:

nvt run                                                                        
 &cntrl                                                                        
  ig = -1,                                                                     
  imin = 0,                                                                    
  nstlim = 25000,                                                              
  dt = 0.002,                                                                  
  irest = 0,                                                                   
  ntx = 1,                                                                     
  ntxo = 2,                                                                    
  ioutfm = 1,                                                                  
  ntb = 1,                                                                     
  ntt = 3,                                                                     
  gamma_ln = 1.0,                                                              
  tempi = 0.1,                                                                 
  temp0 = 300,                                                                 
  ntr = 1,                                                                     
  ntc = 2,                                                                     
  ntf = 1,                                                                     
  ntpr = 1000,                                                                 
  ntwx = 0,                                                                    
  ntwr = 1000,                                                                 
  nmropt = 1,                                                                  
  cut = 10,                                                                    
  restraintmask='!(:WAT|@H=|:Na+|:Cl-)',                                       
  restraint_wt=20.0,                                                           
                                                                               
  icfe = 1, ifsc = 1, clambda = 0.20634, gti_lam_sch = 1, scalpha = 0.2, scbeta
  timask1 = ':1', timask2 = ':2',                                              
  scmask1 = ':1@C29,H62,H59,H58,H57,H56,H55,H54,H53,H52,H51,H50,H49,H48,H47,H46
 /                                                                             
 &wt TYPE='TEMP0', istep1=0, istep2=20000,                                     
  value1=0.1, value2=300.0, /                                                  
 &wt TYPE='END' /                                                              


Note: ig = -1. Setting random seed to   587294 based on wallclock time in 
      microseconds.
| irandom = 1, using AMBER's internal random number generator (default).
 
|--------------------- INFORMATION ----------------------
| GPU (CUDA) Version of PMEMD in use: NVIDIA GPU IN USE.
|                    Version 18.0.0
| 
|                      03/25/2018
| 
| Implementation by:
|                    Ross C. Walker     (SDSC)
|                    Scott Le Grand     (nVIDIA)
| 
| Version 18 performance extensions by:
|                    David Cerutti     (Rutgers)
| 
| Precision model in use:
|      [SPFP] - Single Precision Forces, 64-bit Fixed Point
|               Accumulation. (Default)
| 
|--------------------------------------------------------
 
|----------------- CITATION INFORMATION -----------------
|
|    When publishing work that utilized the CUDA version
|    of AMBER, please cite the following in addition to
|    the regular AMBER citations:
|
|  - Romelia Salomon-Ferrer; Andreas W. Goetz; Duncan
|    Poole; Scott Le Grand; Ross C. Walker "Routine
|    microsecond molecular dynamics simulations with
|    AMBER - Part II: Particle Mesh Ewald", J. Chem.
|    Theory Comput., 2013, 9 (9), pp3878-3888,
|    DOI: 10.1021/ct400314y.
|
|  - Andreas W. Goetz; Mark J. Williamson; Dong Xu;
|    Duncan Poole; Scott Le Grand; Ross C. Walker
|    "Routine microsecond molecular dynamics simulations
|    with AMBER - Part I: Generalized Born", J. Chem.
|    Theory Comput., 2012, 8 (5), pp1542-1555.
|
|  - Scott Le Grand; Andreas W. Goetz; Ross C. Walker
|    "SPFP: Speed without compromise - a mixed precision
|    model for GPU accelerated molecular dynamics
|    simulations.", Comp. Phys. Comm., 2013, 184
|    pp374-380, DOI: 10.1016/j.cpc.2012.09.022
|
|    When publishing work that utilized the CUDA version
|    of TI, BAR, MBAR or FEP please cite the following 
|    publications in addition to the regular AMBER 
|    GPU citations:
|
|  - Daniel J. Mermelstein; Charles Lin; Gard Nelson; 
|    Rachael Kretsch; J. Andrew McCammon; Ross C. Walker
|    "Fast and Flexible GPU Accelerated Binding 
|    Free Energy Calculations within the AMBER Molecular
|    Dynamics Package" J. Comp. Chem., 2018,
|    DOI: 10.1002/jcc.25187
|
|  - Tai-Sung Lee; Yuan Hu; Brad Sherborne; Zhuyan Guo;
|    Darrin M. York
|    "Toward Fast and Accurate Binding Affinity Prediction with
|    pmemdGTI: An Efficient Implementation of GPU-Accelerated
|    Thermodynamic Integration"
|    J. Chem. Theory Comput., 2017, 13 (7), 3077
|
|
|--------------------------------------------------------
 
|------------------- GPU DEVICE INFO --------------------
|
|            CUDA_VISIBLE_DEVICES: 0
|   CUDA Capable Devices Detected:      1
|           CUDA Device ID in use:      0
|                CUDA Device Name: NVIDIA GeForce RTX 2080
|     CUDA Device Global Mem Size:   7982 MB
| CUDA Device Num Multiprocessors:     46
|           CUDA Device Core Freq:   1.71 GHz
|
|--------------------------------------------------------
 
 
| Conditional Compilation Defines Used:
| PUBFFT
| BINTRAJ
| CUDA
| EMIL

| Largest sphere to fit in unit cell has radius =    20.773

| New format PARM file being parsed.
| Version =    1.000 Date = 10/05/24 Time = 17:06:17

| Note: 1-4 EEL scale factors are being read from the topology file.

| Note: 1-4 VDW scale factors are being read from the topology file.
| Duplicated    0 dihedrals

| Duplicated    0 dihedrals

--------------------------------------------------------------------------------
   1.  RESOURCE   USE: 
--------------------------------------------------------------------------------

 getting box info from netcdf restart file
 NATOM  =    7380 NTYPES =      17 NBONH =    7315 MBONA  =      69
 NTHETH =     137 MTHETA =      95 NPHIH =     220 MPHIA  =     148
 NHPARM =       0 NPARM  =       0 NNB   =   10342 NRES   =    2423
 NBONA  =      69 NTHETA =      95 NPHIA =     148 NUMBND =      24
 NUMANG =      47 NPTRA  =      21 NATYP =      19 NPHB   =       1
 IFBOX  =       1 NMXRS  =      62 IFCAP =       0 NEXTRA =       0
 NCOPY  =       0

| Coordinate Index Table dimensions:     7    7    9
| Direct force subcell size =     5.9350    6.2531    6.0553

     BOX TYPE: RECTILINEAR

--------------------------------------------------------------------------------
   2.  CONTROL  DATA  FOR  THE  RUN
--------------------------------------------------------------------------------

L0                                                                              

General flags:
     imin    =       0, nmropt  =       1

Nature and format of input:
     ntx     =       1, irest   =       0, ntrx    =       1

Nature and format of output:
     ntxo    =       2, ntpr    =    1000, ntrx    =       1, ntwr    =    1000
     iwrap   =       0, ntwx    =       0, ntwv    =       0, ntwe    =       0
     ioutfm  =       1, ntwprt  =       0, idecomp =       0, rbornstat=      0

Potential function:
     ntf     =       1, ntb     =       1, igb     =       0, nsnb    =      25
     ipol    =       0, gbsa    =       0, iesp    =       0
     dielc   =   1.00000, cut     =  10.00000, intdiel =   1.00000

Frozen or restrained atoms:
     ibelly  =       0, ntr     =       1
     restraint_wt =  20.00000

Molecular dynamics:
     nstlim  =     25000, nscm    =         0, nrespa  =         1
     t       =   0.00000, dt      =   0.00200, vlimit  =  -1.00000

Langevin dynamics temperature regulation:
     ig      =  587294
     temp0   = 300.00000, tempi   =   0.10000, gamma_ln=   1.00000

SHAKE:
     ntc     =       2, jfastw  =       0
     tol     =   0.00001

NMR refinement options:
     iscale  =       0, noeskp  =       1, ipnlty  =       1, mxsub   =       1
     scalm   = 100.00000, pencut  =   0.10000, tausw   =   0.10000

Free energy options:
     icfe    =       1, ifsc    =       1, klambda =       1
     clambda =  0.2063, scalpha =  0.2000, scbeta  = 50.0000
     sceeorder =       2
     dynlmb =  0.0000 logdvdl =       0

| Intermolecular bonds treatment:
|     no_intermolecular_bonds =       1

| Energy averages sample interval:
|     ene_avg_sampling =    1000

Ewald parameters:
     verbose =       0, ew_type =       0, nbflag  =       1, use_pme =       1
     vdwmeth =       1, eedmeth =       1, netfrc  =       1
     Box X =   41.545   Box Y =   43.772   Box Z =   54.498
     Alpha =   90.000   Beta  =   90.000   Gamma =   90.000
     NFFT1 =   48       NFFT2 =   48       NFFT3 =   56
     Cutoff=   10.000   Tol   =0.100E-04
     Ewald Coefficient =  0.27511
     Interpolation order =    4

    LOADING THE CONSTRAINED ATOMS AS GROUPS


   5.  REFERENCE ATOM COORDINATES

  L0                                                                              
     Mask !(:WAT|@H=|:Na+|:Cl-); matches    62 atoms
     TI Mask 1 :1; matches     62 atoms
     TI Mask 2 :2; matches     61 atoms
     TI region 1:    7319 atoms
     TI region 2:    7318 atoms
     SC Mask 1 :1@C29,H62,H59,H58,H57,H56,H55,H54,H53,H52,H51,H50,H49,H48,H47,H46,H41,H40,H39,H38,H37,H36,H35,H34,H33,H32,C27,O26,C25,O24,C23,O22,C21,C20,C19,C18,C17,C7,C6,C5,C4,N3; matches     42 atoms
     SC Mask 2 :2@H46,C5,C6,C7,O8,C9,C10,C11,C12,C13,C14,O15,C16,C24,C25,N26,C27,C28,H33,H34,H35,H36,H37,H38,H39,H40,H41,H42,H43,H44,H45,H49,H50,H51,H52,H53,H54,H55,H56,H57,H61; matches     41 atoms

|--------------------------------------------------------------------------------------------
| Extra TI control variables
|     gti_add_sc     =   1, gti_ele_gauss  =   0, gti_auto_alpha =   0, gti_scale_beta =   0
|     gti_ele_exp    =   2, gti_vdw_exp    =   6, gti_ele_sc     =   1, gti_vdw_sc     =   1
|     gti_cut        =   1, gti_cut_sc     =   0
|     gti_cut_sc_on    =  0.0000, gti_cut_sc_off    =  0.0000
|--------------------------------------------------------------------------------------------


--------------------------------------------------------------------------------
   3.  ATOMIC COORDINATES AND VELOCITIES
--------------------------------------------------------------------------------

L0                                                                              
 begin time read from input coords =     0.000 ps



           Begin reading energy term weight changes/NMR restraints
 WEIGHT CHANGES:
 TEMP0         0  20000    0.100000  300.000000      0      0

 RESTRAINTS:
                          ** No restraint defined **

                  Done reading weight changes/NMR restraints


 
 Number of triangulated 3-point waters found:     2418
   Removing shake constraints from C2    L0    1 -- H33   L0    1
   Removing shake constraints from C2    L0    1 -- H32   L0    1
   Removing shake constraints from C17   L1    2 -- H46   L1    2
 Number of shake restraints removed in TI region  1 :        2
 Number of shake restraints removed in TI region  2 :        1

     Sum of charges for TI region  1 =  -0.00001901
     Skip neutralizing charges...


     Sum of charges for TI region  2 =  -0.00002499
     Skip neutralizing charges...

| Dynamic Memory, Types Used:
| Reals              447451
| Integers           314237

| Nonbonded Pairs Initial Allocation:     2232265

| GPU memory information (estimate):
| KB of GPU memory in use:     73958
| KB of CPU memory in use:     27590

--------------------------------------------------------------------------------
   4.  RESULTS
--------------------------------------------------------------------------------

   DOF for the SC part  1 of the system:  103
   SHAKE constraints in the SC region:   23
   DOF for the SC part  2 of the system:  100
   SHAKE constraints in the SC region:   23

| TI region  1


 NSTEP =        0   TIME(PS) =       0.000  TEMP(K) =     0.15  PRESS =     0.0
 Etot   =    -28895.5777  EKtot   =         2.1742  EPtot      =    -28897.7519
 BOND   =      2151.9228  ANGLE   =         0.8524  DIHED      =         3.8945
 1-4 NB =         7.1535  1-4 EEL =       -56.9159  VDWAALS    =      5640.7921
 EELEC  =    -36645.4513  EHBOND  =         0.0000  RESTRAINT  =         0.0000
 DV/DL  =        45.3998
 ------------------------------------------------------------------------------

  Softcore part of the system:      42 atoms,       TEMP(K)    =           0.24
 SC_Etot=        91.6152  SC_EKtot=         0.0242  SC_EPtot   =        91.5910
 SC_BOND=         0.8577  SC_ANGLE=         7.6787  SC_DIHED   =        19.7685
 SC_14NB=         3.0678  SC_14EEL=        25.9953  SC_VDW     =         0.0603
 SC_EEL =        34.1628
 SC_RES_DIST=     0.0000  SC_RES_ANG=       0.0000  SC_RES_TORS=         0.0000
 SC_EEL_DER=      3.4564  SC_VDW_DER=       6.0212  SC_DERIV   =         9.4776
 ------------------------------------------------------------------------------


| TI region  2


 NSTEP =        0   TIME(PS) =       0.000  TEMP(K) =     0.15  PRESS =     0.0
 Etot   =    -28895.5781  EKtot   =         2.1738  EPtot      =    -28897.7519
 BOND   =      2151.9228  ANGLE   =         0.8524  DIHED      =         3.8945
 1-4 NB =         7.1535  1-4 EEL =       -56.9159  VDWAALS    =      5640.7921
 EELEC  =    -36645.4513  EHBOND  =         0.0000  RESTRAINT  =         0.0000
 DV/DL  =        45.3998
 ------------------------------------------------------------------------------

  Softcore part of the system:      41 atoms,       TEMP(K)    =           0.24
 SC_Etot=       162.1113  SC_EKtot=         0.0243  SC_EPtot   =       162.0871
 SC_BOND=         1.3623  SC_ANGLE=         4.0140  SC_DIHED   =        14.1938
 SC_14NB=         4.2424  SC_14EEL=        90.8603  SC_VDW     =        -0.6635
 SC_EEL =        48.0779
 SC_RES_DIST=     0.0000  SC_RES_ANG=       0.0000  SC_RES_TORS=         0.0000
 SC_EEL_DER=      3.4564  SC_VDW_DER=       6.0212  SC_DERIV   =         9.4776
 ------------------------------------------------------------------------------

 NMR restraints: Bond =    0.000   Angle =     0.000   Torsion =     0.000
===============================================================================

| TI region  1


 NSTEP =     1000   TIME(PS) =       2.000  TEMP(K) =    22.87  PRESS =     0.0
 Etot   =    -27833.4967  EKtot   =       333.4067  EPtot      =    -28166.9034
 BOND   =         0.9361  ANGLE   =         0.7982  DIHED      =         4.0510
 1-4 NB =         7.4077  1-4 EEL =       -57.0039  VDWAALS    =      5688.6380
 EELEC  =    -33812.5212  EHBOND  =         0.0000  RESTRAINT  =         0.7906
 EAMBER (non-restraint)  =    -28167.6940
 DV/DL  =        71.9468
 ------------------------------------------------------------------------------

  Softcore part of the system:      42 atoms,       TEMP(K)    =           9.47
 SC_Etot=        93.3300  SC_EKtot=         0.9697  SC_EPtot   =        92.3603
 SC_BOND=         0.8766  SC_ANGLE=         8.2872  SC_DIHED   =        19.3861
 SC_14NB=         3.0020  SC_14EEL=        25.9869  SC_VDW     =         0.2835
 SC_EEL =        34.5381
 SC_RES_DIST=     0.0000  SC_RES_ANG=       0.0000  SC_RES_TORS=         0.0000
 SC_EEL_DER=     24.6754  SC_VDW_DER=       2.4612  SC_DERIV   =        27.1366
 ------------------------------------------------------------------------------


| TI region  2


 NSTEP =     1000   TIME(PS) =       2.000  TEMP(K) =    22.87  PRESS =     0.0
 Etot   =    -27833.5410  EKtot   =       333.3624  EPtot      =    -28166.9034
 BOND   =         0.9361  ANGLE   =         0.7982  DIHED      =         4.0510
 1-4 NB =         7.4077  1-4 EEL =       -57.0039  VDWAALS    =      5688.6380
 EELEC  =    -33812.5212  EHBOND  =         0.0000  RESTRAINT  =         0.7906
 EAMBER (non-restraint)  =    -28167.6940
 DV/DL  =        71.9468
 ------------------------------------------------------------------------------

  Softcore part of the system:      41 atoms,       TEMP(K)    =           9.31
 SC_Etot=       163.7029  SC_EKtot=         0.9254  SC_EPtot   =       162.7775
 SC_BOND=         1.2020  SC_ANGLE=         4.7689  SC_DIHED   =        14.2175
 SC_14NB=         4.2259  SC_14EEL=        90.9459  SC_VDW     =        -0.5581
 SC_EEL =        47.9755
 SC_RES_DIST=     0.0000  SC_RES_ANG=       0.0000  SC_RES_TORS=         0.0000
 SC_EEL_DER=     24.6754  SC_VDW_DER=       2.4612  SC_DERIV   =        27.1366
 ------------------------------------------------------------------------------

 NMR restraints: Bond =    0.000   Angle =     0.000   Torsion =     0.000
===============================================================================

| TI region  1


 NSTEP =     2000   TIME(PS) =       4.000  TEMP(K) =    26.08  PRESS =     0.0
 Etot   =    -27877.3118  EKtot   =       380.2564  EPtot      =    -28257.5681
 BOND   =         1.0739  ANGLE   =         1.1710  DIHED      =         4.2746
 1-4 NB =         7.3892  1-4 EEL =       -56.8767  VDWAALS    =      5823.1706
 EELEC  =    -34039.1633  EHBOND  =         0.0000  RESTRAINT  =         1.3926
 EAMBER (non-restraint)  =    -28258.9607
 DV/DL  =        73.5881
 ------------------------------------------------------------------------------

  Softcore part of the system:      42 atoms,       TEMP(K)    =          23.53
 SC_Etot=        95.9898  SC_EKtot=         2.4077  SC_EPtot   =        93.5821
 SC_BOND=         1.1641  SC_ANGLE=         8.7121  SC_DIHED   =        19.3493
 SC_14NB=         3.2692  SC_14EEL=        26.3097  SC_VDW     =         0.5138
 SC_EEL =        34.2639
 SC_RES_DIST=     0.0000  SC_RES_ANG=       0.0000  SC_RES_TORS=         0.0000
 SC_EEL_DER=     28.3056  SC_VDW_DER=       2.2983  SC_DERIV   =        30.6039
 ------------------------------------------------------------------------------


| TI region  2


 NSTEP =     2000   TIME(PS) =       4.000  TEMP(K) =    26.06  PRESS =     0.0
 Etot   =    -27877.7455  EKtot   =       379.8227  EPtot      =    -28257.5681
 BOND   =         1.0739  ANGLE   =         1.1710  DIHED      =         4.2746
 1-4 NB =         7.3892  1-4 EEL =       -56.8767  VDWAALS    =      5823.1706
 EELEC  =    -34039.1633  EHBOND  =         0.0000  RESTRAINT  =         1.3926
 EAMBER (non-restraint)  =    -28258.9607
 DV/DL  =        73.5881
 ------------------------------------------------------------------------------

  Softcore part of the system:      41 atoms,       TEMP(K)    =          19.87
 SC_Etot=       166.2653  SC_EKtot=         1.9740  SC_EPtot   =       164.2913
 SC_BOND=         1.8519  SC_ANGLE=         5.9384  SC_DIHED   =        14.3209
 SC_14NB=         4.2959  SC_14EEL=        90.6130  SC_VDW     =        -0.6748
 SC_EEL =        47.9460
 SC_RES_DIST=     0.0000  SC_RES_ANG=       0.0000  SC_RES_TORS=         0.0000
 SC_EEL_DER=     28.3056  SC_VDW_DER=       2.2983  SC_DERIV   =        30.6039
 ------------------------------------------------------------------------------

 NMR restraints: Bond =    0.000   Angle =     0.000   Torsion =     0.000
===============================================================================

| TI region  1


 NSTEP =     3000   TIME(PS) =       6.000  TEMP(K) =    38.73  PRESS =     0.0
 Etot   =    -27557.0786  EKtot   =       564.7450  EPtot      =    -28121.8237
 BOND   =         1.7477  ANGLE   =         1.4847  DIHED      =         3.9798
 1-4 NB =         7.2650  1-4 EEL =       -56.6801  VDWAALS    =      5689.5515
 EELEC  =    -33770.7102  EHBOND  =         0.0000  RESTRAINT  =         1.5379
 EAMBER (non-restraint)  =    -28123.3616
 DV/DL  =        75.2722
 ------------------------------------------------------------------------------

  Softcore part of the system:      42 atoms,       TEMP(K)    =          34.35
 SC_Etot=       100.2050  SC_EKtot=         3.5151  SC_EPtot   =        96.6899
 SC_BOND=         1.4827  SC_ANGLE=        10.6449  SC_DIHED   =        19.9105
 SC_14NB=         3.1982  SC_14EEL=        26.5178  SC_VDW     =         0.6671
 SC_EEL =        34.2687
 SC_RES_DIST=     0.0000  SC_RES_ANG=       0.0000  SC_RES_TORS=         0.0000
 SC_EEL_DER=     29.3220  SC_VDW_DER=       1.7940  SC_DERIV   =        31.1160
 ------------------------------------------------------------------------------


| TI region  2


 NSTEP =     3000   TIME(PS) =       6.000  TEMP(K) =    38.79  PRESS =     0.0
 Etot   =    -27556.3170  EKtot   =       565.5067  EPtot      =    -28121.8237
 BOND   =         1.7477  ANGLE   =         1.4847  DIHED      =         3.9798
 1-4 NB =         7.2650  1-4 EEL =       -56.6801  VDWAALS    =      5689.5515
 EELEC  =    -33770.7102  EHBOND  =         0.0000  RESTRAINT  =         1.5379
 EAMBER (non-restraint)  =    -28123.3616
 DV/DL  =        75.2722
 ------------------------------------------------------------------------------

  Softcore part of the system:      41 atoms,       TEMP(K)    =          43.04
 SC_Etot=       170.4470  SC_EKtot=         4.2768  SC_EPtot   =       166.1702
 SC_BOND=         2.0582  SC_ANGLE=         6.6708  SC_DIHED   =        14.1238
 SC_14NB=         4.6374  SC_14EEL=        90.8424  SC_VDW     =        -0.3888
 SC_EEL =        48.2264
 SC_RES_DIST=     0.0000  SC_RES_ANG=       0.0000  SC_RES_TORS=         0.0000
 SC_EEL_DER=     29.3220  SC_VDW_DER=       1.7940  SC_DERIV   =        31.1160
 ------------------------------------------------------------------------------

 NMR restraints: Bond =    0.000   Angle =     0.000   Torsion =     0.000
===============================================================================

| TI region  1


 NSTEP =     4000   TIME(PS) =       8.000  TEMP(K) =    52.87  PRESS =     0.0
 Etot   =    -27170.8909  EKtot   =       770.7754  EPtot      =    -27941.6662
 BOND   =         1.1421  ANGLE   =         1.6612  DIHED      =         4.1749
 1-4 NB =         7.4387  1-4 EEL =       -57.1278  VDWAALS    =      5595.7881
 EELEC  =    -33497.0236  EHBOND  =         0.0000  RESTRAINT  =         2.2800
 EAMBER (non-restraint)  =    -27943.9463
 DV/DL  =        84.7076
 ------------------------------------------------------------------------------

  Softcore part of the system:      42 atoms,       TEMP(K)    =          52.79
 SC_Etot=       101.8480  SC_EKtot=         5.4025  SC_EPtot   =        96.4456
 SC_BOND=         1.8539  SC_ANGLE=        10.0951  SC_DIHED   =        20.0449
 SC_14NB=         3.2349  SC_14EEL=        26.3736  SC_VDW     =         0.4105
 SC_EEL =        34.4327
 SC_RES_DIST=     0.0000  SC_RES_ANG=       0.0000  SC_RES_TORS=         0.0000
 SC_EEL_DER=     27.6879  SC_VDW_DER=       3.1172  SC_DERIV   =        30.8050
 ------------------------------------------------------------------------------


| TI region  2


 NSTEP =     4000   TIME(PS) =       8.000  TEMP(K) =    52.82  PRESS =     0.0
 Etot   =    -27171.7786  EKtot   =       769.8877  EPtot      =    -27941.6662
 BOND   =         1.1421  ANGLE   =         1.6612  DIHED      =         4.1749
 1-4 NB =         7.4387  1-4 EEL =       -57.1278  VDWAALS    =      5595.7881
 EELEC  =    -33497.0236  EHBOND  =         0.0000  RESTRAINT  =         2.2800
 EAMBER (non-restraint)  =    -27943.9463
 DV/DL  =        84.7076
 ------------------------------------------------------------------------------

  Softcore part of the system:      41 atoms,       TEMP(K)    =          45.44
 SC_Etot=       171.8741  SC_EKtot=         4.5148  SC_EPtot   =       167.3594
 SC_BOND=         2.6347  SC_ANGLE=         7.3102  SC_DIHED   =        15.0313
 SC_14NB=         4.3602  SC_14EEL=        90.7948  SC_VDW     =        -0.7881
 SC_EEL =        48.0162
 SC_RES_DIST=     0.0000  SC_RES_ANG=       0.0000  SC_RES_TORS=         0.0000
 SC_EEL_DER=     27.6879  SC_VDW_DER=       3.1172  SC_DERIV   =        30.8050
 ------------------------------------------------------------------------------

 NMR restraints: Bond =    0.000   Angle =     0.000   Torsion =     0.000
===============================================================================

| TI region  1


 NSTEP =     5000   TIME(PS) =      10.000  TEMP(K) =    68.45  PRESS =     0.0
 Etot   =    -26781.6371  EKtot   =       997.9859  EPtot      =    -27779.6229
 BOND   =         1.4940  ANGLE   =         1.6242  DIHED      =         4.7957
 1-4 NB =         7.4362  1-4 EEL =       -56.6549  VDWAALS    =      5502.6644
 EELEC  =    -33243.7561  EHBOND  =         0.0000  RESTRAINT  =         2.7734
 EAMBER (non-restraint)  =    -27782.3964
 DV/DL  =        80.8346
 ------------------------------------------------------------------------------

  Softcore part of the system:      42 atoms,       TEMP(K)    =          49.84
 SC_Etot=       101.7400  SC_EKtot=         5.1005  SC_EPtot   =        96.6395
 SC_BOND=         2.1962  SC_ANGLE=         9.9315  SC_DIHED   =        20.3449
 SC_14NB=         3.0163  SC_14EEL=        26.2684  SC_VDW     =         0.5011
 SC_EEL =        34.3811
 SC_RES_DIST=     0.0000  SC_RES_ANG=       0.0000  SC_RES_TORS=         0.0000
 SC_EEL_DER=     25.4806  SC_VDW_DER=       3.6381  SC_DERIV   =        29.1187
 ------------------------------------------------------------------------------


| TI region  2


 NSTEP =     5000   TIME(PS) =      10.000  TEMP(K) =    68.47  PRESS =     0.0
 Etot   =    -26781.6053  EKtot   =       998.0177  EPtot      =    -27779.6229
 BOND   =         1.4940  ANGLE   =         1.6242  DIHED      =         4.7957
 1-4 NB =         7.4362  1-4 EEL =       -56.6549  VDWAALS    =      5502.6644
 EELEC  =    -33243.7561  EHBOND  =         0.0000  RESTRAINT  =         2.7734
 EAMBER (non-restraint)  =    -27782.3964
 DV/DL  =        80.8346
 ------------------------------------------------------------------------------

  Softcore part of the system:      41 atoms,       TEMP(K)    =          51.65
 SC_Etot=       172.2933  SC_EKtot=         5.1323  SC_EPtot   =       167.1610
 SC_BOND=         2.7608  SC_ANGLE=         7.1001  SC_DIHED   =        14.2477
 SC_14NB=         4.2414  SC_14EEL=        91.0086  SC_VDW     =        -1.2351
 SC_EEL =        49.0375
 SC_RES_DIST=     0.0000  SC_RES_ANG=       0.0000  SC_RES_TORS=         0.0000
 SC_EEL_DER=     25.4806  SC_VDW_DER=       3.6381  SC_DERIV   =        29.1187
 ------------------------------------------------------------------------------

 NMR restraints: Bond =    0.000   Angle =     0.000   Torsion =     0.000
===============================================================================

| TI region  1


 NSTEP =     6000   TIME(PS) =      12.000  TEMP(K) =    84.54  PRESS =     0.0
 Etot   =    -26378.9130  EKtot   =      1232.5951  EPtot      =    -27611.5081
 BOND   =         2.0173  ANGLE   =         2.5787  DIHED      =         4.4226
 1-4 NB =         7.3608  1-4 EEL =       -56.6245  VDWAALS    =      5369.7608
 EELEC  =    -32946.3347  EHBOND  =         0.0000  RESTRAINT  =         5.3109
 EAMBER (non-restraint)  =    -27616.8189
 DV/DL  =        71.1938
 ------------------------------------------------------------------------------

  Softcore part of the system:      42 atoms,       TEMP(K)    =          85.52
 SC_Etot=       107.8007  SC_EKtot=         8.7525  SC_EPtot   =        99.0482
 SC_BOND=         2.5715  SC_ANGLE=        13.2725  SC_DIHED   =        19.0709
 SC_14NB=         3.0793  SC_14EEL=        25.7980  SC_VDW     =         0.4162
 SC_EEL =        34.8398
 SC_RES_DIST=     0.0000  SC_RES_ANG=       0.0000  SC_RES_TORS=         0.0000
 SC_EEL_DER=     28.3985  SC_VDW_DER=       1.4825  SC_DERIV   =        29.8809
 ------------------------------------------------------------------------------


| TI region  2


 NSTEP =     6000   TIME(PS) =      12.000  TEMP(K) =    84.55  PRESS =     0.0
 Etot   =    -26378.9856  EKtot   =      1232.5225  EPtot      =    -27611.5081
 BOND   =         2.0173  ANGLE   =         2.5787  DIHED      =         4.4226
 1-4 NB =         7.3608  1-4 EEL =       -56.6245  VDWAALS    =      5369.7608
 EELEC  =    -32946.3347  EHBOND  =         0.0000  RESTRAINT  =         5.3109
 EAMBER (non-restraint)  =    -27616.8189
 DV/DL  =        71.1938
 ------------------------------------------------------------------------------

  Softcore part of the system:      41 atoms,       TEMP(K)    =          87.36
 SC_Etot=       179.0720  SC_EKtot=         8.6798  SC_EPtot   =       170.3921
 SC_BOND=         3.4339  SC_ANGLE=         8.3950  SC_DIHED   =        15.4663
 SC_14NB=         4.2295  SC_14EEL=        91.5461  SC_VDW     =        -0.7517
 SC_EEL =        48.0730
 SC_RES_DIST=     0.0000  SC_RES_ANG=       0.0000  SC_RES_TORS=         0.0000
 SC_EEL_DER=     28.3985  SC_VDW_DER=       1.4825  SC_DERIV   =        29.8809
 ------------------------------------------------------------------------------

 NMR restraints: Bond =    0.000   Angle =     0.000   Torsion =     0.000
===============================================================================

| TI region  1


 NSTEP =     7000   TIME(PS) =      14.000  TEMP(K) =    98.25  PRESS =     0.0
 Etot   =    -25953.6717  EKtot   =      1432.5300  EPtot      =    -27386.2017
 BOND   =         1.5878  ANGLE   =         2.5484  DIHED      =         4.7242
 1-4 NB =         7.7267  1-4 EEL =       -56.9948  VDWAALS    =      5303.7276
 EELEC  =    -32655.3033  EHBOND  =         0.0000  RESTRAINT  =         5.7816
 EAMBER (non-restraint)  =    -27391.9833
 DV/DL  =        66.4348
 ------------------------------------------------------------------------------

  Softcore part of the system:      42 atoms,       TEMP(K)    =         113.04
 SC_Etot=       112.1177  SC_EKtot=        11.5689  SC_EPtot   =       100.5488
 SC_BOND=         2.4193  SC_ANGLE=        13.0386  SC_DIHED   =        20.7370
 SC_14NB=         3.1587  SC_14EEL=        25.8260  SC_VDW     =         0.9014
 SC_EEL =        34.4678
 SC_RES_DIST=     0.0000  SC_RES_ANG=       0.0000  SC_RES_TORS=         0.0000
 SC_EEL_DER=     23.8162  SC_VDW_DER=       1.7459  SC_DERIV   =        25.5622
 ------------------------------------------------------------------------------


| TI region  2


 NSTEP =     7000   TIME(PS) =      14.000  TEMP(K) =    98.15  PRESS =     0.0
 Etot   =    -25955.4543  EKtot   =      1430.7474  EPtot      =    -27386.2017
 BOND   =         1.5878  ANGLE   =         2.5484  DIHED      =         4.7242
 1-4 NB =         7.7267  1-4 EEL =       -56.9948  VDWAALS    =      5303.7276
 EELEC  =    -32655.3033  EHBOND  =         0.0000  RESTRAINT  =         5.7816
 EAMBER (non-restraint)  =    -27391.9833
 DV/DL  =        66.4348
 ------------------------------------------------------------------------------

  Softcore part of the system:      41 atoms,       TEMP(K)    =          98.49
 SC_Etot=       180.6274  SC_EKtot=         9.7862  SC_EPtot   =       170.8412
 SC_BOND=         4.2113  SC_ANGLE=        10.3649  SC_DIHED   =        15.6397
 SC_14NB=         3.7848  SC_14EEL=        91.0267  SC_VDW     =        -0.9866
 SC_EEL =        46.8005
 SC_RES_DIST=     0.0000  SC_RES_ANG=       0.0000  SC_RES_TORS=         0.0000
 SC_EEL_DER=     23.8162  SC_VDW_DER=       1.7459  SC_DERIV   =        25.5622
 ------------------------------------------------------------------------------

 NMR restraints: Bond =    0.000   Angle =     0.000   Torsion =     0.000
===============================================================================

| TI region  1


 NSTEP =     8000   TIME(PS) =      16.000  TEMP(K) =   115.26  PRESS =     0.0
 Etot   =    -25513.6733  EKtot   =      1680.4664  EPtot      =    -27194.1398
 BOND   =         2.8941  ANGLE   =         2.5510  DIHED      =         6.2350
 1-4 NB =         7.4370  1-4 EEL =       -57.4105  VDWAALS    =      5165.3069
 EELEC  =    -32325.9596  EHBOND  =         0.0000  RESTRAINT  =         4.8064
 EAMBER (non-restraint)  =    -27198.9462
 DV/DL  =        66.0226
 ------------------------------------------------------------------------------

  Softcore part of the system:      42 atoms,       TEMP(K)    =         144.27
 SC_Etot=       115.1308  SC_EKtot=        14.7645  SC_EPtot   =       100.3663
 SC_BOND=         2.5487  SC_ANGLE=        14.1671  SC_DIHED   =        21.4371
 SC_14NB=         2.6747  SC_14EEL=        25.5513  SC_VDW     =        -0.4520
 SC_EEL =        34.4394
 SC_RES_DIST=     0.0000  SC_RES_ANG=       0.0000  SC_RES_TORS=         0.0000
 SC_EEL_DER=     19.7570  SC_VDW_DER=       1.0809  SC_DERIV   =        20.8379
 ------------------------------------------------------------------------------


| TI region  2


 NSTEP =     8000   TIME(PS) =      16.000  TEMP(K) =   114.88  PRESS =     0.0
 Etot   =    -25519.5712  EKtot   =      1674.5685  EPtot      =    -27194.1398
 BOND   =         2.8941  ANGLE   =         2.5510  DIHED      =         6.2350
 1-4 NB =         7.4370  1-4 EEL =       -57.4105  VDWAALS    =      5165.3069
 EELEC  =    -32325.9596  EHBOND  =         0.0000  RESTRAINT  =         4.8064
 EAMBER (non-restraint)  =    -27198.9462
 DV/DL  =        66.0226
 ------------------------------------------------------------------------------

  Softcore part of the system:      41 atoms,       TEMP(K)    =          89.24
 SC_Etot=       179.5080  SC_EKtot=         8.8666  SC_EPtot   =       170.6414
 SC_BOND=         3.2801  SC_ANGLE=        10.0949  SC_DIHED   =        15.7353
 SC_14NB=         4.6623  SC_14EEL=        89.6326  SC_VDW     =        -0.7115
 SC_EEL =        47.9477
 SC_RES_DIST=     0.0000  SC_RES_ANG=       0.0000  SC_RES_TORS=         0.0000
 SC_EEL_DER=     19.7570  SC_VDW_DER=       1.0809  SC_DERIV   =        20.8379
 ------------------------------------------------------------------------------

 NMR restraints: Bond =    0.000   Angle =     0.000   Torsion =     0.000
===============================================================================

| TI region  1


 NSTEP =     9000   TIME(PS) =      18.000  TEMP(K) =   128.24  PRESS =     0.0
 Etot   =    -25166.4807  EKtot   =      1869.7834  EPtot      =    -27036.2640
 BOND   =         2.8587  ANGLE   =         2.1689  DIHED      =         5.5205
 1-4 NB =         7.5759  1-4 EEL =       -57.3779  VDWAALS    =      5189.5713
 EELEC  =    -32191.2032  EHBOND  =         0.0000  RESTRAINT  =         4.6217
 EAMBER (non-restraint)  =    -27040.8858
 DV/DL  =        68.9543
 ------------------------------------------------------------------------------

  Softcore part of the system:      42 atoms,       TEMP(K)    =         114.44
 SC_Etot=       113.9072  SC_EKtot=        11.7115  SC_EPtot   =       102.1956
 SC_BOND=         3.3483  SC_ANGLE=        17.1051  SC_DIHED   =        18.6916
 SC_14NB=         3.3553  SC_14EEL=        26.3817  SC_VDW     =        -0.1013
 SC_EEL =        33.4150
 SC_RES_DIST=     0.0000  SC_RES_ANG=       0.0000  SC_RES_TORS=         0.0000
 SC_EEL_DER=     28.2751  SC_VDW_DER=       2.1926  SC_DERIV   =        30.4677
 ------------------------------------------------------------------------------


| TI region  2


 NSTEP =     9000   TIME(PS) =      18.000  TEMP(K) =   128.39  PRESS =     0.0
 Etot   =    -25164.7732  EKtot   =      1871.4909  EPtot      =    -27036.2640
 BOND   =         2.8587  ANGLE   =         2.1689  DIHED      =         5.5205
 1-4 NB =         7.5759  1-4 EEL =       -57.3779  VDWAALS    =      5189.5713
 EELEC  =    -32191.2032  EHBOND  =         0.0000  RESTRAINT  =         4.6217
 EAMBER (non-restraint)  =    -27040.8858
 DV/DL  =        68.9543
 ------------------------------------------------------------------------------

  Softcore part of the system:      41 atoms,       TEMP(K)    =         135.06
 SC_Etot=       186.2138  SC_EKtot=        13.4191  SC_EPtot   =       172.7948
 SC_BOND=         1.6614  SC_ANGLE=        12.0159  SC_DIHED   =        13.8962
 SC_14NB=         5.0863  SC_14EEL=        91.7715  SC_VDW     =        -0.3383
 SC_EEL =        48.7017
 SC_RES_DIST=     0.0000  SC_RES_ANG=       0.0000  SC_RES_TORS=         0.0000
 SC_EEL_DER=     28.2751  SC_VDW_DER=       2.1926  SC_DERIV   =        30.4677
 ------------------------------------------------------------------------------

 NMR restraints: Bond =    0.000   Angle =     0.000   Torsion =     0.000
===============================================================================

| TI region  1


 NSTEP =    10000   TIME(PS) =      20.000  TEMP(K) =   142.71  PRESS =     0.0
 Etot   =    -24702.5255  EKtot   =      2080.6644  EPtot      =    -26783.1899
 BOND   =         1.4435  ANGLE   =         3.6558  DIHED      =         5.9274
 1-4 NB =         7.8641  1-4 EEL =       -57.1048  VDWAALS    =      5030.5554
 EELEC  =    -31782.1918  EHBOND  =         0.0000  RESTRAINT  =         6.6604
 EAMBER (non-restraint)  =    -26789.8504
 DV/DL  =        63.0831
 ------------------------------------------------------------------------------

  Softcore part of the system:      42 atoms,       TEMP(K)    =         140.32
 SC_Etot=       120.0325  SC_EKtot=        14.3609  SC_EPtot   =       105.6716
 SC_BOND=         3.9438  SC_ANGLE=        14.9094  SC_DIHED   =        21.5077
 SC_14NB=         3.2419  SC_14EEL=        26.2503  SC_VDW     =         1.1462
 SC_EEL =        34.6723
 SC_RES_DIST=     0.0000  SC_RES_ANG=       0.0000  SC_RES_TORS=         0.0000
 SC_EEL_DER=     22.5670  SC_VDW_DER=       2.4894  SC_DERIV   =        25.0565
 ------------------------------------------------------------------------------


| TI region  2


 NSTEP =    10000   TIME(PS) =      20.000  TEMP(K) =   142.84  PRESS =     0.0
 Etot   =    -24700.9413  EKtot   =      2082.2486  EPtot      =    -26783.1899
 BOND   =         1.4435  ANGLE   =         3.6558  DIHED      =         5.9274
 1-4 NB =         7.8641  1-4 EEL =       -57.1048  VDWAALS    =      5030.5554
 EELEC  =    -31782.1918  EHBOND  =         0.0000  RESTRAINT  =         6.6604
 EAMBER (non-restraint)  =    -26789.8504
 DV/DL  =        63.0831
 ------------------------------------------------------------------------------

  Softcore part of the system:      41 atoms,       TEMP(K)    =         160.48
 SC_Etot=       190.2504  SC_EKtot=        15.9451  SC_EPtot   =       174.3053
 SC_BOND=         2.7198  SC_ANGLE=        13.7271  SC_DIHED   =        14.7396
 SC_14NB=         4.4858  SC_14EEL=        91.4141  SC_VDW     =        -1.0327
 SC_EEL =        48.2516
 SC_RES_DIST=     0.0000  SC_RES_ANG=       0.0000  SC_RES_TORS=         0.0000
 SC_EEL_DER=     22.5670  SC_VDW_DER=       2.4894  SC_DERIV   =        25.0565
 ------------------------------------------------------------------------------

 NMR restraints: Bond =    0.000   Angle =     0.000   Torsion =     0.000
===============================================================================

| TI region  1


 NSTEP =    11000   TIME(PS) =      22.000  TEMP(K) =   156.16  PRESS =     0.0
 Etot   =    -24294.5940  EKtot   =      2276.8584  EPtot      =    -26571.4524
 BOND   =         2.7147  ANGLE   =         2.2775  DIHED      =         5.4380
 1-4 NB =         7.3855  1-4 EEL =       -56.3402  VDWAALS    =      4889.9093
 EELEC  =    -31429.2194  EHBOND  =         0.0000  RESTRAINT  =         6.3822
 EAMBER (non-restraint)  =    -26577.8346
 DV/DL  =        67.0829
 ------------------------------------------------------------------------------

  Softcore part of the system:      42 atoms,       TEMP(K)    =         163.48
 SC_Etot=       122.4865  SC_EKtot=        16.7303  SC_EPtot   =       105.7561
 SC_BOND=         3.8263  SC_ANGLE=        16.6361  SC_DIHED   =        19.4391
 SC_14NB=         3.6089  SC_14EEL=        26.8085  SC_VDW     =         1.6944
 SC_EEL =        33.7428
 SC_RES_DIST=     0.0000  SC_RES_ANG=       0.0000  SC_RES_TORS=         0.0000
 SC_EEL_DER=     23.1506  SC_VDW_DER=       1.9873  SC_DERIV   =        25.1379
 ------------------------------------------------------------------------------


| TI region  2


 NSTEP =    11000   TIME(PS) =      22.000  TEMP(K) =   155.95  PRESS =     0.0
 Etot   =    -24298.1772  EKtot   =      2273.2752  EPtot      =    -26571.4524
 BOND   =         2.7147  ANGLE   =         2.2775  DIHED      =         5.4380
 1-4 NB =         7.3855  1-4 EEL =       -56.3402  VDWAALS    =      4889.9093
 EELEC  =    -31429.2194  EHBOND  =         0.0000  RESTRAINT  =         6.3822
 EAMBER (non-restraint)  =    -26577.8346
 DV/DL  =        67.0829
 ------------------------------------------------------------------------------

  Softcore part of the system:      41 atoms,       TEMP(K)    =         132.32
 SC_Etot=       189.2294  SC_EKtot=        13.1471  SC_EPtot   =       176.0823
 SC_BOND=         3.1440  SC_ANGLE=        14.6910  SC_DIHED   =        15.0516
 SC_14NB=         4.3237  SC_14EEL=        91.2235  SC_VDW     =        -0.5639
 SC_EEL =        48.2123
 SC_RES_DIST=     0.0000  SC_RES_ANG=       0.0000  SC_RES_TORS=         0.0000
 SC_EEL_DER=     23.1506  SC_VDW_DER=       1.9873  SC_DERIV   =        25.1379
 ------------------------------------------------------------------------------

 NMR restraints: Bond =    0.000   Angle =     0.000   Torsion =     0.000
===============================================================================

| TI region  1


 NSTEP =    12000   TIME(PS) =      24.000  TEMP(K) =   175.12  PRESS =     0.0
 Etot   =    -23702.3785  EKtot   =      2553.2217  EPtot      =    -26255.6002
 BOND   =         1.8298  ANGLE   =         3.7944  DIHED      =         6.8172
 1-4 NB =         7.6049  1-4 EEL =       -56.7771  VDWAALS    =      4887.2345
 EELEC  =    -31115.1583  EHBOND  =         0.0000  RESTRAINT  =         9.0543
 EAMBER (non-restraint)  =    -26264.6545
 DV/DL  =        43.4309
 ------------------------------------------------------------------------------

  Softcore part of the system:      42 atoms,       TEMP(K)    =         214.33
 SC_Etot=       123.2596  SC_EKtot=        21.9342  SC_EPtot   =       101.3254
 SC_BOND=         5.1098  SC_ANGLE=        13.6166  SC_DIHED   =        20.6344
 SC_14NB=         2.7435  SC_14EEL=        25.4287  SC_VDW     =        -0.7994
 SC_EEL =        34.5918
 SC_RES_DIST=     0.0000  SC_RES_ANG=       0.0000  SC_RES_TORS=         0.0000
 SC_EEL_DER=     17.6812  SC_VDW_DER=      -0.3201  SC_DERIV   =        17.3611
 ------------------------------------------------------------------------------


| TI region  2


 NSTEP =    12000   TIME(PS) =      24.000  TEMP(K) =   174.75  PRESS =     0.0
 Etot   =    -23708.3115  EKtot   =      2547.2887  EPtot      =    -26255.6002
 BOND   =         1.8298  ANGLE   =         3.7944  DIHED      =         6.8172
 1-4 NB =         7.6049  1-4 EEL =       -56.7771  VDWAALS    =      4887.2345
 EELEC  =    -31115.1583  EHBOND  =         0.0000  RESTRAINT  =         9.0543
 EAMBER (non-restraint)  =    -26264.6545
 DV/DL  =        43.4309
 ------------------------------------------------------------------------------

  Softcore part of the system:      41 atoms,       TEMP(K)    =         161.04
 SC_Etot=       199.7645  SC_EKtot=        16.0011  SC_EPtot   =       183.7634
 SC_BOND=         7.8051  SC_ANGLE=        18.9564  SC_DIHED   =        16.0626
 SC_14NB=         3.8961  SC_14EEL=        89.9355  SC_VDW     =        -0.6991
 SC_EEL =        47.8068
 SC_RES_DIST=     0.0000  SC_RES_ANG=       0.0000  SC_RES_TORS=         0.0000
 SC_EEL_DER=     17.6812  SC_VDW_DER=      -0.3201  SC_DERIV   =        17.3611
 ------------------------------------------------------------------------------

 NMR restraints: Bond =    0.000   Angle =     0.000   Torsion =     0.000
===============================================================================

| TI region  1


 NSTEP =    13000   TIME(PS) =      26.000  TEMP(K) =   185.62  PRESS =     0.0
 Etot   =    -23335.4545  EKtot   =      2706.3083  EPtot      =    -26041.7628
 BOND   =         5.1127  ANGLE   =         4.9644  DIHED      =         5.1541
 1-4 NB =         7.9922  1-4 EEL =       -57.5073  VDWAALS    =      4669.4103
 EELEC  =    -30685.6844  EHBOND  =         0.0000  RESTRAINT  =         8.7953
 EAMBER (non-restraint)  =    -26050.5581
 DV/DL  =        56.4221
 ------------------------------------------------------------------------------

  Softcore part of the system:      42 atoms,       TEMP(K)    =         156.48
 SC_Etot=       124.6462  SC_EKtot=        16.0146  SC_EPtot   =       108.6316
 SC_BOND=         3.0902  SC_ANGLE=        19.8149  SC_DIHED   =        23.1299
 SC_14NB=         3.2043  SC_14EEL=        26.2255  SC_VDW     =        -0.6884
 SC_EEL =        33.8551
 SC_RES_DIST=     0.0000  SC_RES_ANG=       0.0000  SC_RES_TORS=         0.0000
 SC_EEL_DER=     12.9319  SC_VDW_DER=       1.4694  SC_DERIV   =        14.4013
 ------------------------------------------------------------------------------


| TI region  2


 NSTEP =    13000   TIME(PS) =      26.000  TEMP(K) =   185.98  PRESS =     0.0
 Etot   =    -23330.7207  EKtot   =      2711.0421  EPtot      =    -26041.7628
 BOND   =         5.1127  ANGLE   =         4.9644  DIHED      =         5.1541
 1-4 NB =         7.9922  1-4 EEL =       -57.5073  VDWAALS    =      4669.4103
 EELEC  =    -30685.6844  EHBOND  =         0.0000  RESTRAINT  =         8.7953
 EAMBER (non-restraint)  =    -26050.5581
 DV/DL  =        56.4221
 ------------------------------------------------------------------------------

  Softcore part of the system:      41 atoms,       TEMP(K)    =         208.82
 SC_Etot=       198.5130  SC_EKtot=        20.7484  SC_EPtot   =       177.7646
 SC_BOND=         4.2139  SC_ANGLE=        11.8624  SC_DIHED   =        15.8809
 SC_14NB=         5.0464  SC_14EEL=        92.2470  SC_VDW     =         0.1496
 SC_EEL =        48.3644
 SC_RES_DIST=     0.0000  SC_RES_ANG=       0.0000  SC_RES_TORS=         0.0000
 SC_EEL_DER=     12.9319  SC_VDW_DER=       1.4694  SC_DERIV   =        14.4013
 ------------------------------------------------------------------------------

 NMR restraints: Bond =    0.000   Angle =     0.000   Torsion =     0.000
===============================================================================

| TI region  1


 NSTEP =    14000   TIME(PS) =      28.000  TEMP(K) =   203.41  PRESS =     0.0
 Etot   =    -22766.3454  EKtot   =      2965.7425  EPtot      =    -25732.0879
 BOND   =         4.1713  ANGLE   =         4.5182  DIHED      =         5.3908
 1-4 NB =         7.5930  1-4 EEL =       -56.1881  VDWAALS    =      4559.0902
 EELEC  =    -30267.4481  EHBOND  =         0.0000  RESTRAINT  =        10.7849
 EAMBER (non-restraint)  =    -25742.8728
 DV/DL  =        67.2851
 ------------------------------------------------------------------------------

  Softcore part of the system:      42 atoms,       TEMP(K)    =         168.17
 SC_Etot=       127.1004  SC_EKtot=        17.2103  SC_EPtot   =       109.8900
 SC_BOND=         3.5296  SC_ANGLE=        21.1066  SC_DIHED   =        19.7337
 SC_14NB=         3.3805  SC_14EEL=        25.3866  SC_VDW     =         1.8741
 SC_EEL =        34.8789
 SC_RES_DIST=     0.0000  SC_RES_ANG=       0.0000  SC_RES_TORS=         0.0000
 SC_EEL_DER=     32.5979  SC_VDW_DER=      -3.1360  SC_DERIV   =        29.4619
 ------------------------------------------------------------------------------


| TI region  2


 NSTEP =    14000   TIME(PS) =      28.000  TEMP(K) =   203.68  PRESS =     0.0
 Etot   =    -22763.1061  EKtot   =      2968.9818  EPtot      =    -25732.0879
 BOND   =         4.1713  ANGLE   =         4.5182  DIHED      =         5.3908
 1-4 NB =         7.5930  1-4 EEL =       -56.1881  VDWAALS    =      4559.0902
 EELEC  =    -30267.4481  EHBOND  =         0.0000  RESTRAINT  =        10.7849
 EAMBER (non-restraint)  =    -25742.8728
 DV/DL  =        67.2851
 ------------------------------------------------------------------------------

  Softcore part of the system:      41 atoms,       TEMP(K)    =         205.81
 SC_Etot=       202.1592  SC_EKtot=        20.4496  SC_EPtot   =       181.7096
 SC_BOND=         5.6967  SC_ANGLE=        15.6338  SC_DIHED   =        16.1598
 SC_14NB=         4.6112  SC_14EEL=        91.5928  SC_VDW     =        -0.5544
 SC_EEL =        48.5699
 SC_RES_DIST=     0.0000  SC_RES_ANG=       0.0000  SC_RES_TORS=         0.0000
 SC_EEL_DER=     32.5979  SC_VDW_DER=      -3.1360  SC_DERIV   =        29.4619
 ------------------------------------------------------------------------------

 NMR restraints: Bond =    0.000   Angle =     0.000   Torsion =     0.000
===============================================================================

| TI region  1


 NSTEP =    15000   TIME(PS) =      30.000  TEMP(K) =   214.78  PRESS =     0.0
 Etot   =    -22288.2307  EKtot   =      3131.5460  EPtot      =    -25419.7767
 BOND   =         5.4653  ANGLE   =         3.0037  DIHED      =         7.9146
 1-4 NB =         7.6101  1-4 EEL =       -56.9214  VDWAALS    =      4510.0195
 EELEC  =    -29905.3614  EHBOND  =         0.0000  RESTRAINT  =         8.4929
 EAMBER (non-restraint)  =    -25428.2696
 DV/DL  =        90.4613
 ------------------------------------------------------------------------------

  Softcore part of the system:      42 atoms,       TEMP(K)    =         218.97
 SC_Etot=       137.3180  SC_EKtot=        22.4095  SC_EPtot   =       114.9084
 SC_BOND=         7.8654  SC_ANGLE=        19.2198  SC_DIHED   =        25.2506
 SC_14NB=         2.9445  SC_14EEL=        27.5675  SC_VDW     =        -1.0066
 SC_EEL =        33.0671
 SC_RES_DIST=     0.0000  SC_RES_ANG=       0.0000  SC_RES_TORS=         0.0000
 SC_EEL_DER=     34.6184  SC_VDW_DER=       1.3958  SC_DERIV   =        36.0142
 ------------------------------------------------------------------------------


| TI region  2


 NSTEP =    15000   TIME(PS) =      30.000  TEMP(K) =   214.57  PRESS =     0.0
 Etot   =    -22291.9340  EKtot   =      3127.8427  EPtot      =    -25419.7767
 BOND   =         5.4653  ANGLE   =         3.0037  DIHED      =         7.9146
 1-4 NB =         7.6101  1-4 EEL =       -56.9214  VDWAALS    =      4510.0195
 EELEC  =    -29905.3614  EHBOND  =         0.0000  RESTRAINT  =         8.4929
 EAMBER (non-restraint)  =    -25428.2696
 DV/DL  =        90.4613
 ------------------------------------------------------------------------------

  Softcore part of the system:      41 atoms,       TEMP(K)    =         188.27
 SC_Etot=       201.4773  SC_EKtot=        18.7062  SC_EPtot   =       182.7711
 SC_BOND=         5.2981  SC_ANGLE=        16.8499  SC_DIHED   =        15.1188
 SC_14NB=         5.1917  SC_14EEL=        91.6337  SC_VDW     =        -0.1355
 SC_EEL =        48.8144
 SC_RES_DIST=     0.0000  SC_RES_ANG=       0.0000  SC_RES_TORS=         0.0000
 SC_EEL_DER=     34.6184  SC_VDW_DER=       1.3958  SC_DERIV   =        36.0142
 ------------------------------------------------------------------------------

 NMR restraints: Bond =    0.000   Angle =     0.000   Torsion =     0.000
===============================================================================

| TI region  1


 NSTEP =    16000   TIME(PS) =      32.000  TEMP(K) =   230.64  PRESS =     0.0
 Etot   =    -21747.9081  EKtot   =      3362.7944  EPtot      =    -25110.7025
 BOND   =         4.4053  ANGLE   =         4.8229  DIHED      =         5.6473
 1-4 NB =         7.7692  1-4 EEL =       -57.3336  VDWAALS    =      4307.1607
 EELEC  =    -29391.8811  EHBOND  =         0.0000  RESTRAINT  =         8.7068
 EAMBER (non-restraint)  =    -25119.4093
 DV/DL  =        58.4387
 ------------------------------------------------------------------------------

  Softcore part of the system:      42 atoms,       TEMP(K)    =         254.57
 SC_Etot=       140.6220  SC_EKtot=        26.0527  SC_EPtot   =       114.5694
 SC_BOND=         5.0100  SC_ANGLE=        22.0005  SC_DIHED   =        22.8915
 SC_14NB=         3.1787  SC_14EEL=        26.8367  SC_VDW     =        -0.0180
 SC_EEL =        34.6699
 SC_RES_DIST=     0.0000  SC_RES_ANG=       0.0000  SC_RES_TORS=         0.0000
 SC_EEL_DER=     22.2679  SC_VDW_DER=      -0.1984  SC_DERIV   =        22.0695
 ------------------------------------------------------------------------------


| TI region  2


 NSTEP =    16000   TIME(PS) =      32.000  TEMP(K) =   230.23  PRESS =     0.0
 Etot   =    -21754.6131  EKtot   =      3356.0894  EPtot      =    -25110.7025
 BOND   =         4.4053  ANGLE   =         4.8229  DIHED      =         5.6473
 1-4 NB =         7.7692  1-4 EEL =       -57.3336  VDWAALS    =      4307.1607
 EELEC  =    -29391.8811  EHBOND  =         0.0000  RESTRAINT  =         8.7068
 EAMBER (non-restraint)  =    -25119.4093
 DV/DL  =        58.4387
 ------------------------------------------------------------------------------

  Softcore part of the system:      41 atoms,       TEMP(K)    =         194.72
 SC_Etot=       200.0915  SC_EKtot=        19.3477  SC_EPtot   =       180.7438
 SC_BOND=         8.0776  SC_ANGLE=        15.2878  SC_DIHED   =        16.1738
 SC_14NB=         3.5235  SC_14EEL=        90.5797  SC_VDW     =        -0.7098
 SC_EEL =        47.8112
 SC_RES_DIST=     0.0000  SC_RES_ANG=       0.0000  SC_RES_TORS=         0.0000
 SC_EEL_DER=     22.2679  SC_VDW_DER=      -0.1984  SC_DERIV   =        22.0695
 ------------------------------------------------------------------------------

 NMR restraints: Bond =    0.000   Angle =     0.000   Torsion =     0.000
===============================================================================

| TI region  1


 NSTEP =    17000   TIME(PS) =      34.000  TEMP(K) =   245.57  PRESS =     0.0
 Etot   =    -20973.4211  EKtot   =      3580.3482  EPtot      =    -24553.7693
 BOND   =         2.7573  ANGLE   =         3.9374  DIHED      =         5.4912
 1-4 NB =         7.9927  1-4 EEL =       -57.4139  VDWAALS    =      4010.0923
 EELEC  =    -28536.6682  EHBOND  =         0.0000  RESTRAINT  =        10.0418
 EAMBER (non-restraint)  =    -24563.8111
 DV/DL  =        82.3729
 ------------------------------------------------------------------------------

  Softcore part of the system:      42 atoms,       TEMP(K)    =         259.12
 SC_Etot=       141.6456  SC_EKtot=        26.5185  SC_EPtot   =       115.1270
 SC_BOND=         3.8690  SC_ANGLE=        26.7792  SC_DIHED   =        22.9790
 SC_14NB=         2.9285  SC_14EEL=        26.4320  SC_VDW     =        -1.1083
 SC_EEL =        33.2476
 SC_RES_DIST=     0.0000  SC_RES_ANG=       0.0000  SC_RES_TORS=         0.0000
 SC_EEL_DER=     47.4057  SC_VDW_DER=      -0.0572  SC_DERIV   =        47.3485
 ------------------------------------------------------------------------------


| TI region  2


 NSTEP =    17000   TIME(PS) =      34.000  TEMP(K) =   245.73  PRESS =     0.0
 Etot   =    -20971.8020  EKtot   =      3581.9673  EPtot      =    -24553.7693
 BOND   =         2.7573  ANGLE   =         3.9374  DIHED      =         5.4912
 1-4 NB =         7.9927  1-4 EEL =       -57.4139  VDWAALS    =      4010.0923
 EELEC  =    -28536.6682  EHBOND  =         0.0000  RESTRAINT  =        10.0418
 EAMBER (non-restraint)  =    -24563.8111
 DV/DL  =        82.3729
 ------------------------------------------------------------------------------

  Softcore part of the system:      41 atoms,       TEMP(K)    =         283.19
 SC_Etot=       214.7046  SC_EKtot=        28.1377  SC_EPtot   =       186.5670
 SC_BOND=         9.5133  SC_ANGLE=        18.4639  SC_DIHED   =        16.8004
 SC_14NB=         3.7006  SC_14EEL=        90.8149  SC_VDW     =        -0.9515
 SC_EEL =        48.2254
 SC_RES_DIST=     0.0000  SC_RES_ANG=       0.0000  SC_RES_TORS=         0.0000
 SC_EEL_DER=     47.4057  SC_VDW_DER=      -0.0572  SC_DERIV   =        47.3485
 ------------------------------------------------------------------------------

 NMR restraints: Bond =    0.000   Angle =     0.000   Torsion =     0.000
===============================================================================

| TI region  1


 NSTEP =    18000   TIME(PS) =      36.000  TEMP(K) =   256.18  PRESS =     0.0
 Etot   =    -20296.0029  EKtot   =      3735.1777  EPtot      =    -24031.1806
 BOND   =         4.0178  ANGLE   =         3.4353  DIHED      =         5.0055
 1-4 NB =         7.7207  1-4 EEL =       -57.0816  VDWAALS    =      3994.4151
 EELEC  =    -27999.1577  EHBOND  =         0.0000  RESTRAINT  =        10.4644
 EAMBER (non-restraint)  =    -24041.6450
 DV/DL  =        57.4886
 ------------------------------------------------------------------------------

  Softcore part of the system:      42 atoms,       TEMP(K)    =         268.72
 SC_Etot=       148.5833  SC_EKtot=        27.5012  SC_EPtot   =       121.0821
 SC_BOND=         4.5271  SC_ANGLE=        24.6522  SC_DIHED   =        25.1473
 SC_14NB=         4.3061  SC_14EEL=        27.0079  SC_VDW     =         1.3680
 SC_EEL =        34.0734
 SC_RES_DIST=     0.0000  SC_RES_ANG=       0.0000  SC_RES_TORS=         0.0000
 SC_EEL_DER=     30.6981  SC_VDW_DER=      -5.3721  SC_DERIV   =        25.3260
 ------------------------------------------------------------------------------


| TI region  2


 NSTEP =    18000   TIME(PS) =      36.000  TEMP(K) =   256.20  PRESS =     0.0
 Etot   =    -20296.5337  EKtot   =      3734.6470  EPtot      =    -24031.1806
 BOND   =         4.0178  ANGLE   =         3.4353  DIHED      =         5.0055
 1-4 NB =         7.7207  1-4 EEL =       -57.0816  VDWAALS    =      3994.4151
 EELEC  =    -27999.1577  EHBOND  =         0.0000  RESTRAINT  =        10.4644
 EAMBER (non-restraint)  =    -24041.6450
 DV/DL  =        57.4886
 ------------------------------------------------------------------------------

  Softcore part of the system:      41 atoms,       TEMP(K)    =         271.44
 SC_Etot=       208.0886  SC_EKtot=        26.9704  SC_EPtot   =       181.1182
 SC_BOND=         5.2913  SC_ANGLE=        17.5664  SC_DIHED   =        15.4319
 SC_14NB=         4.5514  SC_14EEL=        90.4817  SC_VDW     =        -0.3765
 SC_EEL =        48.1721
 SC_RES_DIST=     0.0000  SC_RES_ANG=       0.0000  SC_RES_TORS=         0.0000
 SC_EEL_DER=     30.6981  SC_VDW_DER=      -5.3721  SC_DERIV   =        25.3260
 ------------------------------------------------------------------------------

 NMR restraints: Bond =    0.000   Angle =     0.000   Torsion =     0.000
===============================================================================

| TI region  1


 NSTEP =    19000   TIME(PS) =      38.000  TEMP(K) =   270.34  PRESS =     0.0
 Etot   =    -19636.9628  EKtot   =      3941.5414  EPtot      =    -23578.5042
 BOND   =         5.0789  ANGLE   =         2.2688  DIHED      =         6.5702
 1-4 NB =         6.9233  1-4 EEL =       -56.9869  VDWAALS    =      3604.3947
 EELEC  =    -27157.0712  EHBOND  =         0.0000  RESTRAINT  =        10.3179
 EAMBER (non-restraint)  =    -23588.8221
 DV/DL  =         9.0795
 ------------------------------------------------------------------------------

  Softcore part of the system:      42 atoms,       TEMP(K)    =         263.75
 SC_Etot=       142.4255  SC_EKtot=        26.9925  SC_EPtot   =       115.4330
 SC_BOND=         5.8997  SC_ANGLE=        20.6701  SC_DIHED   =        25.1731
 SC_14NB=         2.8853  SC_14EEL=        27.7051  SC_VDW     =         0.3139
 SC_EEL =        32.7858
 SC_RES_DIST=     0.0000  SC_RES_ANG=       0.0000  SC_RES_TORS=         0.0000
 SC_EEL_DER=     11.5339  SC_VDW_DER=      -3.8481  SC_DERIV   =         7.6858
 ------------------------------------------------------------------------------


| TI region  2


 NSTEP =    19000   TIME(PS) =      38.000  TEMP(K) =   270.39  PRESS =     0.0
 Etot   =    -19637.0000  EKtot   =      3941.5042  EPtot      =    -23578.5042
 BOND   =         5.0789  ANGLE   =         2.2688  DIHED      =         6.5702
 1-4 NB =         6.9233  1-4 EEL =       -56.9869  VDWAALS    =      3604.3947
 EELEC  =    -27157.0712  EHBOND  =         0.0000  RESTRAINT  =        10.3179
 EAMBER (non-restraint)  =    -23588.8221
 DV/DL  =         9.0795
 ------------------------------------------------------------------------------

  Softcore part of the system:      41 atoms,       TEMP(K)    =         271.29
 SC_Etot=       218.4165  SC_EKtot=        26.9553  SC_EPtot   =       191.4612
 SC_BOND=        10.0387  SC_ANGLE=        18.8051  SC_DIHED   =        17.1419
 SC_14NB=         5.1334  SC_14EEL=        91.1749  SC_VDW     =         0.6170
 SC_EEL =        48.5502
 SC_RES_DIST=     0.0000  SC_RES_ANG=       0.0000  SC_RES_TORS=         0.0000
 SC_EEL_DER=     11.5339  SC_VDW_DER=      -3.8481  SC_DERIV   =         7.6858
 ------------------------------------------------------------------------------

 NMR restraints: Bond =    0.000   Angle =     0.000   Torsion =     0.000
===============================================================================

| TI region  1


 NSTEP =    20000   TIME(PS) =      40.000  TEMP(K) =   294.07  PRESS =     0.0
 Etot   =    -18809.9916  EKtot   =      4287.6027  EPtot      =    -23097.5944
 BOND   =         6.8060  ANGLE   =         2.7105  DIHED      =         7.3455
 1-4 NB =         7.2248  1-4 EEL =       -56.3806  VDWAALS    =      3450.7608
 EELEC  =    -26528.6976  EHBOND  =         0.0000  RESTRAINT  =        12.6361
 EAMBER (non-restraint)  =    -23110.2305
 DV/DL  =        43.3543
 ------------------------------------------------------------------------------

  Softcore part of the system:      42 atoms,       TEMP(K)    =         388.05
 SC_Etot=       163.5427  SC_EKtot=        39.7134  SC_EPtot   =       123.8293
 SC_BOND=         6.9213  SC_ANGLE=        33.0246  SC_DIHED   =        22.3349
 SC_14NB=         3.0401  SC_14EEL=        26.4380  SC_VDW     =        -0.8615
 SC_EEL =        32.9320
 SC_RES_DIST=     0.0000  SC_RES_ANG=       0.0000  SC_RES_TORS=         0.0000
 SC_EEL_DER=     18.2933  SC_VDW_DER=      -1.8193  SC_DERIV   =        16.4739
 ------------------------------------------------------------------------------


| TI region  2


 NSTEP =    20000   TIME(PS) =      40.000  TEMP(K) =   293.42  PRESS =     0.0
 Etot   =    -18820.3846  EKtot   =      4277.2097  EPtot      =    -23097.5944
 BOND   =         6.8060  ANGLE   =         2.7105  DIHED      =         7.3455
 1-4 NB =         7.2248  1-4 EEL =       -56.3806  VDWAALS    =      3450.7608
 EELEC  =    -26528.6976  EHBOND  =         0.0000  RESTRAINT  =        12.6361
 EAMBER (non-restraint)  =    -23110.2305
 DV/DL  =        43.3543
 ------------------------------------------------------------------------------

  Softcore part of the system:      41 atoms,       TEMP(K)    =         295.09
 SC_Etot=       221.2815  SC_EKtot=        29.3204  SC_EPtot   =       191.9611
 SC_BOND=         7.7112  SC_ANGLE=        17.8065  SC_DIHED   =        20.1640
 SC_14NB=         4.7761  SC_14EEL=        91.5002  SC_VDW     =         1.0037
 SC_EEL =        48.9995
 SC_RES_DIST=     0.0000  SC_RES_ANG=       0.0000  SC_RES_TORS=         0.0000
 SC_EEL_DER=     18.2933  SC_VDW_DER=      -1.8193  SC_DERIV   =        16.4739
 ------------------------------------------------------------------------------

 NMR restraints: Bond =    0.000   Angle =     0.000   Torsion =     0.000
===============================================================================

| TI region  1


 NSTEP =    21000   TIME(PS) =      42.000  TEMP(K) =   292.87  PRESS =     0.0
 Etot   =    -18448.5380  EKtot   =      4270.0008  EPtot      =    -22718.5388
 BOND   =         5.0837  ANGLE   =         5.8603  DIHED      =         6.0461
 1-4 NB =         7.3046  1-4 EEL =       -56.9259  VDWAALS    =      3465.1538
 EELEC  =    -26167.6798  EHBOND  =         0.0000  RESTRAINT  =        16.6184
 EAMBER (non-restraint)  =    -22735.1572
 DV/DL  =         7.0333
 ------------------------------------------------------------------------------

  Softcore part of the system:      42 atoms,       TEMP(K)    =         253.74
 SC_Etot=       148.4522  SC_EKtot=        25.9681  SC_EPtot   =       122.4841
 SC_BOND=         8.5689  SC_ANGLE=        24.2078  SC_DIHED   =        26.2050
 SC_14NB=         2.8130  SC_14EEL=        26.8320  SC_VDW     =         0.1976
 SC_EEL =        33.6596
 SC_RES_DIST=     0.0000  SC_RES_ANG=       0.0000  SC_RES_TORS=         0.0000
 SC_EEL_DER=     13.4320  SC_VDW_DER=      -7.3811  SC_DERIV   =         6.0509
 ------------------------------------------------------------------------------


| TI region  2


 NSTEP =    21000   TIME(PS) =      42.000  TEMP(K) =   292.73  PRESS =     0.0
 Etot   =    -18451.4289  EKtot   =      4267.1099  EPtot      =    -22718.5388
 BOND   =         5.0837  ANGLE   =         5.8603  DIHED      =         6.0461
 1-4 NB =         7.3046  1-4 EEL =       -56.9259  VDWAALS    =      3465.1538
 EELEC  =    -26167.6798  EHBOND  =         0.0000  RESTRAINT  =        16.6184
 EAMBER (non-restraint)  =    -22735.1572
 DV/DL  =         7.0333
 ------------------------------------------------------------------------------

  Softcore part of the system:      41 atoms,       TEMP(K)    =         232.26
 SC_Etot=       215.2500  SC_EKtot=        23.0772  SC_EPtot   =       192.1728
 SC_BOND=         9.2934  SC_ANGLE=        19.6226  SC_DIHED   =        16.9571
 SC_14NB=         5.3562  SC_14EEL=        91.9402  SC_VDW     =         0.9001
 SC_EEL =        48.1031
 SC_RES_DIST=     0.0000  SC_RES_ANG=       0.0000  SC_RES_TORS=         0.0000
 SC_EEL_DER=     13.4320  SC_VDW_DER=      -7.3811  SC_DERIV   =         6.0509
 ------------------------------------------------------------------------------

 NMR restraints: Bond =    0.000   Angle =     0.000   Torsion =     0.000
===============================================================================

| TI region  1


 NSTEP =    22000   TIME(PS) =      44.000  TEMP(K) =   303.86  PRESS =     0.0
 Etot   =    -18333.5858  EKtot   =      4430.3154  EPtot      =    -22763.9012
 BOND   =         3.0998  ANGLE   =         4.6663  DIHED      =         5.8676
 1-4 NB =         8.5025  1-4 EEL =       -57.4208  VDWAALS    =      3436.0312
 EELEC  =    -26177.5694  EHBOND  =         0.0000  RESTRAINT  =        12.9215
 EAMBER (non-restraint)  =    -22776.8227
 DV/DL  =        35.9085
 ------------------------------------------------------------------------------

  Softcore part of the system:      42 atoms,       TEMP(K)    =         244.24
 SC_Etot=       152.6552  SC_EKtot=        24.9955  SC_EPtot   =       127.6597
 SC_BOND=         6.9237  SC_ANGLE=        33.0809  SC_DIHED   =        23.1049
 SC_14NB=         3.0316  SC_14EEL=        24.8143  SC_VDW     =         1.8192
 SC_EEL =        34.8852
 SC_RES_DIST=     0.0000  SC_RES_ANG=       0.0000  SC_RES_TORS=         0.0000
 SC_EEL_DER=     22.6998  SC_VDW_DER=      -0.6957  SC_DERIV   =        22.0041
 ------------------------------------------------------------------------------


| TI region  2


 NSTEP =    22000   TIME(PS) =      44.000  TEMP(K) =   304.57  PRESS =     0.0
 Etot   =    -18324.1768  EKtot   =      4439.7244  EPtot      =    -22763.9012
 BOND   =         3.0998  ANGLE   =         4.6663  DIHED      =         5.8676
 1-4 NB =         8.5025  1-4 EEL =       -57.4208  VDWAALS    =      3436.0312
 EELEC  =    -26177.5694  EHBOND  =         0.0000  RESTRAINT  =        12.9215
 EAMBER (non-restraint)  =    -22776.8227
 DV/DL  =        35.9085
 ------------------------------------------------------------------------------

  Softcore part of the system:      41 atoms,       TEMP(K)    =         346.26
 SC_Etot=       223.8158  SC_EKtot=        34.4044  SC_EPtot   =       189.4114
 SC_BOND=         7.3579  SC_ANGLE=        18.7982  SC_DIHED   =        18.0985
 SC_14NB=         5.3045  SC_14EEL=        92.3436  SC_VDW     =         0.0159
 SC_EEL =        47.4928
 SC_RES_DIST=     0.0000  SC_RES_ANG=       0.0000  SC_RES_TORS=         0.0000
 SC_EEL_DER=     22.6998  SC_VDW_DER=      -0.6957  SC_DERIV   =        22.0041
 ------------------------------------------------------------------------------

 NMR restraints: Bond =    0.000   Angle =     0.000   Torsion =     0.000
===============================================================================

| TI region  1


 NSTEP =    23000   TIME(PS) =      46.000  TEMP(K) =   303.91  PRESS =     0.0
 Etot   =    -18184.0184  EKtot   =      4431.0721  EPtot      =    -22615.0905
 BOND   =         4.7427  ANGLE   =         3.9085  DIHED      =         4.3975
 1-4 NB =         7.8692  1-4 EEL =       -56.9397  VDWAALS    =      3224.0093
 EELEC  =    -25813.8310  EHBOND  =         0.0000  RESTRAINT  =        10.7530
 EAMBER (non-restraint)  =    -22625.8436
 DV/DL  =        60.5360
 ------------------------------------------------------------------------------

  Softcore part of the system:      42 atoms,       TEMP(K)    =         364.20
 SC_Etot=       153.9108  SC_EKtot=        37.2721  SC_EPtot   =       116.6386
 SC_BOND=         3.9023  SC_ANGLE=        24.9073  SC_DIHED   =        21.9586
 SC_14NB=         3.9102  SC_14EEL=        27.1282  SC_VDW     =         0.1819
 SC_EEL =        34.6502
 SC_RES_DIST=     0.0000  SC_RES_ANG=       0.0000  SC_RES_TORS=         0.0000
 SC_EEL_DER=     24.8035  SC_VDW_DER=      -3.2095  SC_DERIV   =        21.5939
 ------------------------------------------------------------------------------


| TI region  2


 NSTEP =    23000   TIME(PS) =      46.000  TEMP(K) =   303.52  PRESS =     0.0
 Etot   =    -18190.6740  EKtot   =      4424.4165  EPtot      =    -22615.0905
 BOND   =         4.7427  ANGLE   =         3.9085  DIHED      =         4.3975
 1-4 NB =         7.8692  1-4 EEL =       -56.9397  VDWAALS    =      3224.0093
 EELEC  =    -25813.8310  EHBOND  =         0.0000  RESTRAINT  =        10.7530
 EAMBER (non-restraint)  =    -22625.8436
 DV/DL  =        60.5360
 ------------------------------------------------------------------------------

  Softcore part of the system:      41 atoms,       TEMP(K)    =         308.14
 SC_Etot=       221.6763  SC_EKtot=        30.6165  SC_EPtot   =       191.0598
 SC_BOND=         5.8173  SC_ANGLE=        20.1701  SC_DIHED   =        20.3765
 SC_14NB=         4.8961  SC_14EEL=        91.8754  SC_VDW     =        -0.5875
 SC_EEL =        48.5119
 SC_RES_DIST=     0.0000  SC_RES_ANG=       0.0000  SC_RES_TORS=         0.0000
 SC_EEL_DER=     24.8035  SC_VDW_DER=      -3.2095  SC_DERIV   =        21.5939
 ------------------------------------------------------------------------------

 NMR restraints: Bond =    0.000   Angle =     0.000   Torsion =     0.000
===============================================================================

| TI region  1


 NSTEP =    24000   TIME(PS) =      48.000  TEMP(K) =   302.54  PRESS =     0.0
 Etot   =    -18265.4978  EKtot   =      4411.1025  EPtot      =    -22676.6003
 BOND   =         5.0276  ANGLE   =         4.8368  DIHED      =         9.1000
 1-4 NB =         7.0562  1-4 EEL =       -56.7042  VDWAALS    =      3452.7843
 EELEC  =    -26111.5323  EHBOND  =         0.0000  RESTRAINT  =        12.8313
 EAMBER (non-restraint)  =    -22689.4316
 DV/DL  =        32.9959
 ------------------------------------------------------------------------------

  Softcore part of the system:      42 atoms,       TEMP(K)    =         304.29
 SC_Etot=       151.1673  SC_EKtot=        31.1413  SC_EPtot   =       120.0259
 SC_BOND=         5.1242  SC_ANGLE=        30.2865  SC_DIHED   =        20.6675
 SC_14NB=         4.4058  SC_14EEL=        24.5056  SC_VDW     =        -0.3177
 SC_EEL =        35.3540
 SC_RES_DIST=     0.0000  SC_RES_ANG=       0.0000  SC_RES_TORS=         0.0000
 SC_EEL_DER=     18.3751  SC_VDW_DER=      -1.4241  SC_DERIV   =        16.9510
 ------------------------------------------------------------------------------


| TI region  2


 NSTEP =    24000   TIME(PS) =      48.000  TEMP(K) =   302.68  PRESS =     0.0
 Etot   =    -18264.4844  EKtot   =      4412.1159  EPtot      =    -22676.6003
 BOND   =         5.0276  ANGLE   =         4.8368  DIHED      =         9.1000
 1-4 NB =         7.0562  1-4 EEL =       -56.7042  VDWAALS    =      3452.7843
 EELEC  =    -26111.5323  EHBOND  =         0.0000  RESTRAINT  =        12.8313
 EAMBER (non-restraint)  =    -22689.4316
 DV/DL  =        32.9959
 ------------------------------------------------------------------------------

  Softcore part of the system:      41 atoms,       TEMP(K)    =         323.62
 SC_Etot=       215.9569  SC_EKtot=        32.1547  SC_EPtot   =       183.8022
 SC_BOND=         7.2928  SC_ANGLE=        17.0327  SC_DIHED   =        15.1147
 SC_14NB=         4.8556  SC_14EEL=        91.4522  SC_VDW     =        -0.1416
 SC_EEL =        48.1957
 SC_RES_DIST=     0.0000  SC_RES_ANG=       0.0000  SC_RES_TORS=         0.0000
 SC_EEL_DER=     18.3751  SC_VDW_DER=      -1.4241  SC_DERIV   =        16.9510
 ------------------------------------------------------------------------------

 NMR restraints: Bond =    0.000   Angle =     0.000   Torsion =     0.000
===============================================================================

| TI region  1


 NSTEP =    25000   TIME(PS) =      50.000  TEMP(K) =   297.73  PRESS =     0.0
 Etot   =    -18429.4375  EKtot   =      4340.8499  EPtot      =    -22770.2874
 BOND   =         4.5554  ANGLE   =         7.2713  DIHED      =         5.8196
 1-4 NB =         7.1334  1-4 EEL =       -56.7623  VDWAALS    =      3427.6588
 EELEC  =    -26177.5781  EHBOND  =         0.0000  RESTRAINT  =        11.6145
 EAMBER (non-restraint)  =    -22781.9019
 DV/DL  =        59.2866
 ------------------------------------------------------------------------------

  Softcore part of the system:      42 atoms,       TEMP(K)    =         431.70
 SC_Etot=       157.9602  SC_EKtot=        44.1807  SC_EPtot   =       113.7795
 SC_BOND=         6.9750  SC_ANGLE=        19.6817  SC_DIHED   =        25.4493
 SC_14NB=         2.6391  SC_14EEL=        26.0193  SC_VDW     =        -0.4830
 SC_EEL =        33.4982
 SC_RES_DIST=     0.0000  SC_RES_ANG=       0.0000  SC_RES_TORS=         0.0000
 SC_EEL_DER=     14.9371  SC_VDW_DER=       1.5292  SC_DERIV   =        16.4663
 ------------------------------------------------------------------------------


| TI region  2


 NSTEP =    25000   TIME(PS) =      50.000  TEMP(K) =   296.80  PRESS =     0.0
 Etot   =    -18443.7928  EKtot   =      4326.4946  EPtot      =    -22770.2874
 BOND   =         4.5554  ANGLE   =         7.2713  DIHED      =         5.8196
 1-4 NB =         7.1334  1-4 EEL =       -56.7623  VDWAALS    =      3427.6588
 EELEC  =    -26177.5781  EHBOND  =         0.0000  RESTRAINT  =        11.6145
 EAMBER (non-restraint)  =    -22781.9019
 DV/DL  =        59.2866
 ------------------------------------------------------------------------------

  Softcore part of the system:      41 atoms,       TEMP(K)    =         300.18
 SC_Etot=       214.9733  SC_EKtot=        29.8254  SC_EPtot   =       185.1479
 SC_BOND=         8.0571  SC_ANGLE=        13.8672  SC_DIHED   =        16.5724
 SC_14NB=         5.5039  SC_14EEL=        92.2709  SC_VDW     =         0.5572
 SC_EEL =        48.3192
 SC_RES_DIST=     0.0000  SC_RES_ANG=       0.0000  SC_RES_TORS=         0.0000
 SC_EEL_DER=     14.9371  SC_VDW_DER=       1.5292  SC_DERIV   =        16.4663
 ------------------------------------------------------------------------------

 NMR restraints: Bond =    0.000   Angle =     0.000   Torsion =     0.000
===============================================================================

| TI region  1


      A V E R A G E S   O V E R      25 S T E P S


 NSTEP =    25000   TIME(PS) =      50.000  TEMP(K) =   180.43  PRESS =     0.0
 Etot   =    -22977.9219  EKtot   =      2630.7076  EPtot      =    -25608.6295
 BOND   =         3.2826  ANGLE   =         3.3007  DIHED      =         5.6044
 1-4 NB =         7.5433  1-4 EEL =       -56.9416  VDWAALS    =      4569.8744
 EELEC  =    -30149.1482  EHBOND  =         0.0000  RESTRAINT  =         7.8548
 EAMBER (non-restraint)  =    -25616.4843
 DV/DL  =        59.7286
 ------------------------------------------------------------------------------

 NMR restraints: Bond =    0.000   Angle =     0.000   Torsion =     0.000
===============================================================================
  Softcore part of the system:      42 atoms,       TEMP(K)    =         188.86
 SC_Etot=       127.9151  SC_EKtot=        19.3275  SC_EPtot   =       108.5875
 SC_BOND=         4.1419  SC_ANGLE=        18.7939  SC_DIHED   =        21.7831
 SC_14NB=         3.2100  SC_14EEL=        26.2560  SC_VDW     =         0.2581
 SC_EEL =        34.1444
 SC_RES_DIST=     0.0000  SC_RES_ANG=       0.0000  SC_RES_TORS=         0.0000
 SC_EEL_DER=     24.1485  SC_VDW_DER=       0.0488  SC_DERIV   =        24.1973
 ------------------------------------------------------------------------------


      R M S  F L U C T U A T I O N S


 NSTEP =    25000   TIME(PS) =      50.000  TEMP(K) =    95.82  PRESS =     0.0
 Etot   =      3390.2261  EKtot   =      1397.0413  EPtot      =      2010.5333
 BOND   =         1.6473  ANGLE   =         1.5407  DIHED      =         1.2265
 1-4 NB =         0.3359  1-4 EEL =         0.3488  VDWAALS    =       851.1769
 EELEC  =      2852.5003  EHBOND  =         0.0000  RESTRAINT  =         4.1227
 EAMBER (non-restraint)  =      2006.4106
 DV/DL  =        20.6974
 ------------------------------------------------------------------------------

  Softcore part of the system:      42 atoms,       TEMP(K)    =         113.57
 SC_Etot=        20.9616  SC_EKtot=        11.6228  SC_EPtot   =        10.1755
 SC_BOND=         2.0864  SC_ANGLE=         7.1881  SC_DIHED   =         2.2371
 SC_14NB=         0.4355  SC_14EEL=         0.7453  SC_VDW     =         0.8538
 SC_EEL =         0.6716
 SC_RES_DIST=     0.0000  SC_RES_ANG=       0.0000  SC_RES_TORS=         0.0000
 SC_EEL_DER=      7.6982  SC_VDW_DER=       2.7533  SC_DERIV   =         8.6927
 ------------------------------------------------------------------------------


| TI region  2


      A V E R A G E S   O V E R      25 S T E P S


 NSTEP =    25000   TIME(PS) =      50.000  TEMP(K) =   180.36  PRESS =     0.0
 Etot   =    -22979.5141  EKtot   =      2629.1154  EPtot      =    -25608.6295
 BOND   =         3.2826  ANGLE   =         3.3007  DIHED      =         5.6044
 1-4 NB =         7.5433  1-4 EEL =       -56.9416  VDWAALS    =      4569.8744
 EELEC  =    -30149.1482  EHBOND  =         0.0000  RESTRAINT  =         7.8548
 EAMBER (non-restraint)  =    -25616.4843
 DV/DL  =        59.7286
 ------------------------------------------------------------------------------

 NMR restraints: Bond =    0.000   Angle =     0.000   Torsion =     0.000
===============================================================================
  Softcore part of the system:      41 atoms,       TEMP(K)    =         178.50
 SC_Etot=       196.2261  SC_EKtot=        17.7353  SC_EPtot   =       178.4908
 SC_BOND=         5.2169  SC_ANGLE=        13.6720  SC_DIHED   =        15.9409
 SC_14NB=         4.5872  SC_14EEL=        91.2265  SC_VDW     =        -0.3577
 SC_EEL =        48.2050
 SC_RES_DIST=     0.0000  SC_RES_ANG=       0.0000  SC_RES_TORS=         0.0000
 SC_EEL_DER=     24.1485  SC_VDW_DER=       0.0488  SC_DERIV   =        24.1973
 ------------------------------------------------------------------------------


      R M S  F L U C T U A T I O N S


 NSTEP =    25000   TIME(PS) =      50.000  TEMP(K) =    95.77  PRESS =     0.0
 Etot   =      3389.1705  EKtot   =      1396.0280  EPtot      =      2010.5333
 BOND   =         1.6473  ANGLE   =         1.5407  DIHED      =         1.2265
 1-4 NB =         0.3359  1-4 EEL =         0.3488  VDWAALS    =       851.1769
 EELEC  =      2852.5003  EHBOND  =         0.0000  RESTRAINT  =         4.1227
 EAMBER (non-restraint)  =      2006.4106
 DV/DL  =        20.6974
 ------------------------------------------------------------------------------

  Softcore part of the system:      41 atoms,       TEMP(K)    =         102.14
 SC_Etot=        18.9707  SC_EKtot=        10.1481  SC_EPtot   =         9.1977
 SC_BOND=         2.6776  SC_ANGLE=         4.7820  SC_DIHED   =         1.6356
 SC_14NB=         0.5260  SC_14EEL=         0.6753  SC_VDW     =         0.5889
 SC_EEL =         0.4637
 SC_RES_DIST=     0.0000  SC_RES_ANG=       0.0000  SC_RES_TORS=         0.0000
 SC_EEL_DER=      7.6982  SC_VDW_DER=       2.7533  SC_DERIV   =         8.6927
 ------------------------------------------------------------------------------


      DV/DL, AVERAGES OVER      25 STEPS


 NSTEP =    25000   TIME(PS) =      50.000  TEMP(K) =    95.77  PRESS =     0.0
 Etot   =         0.0000  EKtot   =         0.0000  EPtot      =        59.7286
 BOND   =         3.9266  ANGLE   =         0.0443  DIHED      =         0.0000
 1-4 NB =         0.4723  1-4 EEL =        46.8655  VDWAALS    =        47.3403
 EELEC  =       -63.1176  EHBOND  =         0.0000  RESTRAINT  =         0.0000
 DV/DL  =        59.7286
 ------------------------------------------------------------------------------


 NMR restraints on final step:

--------------------------------------------------------------------------------
   5.  TIMINGS
--------------------------------------------------------------------------------

|  NonSetup CPU Time in Major Routines:
|
|     Routine           Sec        %
|     ------------------------------
|     Nonbond           3.12   24.31
|     Bond              0.00    0.00
|     Angle             0.00    0.00
|     Dihedral          0.00    0.00
|     Shake             0.04    0.30
|     RunMD             9.64   75.17
|     Other             0.03    0.22
|     ------------------------------
|     Total            12.83

|  PME Nonbond Pairlist CPU Time:
|
|     Routine              Sec        %
|     ---------------------------------
|     Set Up Cit           0.00    0.00
|     Build List           0.00    0.00
|     ---------------------------------
|     Total                0.00    0.00

|  PME Direct Force CPU Time:
|
|     Routine              Sec        %
|     ---------------------------------
|     NonBonded Calc       0.00    0.00
|     Exclude Masked       0.00    0.00
|     Other                0.02    0.14
|     ---------------------------------
|     Total                0.02    0.14

|  PME Reciprocal Force CPU Time:
|
|     Routine              Sec        %
|     ---------------------------------
|     1D bspline           0.00    0.00
|     Grid Charges         0.00    0.00
|     Scalar Sum           0.00    0.00
|     Gradient Sum         0.00    0.00
|     FFT                  0.00    0.00
|     ---------------------------------
|     Total                0.00    0.00

|  Final Performance Info:
|     -----------------------------------------------------
|     Average timings for last   25000 steps:
|     Elapsed(s) =      12.83 Per Step(ms) =       0.51
|         ns/day =     336.76   seconds/ns =     256.56
|
|     Average timings for all steps:
|     Elapsed(s) =      12.83 Per Step(ms) =       0.51
|         ns/day =     336.76   seconds/ns =     256.56
|     -----------------------------------------------------

|  Setup CPU time:            0.67 seconds
|  NonSetup CPU time:        12.83 seconds
|  Total CPU time:           13.50 seconds     0.00 hours

|  Setup wall time:           0    seconds
|  NonSetup wall time:       13    seconds
|  Total wall time:          13    seconds     0.00 hours
