
          -------------------------------------------------------
          Amber 20 PMEMD                              2020
          -------------------------------------------------------

| PMEMD implementation of SANDER, Release 18

|  Compiled date/time: Thu May 20 07:44:43 2021
| Run on 10/05/2024 at 20:22:49

|   Executable path: pmemd.cuda
| Working directory: /home/muditj/alk2_rbfe/lig_153~lig_104/site/la-0.43738
|          Hostname: Unknown
  [-O]verwriting output

File Assignments:
|   MDIN: 2_nvt/nvt.in                                                          
|  MDOUT: 2_nvt/complex_nvt.out                                                 
| INPCRD: 2_nvt/complex_nvt.inpcrd                                              
|   PARM: ../complex.prmtop                                                     
| RESTRT: 2_nvt/complex_nvt.rst                                                 
|   REFC: 2_nvt/complex_nvt_ref.rst                                             
|  MDVEL: mdvel                                                                 
|   MDEN: mden                                                                  
|  MDCRD: 2_nvt/complex_nvt.nc                                                  
| MDINFO: mdinfo                                                                
|  MDFRC: mdfrc                                                                 


 Here is the input file:

nvt run                                                                        
 &cntrl                                                                        
  ig = -1,                                                                     
  imin = 0,                                                                    
  nstlim = 25000,                                                              
  dt = 0.002,                                                                  
  irest = 0,                                                                   
  ntx = 1,                                                                     
  ntxo = 2,                                                                    
  ioutfm = 1,                                                                  
  ntb = 1,                                                                     
  ntt = 3,                                                                     
  gamma_ln = 1.0,                                                              
  tempi = 0.1,                                                                 
  temp0 = 300,                                                                 
  ntr = 1,                                                                     
  ntc = 2,                                                                     
  ntf = 1,                                                                     
  ntpr = 1000,                                                                 
  ntwx = 0,                                                                    
  ntwr = 1000,                                                                 
  nmropt = 1,                                                                  
  cut = 10,                                                                    
  restraintmask=':309|!(:WAT|@H=|:Na+|:Cl-)',                                  
  restraint_wt=20.0,                                                           
                                                                               
  icfe = 1, ifsc = 1, clambda = 0.43738, gti_lam_sch = 1, scalpha = 0.2, scbeta
  timask1 = ':1', timask2 = ':2',                                              
  scmask1 = ':1@C29,H62,H59,H58,H57,H56,H55,H54,H53,H52,H51,H50,H49,H48,H47,H46
 /                                                                             
 &wt TYPE='TEMP0', istep1=0, istep2=20000,                                     
  value1=0.1, value2=300.0, /                                                  
 &wt TYPE='END' /                                                              


Note: ig = -1. Setting random seed to   802683 based on wallclock time in 
      microseconds.
| irandom = 1, using AMBER's internal random number generator (default).
 
|--------------------- INFORMATION ----------------------
| GPU (CUDA) Version of PMEMD in use: NVIDIA GPU IN USE.
|                    Version 18.0.0
| 
|                      03/25/2018
| 
| Implementation by:
|                    Ross C. Walker     (SDSC)
|                    Scott Le Grand     (nVIDIA)
| 
| Version 18 performance extensions by:
|                    David Cerutti     (Rutgers)
| 
| Precision model in use:
|      [SPFP] - Single Precision Forces, 64-bit Fixed Point
|               Accumulation. (Default)
| 
|--------------------------------------------------------
 
|----------------- CITATION INFORMATION -----------------
|
|    When publishing work that utilized the CUDA version
|    of AMBER, please cite the following in addition to
|    the regular AMBER citations:
|
|  - Romelia Salomon-Ferrer; Andreas W. Goetz; Duncan
|    Poole; Scott Le Grand; Ross C. Walker "Routine
|    microsecond molecular dynamics simulations with
|    AMBER - Part II: Particle Mesh Ewald", J. Chem.
|    Theory Comput., 2013, 9 (9), pp3878-3888,
|    DOI: 10.1021/ct400314y.
|
|  - Andreas W. Goetz; Mark J. Williamson; Dong Xu;
|    Duncan Poole; Scott Le Grand; Ross C. Walker
|    "Routine microsecond molecular dynamics simulations
|    with AMBER - Part I: Generalized Born", J. Chem.
|    Theory Comput., 2012, 8 (5), pp1542-1555.
|
|  - Scott Le Grand; Andreas W. Goetz; Ross C. Walker
|    "SPFP: Speed without compromise - a mixed precision
|    model for GPU accelerated molecular dynamics
|    simulations.", Comp. Phys. Comm., 2013, 184
|    pp374-380, DOI: 10.1016/j.cpc.2012.09.022
|
|    When publishing work that utilized the CUDA version
|    of TI, BAR, MBAR or FEP please cite the following 
|    publications in addition to the regular AMBER 
|    GPU citations:
|
|  - Daniel J. Mermelstein; Charles Lin; Gard Nelson; 
|    Rachael Kretsch; J. Andrew McCammon; Ross C. Walker
|    "Fast and Flexible GPU Accelerated Binding 
|    Free Energy Calculations within the AMBER Molecular
|    Dynamics Package" J. Comp. Chem., 2018,
|    DOI: 10.1002/jcc.25187
|
|  - Tai-Sung Lee; Yuan Hu; Brad Sherborne; Zhuyan Guo;
|    Darrin M. York
|    "Toward Fast and Accurate Binding Affinity Prediction with
|    pmemdGTI: An Efficient Implementation of GPU-Accelerated
|    Thermodynamic Integration"
|    J. Chem. Theory Comput., 2017, 13 (7), 3077
|
|
|--------------------------------------------------------
 
|------------------- GPU DEVICE INFO --------------------
|
|            CUDA_VISIBLE_DEVICES: 0
|   CUDA Capable Devices Detected:      1
|           CUDA Device ID in use:      0
|                CUDA Device Name: NVIDIA GeForce RTX 2080
|     CUDA Device Global Mem Size:   7982 MB
| CUDA Device Num Multiprocessors:     46
|           CUDA Device Core Freq:   1.71 GHz
|
|--------------------------------------------------------
 
 
| Conditional Compilation Defines Used:
| PUBFFT
| BINTRAJ
| CUDA
| EMIL

| Largest sphere to fit in unit cell has radius =    28.285

| New format PARM file being parsed.
| Version =    1.000 Date = 10/05/24 Time = 17:06:23

| Note: 1-4 EEL scale factors are being read from the topology file.

| Note: 1-4 VDW scale factors are being read from the topology file.
| Duplicated    0 dihedrals

| Duplicated    0 dihedrals

--------------------------------------------------------------------------------
   1.  RESOURCE   USE: 
--------------------------------------------------------------------------------

 getting box info from netcdf restart file
 NATOM  =   17464 NTYPES =      31 NBONH =   15011 MBONA  =    2503
 NTHETH =    5537 MTHETA =    3396 NPHIH =   11178 MPHIA  =   10632
 NHPARM =       0 NPARM  =       0 NNB   =   43744 NRES   =    4497
 NBONA  =    2503 NTHETA =    3396 NPHIA =   10632 NUMBND =      93
 NUMANG =     208 NPTRA  =     215 NATYP =      53 NPHB   =       1
 IFBOX  =       1 NMXRS  =      62 IFCAP =       0 NEXTRA =       0
 NCOPY  =       0

| Coordinate Index Table dimensions:    11   10   11
| Direct force subcell size =     5.9561    5.6570    5.5474

     BOX TYPE: RECTILINEAR

--------------------------------------------------------------------------------
   2.  CONTROL  DATA  FOR  THE  RUN
--------------------------------------------------------------------------------

L0                                                                              

General flags:
     imin    =       0, nmropt  =       1

Nature and format of input:
     ntx     =       1, irest   =       0, ntrx    =       1

Nature and format of output:
     ntxo    =       2, ntpr    =    1000, ntrx    =       1, ntwr    =    1000
     iwrap   =       0, ntwx    =       0, ntwv    =       0, ntwe    =       0
     ioutfm  =       1, ntwprt  =       0, idecomp =       0, rbornstat=      0

Potential function:
     ntf     =       1, ntb     =       1, igb     =       0, nsnb    =      25
     ipol    =       0, gbsa    =       0, iesp    =       0
     dielc   =   1.00000, cut     =  10.00000, intdiel =   1.00000

Frozen or restrained atoms:
     ibelly  =       0, ntr     =       1
     restraint_wt =  20.00000

Molecular dynamics:
     nstlim  =     25000, nscm    =         0, nrespa  =         1
     t       =   0.00000, dt      =   0.00200, vlimit  =  -1.00000

Langevin dynamics temperature regulation:
     ig      =  802683
     temp0   = 300.00000, tempi   =   0.10000, gamma_ln=   1.00000

SHAKE:
     ntc     =       2, jfastw  =       0
     tol     =   0.00001

NMR refinement options:
     iscale  =       0, noeskp  =       1, ipnlty  =       1, mxsub   =       1
     scalm   = 100.00000, pencut  =   0.10000, tausw   =   0.10000

Free energy options:
     icfe    =       1, ifsc    =       1, klambda =       1
     clambda =  0.4374, scalpha =  0.2000, scbeta  = 50.0000
     sceeorder =       2
     dynlmb =  0.0000 logdvdl =       0

| Intermolecular bonds treatment:
|     no_intermolecular_bonds =       1

| Energy averages sample interval:
|     ene_avg_sampling =    1000

Ewald parameters:
     verbose =       0, ew_type =       0, nbflag  =       1, use_pme =       1
     vdwmeth =       1, eedmeth =       1, netfrc  =       1
     Box X =   65.517   Box Y =   56.570   Box Z =   61.021
     Alpha =   90.000   Beta  =   90.000   Gamma =   90.000
     NFFT1 =   64       NFFT2 =   64       NFFT3 =   64
     Cutoff=   10.000   Tol   =0.100E-04
     Ewald Coefficient =  0.27511
     Interpolation order =    4

    LOADING THE CONSTRAINED ATOMS AS GROUPS


   5.  REFERENCE ATOM COORDINATES

  L0                                                                              
     Mask :309|!(:WAT|@H=|:Na+|:Cl-); matches  2446 atoms
     TI Mask 1 :1; matches     62 atoms
     TI Mask 2 :2; matches     61 atoms
     TI region 1:   17403 atoms
     TI region 2:   17402 atoms
     SC Mask 1 :1@C29,H62,H59,H58,H57,H56,H55,H54,H53,H52,H51,H50,H49,H48,H47,H46,H41,H40,H39,H38,H37,H36,H35,H34,H33,H32,C27,O26,C25,O24,C23,O22,C21,C20,C19,C18,C17,C7,C6,C5,C4,N3; matches     42 atoms
     SC Mask 2 :2@H46,C5,C6,C7,O8,C9,C10,C11,C12,C13,C14,O15,C16,C24,C25,N26,C27,C28,H33,H34,H35,H36,H37,H38,H39,H40,H41,H42,H43,H44,H45,H49,H50,H51,H52,H53,H54,H55,H56,H57,H61; matches     41 atoms

|--------------------------------------------------------------------------------------------
| Extra TI control variables
|     gti_add_sc     =   1, gti_ele_gauss  =   0, gti_auto_alpha =   0, gti_scale_beta =   0
|     gti_ele_exp    =   2, gti_vdw_exp    =   6, gti_ele_sc     =   1, gti_vdw_sc     =   1
|     gti_cut        =   1, gti_cut_sc     =   0
|     gti_cut_sc_on    =  0.0000, gti_cut_sc_off    =  0.0000
|--------------------------------------------------------------------------------------------


--------------------------------------------------------------------------------
   3.  ATOMIC COORDINATES AND VELOCITIES
--------------------------------------------------------------------------------

L0                                                                              
 begin time read from input coords =     0.000 ps



           Begin reading energy term weight changes/NMR restraints
 WEIGHT CHANGES:
 TEMP0         0  20000    0.100000  300.000000      0      0

 RESTRAINTS:
                          ** No restraint defined **

                  Done reading weight changes/NMR restraints


 
 Number of triangulated 3-point waters found:     4189
   Removing shake constraints from C2    L0    1 -- H33   L0    1
   Removing shake constraints from C2    L0    1 -- H32   L0    1
   Removing shake constraints from C17   L1    2 -- H46   L1    2
 Number of shake restraints removed in TI region  1 :        2
 Number of shake restraints removed in TI region  2 :        1

     Sum of charges for TI region  1 =  -0.00001916
     Skip neutralizing charges...


     Sum of charges for TI region  2 =  -0.00002514
     Skip neutralizing charges...

| Dynamic Memory, Types Used:
| Reals              867995
| Integers          1262921

| Nonbonded Pairs Initial Allocation:     5282423

| GPU memory information (estimate):
| KB of GPU memory in use:    147303
| KB of CPU memory in use:     47637

--------------------------------------------------------------------------------
   4.  RESULTS
--------------------------------------------------------------------------------

   DOF for the SC part  1 of the system:  103
   SHAKE constraints in the SC region:   23
   DOF for the SC part  2 of the system:  100
   SHAKE constraints in the SC region:   23

| TI region  1


 NSTEP =        0   TIME(PS) =       0.000  TEMP(K) =     0.14  PRESS =     0.0
 Etot   =    -59891.3566  EKtot   =         5.1772  EPtot      =    -59896.5337
 BOND   =      3833.6908  ANGLE   =       626.5277  DIHED      =      3369.9393
 1-4 NB =       971.5876  1-4 EEL =     10647.9956  VDWAALS    =      6463.9542
 EELEC  =    -85810.2290  EHBOND  =         0.0000  RESTRAINT  =         0.0000
 DV/DL  =       -46.8542
 ------------------------------------------------------------------------------

  Softcore part of the system:      42 atoms,       TEMP(K)    =           0.22
 SC_Etot=        91.5235  SC_EKtot=         0.0220  SC_EPtot   =        91.5014
 SC_BOND=         0.6011  SC_ANGLE=         7.8357  SC_DIHED   =        19.1604
 SC_14NB=         3.1781  SC_14EEL=        25.9399  SC_VDW     =         0.3031
 SC_EEL =        34.4832
 SC_RES_DIST=     0.0000  SC_RES_ANG=       0.0000  SC_RES_TORS=         0.0000
 SC_EEL_DER=      3.0880  SC_VDW_DER=      -4.6740  SC_DERIV   =        -1.5860
 ------------------------------------------------------------------------------


| TI region  2


 NSTEP =        0   TIME(PS) =       0.000  TEMP(K) =     0.14  PRESS =     0.0
 Etot   =    -59891.3538  EKtot   =         5.1800  EPtot      =    -59896.5337
 BOND   =      3833.6908  ANGLE   =       626.5277  DIHED      =      3369.9393
 1-4 NB =       971.5876  1-4 EEL =     10647.9956  VDWAALS    =      6463.9542
 EELEC  =    -85810.2290  EHBOND  =         0.0000  RESTRAINT  =         0.0000
 DV/DL  =       -46.8542
 ------------------------------------------------------------------------------

  Softcore part of the system:      41 atoms,       TEMP(K)    =           0.25
 SC_Etot=       162.6237  SC_EKtot=         0.0250  SC_EPtot   =       162.5986
 SC_BOND=         1.3187  SC_ANGLE=         3.4604  SC_DIHED   =        14.5911
 SC_14NB=         4.5121  SC_14EEL=        90.8853  SC_VDW     =        -0.6808
 SC_EEL =        48.5117
 SC_RES_DIST=     0.0000  SC_RES_ANG=       0.0000  SC_RES_TORS=         0.0000
 SC_EEL_DER=      3.0880  SC_VDW_DER=      -4.6740  SC_DERIV   =        -1.5860
 ------------------------------------------------------------------------------

 NMR restraints: Bond =    0.000   Angle =     0.000   Torsion =     0.000
===============================================================================

| TI region  1


 NSTEP =     1000   TIME(PS) =       2.000  TEMP(K) =    22.13  PRESS =     0.0
 Etot   =    -58762.5416  EKtot   =       818.7380  EPtot      =    -59581.2796
 BOND   =       179.8638  ANGLE   =       676.9231  DIHED      =      3383.8199
 1-4 NB =       983.3066  1-4 EEL =     10631.8349  VDWAALS    =      6470.6789
 EELEC  =    -81969.8892  EHBOND  =         0.0000  RESTRAINT  =        62.1824
 EAMBER (non-restraint)  =    -59643.4620
 DV/DL  =       -49.0856
 ------------------------------------------------------------------------------

  Softcore part of the system:      42 atoms,       TEMP(K)    =          11.65
 SC_Etot=        93.4708  SC_EKtot=         1.1923  SC_EPtot   =        92.2785
 SC_BOND=         0.6355  SC_ANGLE=         8.3009  SC_DIHED   =        19.0455
 SC_14NB=         3.2955  SC_14EEL=        25.9338  SC_VDW     =         0.4936
 SC_EEL =        34.5738
 SC_RES_DIST=     0.0000  SC_RES_ANG=       0.0000  SC_RES_TORS=         0.0000
 SC_EEL_DER=      2.2921  SC_VDW_DER=      -4.5185  SC_DERIV   =        -2.2263
 ------------------------------------------------------------------------------


| TI region  2


 NSTEP =     1000   TIME(PS) =       2.000  TEMP(K) =    22.13  PRESS =     0.0
 Etot   =    -58762.8415  EKtot   =       818.4381  EPtot      =    -59581.2796
 BOND   =       179.8638  ANGLE   =       676.9231  DIHED      =      3383.8199
 1-4 NB =       983.3066  1-4 EEL =     10631.8349  VDWAALS    =      6470.6789
 EELEC  =    -81969.8892  EHBOND  =         0.0000  RESTRAINT  =        62.1824
 EAMBER (non-restraint)  =    -59643.4620
 DV/DL  =       -49.0856
 ------------------------------------------------------------------------------

  Softcore part of the system:      41 atoms,       TEMP(K)    =           8.98
 SC_Etot=       164.6497  SC_EKtot=         0.8924  SC_EPtot   =       163.7573
 SC_BOND=         1.0659  SC_ANGLE=         4.1256  SC_DIHED   =        15.1612
 SC_14NB=         4.4508  SC_14EEL=        91.3060  SC_VDW     =        -0.7811
 SC_EEL =        48.4290
 SC_RES_DIST=     0.0000  SC_RES_ANG=       0.0000  SC_RES_TORS=         0.0000
 SC_EEL_DER=      2.2921  SC_VDW_DER=      -4.5185  SC_DERIV   =        -2.2263
 ------------------------------------------------------------------------------

 NMR restraints: Bond =    0.000   Angle =     0.000   Torsion =     0.000
===============================================================================

| TI region  1


 NSTEP =     2000   TIME(PS) =       4.000  TEMP(K) =    26.92  PRESS =     0.0
 Etot   =    -58812.0237  EKtot   =       995.7765  EPtot      =    -59807.8002
 BOND   =       209.8948  ANGLE   =       751.4812  DIHED      =      3397.7321
 1-4 NB =       984.7356  1-4 EEL =     10627.6163  VDWAALS    =      6557.7220
 EELEC  =    -82414.5630  EHBOND  =         0.0000  RESTRAINT  =        77.5809
 EAMBER (non-restraint)  =    -59885.3811
 DV/DL  =       -52.1925
 ------------------------------------------------------------------------------

  Softcore part of the system:      42 atoms,       TEMP(K)    =          21.40
 SC_Etot=        96.3587  SC_EKtot=         2.1903  SC_EPtot   =        94.1684
 SC_BOND=         1.2542  SC_ANGLE=        10.0450  SC_DIHED   =        19.0245
 SC_14NB=         3.1054  SC_14EEL=        25.4835  SC_VDW     =         0.3869
 SC_EEL =        34.8690
 SC_RES_DIST=     0.0000  SC_RES_ANG=       0.0000  SC_RES_TORS=         0.0000
 SC_EEL_DER=      2.5004  SC_VDW_DER=      -5.5732  SC_DERIV   =        -3.0728
 ------------------------------------------------------------------------------


| TI region  2


 NSTEP =     2000   TIME(PS) =       4.000  TEMP(K) =    26.92  PRESS =     0.0
 Etot   =    -58812.0884  EKtot   =       995.7118  EPtot      =    -59807.8002
 BOND   =       209.8948  ANGLE   =       751.4812  DIHED      =      3397.7321
 1-4 NB =       984.7356  1-4 EEL =     10627.6163  VDWAALS    =      6557.7220
 EELEC  =    -82414.5630  EHBOND  =         0.0000  RESTRAINT  =        77.5809
 EAMBER (non-restraint)  =    -59885.3811
 DV/DL  =       -52.1925
 ------------------------------------------------------------------------------

  Softcore part of the system:      41 atoms,       TEMP(K)    =          21.39
 SC_Etot=       166.5814  SC_EKtot=         2.1256  SC_EPtot   =       164.4558
 SC_BOND=         1.3162  SC_ANGLE=         4.9863  SC_DIHED   =        14.6130
 SC_14NB=         4.6905  SC_14EEL=        90.7386  SC_VDW     =        -0.6468
 SC_EEL =        48.7581
 SC_RES_DIST=     0.0000  SC_RES_ANG=       0.0000  SC_RES_TORS=         0.0000
 SC_EEL_DER=      2.5004  SC_VDW_DER=      -5.5732  SC_DERIV   =        -3.0728
 ------------------------------------------------------------------------------

 NMR restraints: Bond =    0.000   Angle =     0.000   Torsion =     0.000
===============================================================================

| TI region  1


 NSTEP =     3000   TIME(PS) =       6.000  TEMP(K) =    38.92  PRESS =     0.0
 Etot   =    -58098.8071  EKtot   =      1439.8070  EPtot      =    -59538.6141
 BOND   =       244.5176  ANGLE   =       833.8038  DIHED      =      3411.5569
 1-4 NB =       993.4108  1-4 EEL =     10630.3369  VDWAALS    =      6516.0146
 EELEC  =    -82274.0371  EHBOND  =         0.0000  RESTRAINT  =       105.7824
 EAMBER (non-restraint)  =    -59644.3965
 DV/DL  =       -53.0226
 ------------------------------------------------------------------------------

  Softcore part of the system:      42 atoms,       TEMP(K)    =          32.35
 SC_Etot=        97.9250  SC_EKtot=         3.3110  SC_EPtot   =        94.6140
 SC_BOND=         1.6523  SC_ANGLE=         9.6502  SC_DIHED   =        19.3779
 SC_14NB=         3.0485  SC_14EEL=        26.1092  SC_VDW     =         0.3622
 SC_EEL =        34.4138
 SC_RES_DIST=     0.0000  SC_RES_ANG=       0.0000  SC_RES_TORS=         0.0000
 SC_EEL_DER=      2.7515  SC_VDW_DER=      -6.0979  SC_DERIV   =        -3.3464
 ------------------------------------------------------------------------------


| TI region  2


 NSTEP =     3000   TIME(PS) =       6.000  TEMP(K) =    38.95  PRESS =     0.0
 Etot   =    -58097.8372  EKtot   =      1440.7770  EPtot      =    -59538.6141
 BOND   =       244.5176  ANGLE   =       833.8038  DIHED      =      3411.5569
 1-4 NB =       993.4108  1-4 EEL =     10630.3369  VDWAALS    =      6516.0146
 EELEC  =    -82274.0371  EHBOND  =         0.0000  RESTRAINT  =       105.7824
 EAMBER (non-restraint)  =    -59644.3965
 DV/DL  =       -53.0226
 ------------------------------------------------------------------------------

  Softcore part of the system:      41 atoms,       TEMP(K)    =          43.09
 SC_Etot=       170.4900  SC_EKtot=         4.2810  SC_EPtot   =       166.2090
 SC_BOND=         2.0320  SC_ANGLE=         5.3249  SC_DIHED   =        15.1009
 SC_14NB=         4.4374  SC_14EEL=        91.0858  SC_VDW     =        -0.2293
 SC_EEL =        48.4574
 SC_RES_DIST=     0.0000  SC_RES_ANG=       0.0000  SC_RES_TORS=         0.0000
 SC_EEL_DER=      2.7515  SC_VDW_DER=      -6.0979  SC_DERIV   =        -3.3464
 ------------------------------------------------------------------------------

 NMR restraints: Bond =    0.000   Angle =     0.000   Torsion =     0.000
===============================================================================

| TI region  1


 NSTEP =     4000   TIME(PS) =       8.000  TEMP(K) =    52.35  PRESS =     0.0
 Etot   =    -57158.9990  EKtot   =      1936.3457  EPtot      =    -59095.3447
 BOND   =       281.9100  ANGLE   =       926.1590  DIHED      =      3427.7847
 1-4 NB =       992.0664  1-4 EEL =     10633.9890  VDWAALS    =      6384.6181
 EELEC  =    -81886.9326  EHBOND  =         0.0000  RESTRAINT  =       145.0608
 EAMBER (non-restraint)  =    -59240.4055
 DV/DL  =       -56.2655
 ------------------------------------------------------------------------------

  Softcore part of the system:      42 atoms,       TEMP(K)    =          44.66
 SC_Etot=       100.0493  SC_EKtot=         4.5706  SC_EPtot   =        95.4786
 SC_BOND=         2.3562  SC_ANGLE=         9.5490  SC_DIHED   =        20.1990
 SC_14NB=         3.1619  SC_14EEL=        25.7674  SC_VDW     =         0.3607
 SC_EEL =        34.0846
 SC_RES_DIST=     0.0000  SC_RES_ANG=       0.0000  SC_RES_TORS=         0.0000
 SC_EEL_DER=      2.2327  SC_VDW_DER=      -6.2767  SC_DERIV   =        -4.0441
 ------------------------------------------------------------------------------


| TI region  2


 NSTEP =     4000   TIME(PS) =       8.000  TEMP(K) =    52.36  PRESS =     0.0
 Etot   =    -57158.6161  EKtot   =      1936.7286  EPtot      =    -59095.3447
 BOND   =       281.9100  ANGLE   =       926.1590  DIHED      =      3427.7847
 1-4 NB =       992.0664  1-4 EEL =     10633.9890  VDWAALS    =      6384.6181
 EELEC  =    -81886.9326  EHBOND  =         0.0000  RESTRAINT  =       145.0608
 EAMBER (non-restraint)  =    -59240.4055
 DV/DL  =       -56.2655
 ------------------------------------------------------------------------------

  Softcore part of the system:      41 atoms,       TEMP(K)    =          49.85
 SC_Etot=       172.5523  SC_EKtot=         4.9536  SC_EPtot   =       167.5987
 SC_BOND=         2.8049  SC_ANGLE=         6.5263  SC_DIHED   =        15.1050
 SC_14NB=         4.4704  SC_14EEL=        90.5064  SC_VDW     =        -0.4307
 SC_EEL =        48.6163
 SC_RES_DIST=     0.0000  SC_RES_ANG=       0.0000  SC_RES_TORS=         0.0000
 SC_EEL_DER=      2.2327  SC_VDW_DER=      -6.2767  SC_DERIV   =        -4.0441
 ------------------------------------------------------------------------------

 NMR restraints: Bond =    0.000   Angle =     0.000   Torsion =     0.000
===============================================================================

| TI region  1


 NSTEP =     5000   TIME(PS) =      10.000  TEMP(K) =    67.72  PRESS =     0.0
 Etot   =    -56116.0830  EKtot   =      2504.9342  EPtot      =    -58621.0172
 BOND   =       318.6301  ANGLE   =       999.8073  DIHED      =      3449.3053
 1-4 NB =      1002.1955  1-4 EEL =     10615.7859  VDWAALS    =      6142.3380
 EELEC  =    -81317.1000  EHBOND  =         0.0000  RESTRAINT  =       168.0207
 EAMBER (non-restraint)  =    -58789.0379
 DV/DL  =       -53.7441
 ------------------------------------------------------------------------------

  Softcore part of the system:      42 atoms,       TEMP(K)    =          68.16
 SC_Etot=       105.8565  SC_EKtot=         6.9757  SC_EPtot   =        98.8808
 SC_BOND=         1.6281  SC_ANGLE=        11.4425  SC_DIHED   =        20.0633
 SC_14NB=         3.7562  SC_14EEL=        26.2918  SC_VDW     =         1.5048
 SC_EEL =        34.1942
 SC_RES_DIST=     0.0000  SC_RES_ANG=       0.0000  SC_RES_TORS=         0.0000
 SC_EEL_DER=      2.1446  SC_VDW_DER=      -5.7619  SC_DERIV   =        -3.6174
 ------------------------------------------------------------------------------


| TI region  2


 NSTEP =     5000   TIME(PS) =      10.000  TEMP(K) =    67.73  PRESS =     0.0
 Etot   =    -56115.6261  EKtot   =      2505.3911  EPtot      =    -58621.0172
 BOND   =       318.6301  ANGLE   =       999.8073  DIHED      =      3449.3053
 1-4 NB =      1002.1955  1-4 EEL =     10615.7859  VDWAALS    =      6142.3380
 EELEC  =    -81317.1000  EHBOND  =         0.0000  RESTRAINT  =       168.0207
 EAMBER (non-restraint)  =    -58789.0379
 DV/DL  =       -53.7441
 ------------------------------------------------------------------------------

  Softcore part of the system:      41 atoms,       TEMP(K)    =          74.80
 SC_Etot=       176.8311  SC_EKtot=         7.4325  SC_EPtot   =       169.3986
 SC_BOND=         2.3987  SC_ANGLE=         7.4363  SC_DIHED   =        15.6513
 SC_14NB=         4.4355  SC_14EEL=        91.6205  SC_VDW     =        -0.2549
 SC_EEL =        48.1111
 SC_RES_DIST=     0.0000  SC_RES_ANG=       0.0000  SC_RES_TORS=         0.0000
 SC_EEL_DER=      2.1446  SC_VDW_DER=      -5.7619  SC_DERIV   =        -3.6174
 ------------------------------------------------------------------------------

 NMR restraints: Bond =    0.000   Angle =     0.000   Torsion =     0.000
===============================================================================

| TI region  1


 NSTEP =     6000   TIME(PS) =      12.000  TEMP(K) =    83.21  PRESS =     0.0
 Etot   =    -55015.4842  EKtot   =      3078.1507  EPtot      =    -58093.6349
 BOND   =       356.8351  ANGLE   =      1093.7218  DIHED      =      3462.3456
 1-4 NB =      1006.6800  1-4 EEL =     10633.4701  VDWAALS    =      5916.9564
 EELEC  =    -80748.6509  EHBOND  =         0.0000  RESTRAINT  =       185.0070
 EAMBER (non-restraint)  =    -58278.6419
 DV/DL  =       -49.2777
 ------------------------------------------------------------------------------

  Softcore part of the system:      42 atoms,       TEMP(K)    =          87.30
 SC_Etot=       109.1200  SC_EKtot=         8.9343  SC_EPtot   =       100.1857
 SC_BOND=         1.8733  SC_ANGLE=        12.7821  SC_DIHED   =        20.6550
 SC_14NB=         3.4414  SC_14EEL=        25.9428  SC_VDW     =         0.9188
 SC_EEL =        34.5723
 SC_RES_DIST=     0.0000  SC_RES_ANG=       0.0000  SC_RES_TORS=         0.0000
 SC_EEL_DER=      1.2039  SC_VDW_DER=      -2.6523  SC_DERIV   =        -1.4484
 ------------------------------------------------------------------------------


| TI region  2


 NSTEP =     6000   TIME(PS) =      12.000  TEMP(K) =    83.17  PRESS =     0.0
 Etot   =    -55017.4759  EKtot   =      3076.1590  EPtot      =    -58093.6349
 BOND   =       356.8351  ANGLE   =      1093.7218  DIHED      =      3462.3456
 1-4 NB =      1006.6800  1-4 EEL =     10633.4701  VDWAALS    =      5916.9564
 EELEC  =    -80748.6509  EHBOND  =         0.0000  RESTRAINT  =       185.0070
 EAMBER (non-restraint)  =    -58278.6419
 DV/DL  =       -49.2777
 ------------------------------------------------------------------------------

  Softcore part of the system:      41 atoms,       TEMP(K)    =          69.87
 SC_Etot=       174.5000  SC_EKtot=         6.9426  SC_EPtot   =       167.5574
 SC_BOND=         3.3624  SC_ANGLE=         6.2306  SC_DIHED   =        15.1293
 SC_14NB=         4.2995  SC_14EEL=        91.0162  SC_VDW     =        -0.8807
 SC_EEL =        48.4002
 SC_RES_DIST=     0.0000  SC_RES_ANG=       0.0000  SC_RES_TORS=         0.0000
 SC_EEL_DER=      1.2039  SC_VDW_DER=      -2.6523  SC_DERIV   =        -1.4484
 ------------------------------------------------------------------------------

 NMR restraints: Bond =    0.000   Angle =     0.000   Torsion =     0.000
===============================================================================

| TI region  1


 NSTEP =     7000   TIME(PS) =      14.000  TEMP(K) =    98.04  PRESS =     0.0
 Etot   =    -53945.0991  EKtot   =      3626.6008  EPtot      =    -57571.6998
 BOND   =       387.0960  ANGLE   =      1195.1122  DIHED      =      3503.2957
 1-4 NB =      1018.8285  1-4 EEL =     10595.6834  VDWAALS    =      5949.3161
 EELEC  =    -80450.8996  EHBOND  =         0.0000  RESTRAINT  =       229.8680
 EAMBER (non-restraint)  =    -57801.5678
 DV/DL  =       -55.8816
 ------------------------------------------------------------------------------

  Softcore part of the system:      42 atoms,       TEMP(K)    =          76.10
 SC_Etot=       107.7101  SC_EKtot=         7.7884  SC_EPtot   =        99.9217
 SC_BOND=         3.7050  SC_ANGLE=        12.6393  SC_DIHED   =        20.1738
 SC_14NB=         2.6049  SC_14EEL=        25.9489  SC_VDW     =         0.1727
 SC_EEL =        34.6772
 SC_RES_DIST=     0.0000  SC_RES_ANG=       0.0000  SC_RES_TORS=         0.0000
 SC_EEL_DER=      1.4674  SC_VDW_DER=      -7.5197  SC_DERIV   =        -6.0522
 ------------------------------------------------------------------------------


| TI region  2


 NSTEP =     7000   TIME(PS) =      14.000  TEMP(K) =    98.11  PRESS =     0.0
 Etot   =    -53942.8012  EKtot   =      3628.8986  EPtot      =    -57571.6998
 BOND   =       387.0960  ANGLE   =      1195.1122  DIHED      =      3503.2957
 1-4 NB =      1018.8285  1-4 EEL =     10595.6834  VDWAALS    =      5949.3161
 EELEC  =    -80450.8996  EHBOND  =         0.0000  RESTRAINT  =       229.8680
 EAMBER (non-restraint)  =    -57801.5678
 DV/DL  =       -55.8816
 ------------------------------------------------------------------------------

  Softcore part of the system:      41 atoms,       TEMP(K)    =         101.51
 SC_Etot=       183.0432  SC_EKtot=        10.0862  SC_EPtot   =       172.9569
 SC_BOND=         4.8041  SC_ANGLE=         9.6770  SC_DIHED   =        14.8010
 SC_14NB=         4.1906  SC_14EEL=        91.8966  SC_VDW     =        -0.9996
 SC_EEL =        48.5871
 SC_RES_DIST=     0.0000  SC_RES_ANG=       0.0000  SC_RES_TORS=         0.0000
 SC_EEL_DER=      1.4674  SC_VDW_DER=      -7.5197  SC_DERIV   =        -6.0522
 ------------------------------------------------------------------------------

 NMR restraints: Bond =    0.000   Angle =     0.000   Torsion =     0.000
===============================================================================

| TI region  1


 NSTEP =     8000   TIME(PS) =      16.000  TEMP(K) =   113.74  PRESS =     0.0
 Etot   =    -52862.8906  EKtot   =      4207.5891  EPtot      =    -57070.4797
 BOND   =       428.0291  ANGLE   =      1264.7245  DIHED      =      3519.4825
 1-4 NB =      1014.6567  1-4 EEL =     10610.2447  VDWAALS    =      5883.4747
 EELEC  =    -80040.6964  EHBOND  =         0.0000  RESTRAINT  =       249.6046
 EAMBER (non-restraint)  =    -57320.0843
 DV/DL  =       -64.1944
 ------------------------------------------------------------------------------

  Softcore part of the system:      42 atoms,       TEMP(K)    =         101.57
 SC_Etot=       111.2465  SC_EKtot=        10.3946  SC_EPtot   =       100.8519
 SC_BOND=         2.1433  SC_ANGLE=        13.7544  SC_DIHED   =        20.7175
 SC_14NB=         3.3250  SC_14EEL=        25.8826  SC_VDW     =         0.1764
 SC_EEL =        34.8527
 SC_RES_DIST=     0.0000  SC_RES_ANG=       0.0000  SC_RES_TORS=         0.0000
 SC_EEL_DER=      0.4233  SC_VDW_DER=      -6.7527  SC_DERIV   =        -6.3294
 ------------------------------------------------------------------------------


| TI region  2


 NSTEP =     8000   TIME(PS) =      16.000  TEMP(K) =   113.74  PRESS =     0.0
 Etot   =    -52863.5249  EKtot   =      4206.9547  EPtot      =    -57070.4797
 BOND   =       428.0291  ANGLE   =      1264.7245  DIHED      =      3519.4825
 1-4 NB =      1014.6567  1-4 EEL =     10610.2447  VDWAALS    =      5883.4747
 EELEC  =    -80040.6964  EHBOND  =         0.0000  RESTRAINT  =       249.6046
 EAMBER (non-restraint)  =    -57320.0843
 DV/DL  =       -64.1944
 ------------------------------------------------------------------------------

  Softcore part of the system:      41 atoms,       TEMP(K)    =          98.23
 SC_Etot=       187.7522  SC_EKtot=         9.7602  SC_EPtot   =       177.9920
 SC_BOND=         6.0719  SC_ANGLE=        10.5114  SC_DIHED   =        16.3569
 SC_14NB=         5.2545  SC_14EEL=        90.3076  SC_VDW     =         1.0002
 SC_EEL =        48.4895
 SC_RES_DIST=     0.0000  SC_RES_ANG=       0.0000  SC_RES_TORS=         0.0000
 SC_EEL_DER=      0.4233  SC_VDW_DER=      -6.7527  SC_DERIV   =        -6.3294
 ------------------------------------------------------------------------------

 NMR restraints: Bond =    0.000   Angle =     0.000   Torsion =     0.000
===============================================================================

| TI region  1


 NSTEP =     9000   TIME(PS) =      18.000  TEMP(K) =   128.45  PRESS =     0.0
 Etot   =    -51830.3032  EKtot   =      4751.5159  EPtot      =    -56581.8191
 BOND   =       441.3371  ANGLE   =      1346.8812  DIHED      =      3528.2216
 1-4 NB =      1033.4134  1-4 EEL =     10662.7182  VDWAALS    =      5699.8665
 EELEC  =    -79579.7910  EHBOND  =         0.0000  RESTRAINT  =       285.5339
 EAMBER (non-restraint)  =    -56867.3530
 DV/DL  =       -59.3533
 ------------------------------------------------------------------------------

  Softcore part of the system:      42 atoms,       TEMP(K)    =         129.70
 SC_Etot=       117.2344  SC_EKtot=        13.2735  SC_EPtot   =       103.9609
 SC_BOND=         4.3891  SC_ANGLE=        15.4495  SC_DIHED   =        20.6127
 SC_14NB=         2.8236  SC_14EEL=        26.3544  SC_VDW     =         0.1385
 SC_EEL =        34.1930
 SC_RES_DIST=     0.0000  SC_RES_ANG=       0.0000  SC_RES_TORS=         0.0000
 SC_EEL_DER=      0.2382  SC_VDW_DER=      -6.7990  SC_DERIV   =        -6.5608
 ------------------------------------------------------------------------------


| TI region  2


 NSTEP =     9000   TIME(PS) =      18.000  TEMP(K) =   128.46  PRESS =     0.0
 Etot   =    -51830.3277  EKtot   =      4751.4914  EPtot      =    -56581.8191
 BOND   =       441.3371  ANGLE   =      1346.8812  DIHED      =      3528.2216
 1-4 NB =      1033.4134  1-4 EEL =     10662.7182  VDWAALS    =      5699.8665
 EELEC  =    -79579.7910  EHBOND  =         0.0000  RESTRAINT  =       285.5339
 EAMBER (non-restraint)  =    -56867.3530
 DV/DL  =       -59.3533
 ------------------------------------------------------------------------------

  Softcore part of the system:      41 atoms,       TEMP(K)    =         133.34
 SC_Etot=       189.2239  SC_EKtot=        13.2490  SC_EPtot   =       175.9749
 SC_BOND=         4.3951  SC_ANGLE=        11.9676  SC_DIHED   =        15.3380
 SC_14NB=         4.9982  SC_14EEL=        90.8648  SC_VDW     =        -0.4234
 SC_EEL =        48.8346
 SC_RES_DIST=     0.0000  SC_RES_ANG=       0.0000  SC_RES_TORS=         0.0000
 SC_EEL_DER=      0.2382  SC_VDW_DER=      -6.7990  SC_DERIV   =        -6.5608
 ------------------------------------------------------------------------------

 NMR restraints: Bond =    0.000   Angle =     0.000   Torsion =     0.000
===============================================================================

| TI region  1


 NSTEP =    10000   TIME(PS) =      20.000  TEMP(K) =   143.76  PRESS =     0.0
 Etot   =    -50779.0562  EKtot   =      5317.9239  EPtot      =    -56096.9801
 BOND   =       505.8696  ANGLE   =      1412.7197  DIHED      =      3543.3870
 1-4 NB =      1034.3097  1-4 EEL =     10623.7767  VDWAALS    =      5568.3106
 EELEC  =    -79090.7559  EHBOND  =         0.0000  RESTRAINT  =       305.4025
 EAMBER (non-restraint)  =    -56402.3825
 DV/DL  =       -41.0211
 ------------------------------------------------------------------------------

  Softcore part of the system:      42 atoms,       TEMP(K)    =         172.42
 SC_Etot=       127.0111  SC_EKtot=        17.6460  SC_EPtot   =       109.3651
 SC_BOND=         3.1198  SC_ANGLE=        18.7086  SC_DIHED   =        21.3404
 SC_14NB=         3.8324  SC_14EEL=        25.9371  SC_VDW     =         1.1188
 SC_EEL =        35.3080
 SC_RES_DIST=     0.0000  SC_RES_ANG=       0.0000  SC_RES_TORS=         0.0000
 SC_EEL_DER=      2.8718  SC_VDW_DER=      -3.5069  SC_DERIV   =        -0.6350
 ------------------------------------------------------------------------------


| TI region  2


 NSTEP =    10000   TIME(PS) =      20.000  TEMP(K) =   143.60  PRESS =     0.0
 Etot   =    -50785.2502  EKtot   =      5311.7298  EPtot      =    -56096.9801
 BOND   =       505.8696  ANGLE   =      1412.7197  DIHED      =      3543.3870
 1-4 NB =      1034.3097  1-4 EEL =     10623.7767  VDWAALS    =      5568.3106
 EELEC  =    -79090.7559  EHBOND  =         0.0000  RESTRAINT  =       305.4025
 EAMBER (non-restraint)  =    -56402.3825
 DV/DL  =       -41.0211
 ------------------------------------------------------------------------------

  Softcore part of the system:      41 atoms,       TEMP(K)    =         115.26
 SC_Etot=       188.4879  SC_EKtot=        11.4520  SC_EPtot   =       177.0360
 SC_BOND=         4.3220  SC_ANGLE=        12.3181  SC_DIHED   =        15.4128
 SC_14NB=         4.8394  SC_14EEL=        92.2508  SC_VDW     =        -1.1402
 SC_EEL =        49.0331
 SC_RES_DIST=     0.0000  SC_RES_ANG=       0.0000  SC_RES_TORS=         0.0000
 SC_EEL_DER=      2.8718  SC_VDW_DER=      -3.5069  SC_DERIV   =        -0.6350
 ------------------------------------------------------------------------------

 NMR restraints: Bond =    0.000   Angle =     0.000   Torsion =     0.000
===============================================================================

| TI region  1


 NSTEP =    11000   TIME(PS) =      22.000  TEMP(K) =   157.54  PRESS =     0.0
 Etot   =    -49659.5331  EKtot   =      5827.5610  EPtot      =    -55487.0940
 BOND   =       526.8550  ANGLE   =      1526.2827  DIHED      =      3574.6520
 1-4 NB =      1048.3284  1-4 EEL =     10625.7874  VDWAALS    =      5354.0602
 EELEC  =    -78485.2671  EHBOND  =         0.0000  RESTRAINT  =       342.2075
 EAMBER (non-restraint)  =    -55829.3015
 DV/DL  =       -60.9931
 ------------------------------------------------------------------------------

  Softcore part of the system:      42 atoms,       TEMP(K)    =         188.59
 SC_Etot=       126.0623  SC_EKtot=        19.3001  SC_EPtot   =       106.7622
 SC_BOND=         2.8827  SC_ANGLE=        18.7551  SC_DIHED   =        20.7243
 SC_14NB=         3.2406  SC_14EEL=        26.0869  SC_VDW     =         0.0415
 SC_EEL =        35.0311
 SC_RES_DIST=     0.0000  SC_RES_ANG=       0.0000  SC_RES_TORS=         0.0000
 SC_EEL_DER=      1.7754  SC_VDW_DER=      -7.1185  SC_DERIV   =        -5.3430
 ------------------------------------------------------------------------------


| TI region  2


 NSTEP =    11000   TIME(PS) =      22.000  TEMP(K) =   157.53  PRESS =     0.0
 Etot   =    -49660.4084  EKtot   =      5826.6856  EPtot      =    -55487.0940
 BOND   =       526.8550  ANGLE   =      1526.2827  DIHED      =      3574.6520
 1-4 NB =      1048.3284  1-4 EEL =     10625.7874  VDWAALS    =      5354.0602
 EELEC  =    -78485.2671  EHBOND  =         0.0000  RESTRAINT  =       342.2075
 EAMBER (non-restraint)  =    -55829.3015
 DV/DL  =       -60.9931
 ------------------------------------------------------------------------------

  Softcore part of the system:      41 atoms,       TEMP(K)    =         185.44
 SC_Etot=       194.8715  SC_EKtot=        18.4248  SC_EPtot   =       176.4467
 SC_BOND=         1.8874  SC_ANGLE=        15.0338  SC_DIHED   =        16.7454
 SC_14NB=         4.3403  SC_14EEL=        91.4391  SC_VDW     =        -1.2233
 SC_EEL =        48.2239
 SC_RES_DIST=     0.0000  SC_RES_ANG=       0.0000  SC_RES_TORS=         0.0000
 SC_EEL_DER=      1.7754  SC_VDW_DER=      -7.1185  SC_DERIV   =        -5.3430
 ------------------------------------------------------------------------------

 NMR restraints: Bond =    0.000   Angle =     0.000   Torsion =     0.000
===============================================================================

| TI region  1


 NSTEP =    12000   TIME(PS) =      24.000  TEMP(K) =   171.14  PRESS =     0.0
 Etot   =    -48617.2878  EKtot   =      6330.6642  EPtot      =    -54947.9519
 BOND   =       536.3712  ANGLE   =      1578.3564  DIHED      =      3600.0494
 1-4 NB =      1046.4513  1-4 EEL =     10653.0156  VDWAALS    =      5182.6322
 EELEC  =    -77923.2277  EHBOND  =         0.0000  RESTRAINT  =       378.3997
 EAMBER (non-restraint)  =    -55326.3517
 DV/DL  =       -47.9745
 ------------------------------------------------------------------------------

  Softcore part of the system:      42 atoms,       TEMP(K)    =         183.08
 SC_Etot=       124.5699  SC_EKtot=        18.7367  SC_EPtot   =       105.8333
 SC_BOND=         1.7760  SC_ANGLE=        17.9694  SC_DIHED   =        20.4676
 SC_14NB=         3.8495  SC_14EEL=        26.4436  SC_VDW     =         1.0475
 SC_EEL =        34.2798
 SC_RES_DIST=     0.0000  SC_RES_ANG=       0.0000  SC_RES_TORS=         0.0000
 SC_EEL_DER=      2.0225  SC_VDW_DER=      -5.2837  SC_DERIV   =        -3.2612
 ------------------------------------------------------------------------------


| TI region  2


 NSTEP =    12000   TIME(PS) =      24.000  TEMP(K) =   171.13  PRESS =     0.0
 Etot   =    -48618.1580  EKtot   =      6329.7939  EPtot      =    -54947.9519
 BOND   =       536.3712  ANGLE   =      1578.3564  DIHED      =      3600.0494
 1-4 NB =      1046.4513  1-4 EEL =     10653.0156  VDWAALS    =      5182.6322
 EELEC  =    -77923.2277  EHBOND  =         0.0000  RESTRAINT  =       378.3997
 EAMBER (non-restraint)  =    -55326.3517
 DV/DL  =       -47.9745
 ------------------------------------------------------------------------------

  Softcore part of the system:      41 atoms,       TEMP(K)    =         179.82
 SC_Etot=       195.8886  SC_EKtot=        17.8664  SC_EPtot   =       178.0221
 SC_BOND=         6.0803  SC_ANGLE=        14.4389  SC_DIHED   =        16.4283
 SC_14NB=         4.5053  SC_14EEL=        90.7051  SC_VDW     =        -0.9108
 SC_EEL =        46.7749
 SC_RES_DIST=     0.0000  SC_RES_ANG=       0.0000  SC_RES_TORS=         0.0000
 SC_EEL_DER=      2.0225  SC_VDW_DER=      -5.2837  SC_DERIV   =        -3.2612
 ------------------------------------------------------------------------------

 NMR restraints: Bond =    0.000   Angle =     0.000   Torsion =     0.000
===============================================================================

| TI region  1


 NSTEP =    13000   TIME(PS) =      26.000  TEMP(K) =   187.79  PRESS =     0.0
 Etot   =    -47426.1734  EKtot   =      6946.4835  EPtot      =    -54372.6569
 BOND   =       625.5319  ANGLE   =      1703.3882  DIHED      =      3624.2597
 1-4 NB =      1028.0882  1-4 EEL =     10593.2647  VDWAALS    =      4932.9728
 EELEC  =    -77288.3836  EHBOND  =         0.0000  RESTRAINT  =       408.2211
 EAMBER (non-restraint)  =    -54780.8781
 DV/DL  =       -48.7322
 ------------------------------------------------------------------------------

  Softcore part of the system:      42 atoms,       TEMP(K)    =         188.13
 SC_Etot=       126.8261  SC_EKtot=        19.2530  SC_EPtot   =       107.5731
 SC_BOND=         5.5202  SC_ANGLE=        17.9546  SC_DIHED   =        19.3285
 SC_14NB=         2.9537  SC_14EEL=        26.2644  SC_VDW     =         0.6714
 SC_EEL =        34.8803
 SC_RES_DIST=     0.0000  SC_RES_ANG=       0.0000  SC_RES_TORS=         0.0000
 SC_EEL_DER=      2.4187  SC_VDW_DER=      -7.0569  SC_DERIV   =        -4.6382
 ------------------------------------------------------------------------------


| TI region  2


 NSTEP =    13000   TIME(PS) =      26.000  TEMP(K) =   187.80  PRESS =     0.0
 Etot   =    -47426.2914  EKtot   =      6946.3655  EPtot      =    -54372.6569
 BOND   =       625.5319  ANGLE   =      1703.3882  DIHED      =      3624.2597
 1-4 NB =      1028.0882  1-4 EEL =     10593.2647  VDWAALS    =      4932.9728
 EELEC  =    -77288.3836  EHBOND  =         0.0000  RESTRAINT  =       408.2211
 EAMBER (non-restraint)  =    -54780.8781
 DV/DL  =       -48.7322
 ------------------------------------------------------------------------------

  Softcore part of the system:      41 atoms,       TEMP(K)    =         192.58
 SC_Etot=       201.8181  SC_EKtot=        19.1350  SC_EPtot   =       182.6831
 SC_BOND=         5.2902  SC_ANGLE=        14.1927  SC_DIHED   =        17.6707
 SC_14NB=         4.5980  SC_14EEL=        91.7287  SC_VDW     =         0.3073
 SC_EEL =        48.8956
 SC_RES_DIST=     0.0000  SC_RES_ANG=       0.0000  SC_RES_TORS=         0.0000
 SC_EEL_DER=      2.4187  SC_VDW_DER=      -7.0569  SC_DERIV   =        -4.6382
 ------------------------------------------------------------------------------

 NMR restraints: Bond =    0.000   Angle =     0.000   Torsion =     0.000
===============================================================================

| TI region  1


 NSTEP =    14000   TIME(PS) =      28.000  TEMP(K) =   200.10  PRESS =     0.0
 Etot   =    -46286.7541  EKtot   =      7401.9855  EPtot      =    -53688.7396
 BOND   =       635.1194  ANGLE   =      1728.6094  DIHED      =      3615.9270
 1-4 NB =      1033.7598  1-4 EEL =     10648.1843  VDWAALS    =      4812.0202
 EELEC  =    -76595.6833  EHBOND  =         0.0000  RESTRAINT  =       433.3237
 EAMBER (non-restraint)  =    -54122.0632
 DV/DL  =       -41.1068
 ------------------------------------------------------------------------------

  Softcore part of the system:      42 atoms,       TEMP(K)    =         227.78
 SC_Etot=       135.4261  SC_EKtot=        23.3111  SC_EPtot   =       112.1150
 SC_BOND=         5.7606  SC_ANGLE=        21.7984  SC_DIHED   =        18.8815
 SC_14NB=         3.2909  SC_14EEL=        25.5012  SC_VDW     =         1.4424
 SC_EEL =        35.4401
 SC_RES_DIST=     0.0000  SC_RES_ANG=       0.0000  SC_RES_TORS=         0.0000
 SC_EEL_DER=      2.1064  SC_VDW_DER=      -1.9027  SC_DERIV   =         0.2037
 ------------------------------------------------------------------------------


| TI region  2


 NSTEP =    14000   TIME(PS) =      28.000  TEMP(K) =   200.02  PRESS =     0.0
 Etot   =    -46290.2264  EKtot   =      7398.5132  EPtot      =    -53688.7396
 BOND   =       635.1194  ANGLE   =      1728.6094  DIHED      =      3615.9270
 1-4 NB =      1033.7598  1-4 EEL =     10648.1843  VDWAALS    =      4812.0202
 EELEC  =    -76595.6833  EHBOND  =         0.0000  RESTRAINT  =       433.3237
 EAMBER (non-restraint)  =    -54122.0632
 DV/DL  =       -41.1068
 ------------------------------------------------------------------------------

  Softcore part of the system:      41 atoms,       TEMP(K)    =         199.67
 SC_Etot=       198.2192  SC_EKtot=        19.8388  SC_EPtot   =       178.3804
 SC_BOND=         5.5072  SC_ANGLE=        12.5492  SC_DIHED   =        16.2116
 SC_14NB=         4.2702  SC_14EEL=        91.1831  SC_VDW     =        -0.3463
 SC_EEL =        49.0053
 SC_RES_DIST=     0.0000  SC_RES_ANG=       0.0000  SC_RES_TORS=         0.0000
 SC_EEL_DER=      2.1064  SC_VDW_DER=      -1.9027  SC_DERIV   =         0.2037
 ------------------------------------------------------------------------------

 NMR restraints: Bond =    0.000   Angle =     0.000   Torsion =     0.000
===============================================================================

| TI region  1


 NSTEP =    15000   TIME(PS) =      30.000  TEMP(K) =   217.20  PRESS =     0.0
 Etot   =    -45012.6264  EKtot   =      8034.6586  EPtot      =    -53047.2849
 BOND   =       660.9271  ANGLE   =      1877.8187  DIHED      =      3637.4602
 1-4 NB =      1059.9177  1-4 EEL =     10644.0246  VDWAALS    =      4713.0621
 EELEC  =    -76107.1296  EHBOND  =         0.0000  RESTRAINT  =       466.6342
 EAMBER (non-restraint)  =    -53513.9191
 DV/DL  =       -43.2000
 ------------------------------------------------------------------------------

  Softcore part of the system:      42 atoms,       TEMP(K)    =         192.50
 SC_Etot=       132.0442  SC_EKtot=        19.7003  SC_EPtot   =       112.3439
 SC_BOND=         4.6420  SC_ANGLE=        18.8417  SC_DIHED   =        23.3091
 SC_14NB=         4.0174  SC_14EEL=        26.8353  SC_VDW     =         0.0311
 SC_EEL =        34.6673
 SC_RES_DIST=     0.0000  SC_RES_ANG=       0.0000  SC_RES_TORS=         0.0000
 SC_EEL_DER=      2.1464  SC_VDW_DER=      -4.2707  SC_DERIV   =        -2.1244
 ------------------------------------------------------------------------------


| TI region  2


 NSTEP =    15000   TIME(PS) =      30.000  TEMP(K) =   217.21  PRESS =     0.0
 Etot   =    -45012.9721  EKtot   =      8034.3128  EPtot      =    -53047.2849
 BOND   =       660.9271  ANGLE   =      1877.8187  DIHED      =      3637.4602
 1-4 NB =      1059.9177  1-4 EEL =     10644.0246  VDWAALS    =      4713.0621
 EELEC  =    -76107.1296  EHBOND  =         0.0000  RESTRAINT  =       466.6342
 EAMBER (non-restraint)  =    -53513.9191
 DV/DL  =       -43.2000
 ------------------------------------------------------------------------------

  Softcore part of the system:      41 atoms,       TEMP(K)    =         194.79
 SC_Etot=       197.1332  SC_EKtot=        19.3545  SC_EPtot   =       177.7786
 SC_BOND=         5.3990  SC_ANGLE=        11.9579  SC_DIHED   =        16.5614
 SC_14NB=         4.1449  SC_14EEL=        91.3954  SC_VDW     =        -0.4994
 SC_EEL =        48.8194
 SC_RES_DIST=     0.0000  SC_RES_ANG=       0.0000  SC_RES_TORS=         0.0000
 SC_EEL_DER=      2.1464  SC_VDW_DER=      -4.2707  SC_DERIV   =        -2.1244
 ------------------------------------------------------------------------------

 NMR restraints: Bond =    0.000   Angle =     0.000   Torsion =     0.000
===============================================================================

| TI region  1


 NSTEP =    16000   TIME(PS) =      32.000  TEMP(K) =   230.07  PRESS =     0.0
 Etot   =    -43600.2697  EKtot   =      8510.7686  EPtot      =    -52111.0383
 BOND   =       723.8959  ANGLE   =      1897.6060  DIHED      =      3663.1329
 1-4 NB =      1056.8945  1-4 EEL =     10639.8036  VDWAALS    =      4163.6360
 EELEC  =    -74758.4541  EHBOND  =         0.0000  RESTRAINT  =       502.4470
 EAMBER (non-restraint)  =    -52613.4853
 DV/DL  =       -73.8423
 ------------------------------------------------------------------------------

  Softcore part of the system:      42 atoms,       TEMP(K)    =         183.94
 SC_Etot=       134.5420  SC_EKtot=        18.8247  SC_EPtot   =       115.7173
 SC_BOND=         3.5355  SC_ANGLE=        26.7517  SC_DIHED   =        22.2221
 SC_14NB=         2.9445  SC_14EEL=        25.1213  SC_VDW     =         0.4693
 SC_EEL =        34.6729
 SC_RES_DIST=     0.0000  SC_RES_ANG=       0.0000  SC_RES_TORS=         0.0000
 SC_EEL_DER=      2.7585  SC_VDW_DER=     -14.5149  SC_DERIV   =       -11.7563
 ------------------------------------------------------------------------------


| TI region  2


 NSTEP =    16000   TIME(PS) =      32.000  TEMP(K) =   230.12  PRESS =     0.0
 Etot   =    -43599.1645  EKtot   =      8511.8738  EPtot      =    -52111.0383
 BOND   =       723.8959  ANGLE   =      1897.6060  DIHED      =      3663.1329
 1-4 NB =      1056.8945  1-4 EEL =     10639.8036  VDWAALS    =      4163.6360
 EELEC  =    -74758.4541  EHBOND  =         0.0000  RESTRAINT  =       502.4470
 EAMBER (non-restraint)  =    -52613.4853
 DV/DL  =       -73.8423
 ------------------------------------------------------------------------------

  Softcore part of the system:      41 atoms,       TEMP(K)    =         200.58
 SC_Etot=       207.8142  SC_EKtot=        19.9299  SC_EPtot   =       187.8842
 SC_BOND=         8.4444  SC_ANGLE=        17.3948  SC_DIHED   =        16.7233
 SC_14NB=         5.6290  SC_14EEL=        90.8960  SC_VDW     =        -0.4891
 SC_EEL =        49.2860
 SC_RES_DIST=     0.0000  SC_RES_ANG=       0.0000  SC_RES_TORS=         0.0000
 SC_EEL_DER=      2.7585  SC_VDW_DER=     -14.5149  SC_DERIV   =       -11.7563
 ------------------------------------------------------------------------------

 NMR restraints: Bond =    0.000   Angle =     0.000   Torsion =     0.000
===============================================================================

| TI region  1


 NSTEP =    17000   TIME(PS) =      34.000  TEMP(K) =   245.04  PRESS =     0.0
 Etot   =    -42192.1016  EKtot   =      9064.5204  EPtot      =    -51256.6221
 BOND   =       733.2045  ANGLE   =      2036.5080  DIHED      =      3690.0005
 1-4 NB =      1073.7509  1-4 EEL =     10582.5219  VDWAALS    =      3932.4084
 EELEC  =    -73818.3320  EHBOND  =         0.0000  RESTRAINT  =       513.3157
 EAMBER (non-restraint)  =    -51769.9378
 DV/DL  =       -43.7147
 ------------------------------------------------------------------------------

  Softcore part of the system:      42 atoms,       TEMP(K)    =         237.99
 SC_Etot=       136.6995  SC_EKtot=        24.3557  SC_EPtot   =       112.3438
 SC_BOND=         5.0322  SC_ANGLE=        20.9431  SC_DIHED   =        19.8197
 SC_14NB=         3.7708  SC_14EEL=        24.9308  SC_VDW     =         2.7902
 SC_EEL =        35.0570
 SC_RES_DIST=     0.0000  SC_RES_ANG=       0.0000  SC_RES_TORS=         0.0000
 SC_EEL_DER=      1.3080  SC_VDW_DER=       3.3163  SC_DERIV   =         4.6243
 ------------------------------------------------------------------------------


| TI region  2


 NSTEP =    17000   TIME(PS) =      34.000  TEMP(K) =   245.01  PRESS =     0.0
 Etot   =    -42194.0617  EKtot   =      9062.5604  EPtot      =    -51256.6221
 BOND   =       733.2045  ANGLE   =      2036.5080  DIHED      =      3690.0005
 1-4 NB =      1073.7509  1-4 EEL =     10582.5219  VDWAALS    =      3932.4084
 EELEC  =    -73818.3320  EHBOND  =         0.0000  RESTRAINT  =       513.3157
 EAMBER (non-restraint)  =    -51769.9378
 DV/DL  =       -43.7147
 ------------------------------------------------------------------------------

  Softcore part of the system:      41 atoms,       TEMP(K)    =         225.40
 SC_Etot=       210.7136  SC_EKtot=        22.3957  SC_EPtot   =       188.3179
 SC_BOND=         8.8782  SC_ANGLE=        20.5862  SC_DIHED   =        16.0676
 SC_14NB=         4.2398  SC_14EEL=        89.7087  SC_VDW     =        -0.7001
 SC_EEL =        49.5375
 SC_RES_DIST=     0.0000  SC_RES_ANG=       0.0000  SC_RES_TORS=         0.0000
 SC_EEL_DER=      1.3080  SC_VDW_DER=       3.3163  SC_DERIV   =         4.6243
 ------------------------------------------------------------------------------

 NMR restraints: Bond =    0.000   Angle =     0.000   Torsion =     0.000
===============================================================================

| TI region  1


 NSTEP =    18000   TIME(PS) =      36.000  TEMP(K) =   260.28  PRESS =     0.0
 Etot   =    -40909.2069  EKtot   =      9628.0679  EPtot      =    -50537.2747
 BOND   =       806.3990  ANGLE   =      2086.9251  DIHED      =      3720.4106
 1-4 NB =      1078.9713  1-4 EEL =     10642.6675  VDWAALS    =      3788.3598
 EELEC  =    -73195.1976  EHBOND  =         0.0000  RESTRAINT  =       534.1895
 EAMBER (non-restraint)  =    -51071.4642
 DV/DL  =       -40.5841
 ------------------------------------------------------------------------------

  Softcore part of the system:      42 atoms,       TEMP(K)    =         277.05
 SC_Etot=       141.8335  SC_EKtot=        28.3534  SC_EPtot   =       113.4802
 SC_BOND=         5.1461  SC_ANGLE=        22.6721  SC_DIHED   =        20.7268
 SC_14NB=         3.3942  SC_14EEL=        26.9560  SC_VDW     =         0.8223
 SC_EEL =        33.7627
 SC_RES_DIST=     0.0000  SC_RES_ANG=       0.0000  SC_RES_TORS=         0.0000
 SC_EEL_DER=      2.4810  SC_VDW_DER=      -1.9068  SC_DERIV   =         0.5742
 ------------------------------------------------------------------------------


| TI region  2


 NSTEP =    18000   TIME(PS) =      36.000  TEMP(K) =   260.12  PRESS =     0.0
 Etot   =    -40915.6948  EKtot   =      9621.5799  EPtot      =    -50537.2747
 BOND   =       806.3990  ANGLE   =      2086.9251  DIHED      =      3720.4106
 1-4 NB =      1078.9713  1-4 EEL =     10642.6675  VDWAALS    =      3788.3598
 EELEC  =    -73195.1976  EHBOND  =         0.0000  RESTRAINT  =       534.1895
 EAMBER (non-restraint)  =    -51071.4642
 DV/DL  =       -40.5841
 ------------------------------------------------------------------------------

  Softcore part of the system:      41 atoms,       TEMP(K)    =         220.06
 SC_Etot=       205.3780  SC_EKtot=        21.8654  SC_EPtot   =       183.5126
 SC_BOND=         3.0876  SC_ANGLE=        14.4727  SC_DIHED   =        19.6276
 SC_14NB=         5.1229  SC_14EEL=        91.9631  SC_VDW     =        -0.4475
 SC_EEL =        49.6863
 SC_RES_DIST=     0.0000  SC_RES_ANG=       0.0000  SC_RES_TORS=         0.0000
 SC_EEL_DER=      2.4810  SC_VDW_DER=      -1.9068  SC_DERIV   =         0.5742
 ------------------------------------------------------------------------------

 NMR restraints: Bond =    0.000   Angle =     0.000   Torsion =     0.000
===============================================================================

| TI region  1


 NSTEP =    19000   TIME(PS) =      38.000  TEMP(K) =   275.60  PRESS =     0.0
 Etot   =    -39345.7294  EKtot   =     10194.7264  EPtot      =    -49540.4558
 BOND   =       808.4087  ANGLE   =      2159.9233  DIHED      =      3719.3957
 1-4 NB =      1086.4470  1-4 EEL =     10620.4898  VDWAALS    =      3294.6743
 EELEC  =    -71842.0720  EHBOND  =         0.0000  RESTRAINT  =       612.2773
 EAMBER (non-restraint)  =    -50152.7331
 DV/DL  =       -55.8045
 ------------------------------------------------------------------------------

  Softcore part of the system:      42 atoms,       TEMP(K)    =         322.55
 SC_Etot=       152.4006  SC_EKtot=        33.0103  SC_EPtot   =       119.3903
 SC_BOND=         9.8421  SC_ANGLE=        24.1219  SC_DIHED   =        21.0395
 SC_14NB=         3.2029  SC_14EEL=        25.9881  SC_VDW     =         0.5959
 SC_EEL =        34.5998
 SC_RES_DIST=     0.0000  SC_RES_ANG=       0.0000  SC_RES_TORS=         0.0000
 SC_EEL_DER=      1.0602  SC_VDW_DER=     -10.3200  SC_DERIV   =        -9.2598
 ------------------------------------------------------------------------------


| TI region  2


 NSTEP =    19000   TIME(PS) =      38.000  TEMP(K) =   275.43  PRESS =     0.0
 Etot   =    -39352.7619  EKtot   =     10187.6939  EPtot      =    -49540.4558
 BOND   =       808.4087  ANGLE   =      2159.9233  DIHED      =      3719.3957
 1-4 NB =      1086.4470  1-4 EEL =     10620.4898  VDWAALS    =      3294.6743
 EELEC  =    -71842.0720  EHBOND  =         0.0000  RESTRAINT  =       612.2773
 EAMBER (non-restraint)  =    -50152.7331
 DV/DL  =       -55.8045
 ------------------------------------------------------------------------------

  Softcore part of the system:      41 atoms,       TEMP(K)    =         261.45
 SC_Etot=       209.2572  SC_EKtot=        25.9778  SC_EPtot   =       183.2794
 SC_BOND=         7.4040  SC_ANGLE=        17.1421  SC_DIHED   =        16.8477
 SC_14NB=         3.4854  SC_14EEL=        91.3517  SC_VDW     =        -0.6506
 SC_EEL =        47.6991
 SC_RES_DIST=     0.0000  SC_RES_ANG=       0.0000  SC_RES_TORS=         0.0000
 SC_EEL_DER=      1.0602  SC_VDW_DER=     -10.3200  SC_DERIV   =        -9.2598
 ------------------------------------------------------------------------------

 NMR restraints: Bond =    0.000   Angle =     0.000   Torsion =     0.000
===============================================================================

| TI region  1


 NSTEP =    20000   TIME(PS) =      40.000  TEMP(K) =   289.12  PRESS =     0.0
 Etot   =    -37621.1109  EKtot   =     10694.8386  EPtot      =    -48315.9496
 BOND   =       867.9434  ANGLE   =      2289.9360  DIHED      =      3740.8516
 1-4 NB =      1094.2557  1-4 EEL =     10589.6947  VDWAALS    =      2986.2525
 EELEC  =    -70504.3433  EHBOND  =         0.0000  RESTRAINT  =       619.4599
 EAMBER (non-restraint)  =    -48935.4094
 DV/DL  =       -56.0879
 ------------------------------------------------------------------------------

  Softcore part of the system:      42 atoms,       TEMP(K)    =         282.06
 SC_Etot=       143.3082  SC_EKtot=        28.8664  SC_EPtot   =       114.4418
 SC_BOND=         4.3033  SC_ANGLE=        24.9476  SC_DIHED   =        20.4665
 SC_14NB=         3.3234  SC_14EEL=        25.1004  SC_VDW     =         1.2910
 SC_EEL =        35.0096
 SC_RES_DIST=     0.0000  SC_RES_ANG=       0.0000  SC_RES_TORS=         0.0000
 SC_EEL_DER=      0.0941  SC_VDW_DER=      -6.5807  SC_DERIV   =        -6.4867
 ------------------------------------------------------------------------------


| TI region  2


 NSTEP =    20000   TIME(PS) =      40.000  TEMP(K) =   289.19  PRESS =     0.0
 Etot   =    -37619.2394  EKtot   =     10696.7102  EPtot      =    -48315.9496
 BOND   =       867.9434  ANGLE   =      2289.9360  DIHED      =      3740.8516
 1-4 NB =      1094.2557  1-4 EEL =     10589.6947  VDWAALS    =      2986.2525
 EELEC  =    -70504.3433  EHBOND  =         0.0000  RESTRAINT  =       619.4599
 EAMBER (non-restraint)  =    -48935.4094
 DV/DL  =       -56.0879
 ------------------------------------------------------------------------------

  Softcore part of the system:      41 atoms,       TEMP(K)    =         309.36
 SC_Etot=       221.2937  SC_EKtot=        30.7380  SC_EPtot   =       190.5557
 SC_BOND=         6.5273  SC_ANGLE=        21.4463  SC_DIHED   =        16.7898
 SC_14NB=         5.0739  SC_14EEL=        90.5948  SC_VDW     =         1.4270
 SC_EEL =        48.6967
 SC_RES_DIST=     0.0000  SC_RES_ANG=       0.0000  SC_RES_TORS=         0.0000
 SC_EEL_DER=      0.0941  SC_VDW_DER=      -6.5807  SC_DERIV   =        -6.4867
 ------------------------------------------------------------------------------

 NMR restraints: Bond =    0.000   Angle =     0.000   Torsion =     0.000
===============================================================================

| TI region  1


 NSTEP =    21000   TIME(PS) =      42.000  TEMP(K) =   301.53  PRESS =     0.0
 Etot   =    -36932.8269  EKtot   =     11154.1874  EPtot      =    -48087.0143
 BOND   =       853.6226  ANGLE   =      2297.5809  DIHED      =      3750.1674
 1-4 NB =      1096.5515  1-4 EEL =     10630.4590  VDWAALS    =      2934.9391
 EELEC  =    -70258.6560  EHBOND  =         0.0000  RESTRAINT  =       608.3212
 EAMBER (non-restraint)  =    -48695.3355
 DV/DL  =       -48.6318
 ------------------------------------------------------------------------------

  Softcore part of the system:      42 atoms,       TEMP(K)    =         242.62
 SC_Etot=       141.0088  SC_EKtot=        24.8295  SC_EPtot   =       116.1792
 SC_BOND=         5.0585  SC_ANGLE=        24.0427  SC_DIHED   =        22.7352
 SC_14NB=         2.9523  SC_14EEL=        26.2765  SC_VDW     =         0.4710
 SC_EEL =        34.6430
 SC_RES_DIST=     0.0000  SC_RES_ANG=       0.0000  SC_RES_TORS=         0.0000
 SC_EEL_DER=      0.8203  SC_VDW_DER=      -5.5764  SC_DERIV   =        -4.7560
 ------------------------------------------------------------------------------


| TI region  2


 NSTEP =    21000   TIME(PS) =      42.000  TEMP(K) =   301.52  PRESS =     0.0
 Etot   =    -36934.2827  EKtot   =     11152.7316  EPtot      =    -48087.0143
 BOND   =       853.6226  ANGLE   =      2297.5809  DIHED      =      3750.1674
 1-4 NB =      1096.5515  1-4 EEL =     10630.4590  VDWAALS    =      2934.9391
 EELEC  =    -70258.6560  EHBOND  =         0.0000  RESTRAINT  =       608.3212
 EAMBER (non-restraint)  =    -48695.3355
 DV/DL  =       -48.6318
 ------------------------------------------------------------------------------

  Softcore part of the system:      41 atoms,       TEMP(K)    =         235.24
 SC_Etot=       210.7459  SC_EKtot=        23.3738  SC_EPtot   =       187.3721
 SC_BOND=         5.2695  SC_ANGLE=        19.1103  SC_DIHED   =        16.4310
 SC_14NB=         5.7589  SC_14EEL=        91.4554  SC_VDW     =        -0.0985
 SC_EEL =        49.4455
 SC_RES_DIST=     0.0000  SC_RES_ANG=       0.0000  SC_RES_TORS=         0.0000
 SC_EEL_DER=      0.8203  SC_VDW_DER=      -5.5764  SC_DERIV   =        -4.7560
 ------------------------------------------------------------------------------

 NMR restraints: Bond =    0.000   Angle =     0.000   Torsion =     0.000
===============================================================================

| TI region  1


 NSTEP =    22000   TIME(PS) =      44.000  TEMP(K) =   300.81  PRESS =     0.0
 Etot   =    -36624.5829  EKtot   =     11127.4262  EPtot      =    -47752.0092
 BOND   =       850.6563  ANGLE   =      2338.3924  DIHED      =      3759.8555
 1-4 NB =      1089.9763  1-4 EEL =     10641.1466  VDWAALS    =      2892.0101
 EELEC  =    -69936.4966  EHBOND  =         0.0000  RESTRAINT  =       612.4502
 EAMBER (non-restraint)  =    -48364.4594
 DV/DL  =       -42.0852
 ------------------------------------------------------------------------------

  Softcore part of the system:      42 atoms,       TEMP(K)    =         326.19
 SC_Etot=       154.7234  SC_EKtot=        33.3826  SC_EPtot   =       121.3407
 SC_BOND=         8.3423  SC_ANGLE=        26.1150  SC_DIHED   =        23.5757
 SC_14NB=         3.2771  SC_14EEL=        25.8640  SC_VDW     =        -1.1247
 SC_EEL =        35.2912
 SC_RES_DIST=     0.0000  SC_RES_ANG=       0.0000  SC_RES_TORS=         0.0000
 SC_EEL_DER=      0.2619  SC_VDW_DER=      -3.6711  SC_DERIV   =        -3.4093
 ------------------------------------------------------------------------------


| TI region  2


 NSTEP =    22000   TIME(PS) =      44.000  TEMP(K) =   300.73  PRESS =     0.0
 Etot   =    -36628.5053  EKtot   =     11123.5039  EPtot      =    -47752.0092
 BOND   =       850.6563  ANGLE   =      2338.3924  DIHED      =      3759.8555
 1-4 NB =      1089.9763  1-4 EEL =     10641.1466  VDWAALS    =      2892.0101
 EELEC  =    -69936.4966  EHBOND  =         0.0000  RESTRAINT  =       612.4502
 EAMBER (non-restraint)  =    -48364.4594
 DV/DL  =       -42.0852
 ------------------------------------------------------------------------------

  Softcore part of the system:      41 atoms,       TEMP(K)    =         296.50
 SC_Etot=       216.7061  SC_EKtot=        29.4603  SC_EPtot   =       187.2458
 SC_BOND=         8.4943  SC_ANGLE=        19.2637  SC_DIHED   =        18.7089
 SC_14NB=         3.9357  SC_14EEL=        90.9204  SC_VDW     =        -1.2106
 SC_EEL =        47.1335
 SC_RES_DIST=     0.0000  SC_RES_ANG=       0.0000  SC_RES_TORS=         0.0000
 SC_EEL_DER=      0.2619  SC_VDW_DER=      -3.6711  SC_DERIV   =        -3.4093
 ------------------------------------------------------------------------------

 NMR restraints: Bond =    0.000   Angle =     0.000   Torsion =     0.000
===============================================================================

| TI region  1


 NSTEP =    23000   TIME(PS) =      46.000  TEMP(K) =   301.63  PRESS =     0.0
 Etot   =    -36546.2237  EKtot   =     11157.6582  EPtot      =    -47703.8819
 BOND   =       889.2946  ANGLE   =      2327.6034  DIHED      =      3749.1185
 1-4 NB =      1098.2698  1-4 EEL =     10643.6692  VDWAALS    =      2901.3007
 EELEC  =    -69943.5014  EHBOND  =         0.0000  RESTRAINT  =       630.3633
 EAMBER (non-restraint)  =    -48334.2452
 DV/DL  =       -52.1092
 ------------------------------------------------------------------------------

  Softcore part of the system:      42 atoms,       TEMP(K)    =         257.56
 SC_Etot=       149.3698  SC_EKtot=        26.3588  SC_EPtot   =       123.0110
 SC_BOND=         6.8876  SC_ANGLE=        25.8840  SC_DIHED   =        25.2630
 SC_14NB=         3.3514  SC_14EEL=        25.9780  SC_VDW     =         0.5963
 SC_EEL =        35.0507
 SC_RES_DIST=     0.0000  SC_RES_ANG=       0.0000  SC_RES_TORS=         0.0000
 SC_EEL_DER=      2.4275  SC_VDW_DER=      -5.3774  SC_DERIV   =        -2.9499
 ------------------------------------------------------------------------------


| TI region  2


 NSTEP =    23000   TIME(PS) =      46.000  TEMP(K) =   301.66  PRESS =     0.0
 Etot   =    -36545.7619  EKtot   =     11158.1200  EPtot      =    -47703.8819
 BOND   =       889.2946  ANGLE   =      2327.6034  DIHED      =      3749.1185
 1-4 NB =      1098.2698  1-4 EEL =     10643.6692  VDWAALS    =      2901.3007
 EELEC  =    -69943.5014  EHBOND  =         0.0000  RESTRAINT  =       630.3633
 EAMBER (non-restraint)  =    -48334.2452
 DV/DL  =       -52.1092
 ------------------------------------------------------------------------------

  Softcore part of the system:      41 atoms,       TEMP(K)    =         269.93
 SC_Etot=       215.9338  SC_EKtot=        26.8206  SC_EPtot   =       189.1132
 SC_BOND=         8.0046  SC_ANGLE=        18.7692  SC_DIHED   =        16.6525
 SC_14NB=         5.2716  SC_14EEL=        91.9364  SC_VDW     =        -0.1491
 SC_EEL =        48.6280
 SC_RES_DIST=     0.0000  SC_RES_ANG=       0.0000  SC_RES_TORS=         0.0000
 SC_EEL_DER=      2.4275  SC_VDW_DER=      -5.3774  SC_DERIV   =        -2.9499
 ------------------------------------------------------------------------------

 NMR restraints: Bond =    0.000   Angle =     0.000   Torsion =     0.000
===============================================================================

| TI region  1


 NSTEP =    24000   TIME(PS) =      48.000  TEMP(K) =   301.68  PRESS =     0.0
 Etot   =    -36537.6571  EKtot   =     11159.7172  EPtot      =    -47697.3743
 BOND   =       919.1306  ANGLE   =      2305.3730  DIHED      =      3758.7728
 1-4 NB =      1091.7803  1-4 EEL =     10657.1679  VDWAALS    =      2710.8010
 EELEC  =    -69780.3669  EHBOND  =         0.0000  RESTRAINT  =       639.9669
 EAMBER (non-restraint)  =    -48337.3412
 DV/DL  =       -40.4825
 ------------------------------------------------------------------------------

  Softcore part of the system:      42 atoms,       TEMP(K)    =         275.43
 SC_Etot=       145.6724  SC_EKtot=        28.1876  SC_EPtot   =       117.4847
 SC_BOND=         5.9942  SC_ANGLE=        20.6217  SC_DIHED   =        24.2002
 SC_14NB=         4.2954  SC_14EEL=        26.3022  SC_VDW     =         1.9655
 SC_EEL =        34.1057
 SC_RES_DIST=     0.0000  SC_RES_ANG=       0.0000  SC_RES_TORS=         0.0000
 SC_EEL_DER=      1.9405  SC_VDW_DER=      -2.2381  SC_DERIV   =        -0.2976
 ------------------------------------------------------------------------------


| TI region  2


 NSTEP =    24000   TIME(PS) =      48.000  TEMP(K) =   301.70  PRESS =     0.0
 Etot   =    -36538.0512  EKtot   =     11159.3230  EPtot      =    -47697.3743
 BOND   =       919.1306  ANGLE   =      2305.3730  DIHED      =      3758.7728
 1-4 NB =      1091.7803  1-4 EEL =     10657.1679  VDWAALS    =      2710.8010
 EELEC  =    -69780.3669  EHBOND  =         0.0000  RESTRAINT  =       639.9669
 EAMBER (non-restraint)  =    -48337.3412
 DV/DL  =       -40.4825
 ------------------------------------------------------------------------------

  Softcore part of the system:      41 atoms,       TEMP(K)    =         279.73
 SC_Etot=       221.6134  SC_EKtot=        27.7935  SC_EPtot   =       193.8199
 SC_BOND=         9.2265  SC_ANGLE=        22.7108  SC_DIHED   =        16.6760
 SC_14NB=         6.2347  SC_14EEL=        91.2309  SC_VDW     =        -0.5162
 SC_EEL =        48.2571
 SC_RES_DIST=     0.0000  SC_RES_ANG=       0.0000  SC_RES_TORS=         0.0000
 SC_EEL_DER=      1.9405  SC_VDW_DER=      -2.2381  SC_DERIV   =        -0.2976
 ------------------------------------------------------------------------------

 NMR restraints: Bond =    0.000   Angle =     0.000   Torsion =     0.000
===============================================================================

| TI region  1


 NSTEP =    25000   TIME(PS) =      50.000  TEMP(K) =   296.89  PRESS =     0.0
 Etot   =    -37022.9994  EKtot   =     10982.3296  EPtot      =    -48005.3290
 BOND   =       848.2103  ANGLE   =      2272.0845  DIHED      =      3743.4137
 1-4 NB =      1086.8036  1-4 EEL =     10651.2432  VDWAALS    =      2740.8783
 EELEC  =    -69980.0081  EHBOND  =         0.0000  RESTRAINT  =       632.0456
 EAMBER (non-restraint)  =    -48637.3746
 DV/DL  =       -53.1173
 ------------------------------------------------------------------------------

  Softcore part of the system:      42 atoms,       TEMP(K)    =         263.99
 SC_Etot=       143.2673  SC_EKtot=        27.0167  SC_EPtot   =       116.2506
 SC_BOND=         4.3282  SC_ANGLE=        25.5273  SC_DIHED   =        21.7788
 SC_14NB=         2.9763  SC_14EEL=        26.7969  SC_VDW     =         0.8095
 SC_EEL =        34.0335
 SC_RES_DIST=     0.0000  SC_RES_ANG=       0.0000  SC_RES_TORS=         0.0000
 SC_EEL_DER=      2.9427  SC_VDW_DER=      -9.9698  SC_DERIV   =        -7.0271
 ------------------------------------------------------------------------------


| TI region  2


 NSTEP =    25000   TIME(PS) =      50.000  TEMP(K) =   296.76  PRESS =     0.0
 Etot   =    -37028.5393  EKtot   =     10976.7898  EPtot      =    -48005.3290
 BOND   =       848.2103  ANGLE   =      2272.0845  DIHED      =      3743.4137
 1-4 NB =      1086.8036  1-4 EEL =     10651.2432  VDWAALS    =      2740.8783
 EELEC  =    -69980.0081  EHBOND  =         0.0000  RESTRAINT  =       632.0456
 EAMBER (non-restraint)  =    -48637.3746
 DV/DL  =       -53.1173
 ------------------------------------------------------------------------------

  Softcore part of the system:      41 atoms,       TEMP(K)    =         216.15
 SC_Etot=       203.9483  SC_EKtot=        21.4769  SC_EPtot   =       182.4714
 SC_BOND=         7.6890  SC_ANGLE=        10.5698  SC_DIHED   =        18.2111
 SC_14NB=         5.2281  SC_14EEL=        90.7999  SC_VDW     =         0.5644
 SC_EEL =        49.4091
 SC_RES_DIST=     0.0000  SC_RES_ANG=       0.0000  SC_RES_TORS=         0.0000
 SC_EEL_DER=      2.9427  SC_VDW_DER=      -9.9698  SC_DERIV   =        -7.0271
 ------------------------------------------------------------------------------

 NMR restraints: Bond =    0.000   Angle =     0.000   Torsion =     0.000
===============================================================================

| TI region  1


      A V E R A G E S   O V E R      25 S T E P S


 NSTEP =    25000   TIME(PS) =      50.000  TEMP(K) =   180.47  PRESS =     0.0
 Etot   =    -47108.6548  EKtot   =      6675.7190  EPtot      =    -53784.3738
 BOND   =       585.5821  ANGLE   =      1637.1089  DIHED      =      3598.9760
 1-4 NB =      1045.3540  1-4 EEL =     10629.1438  VDWAALS    =      4737.1721
 EELEC  =    -76407.6174  EHBOND  =         0.0000  RESTRAINT  =       389.9066
 EAMBER (non-restraint)  =    -54174.2805
 DV/DL  =       -51.3002
 ------------------------------------------------------------------------------

 NMR restraints: Bond =    0.000   Angle =     0.000   Torsion =     0.000
===============================================================================
  Softcore part of the system:      42 atoms,       TEMP(K)    =         175.79
 SC_Etot=       126.1495  SC_EKtot=        17.9906  SC_EPtot   =       108.1589
 SC_BOND=         4.0723  SC_ANGLE=        18.3707  SC_DIHED   =        21.0299
 SC_14NB=         3.3294  SC_14EEL=        26.0039  SC_VDW     =         0.7021
 SC_EEL =        34.6505
 SC_RES_DIST=     0.0000  SC_RES_ANG=       0.0000  SC_RES_TORS=         0.0000
 SC_EEL_DER=      1.7876  SC_VDW_DER=      -5.5172  SC_DERIV   =        -3.7296
 ------------------------------------------------------------------------------


      R M S  F L U C T U A T I O N S


 NSTEP =    25000   TIME(PS) =      50.000  TEMP(K) =    96.10  PRESS =     0.0
 Etot   =      7826.8223  EKtot   =      3554.9594  EPtot      =      4292.0977
 BOND   =       234.8190  ANGLE   =       547.6249  DIHED      =       126.2255
 1-4 NB =        38.1687  1-4 EEL =        21.0225  VDWAALS    =      1352.4257
 EELEC  =      4520.5010  EHBOND  =         0.0000  RESTRAINT  =       193.6758
 EAMBER (non-restraint)  =      4098.4219
 DV/DL  =         8.0474
 ------------------------------------------------------------------------------

  Softcore part of the system:      42 atoms,       TEMP(K)    =          95.37
 SC_Etot=        18.5073  SC_EKtot=         9.7604  SC_EPtot   =         8.9503
 SC_BOND=         2.2162  SC_ANGLE=         5.8503  SC_DIHED   =         1.6478
 SC_14NB=         0.3923  SC_14EEL=         0.5001  SC_VDW     =         0.7339
 SC_EEL =         0.4299
 SC_RES_DIST=     0.0000  SC_RES_ANG=       0.0000  SC_RES_TORS=         0.0000
 SC_EEL_DER=      0.8640  SC_VDW_DER=       3.2939  SC_DERIV   =         3.3162
 ------------------------------------------------------------------------------


| TI region  2


      A V E R A G E S   O V E R      25 S T E P S


 NSTEP =    25000   TIME(PS) =      50.000  TEMP(K) =   180.44  PRESS =     0.0
 Etot   =    -47110.0203  EKtot   =      6674.3535  EPtot      =    -53784.3738
 BOND   =       585.5821  ANGLE   =      1637.1089  DIHED      =      3598.9760
 1-4 NB =      1045.3540  1-4 EEL =     10629.1438  VDWAALS    =      4737.1721
 EELEC  =    -76407.6174  EHBOND  =         0.0000  RESTRAINT  =       389.9066
 EAMBER (non-restraint)  =    -54174.2805
 DV/DL  =       -51.3002
 ------------------------------------------------------------------------------

 NMR restraints: Bond =    0.000   Angle =     0.000   Torsion =     0.000
===============================================================================
  Softcore part of the system:      41 atoms,       TEMP(K)    =         167.32
 SC_Etot=       195.4179  SC_EKtot=        16.6251  SC_EPtot   =       178.7928
 SC_BOND=         5.1905  SC_ANGLE=        13.1497  SC_DIHED   =        16.3609
 SC_14NB=         4.7162  SC_14EEL=        91.1561  SC_VDW     =        -0.3892
 SC_EEL =        48.6086
 SC_RES_DIST=     0.0000  SC_RES_ANG=       0.0000  SC_RES_TORS=         0.0000
 SC_EEL_DER=      1.7876  SC_VDW_DER=      -5.5172  SC_DERIV   =        -3.7296
 ------------------------------------------------------------------------------


      R M S  F L U C T U A T I O N S


 NSTEP =    25000   TIME(PS) =      50.000  TEMP(K) =    96.08  PRESS =     0.0
 Etot   =      7825.8938  EKtot   =      3554.0032  EPtot      =      4292.0977
 BOND   =       234.8190  ANGLE   =       547.6249  DIHED      =       126.2255
 1-4 NB =        38.1687  1-4 EEL =        21.0225  VDWAALS    =      1352.4257
 EELEC  =      4520.5010  EHBOND  =         0.0000  RESTRAINT  =       193.6758
 EAMBER (non-restraint)  =      4098.4219
 DV/DL  =         8.0474
 ------------------------------------------------------------------------------

  Softcore part of the system:      41 atoms,       TEMP(K)    =          87.79
 SC_Etot=        17.0552  SC_EKtot=         8.7232  SC_EPtot   =         8.5860
 SC_BOND=         2.4467  SC_ANGLE=         5.3862  SC_DIHED   =         1.2070
 SC_14NB=         0.6095  SC_14EEL=         0.5704  SC_VDW     =         0.6344
 SC_EEL =         0.6743
 SC_RES_DIST=     0.0000  SC_RES_ANG=       0.0000  SC_RES_TORS=         0.0000
 SC_EEL_DER=      0.8640  SC_VDW_DER=       3.2939  SC_DERIV   =         3.3162
 ------------------------------------------------------------------------------


      DV/DL, AVERAGES OVER      25 STEPS


 NSTEP =    25000   TIME(PS) =      50.000  TEMP(K) =    96.08  PRESS =     0.0
 Etot   =         0.0000  EKtot   =         0.0000  EPtot      =       -51.3002
 BOND   =         2.4114  ANGLE   =         0.0939  DIHED      =         0.0000
 1-4 NB =         0.8951  1-4 EEL =       104.8451  VDWAALS    =         6.1590
 EELEC  =      -161.9751  EHBOND  =         0.0000  RESTRAINT  =         0.0000
 DV/DL  =       -51.3002
 ------------------------------------------------------------------------------


 NMR restraints on final step:

--------------------------------------------------------------------------------
   5.  TIMINGS
--------------------------------------------------------------------------------

|  NonSetup CPU Time in Major Routines:
|
|     Routine           Sec        %
|     ------------------------------
|     Nonbond           8.74   37.58
|     Bond              0.00    0.00
|     Angle             0.00    0.00
|     Dihedral          0.00    0.00
|     Shake             0.04    0.17
|     RunMD            14.45   62.13
|     Other             0.03    0.13
|     ------------------------------
|     Total            23.27

|  PME Nonbond Pairlist CPU Time:
|
|     Routine              Sec        %
|     ---------------------------------
|     Set Up Cit           0.00    0.00
|     Build List           0.00    0.00
|     ---------------------------------
|     Total                0.00    0.00

|  PME Direct Force CPU Time:
|
|     Routine              Sec        %
|     ---------------------------------
|     NonBonded Calc       0.00    0.00
|     Exclude Masked       0.00    0.00
|     Other                0.02    0.08
|     ---------------------------------
|     Total                0.02    0.08

|  PME Reciprocal Force CPU Time:
|
|     Routine              Sec        %
|     ---------------------------------
|     1D bspline           0.00    0.00
|     Grid Charges         0.00    0.00
|     Scalar Sum           0.00    0.00
|     Gradient Sum         0.00    0.00
|     FFT                  0.00    0.00
|     ---------------------------------
|     Total                0.00    0.00

|  Final Performance Info:
|     -----------------------------------------------------
|     Average timings for last   25000 steps:
|     Elapsed(s) =      23.26 Per Step(ms) =       0.93
|         ns/day =     185.69   seconds/ns =     465.29
|
|     Average timings for all steps:
|     Elapsed(s) =      23.26 Per Step(ms) =       0.93
|         ns/day =     185.69   seconds/ns =     465.29
|     -----------------------------------------------------

|  Setup CPU time:            0.76 seconds
|  NonSetup CPU time:        23.27 seconds
|  Total CPU time:           24.03 seconds     0.01 hours

|  Setup wall time:           0    seconds
|  NonSetup wall time:       24    seconds
|  Total wall time:          24    seconds     0.01 hours
