
          -------------------------------------------------------
          Amber 20 PMEMD                              2020
          -------------------------------------------------------

| PMEMD implementation of SANDER, Release 18

|  Compiled date/time: Thu May 20 07:44:43 2021
| Run on 10/05/2024 at 18:14:00

|   Executable path: pmemd.cuda
| Working directory: /home/muditj/alk2_rbfe/lig_153~lig_104/water/la-0.04794
|          Hostname: Unknown
  [-O]verwriting output

File Assignments:
|   MDIN: 2_nvt/nvt.in                                                          
|  MDOUT: 2_nvt/ligwat_nvt.out                                                  
| INPCRD: 2_nvt/ligwat_nvt.inpcrd                                               
|   PARM: ../ligwat.prmtop                                                      
| RESTRT: 2_nvt/ligwat_nvt.rst                                                  
|   REFC: 2_nvt/ligwat_nvt_ref.rst                                              
|  MDVEL: mdvel                                                                 
|   MDEN: mden                                                                  
|  MDCRD: 2_nvt/ligwat_nvt.nc                                                   
| MDINFO: mdinfo                                                                
|  MDFRC: mdfrc                                                                 


 Here is the input file:

nvt run                                                                        
 &cntrl                                                                        
  ig = -1,                                                                     
  imin = 0,                                                                    
  nstlim = 25000,                                                              
  dt = 0.002,                                                                  
  irest = 0,                                                                   
  ntx = 1,                                                                     
  ntxo = 2,                                                                    
  ioutfm = 1,                                                                  
  ntb = 1,                                                                     
  ntt = 3,                                                                     
  gamma_ln = 1.0,                                                              
  tempi = 0.1,                                                                 
  temp0 = 300,                                                                 
  ntr = 1,                                                                     
  ntc = 2,                                                                     
  ntf = 1,                                                                     
  ntpr = 1000,                                                                 
  ntwx = 0,                                                                    
  ntwr = 1000,                                                                 
  nmropt = 1,                                                                  
  cut = 10,                                                                    
  restraintmask='!(:WAT|@H=|:Na+|:Cl-)',                                       
  restraint_wt=20.0,                                                           
                                                                               
  icfe = 1, ifsc = 1, clambda = 0.04794, gti_lam_sch = 1, scalpha = 0.2, scbeta
  timask1 = ':1', timask2 = ':2',                                              
  scmask1 = ':1@C29,H62,H59,H58,H57,H56,H55,H54,H53,H52,H51,H50,H49,H48,H47,H46
 /                                                                             
 &wt TYPE='TEMP0', istep1=0, istep2=20000,                                     
  value1=0.1, value2=300.0, /                                                  
 &wt TYPE='END' /                                                              


Note: ig = -1. Setting random seed to   739545 based on wallclock time in 
      microseconds.
| irandom = 1, using AMBER's internal random number generator (default).
 
|--------------------- INFORMATION ----------------------
| GPU (CUDA) Version of PMEMD in use: NVIDIA GPU IN USE.
|                    Version 18.0.0
| 
|                      03/25/2018
| 
| Implementation by:
|                    Ross C. Walker     (SDSC)
|                    Scott Le Grand     (nVIDIA)
| 
| Version 18 performance extensions by:
|                    David Cerutti     (Rutgers)
| 
| Precision model in use:
|      [SPFP] - Single Precision Forces, 64-bit Fixed Point
|               Accumulation. (Default)
| 
|--------------------------------------------------------
 
|----------------- CITATION INFORMATION -----------------
|
|    When publishing work that utilized the CUDA version
|    of AMBER, please cite the following in addition to
|    the regular AMBER citations:
|
|  - Romelia Salomon-Ferrer; Andreas W. Goetz; Duncan
|    Poole; Scott Le Grand; Ross C. Walker "Routine
|    microsecond molecular dynamics simulations with
|    AMBER - Part II: Particle Mesh Ewald", J. Chem.
|    Theory Comput., 2013, 9 (9), pp3878-3888,
|    DOI: 10.1021/ct400314y.
|
|  - Andreas W. Goetz; Mark J. Williamson; Dong Xu;
|    Duncan Poole; Scott Le Grand; Ross C. Walker
|    "Routine microsecond molecular dynamics simulations
|    with AMBER - Part I: Generalized Born", J. Chem.
|    Theory Comput., 2012, 8 (5), pp1542-1555.
|
|  - Scott Le Grand; Andreas W. Goetz; Ross C. Walker
|    "SPFP: Speed without compromise - a mixed precision
|    model for GPU accelerated molecular dynamics
|    simulations.", Comp. Phys. Comm., 2013, 184
|    pp374-380, DOI: 10.1016/j.cpc.2012.09.022
|
|    When publishing work that utilized the CUDA version
|    of TI, BAR, MBAR or FEP please cite the following 
|    publications in addition to the regular AMBER 
|    GPU citations:
|
|  - Daniel J. Mermelstein; Charles Lin; Gard Nelson; 
|    Rachael Kretsch; J. Andrew McCammon; Ross C. Walker
|    "Fast and Flexible GPU Accelerated Binding 
|    Free Energy Calculations within the AMBER Molecular
|    Dynamics Package" J. Comp. Chem., 2018,
|    DOI: 10.1002/jcc.25187
|
|  - Tai-Sung Lee; Yuan Hu; Brad Sherborne; Zhuyan Guo;
|    Darrin M. York
|    "Toward Fast and Accurate Binding Affinity Prediction with
|    pmemdGTI: An Efficient Implementation of GPU-Accelerated
|    Thermodynamic Integration"
|    J. Chem. Theory Comput., 2017, 13 (7), 3077
|
|
|--------------------------------------------------------
 
|------------------- GPU DEVICE INFO --------------------
|
|            CUDA_VISIBLE_DEVICES: 0
|   CUDA Capable Devices Detected:      1
|           CUDA Device ID in use:      0
|                CUDA Device Name: NVIDIA GeForce RTX 2080
|     CUDA Device Global Mem Size:   7982 MB
| CUDA Device Num Multiprocessors:     46
|           CUDA Device Core Freq:   1.71 GHz
|
|--------------------------------------------------------
 
 
| Conditional Compilation Defines Used:
| PUBFFT
| BINTRAJ
| CUDA
| EMIL

| Largest sphere to fit in unit cell has radius =    20.773

| New format PARM file being parsed.
| Version =    1.000 Date = 10/05/24 Time = 17:06:17

| Note: 1-4 EEL scale factors are being read from the topology file.

| Note: 1-4 VDW scale factors are being read from the topology file.
| Duplicated    0 dihedrals

| Duplicated    0 dihedrals

--------------------------------------------------------------------------------
   1.  RESOURCE   USE: 
--------------------------------------------------------------------------------

 getting box info from netcdf restart file
 NATOM  =    7380 NTYPES =      17 NBONH =    7315 MBONA  =      69
 NTHETH =     137 MTHETA =      95 NPHIH =     220 MPHIA  =     148
 NHPARM =       0 NPARM  =       0 NNB   =   10342 NRES   =    2423
 NBONA  =      69 NTHETA =      95 NPHIA =     148 NUMBND =      24
 NUMANG =      47 NPTRA  =      21 NATYP =      19 NPHB   =       1
 IFBOX  =       1 NMXRS  =      62 IFCAP =       0 NEXTRA =       0
 NCOPY  =       0

| Coordinate Index Table dimensions:     7    7    9
| Direct force subcell size =     5.9350    6.2531    6.0553

     BOX TYPE: RECTILINEAR

--------------------------------------------------------------------------------
   2.  CONTROL  DATA  FOR  THE  RUN
--------------------------------------------------------------------------------

L0                                                                              

General flags:
     imin    =       0, nmropt  =       1

Nature and format of input:
     ntx     =       1, irest   =       0, ntrx    =       1

Nature and format of output:
     ntxo    =       2, ntpr    =    1000, ntrx    =       1, ntwr    =    1000
     iwrap   =       0, ntwx    =       0, ntwv    =       0, ntwe    =       0
     ioutfm  =       1, ntwprt  =       0, idecomp =       0, rbornstat=      0

Potential function:
     ntf     =       1, ntb     =       1, igb     =       0, nsnb    =      25
     ipol    =       0, gbsa    =       0, iesp    =       0
     dielc   =   1.00000, cut     =  10.00000, intdiel =   1.00000

Frozen or restrained atoms:
     ibelly  =       0, ntr     =       1
     restraint_wt =  20.00000

Molecular dynamics:
     nstlim  =     25000, nscm    =         0, nrespa  =         1
     t       =   0.00000, dt      =   0.00200, vlimit  =  -1.00000

Langevin dynamics temperature regulation:
     ig      =  739545
     temp0   = 300.00000, tempi   =   0.10000, gamma_ln=   1.00000

SHAKE:
     ntc     =       2, jfastw  =       0
     tol     =   0.00001

NMR refinement options:
     iscale  =       0, noeskp  =       1, ipnlty  =       1, mxsub   =       1
     scalm   = 100.00000, pencut  =   0.10000, tausw   =   0.10000

Free energy options:
     icfe    =       1, ifsc    =       1, klambda =       1
     clambda =  0.0479, scalpha =  0.2000, scbeta  = 50.0000
     sceeorder =       2
     dynlmb =  0.0000 logdvdl =       0

| Intermolecular bonds treatment:
|     no_intermolecular_bonds =       1

| Energy averages sample interval:
|     ene_avg_sampling =    1000

Ewald parameters:
     verbose =       0, ew_type =       0, nbflag  =       1, use_pme =       1
     vdwmeth =       1, eedmeth =       1, netfrc  =       1
     Box X =   41.545   Box Y =   43.772   Box Z =   54.498
     Alpha =   90.000   Beta  =   90.000   Gamma =   90.000
     NFFT1 =   48       NFFT2 =   48       NFFT3 =   56
     Cutoff=   10.000   Tol   =0.100E-04
     Ewald Coefficient =  0.27511
     Interpolation order =    4

    LOADING THE CONSTRAINED ATOMS AS GROUPS


   5.  REFERENCE ATOM COORDINATES

  L0                                                                              
     Mask !(:WAT|@H=|:Na+|:Cl-); matches    62 atoms
     TI Mask 1 :1; matches     62 atoms
     TI Mask 2 :2; matches     61 atoms
     TI region 1:    7319 atoms
     TI region 2:    7318 atoms
     SC Mask 1 :1@C29,H62,H59,H58,H57,H56,H55,H54,H53,H52,H51,H50,H49,H48,H47,H46,H41,H40,H39,H38,H37,H36,H35,H34,H33,H32,C27,O26,C25,O24,C23,O22,C21,C20,C19,C18,C17,C7,C6,C5,C4,N3; matches     42 atoms
     SC Mask 2 :2@H46,C5,C6,C7,O8,C9,C10,C11,C12,C13,C14,O15,C16,C24,C25,N26,C27,C28,H33,H34,H35,H36,H37,H38,H39,H40,H41,H42,H43,H44,H45,H49,H50,H51,H52,H53,H54,H55,H56,H57,H61; matches     41 atoms

|--------------------------------------------------------------------------------------------
| Extra TI control variables
|     gti_add_sc     =   1, gti_ele_gauss  =   0, gti_auto_alpha =   0, gti_scale_beta =   0
|     gti_ele_exp    =   2, gti_vdw_exp    =   6, gti_ele_sc     =   1, gti_vdw_sc     =   1
|     gti_cut        =   1, gti_cut_sc     =   0
|     gti_cut_sc_on    =  0.0000, gti_cut_sc_off    =  0.0000
|--------------------------------------------------------------------------------------------


--------------------------------------------------------------------------------
   3.  ATOMIC COORDINATES AND VELOCITIES
--------------------------------------------------------------------------------

L0                                                                              
 begin time read from input coords =     0.000 ps



           Begin reading energy term weight changes/NMR restraints
 WEIGHT CHANGES:
 TEMP0         0  20000    0.100000  300.000000      0      0

 RESTRAINTS:
                          ** No restraint defined **

                  Done reading weight changes/NMR restraints


 
 Number of triangulated 3-point waters found:     2418
   Removing shake constraints from C2    L0    1 -- H33   L0    1
   Removing shake constraints from C2    L0    1 -- H32   L0    1
   Removing shake constraints from C17   L1    2 -- H46   L1    2
 Number of shake restraints removed in TI region  1 :        2
 Number of shake restraints removed in TI region  2 :        1

     Sum of charges for TI region  1 =  -0.00001901
     Skip neutralizing charges...


     Sum of charges for TI region  2 =  -0.00002499
     Skip neutralizing charges...

| Dynamic Memory, Types Used:
| Reals              447451
| Integers           314237

| Nonbonded Pairs Initial Allocation:     2232265

| GPU memory information (estimate):
| KB of GPU memory in use:     73958
| KB of CPU memory in use:     27590

--------------------------------------------------------------------------------
   4.  RESULTS
--------------------------------------------------------------------------------

   DOF for the SC part  1 of the system:  103
   SHAKE constraints in the SC region:   23
   DOF for the SC part  2 of the system:  100
   SHAKE constraints in the SC region:   23

| TI region  1


 NSTEP =        0   TIME(PS) =       0.000  TEMP(K) =     0.15  PRESS =     0.0
 Etot   =    -28898.1109  EKtot   =         2.1598  EPtot      =    -28900.2708
 BOND   =      2151.4096  ANGLE   =         0.7895  DIHED      =         4.0410
 1-4 NB =         7.0658  1-4 EEL =       -60.5093  VDWAALS    =      5637.7550
 EELEC  =    -36640.8224  EHBOND  =         0.0000  RESTRAINT  =         0.0000
 DV/DL  =         4.3998
 ------------------------------------------------------------------------------

  Softcore part of the system:      42 atoms,       TEMP(K)    =           1.59
 SC_Etot=        92.3687  SC_EKtot=         0.1627  SC_EPtot   =        92.2060
 SC_BOND=         1.1894  SC_ANGLE=         7.8410  SC_DIHED   =        19.7828
 SC_14NB=         3.0828  SC_14EEL=        25.9928  SC_VDW     =         0.1774
 SC_EEL =        34.1399
 SC_RES_DIST=     0.0000  SC_RES_ANG=       0.0000  SC_RES_TORS=         0.0000
 SC_EEL_DER=      1.3872  SC_VDW_DER=      -0.1044  SC_DERIV   =         1.2829
 ------------------------------------------------------------------------------


| TI region  2


 NSTEP =        0   TIME(PS) =       0.000  TEMP(K) =     0.15  PRESS =     0.0
 Etot   =    -28898.1107  EKtot   =         2.1601  EPtot      =    -28900.2708
 BOND   =      2151.4096  ANGLE   =         0.7895  DIHED      =         4.0410
 1-4 NB =         7.0658  1-4 EEL =       -60.5093  VDWAALS    =      5637.7550
 EELEC  =    -36640.8224  EHBOND  =         0.0000  RESTRAINT  =         0.0000
 DV/DL  =         4.3998
 ------------------------------------------------------------------------------

  Softcore part of the system:      41 atoms,       TEMP(K)    =           1.60
 SC_Etot=       162.6895  SC_EKtot=         0.1591  SC_EPtot   =       162.5304
 SC_BOND=         1.7932  SC_ANGLE=         4.1409  SC_DIHED   =        14.2167
 SC_14NB=         4.2065  SC_14EEL=        90.8706  SC_VDW     =        -0.7132
 SC_EEL =        48.0157
 SC_RES_DIST=     0.0000  SC_RES_ANG=       0.0000  SC_RES_TORS=         0.0000
 SC_EEL_DER=      1.3872  SC_VDW_DER=      -0.1044  SC_DERIV   =         1.2829
 ------------------------------------------------------------------------------

 NMR restraints: Bond =    0.000   Angle =     0.000   Torsion =     0.000
===============================================================================

| TI region  1


 NSTEP =     1000   TIME(PS) =       2.000  TEMP(K) =    23.57  PRESS =     0.0
 Etot   =    -27864.3222  EKtot   =       343.6789  EPtot      =    -28208.0011
 BOND   =         0.7383  ANGLE   =         0.9814  DIHED      =         4.0641
 1-4 NB =         7.1943  1-4 EEL =       -60.4663  VDWAALS    =      5702.8324
 EELEC  =    -33864.6264  EHBOND  =         0.0000  RESTRAINT  =         1.2811
 EAMBER (non-restraint)  =    -28209.2822
 DV/DL  =        12.9294
 ------------------------------------------------------------------------------

  Softcore part of the system:      42 atoms,       TEMP(K)    =          12.33
 SC_Etot=        93.9816  SC_EKtot=         1.2620  SC_EPtot   =        92.7196
 SC_BOND=         0.8608  SC_ANGLE=         7.8567  SC_DIHED   =        20.4775
 SC_14NB=         3.1166  SC_14EEL=        26.2547  SC_VDW     =        -0.0317
 SC_EEL =        34.1850
 SC_RES_DIST=     0.0000  SC_RES_ANG=       0.0000  SC_RES_TORS=         0.0000
 SC_EEL_DER=      8.4133  SC_VDW_DER=      -0.5494  SC_DERIV   =         7.8639
 ------------------------------------------------------------------------------


| TI region  2


 NSTEP =     1000   TIME(PS) =       2.000  TEMP(K) =    23.55  PRESS =     0.0
 Etot   =    -27864.7616  EKtot   =       343.2395  EPtot      =    -28208.0011
 BOND   =         0.7383  ANGLE   =         0.9814  DIHED      =         4.0641
 1-4 NB =         7.1943  1-4 EEL =       -60.4663  VDWAALS    =      5702.8324
 EELEC  =    -33864.6264  EHBOND  =         0.0000  RESTRAINT  =         1.2811
 EAMBER (non-restraint)  =    -28209.2822
 DV/DL  =        12.9294
 ------------------------------------------------------------------------------

  Softcore part of the system:      41 atoms,       TEMP(K)    =           8.28
 SC_Etot=       163.5422  SC_EKtot=         0.8226  SC_EPtot   =       162.7196
 SC_BOND=         1.4558  SC_ANGLE=         4.4617  SC_DIHED   =        14.1831
 SC_14NB=         4.2560  SC_14EEL=        91.1020  SC_VDW     =        -0.8398
 SC_EEL =        48.1008
 SC_RES_DIST=     0.0000  SC_RES_ANG=       0.0000  SC_RES_TORS=         0.0000
 SC_EEL_DER=      8.4133  SC_VDW_DER=      -0.5494  SC_DERIV   =         7.8639
 ------------------------------------------------------------------------------

 NMR restraints: Bond =    0.000   Angle =     0.000   Torsion =     0.000
===============================================================================

| TI region  1


 NSTEP =     2000   TIME(PS) =       4.000  TEMP(K) =    26.60  PRESS =     0.0
 Etot   =    -27934.5197  EKtot   =       387.7632  EPtot      =    -28322.2829
 BOND   =         1.5283  ANGLE   =         0.9611  DIHED      =         4.2631
 1-4 NB =         7.2210  1-4 EEL =       -60.3724  VDWAALS    =      5712.5063
 EELEC  =    -33990.5698  EHBOND  =         0.0000  RESTRAINT  =         2.1794
 EAMBER (non-restraint)  =    -28324.4623
 DV/DL  =        12.7233
 ------------------------------------------------------------------------------

  Softcore part of the system:      42 atoms,       TEMP(K)    =          24.93
 SC_Etot=        96.5106  SC_EKtot=         2.5513  SC_EPtot   =        93.9593
 SC_BOND=         1.2276  SC_ANGLE=         9.6132  SC_DIHED   =        18.8867
 SC_14NB=         3.2410  SC_14EEL=        25.6770  SC_VDW     =         0.6037
 SC_EEL =        34.7102
 SC_RES_DIST=     0.0000  SC_RES_ANG=       0.0000  SC_RES_TORS=         0.0000
 SC_EEL_DER=      8.1792  SC_VDW_DER=      -0.5110  SC_DERIV   =         7.6682
 ------------------------------------------------------------------------------


| TI region  2


 NSTEP =     2000   TIME(PS) =       4.000  TEMP(K) =    26.54  PRESS =     0.0
 Etot   =    -27935.4354  EKtot   =       386.8474  EPtot      =    -28322.2829
 BOND   =         1.5283  ANGLE   =         0.9611  DIHED      =         4.2631
 1-4 NB =         7.2210  1-4 EEL =       -60.3724  VDWAALS    =      5712.5063
 EELEC  =    -33990.5698  EHBOND  =         0.0000  RESTRAINT  =         2.1794
 EAMBER (non-restraint)  =    -28324.4623
 DV/DL  =        12.7233
 ------------------------------------------------------------------------------

  Softcore part of the system:      41 atoms,       TEMP(K)    =          16.46
 SC_Etot=       165.6229  SC_EKtot=         1.6356  SC_EPtot   =       163.9873
 SC_BOND=         1.4154  SC_ANGLE=         4.7272  SC_DIHED   =        14.4037
 SC_14NB=         4.5142  SC_14EEL=        91.0510  SC_VDW     =        -0.2608
 SC_EEL =        48.1365
 SC_RES_DIST=     0.0000  SC_RES_ANG=       0.0000  SC_RES_TORS=         0.0000
 SC_EEL_DER=      8.1792  SC_VDW_DER=      -0.5110  SC_DERIV   =         7.6682
 ------------------------------------------------------------------------------

 NMR restraints: Bond =    0.000   Angle =     0.000   Torsion =     0.000
===============================================================================

| TI region  1


 NSTEP =     3000   TIME(PS) =       6.000  TEMP(K) =    38.96  PRESS =     0.0
 Etot   =    -27620.1377  EKtot   =       568.0336  EPtot      =    -28188.1713
 BOND   =         0.7761  ANGLE   =         1.6506  DIHED      =         4.3771
 1-4 NB =         7.2519  1-4 EEL =       -60.5681  VDWAALS    =      5669.1109
 EELEC  =    -33813.1469  EHBOND  =         0.0000  RESTRAINT  =         2.3771
 EAMBER (non-restraint)  =    -28190.5484
 DV/DL  =        10.3248
 ------------------------------------------------------------------------------

  Softcore part of the system:      42 atoms,       TEMP(K)    =          29.20
 SC_Etot=        99.4583  SC_EKtot=         2.9883  SC_EPtot   =        96.4701
 SC_BOND=         1.6143  SC_ANGLE=        11.5673  SC_DIHED   =        19.2908
 SC_14NB=         3.3085  SC_14EEL=        25.6176  SC_VDW     =         0.1150
 SC_EEL =        34.9566
 SC_RES_DIST=     0.0000  SC_RES_ANG=       0.0000  SC_RES_TORS=         0.0000
 SC_EEL_DER=      6.0281  SC_VDW_DER=      -0.5250  SC_DERIV   =         5.5031
 ------------------------------------------------------------------------------


| TI region  2


 NSTEP =     3000   TIME(PS) =       6.000  TEMP(K) =    38.99  PRESS =     0.0
 Etot   =    -27619.8707  EKtot   =       568.3006  EPtot      =    -28188.1713
 BOND   =         0.7761  ANGLE   =         1.6506  DIHED      =         4.3771
 1-4 NB =         7.2519  1-4 EEL =       -60.5681  VDWAALS    =      5669.1109
 EELEC  =    -33813.1469  EHBOND  =         0.0000  RESTRAINT  =         2.3771
 EAMBER (non-restraint)  =    -28190.5484
 DV/DL  =        10.3248
 ------------------------------------------------------------------------------

  Softcore part of the system:      41 atoms,       TEMP(K)    =          32.76
 SC_Etot=       169.3093  SC_EKtot=         3.2552  SC_EPtot   =       166.0540
 SC_BOND=         1.7738  SC_ANGLE=         7.1504  SC_DIHED   =        15.2308
 SC_14NB=         3.9146  SC_14EEL=        91.1309  SC_VDW     =        -1.1367
 SC_EEL =        47.9903
 SC_RES_DIST=     0.0000  SC_RES_ANG=       0.0000  SC_RES_TORS=         0.0000
 SC_EEL_DER=      6.0281  SC_VDW_DER=      -0.5250  SC_DERIV   =         5.5031
 ------------------------------------------------------------------------------

 NMR restraints: Bond =    0.000   Angle =     0.000   Torsion =     0.000
===============================================================================

| TI region  1


 NSTEP =     4000   TIME(PS) =       8.000  TEMP(K) =    53.90  PRESS =     0.0
 Etot   =    -27240.6783  EKtot   =       785.8386  EPtot      =    -28026.5169
 BOND   =         1.1330  ANGLE   =         1.7180  DIHED      =         4.6999
 1-4 NB =         7.0474  1-4 EEL =       -60.0630  VDWAALS    =      5596.5641
 EELEC  =    -33580.2178  EHBOND  =         0.0000  RESTRAINT  =         2.6015
 EAMBER (non-restraint)  =    -28029.1183
 DV/DL  =        11.6857
 ------------------------------------------------------------------------------

  Softcore part of the system:      42 atoms,       TEMP(K)    =          55.52
 SC_Etot=       102.5087  SC_EKtot=         5.6820  SC_EPtot   =        96.8267
 SC_BOND=         1.3201  SC_ANGLE=        10.5837  SC_DIHED   =        21.0039
 SC_14NB=         3.4040  SC_14EEL=        25.6601  SC_VDW     =         0.0809
 SC_EEL =        34.7741
 SC_RES_DIST=     0.0000  SC_RES_ANG=       0.0000  SC_RES_TORS=         0.0000
 SC_EEL_DER=      6.3380  SC_VDW_DER=      -0.4555  SC_DERIV   =         5.8825
 ------------------------------------------------------------------------------


| TI region  2


 NSTEP =     4000   TIME(PS) =       8.000  TEMP(K) =    53.95  PRESS =     0.0
 Etot   =    -27240.0554  EKtot   =       786.4615  EPtot      =    -28026.5169
 BOND   =         1.1330  ANGLE   =         1.7180  DIHED      =         4.6999
 1-4 NB =         7.0474  1-4 EEL =       -60.0630  VDWAALS    =      5596.5641
 EELEC  =    -33580.2178  EHBOND  =         0.0000  RESTRAINT  =         2.6015
 EAMBER (non-restraint)  =    -28029.1183
 DV/DL  =        11.6857
 ------------------------------------------------------------------------------

  Softcore part of the system:      41 atoms,       TEMP(K)    =          63.45
 SC_Etot=       172.8797  SC_EKtot=         6.3048  SC_EPtot   =       166.5749
 SC_BOND=         2.2040  SC_ANGLE=         6.3618  SC_DIHED   =        15.0046
 SC_14NB=         4.4336  SC_14EEL=        90.9676  SC_VDW     =        -0.5343
 SC_EEL =        48.1375
 SC_RES_DIST=     0.0000  SC_RES_ANG=       0.0000  SC_RES_TORS=         0.0000
 SC_EEL_DER=      6.3380  SC_VDW_DER=      -0.4555  SC_DERIV   =         5.8825
 ------------------------------------------------------------------------------

 NMR restraints: Bond =    0.000   Angle =     0.000   Torsion =     0.000
===============================================================================

| TI region  1


 NSTEP =     5000   TIME(PS) =      10.000  TEMP(K) =    68.94  PRESS =     0.0
 Etot   =    -26806.6627  EKtot   =      1005.1406  EPtot      =    -27811.8033
 BOND   =         1.8806  ANGLE   =         1.3406  DIHED      =         4.1486
 1-4 NB =         6.9404  1-4 EEL =       -60.1876  VDWAALS    =      5486.7626
 EELEC  =    -33255.4251  EHBOND  =         0.0000  RESTRAINT  =         2.7365
 EAMBER (non-restraint)  =    -27814.5398
 DV/DL  =        13.1388
 ------------------------------------------------------------------------------

  Softcore part of the system:      42 atoms,       TEMP(K)    =          62.80
 SC_Etot=       104.6372  SC_EKtot=         6.4268  SC_EPtot   =        98.2104
 SC_BOND=         3.3341  SC_ANGLE=        11.6160  SC_DIHED   =        20.6614
 SC_14NB=         2.6237  SC_14EEL=        25.5625  SC_VDW     =         0.1467
 SC_EEL =        34.2660
 SC_RES_DIST=     0.0000  SC_RES_ANG=       0.0000  SC_RES_TORS=         0.0000
 SC_EEL_DER=      7.9748  SC_VDW_DER=      -0.4922  SC_DERIV   =         7.4827
 ------------------------------------------------------------------------------


| TI region  2


 NSTEP =     5000   TIME(PS) =      10.000  TEMP(K) =    69.07  PRESS =     0.0
 Etot   =    -26804.9837  EKtot   =      1006.8196  EPtot      =    -27811.8033
 BOND   =         1.8806  ANGLE   =         1.3406  DIHED      =         4.1486
 1-4 NB =         6.9404  1-4 EEL =       -60.1876  VDWAALS    =      5486.7626
 EELEC  =    -33255.4251  EHBOND  =         0.0000  RESTRAINT  =         2.7365
 EAMBER (non-restraint)  =    -27814.5398
 DV/DL  =        13.1388
 ------------------------------------------------------------------------------

  Softcore part of the system:      41 atoms,       TEMP(K)    =          81.58
 SC_Etot=       174.7782  SC_EKtot=         8.1058  SC_EPtot   =       166.6724
 SC_BOND=         1.8277  SC_ANGLE=         7.7445  SC_DIHED   =        14.9765
 SC_14NB=         4.0011  SC_14EEL=        91.4314  SC_VDW     =        -0.8570
 SC_EEL =        47.5481
 SC_RES_DIST=     0.0000  SC_RES_ANG=       0.0000  SC_RES_TORS=         0.0000
 SC_EEL_DER=      7.9748  SC_VDW_DER=      -0.4922  SC_DERIV   =         7.4827
 ------------------------------------------------------------------------------

 NMR restraints: Bond =    0.000   Angle =     0.000   Torsion =     0.000
===============================================================================

| TI region  1


 NSTEP =     6000   TIME(PS) =      12.000  TEMP(K) =    83.88  PRESS =     0.0
 Etot   =    -26392.3330  EKtot   =      1222.9430  EPtot      =    -27615.2760
 BOND   =         1.9635  ANGLE   =         2.2890  DIHED      =         5.4083
 1-4 NB =         7.3247  1-4 EEL =       -60.0191  VDWAALS    =      5384.6298
 EELEC  =    -32962.3409  EHBOND  =         0.0000  RESTRAINT  =         5.4687
 EAMBER (non-restraint)  =    -27620.7448
 DV/DL  =        15.0708
 ------------------------------------------------------------------------------

  Softcore part of the system:      42 atoms,       TEMP(K)    =          66.71
 SC_Etot=       107.7374  SC_EKtot=         6.8271  SC_EPtot   =       100.9103
 SC_BOND=         1.9787  SC_ANGLE=        15.4752  SC_DIHED   =        18.7884
 SC_14NB=         3.4391  SC_14EEL=        25.2849  SC_VDW     =         1.0396
 SC_EEL =        34.9045
 SC_RES_DIST=     0.0000  SC_RES_ANG=       0.0000  SC_RES_TORS=         0.0000
 SC_EEL_DER=      8.0247  SC_VDW_DER=      -0.4601  SC_DERIV   =         7.5646
 ------------------------------------------------------------------------------


| TI region  2


 NSTEP =     6000   TIME(PS) =      12.000  TEMP(K) =    84.19  PRESS =     0.0
 Etot   =    -26388.0542  EKtot   =      1227.2218  EPtot      =    -27615.2760
 BOND   =         1.9635  ANGLE   =         2.2890  DIHED      =         5.4083
 1-4 NB =         7.3247  1-4 EEL =       -60.0191  VDWAALS    =      5384.6298
 EELEC  =    -32962.3409  EHBOND  =         0.0000  RESTRAINT  =         5.4687
 EAMBER (non-restraint)  =    -27620.7448
 DV/DL  =        15.0708
 ------------------------------------------------------------------------------

  Softcore part of the system:      41 atoms,       TEMP(K)    =         111.77
 SC_Etot=       180.3970  SC_EKtot=        11.1058  SC_EPtot   =       169.2913
 SC_BOND=         3.9061  SC_ANGLE=         8.9319  SC_DIHED   =        15.4678
 SC_14NB=         3.4638  SC_14EEL=        90.5808  SC_VDW     =        -0.7418
 SC_EEL =        47.6827
 SC_RES_DIST=     0.0000  SC_RES_ANG=       0.0000  SC_RES_TORS=         0.0000
 SC_EEL_DER=      8.0247  SC_VDW_DER=      -0.4601  SC_DERIV   =         7.5646
 ------------------------------------------------------------------------------

 NMR restraints: Bond =    0.000   Angle =     0.000   Torsion =     0.000
===============================================================================

| TI region  1


 NSTEP =     7000   TIME(PS) =      14.000  TEMP(K) =    98.70  PRESS =     0.0
 Etot   =    -25984.5958  EKtot   =      1438.9844  EPtot      =    -27423.5802
 BOND   =         1.1700  ANGLE   =         1.9291  DIHED      =         4.6779
 1-4 NB =         7.7699  1-4 EEL =       -60.6501  VDWAALS    =      5378.5954
 EELEC  =    -32763.8064  EHBOND  =         0.0000  RESTRAINT  =         6.7341
 EAMBER (non-restraint)  =    -27430.3143
 DV/DL  =        18.7926
 ------------------------------------------------------------------------------

  Softcore part of the system:      42 atoms,       TEMP(K)    =          86.70
 SC_Etot=       110.5722  SC_EKtot=         8.8732  SC_EPtot   =       101.6990
 SC_BOND=         2.7852  SC_ANGLE=        14.9283  SC_DIHED   =        20.0501
 SC_14NB=         3.3195  SC_14EEL=        25.8199  SC_VDW     =         0.1928
 SC_EEL =        34.6031
 SC_RES_DIST=     0.0000  SC_RES_ANG=       0.0000  SC_RES_TORS=         0.0000
 SC_EEL_DER=     10.4031  SC_VDW_DER=      -0.5506  SC_DERIV   =         9.8525
 ------------------------------------------------------------------------------


| TI region  2


 NSTEP =     7000   TIME(PS) =      14.000  TEMP(K) =    98.79  PRESS =     0.0
 Etot   =    -25983.5547  EKtot   =      1440.0255  EPtot      =    -27423.5802
 BOND   =         1.1700  ANGLE   =         1.9291  DIHED      =         4.6779
 1-4 NB =         7.7699  1-4 EEL =       -60.6501  VDWAALS    =      5378.5954
 EELEC  =    -32763.8064  EHBOND  =         0.0000  RESTRAINT  =         6.7341
 EAMBER (non-restraint)  =    -27430.3143
 DV/DL  =        18.7926
 ------------------------------------------------------------------------------

  Softcore part of the system:      41 atoms,       TEMP(K)    =          99.78
 SC_Etot=       181.0325  SC_EKtot=         9.9143  SC_EPtot   =       171.1183
 SC_BOND=         3.7260  SC_ANGLE=         7.8072  SC_DIHED   =        14.8308
 SC_14NB=         4.7674  SC_14EEL=        90.6218  SC_VDW     =         0.6666
 SC_EEL =        48.6984
 SC_RES_DIST=     0.0000  SC_RES_ANG=       0.0000  SC_RES_TORS=         0.0000
 SC_EEL_DER=     10.4031  SC_VDW_DER=      -0.5506  SC_DERIV   =         9.8525
 ------------------------------------------------------------------------------

 NMR restraints: Bond =    0.000   Angle =     0.000   Torsion =     0.000
===============================================================================

| TI region  1


 NSTEP =     8000   TIME(PS) =      16.000  TEMP(K) =   112.37  PRESS =     0.0
 Etot   =    -25625.0077  EKtot   =      1638.3358  EPtot      =    -27263.3434
 BOND   =         1.5368  ANGLE   =         3.4795  DIHED      =         5.0496
 1-4 NB =         7.5227  1-4 EEL =       -60.3658  VDWAALS    =      5303.9009
 EELEC  =    -32531.8055  EHBOND  =         0.0000  RESTRAINT  =         7.3384
 EAMBER (non-restraint)  =    -27270.6818
 DV/DL  =        14.7066
 ------------------------------------------------------------------------------

  Softcore part of the system:      42 atoms,       TEMP(K)    =         103.95
 SC_Etot=       111.0106  SC_EKtot=        10.6378  SC_EPtot   =       100.3728
 SC_BOND=         3.6582  SC_ANGLE=        12.8441  SC_DIHED   =        20.0724
 SC_14NB=         3.2825  SC_14EEL=        25.5861  SC_VDW     =        -0.0854
 SC_EEL =        35.0148
 SC_RES_DIST=     0.0000  SC_RES_ANG=       0.0000  SC_RES_TORS=         0.0000
 SC_EEL_DER=      9.5375  SC_VDW_DER=      -0.4184  SC_DERIV   =         9.1191
 ------------------------------------------------------------------------------


| TI region  2


 NSTEP =     8000   TIME(PS) =      16.000  TEMP(K) =   112.36  PRESS =     0.0
 Etot   =    -25625.4643  EKtot   =      1637.8792  EPtot      =    -27263.3434
 BOND   =         1.5368  ANGLE   =         3.4795  DIHED      =         5.0496
 1-4 NB =         7.5227  1-4 EEL =       -60.3658  VDWAALS    =      5303.9009
 EELEC  =    -32531.8055  EHBOND  =         0.0000  RESTRAINT  =         7.3384
 EAMBER (non-restraint)  =    -27270.6818
 DV/DL  =        14.7066
 ------------------------------------------------------------------------------

  Softcore part of the system:      41 atoms,       TEMP(K)    =         102.47
 SC_Etot=       182.9016  SC_EKtot=        10.1812  SC_EPtot   =       172.7203
 SC_BOND=         3.5386  SC_ANGLE=         9.3329  SC_DIHED   =        17.3158
 SC_14NB=         4.7741  SC_14EEL=        90.6571  SC_VDW     =        -0.5741
 SC_EEL =        47.6760
 SC_RES_DIST=     0.0000  SC_RES_ANG=       0.0000  SC_RES_TORS=         0.0000
 SC_EEL_DER=      9.5375  SC_VDW_DER=      -0.4184  SC_DERIV   =         9.1191
 ------------------------------------------------------------------------------

 NMR restraints: Bond =    0.000   Angle =     0.000   Torsion =     0.000
===============================================================================

| TI region  1


 NSTEP =     9000   TIME(PS) =      18.000  TEMP(K) =   124.46  PRESS =     0.0
 Etot   =    -25196.5566  EKtot   =      1814.6029  EPtot      =    -27011.1595
 BOND   =         1.9840  ANGLE   =         2.6360  DIHED      =         5.2616
 1-4 NB =         7.6984  1-4 EEL =       -60.3725  VDWAALS    =      5247.8546
 EELEC  =    -32222.1953  EHBOND  =         0.0000  RESTRAINT  =         5.9737
 EAMBER (non-restraint)  =    -27017.1333
 DV/DL  =        13.1834
 ------------------------------------------------------------------------------

  Softcore part of the system:      42 atoms,       TEMP(K)    =         151.36
 SC_Etot=       120.3515  SC_EKtot=        15.4900  SC_EPtot   =       104.8615
 SC_BOND=         3.5491  SC_ANGLE=        17.1419  SC_DIHED   =        21.2382
 SC_14NB=         2.8851  SC_14EEL=        25.4328  SC_VDW     =        -0.4239
 SC_EEL =        35.0384
 SC_RES_DIST=     0.0000  SC_RES_ANG=       0.0000  SC_RES_TORS=         0.0000
 SC_EEL_DER=      6.8335  SC_VDW_DER=      -0.3391  SC_DERIV   =         6.4944
 ------------------------------------------------------------------------------


| TI region  2


 NSTEP =     9000   TIME(PS) =      18.000  TEMP(K) =   124.34  PRESS =     0.0
 Etot   =    -25198.6912  EKtot   =      1812.4683  EPtot      =    -27011.1595
 BOND   =         1.9840  ANGLE   =         2.6360  DIHED      =         5.2616
 1-4 NB =         7.6984  1-4 EEL =       -60.3725  VDWAALS    =      5247.8546
 EELEC  =    -32222.1953  EHBOND  =         0.0000  RESTRAINT  =         5.9737
 EAMBER (non-restraint)  =    -27017.1333
 DV/DL  =        13.1834
 ------------------------------------------------------------------------------

  Softcore part of the system:      41 atoms,       TEMP(K)    =         134.41
 SC_Etot=       187.0622  SC_EKtot=        13.3554  SC_EPtot   =       173.7068
 SC_BOND=         3.2343  SC_ANGLE=        13.2640  SC_DIHED   =        14.7829
 SC_14NB=         5.0445  SC_14EEL=        90.0024  SC_VDW     =        -0.7049
 SC_EEL =        48.0836
 SC_RES_DIST=     0.0000  SC_RES_ANG=       0.0000  SC_RES_TORS=         0.0000
 SC_EEL_DER=      6.8335  SC_VDW_DER=      -0.3391  SC_DERIV   =         6.4944
 ------------------------------------------------------------------------------

 NMR restraints: Bond =    0.000   Angle =     0.000   Torsion =     0.000
===============================================================================

| TI region  1


 NSTEP =    10000   TIME(PS) =      20.000  TEMP(K) =   144.64  PRESS =     0.0
 Etot   =    -24771.3127  EKtot   =      2108.8008  EPtot      =    -26880.1135
 BOND   =         3.9607  ANGLE   =         2.6449  DIHED      =         5.3900
 1-4 NB =         6.7456  1-4 EEL =       -60.1765  VDWAALS    =      5147.7250
 EELEC  =    -31993.7712  EHBOND  =         0.0000  RESTRAINT  =         7.3680
 EAMBER (non-restraint)  =    -26887.4815
 DV/DL  =        28.9468
 ------------------------------------------------------------------------------

  Softcore part of the system:      42 atoms,       TEMP(K)    =         153.62
 SC_Etot=       119.3438  SC_EKtot=        15.7213  SC_EPtot   =       103.6225
 SC_BOND=         3.1038  SC_ANGLE=        15.8069  SC_DIHED   =        21.5896
 SC_14NB=         2.9638  SC_14EEL=        24.7079  SC_VDW     =         0.3215
 SC_EEL =        35.1290
 SC_RES_DIST=     0.0000  SC_RES_ANG=       0.0000  SC_RES_TORS=         0.0000
 SC_EEL_DER=     22.4770  SC_VDW_DER=      -0.7021  SC_DERIV   =        21.7749
 ------------------------------------------------------------------------------


| TI region  2


 NSTEP =    10000   TIME(PS) =      20.000  TEMP(K) =   144.71  PRESS =     0.0
 Etot   =    -24770.6016  EKtot   =      2109.5119  EPtot      =    -26880.1135
 BOND   =         3.9607  ANGLE   =         2.6449  DIHED      =         5.3900
 1-4 NB =         6.7456  1-4 EEL =       -60.1765  VDWAALS    =      5147.7250
 EELEC  =    -31993.7712  EHBOND  =         0.0000  RESTRAINT  =         7.3680
 EAMBER (non-restraint)  =    -26887.4815
 DV/DL  =        28.9468
 ------------------------------------------------------------------------------

  Softcore part of the system:      41 atoms,       TEMP(K)    =         165.38
 SC_Etot=       189.2553  SC_EKtot=        16.4323  SC_EPtot   =       172.8229
 SC_BOND=         5.0212  SC_ANGLE=        10.1361  SC_DIHED   =        15.3046
 SC_14NB=         4.4722  SC_14EEL=        90.4637  SC_VDW     =        -0.7740
 SC_EEL =        48.1992
 SC_RES_DIST=     0.0000  SC_RES_ANG=       0.0000  SC_RES_TORS=         0.0000
 SC_EEL_DER=     22.4770  SC_VDW_DER=      -0.7021  SC_DERIV   =        21.7749
 ------------------------------------------------------------------------------

 NMR restraints: Bond =    0.000   Angle =     0.000   Torsion =     0.000
===============================================================================

| TI region  1


 NSTEP =    11000   TIME(PS) =      22.000  TEMP(K) =   161.94  PRESS =     0.0
 Etot   =    -24246.5532  EKtot   =      2361.0687  EPtot      =    -26607.6218
 BOND   =         3.9474  ANGLE   =         1.7366  DIHED      =         4.7753
 1-4 NB =         7.2405  1-4 EEL =       -60.8262  VDWAALS    =      4934.9808
 EELEC  =    -31504.4304  EHBOND  =         0.0000  RESTRAINT  =         4.9541
 EAMBER (non-restraint)  =    -26612.5759
 DV/DL  =        21.4148
 ------------------------------------------------------------------------------

  Softcore part of the system:      42 atoms,       TEMP(K)    =         159.57
 SC_Etot=       120.4038  SC_EKtot=        16.3305  SC_EPtot   =       104.0734
 SC_BOND=         5.3141  SC_ANGLE=        14.9568  SC_DIHED   =        21.0644
 SC_14NB=         2.6923  SC_14EEL=        26.5579  SC_VDW     =         0.1869
 SC_EEL =        33.3011
 SC_RES_DIST=     0.0000  SC_RES_ANG=       0.0000  SC_RES_TORS=         0.0000
 SC_EEL_DER=     14.8927  SC_VDW_DER=      -0.4571  SC_DERIV   =        14.4357
 ------------------------------------------------------------------------------


| TI region  2


 NSTEP =    11000   TIME(PS) =      22.000  TEMP(K) =   162.03  PRESS =     0.0
 Etot   =    -24245.6508  EKtot   =      2361.9710  EPtot      =    -26607.6218
 BOND   =         3.9474  ANGLE   =         1.7366  DIHED      =         4.7753
 1-4 NB =         7.2405  1-4 EEL =       -60.8262  VDWAALS    =      4934.9808
 EELEC  =    -31504.4304  EHBOND  =         0.0000  RESTRAINT  =         4.9541
 EAMBER (non-restraint)  =    -26612.5759
 DV/DL  =        21.4148
 ------------------------------------------------------------------------------

  Softcore part of the system:      41 atoms,       TEMP(K)    =         173.44
 SC_Etot=       193.2854  SC_EKtot=        17.2328  SC_EPtot   =       176.0526
 SC_BOND=         4.8089  SC_ANGLE=        10.9515  SC_DIHED   =        15.7262
 SC_14NB=         4.7833  SC_14EEL=        91.5765  SC_VDW     =        -0.3709
 SC_EEL =        48.5772
 SC_RES_DIST=     0.0000  SC_RES_ANG=       0.0000  SC_RES_TORS=         0.0000
 SC_EEL_DER=     14.8927  SC_VDW_DER=      -0.4571  SC_DERIV   =        14.4357
 ------------------------------------------------------------------------------

 NMR restraints: Bond =    0.000   Angle =     0.000   Torsion =     0.000
===============================================================================

| TI region  1


 NSTEP =    12000   TIME(PS) =      24.000  TEMP(K) =   173.36  PRESS =     0.0
 Etot   =    -23899.6037  EKtot   =      2527.6233  EPtot      =    -26427.2271
 BOND   =         1.7313  ANGLE   =         2.2168  DIHED      =         6.6314
 1-4 NB =         7.1654  1-4 EEL =       -60.9743  VDWAALS    =      4794.8132
 EELEC  =    -31184.8253  EHBOND  =         0.0000  RESTRAINT  =         6.0145
 EAMBER (non-restraint)  =    -26433.2415
 DV/DL  =        24.2655
 ------------------------------------------------------------------------------

  Softcore part of the system:      42 atoms,       TEMP(K)    =         153.55
 SC_Etot=       121.2589  SC_EKtot=        15.7145  SC_EPtot   =       105.5444
 SC_BOND=         4.7890  SC_ANGLE=        14.4629  SC_DIHED   =        22.3521
 SC_14NB=         2.9046  SC_14EEL=        26.6397  SC_VDW     =         0.1148
 SC_EEL =        34.2814
 SC_RES_DIST=     0.0000  SC_RES_ANG=       0.0000  SC_RES_TORS=         0.0000
 SC_EEL_DER=     16.8168  SC_VDW_DER=      -0.5107  SC_DERIV   =        16.3060
 ------------------------------------------------------------------------------


| TI region  2


 NSTEP =    12000   TIME(PS) =      24.000  TEMP(K) =   173.23  PRESS =     0.0
 Etot   =    -23902.0615  EKtot   =      2525.1656  EPtot      =    -26427.2271
 BOND   =         1.7313  ANGLE   =         2.2168  DIHED      =         6.6314
 1-4 NB =         7.1654  1-4 EEL =       -60.9743  VDWAALS    =      4794.8132
 EELEC  =    -31184.8253  EHBOND  =         0.0000  RESTRAINT  =         6.0145
 EAMBER (non-restraint)  =    -26433.2415
 DV/DL  =        24.2655
 ------------------------------------------------------------------------------

  Softcore part of the system:      41 atoms,       TEMP(K)    =         133.42
 SC_Etot=       191.4037  SC_EKtot=        13.2568  SC_EPtot   =       178.1470
 SC_BOND=         4.1871  SC_ANGLE=        16.4754  SC_DIHED   =        15.5110
 SC_14NB=         4.1273  SC_14EEL=        90.8216  SC_VDW     =        -0.2684
 SC_EEL =        47.2930
 SC_RES_DIST=     0.0000  SC_RES_ANG=       0.0000  SC_RES_TORS=         0.0000
 SC_EEL_DER=     16.8168  SC_VDW_DER=      -0.5107  SC_DERIV   =        16.3060
 ------------------------------------------------------------------------------

 NMR restraints: Bond =    0.000   Angle =     0.000   Torsion =     0.000
===============================================================================

| TI region  1


 NSTEP =    13000   TIME(PS) =      26.000  TEMP(K) =   181.87  PRESS =     0.0
 Etot   =    -23515.0332  EKtot   =      2651.6922  EPtot      =    -26166.7254
 BOND   =         2.6665  ANGLE   =         2.7400  DIHED      =         5.5036
 1-4 NB =         7.8207  1-4 EEL =       -60.4845  VDWAALS    =      4773.9719
 EELEC  =    -30905.4503  EHBOND  =         0.0000  RESTRAINT  =         6.5067
 EAMBER (non-restraint)  =    -26173.2321
 DV/DL  =        21.1431
 ------------------------------------------------------------------------------

  Softcore part of the system:      42 atoms,       TEMP(K)    =         191.88
 SC_Etot=       131.1043  SC_EKtot=        19.6369  SC_EPtot   =       111.4674
 SC_BOND=         4.3977  SC_ANGLE=        21.8353  SC_DIHED   =        20.0762
 SC_14NB=         3.5060  SC_14EEL=        25.4750  SC_VDW     =         1.1056
 SC_EEL =        35.0715
 SC_RES_DIST=     0.0000  SC_RES_ANG=       0.0000  SC_RES_TORS=         0.0000
 SC_EEL_DER=     12.3247  SC_VDW_DER=      -0.3998  SC_DERIV   =        11.9248
 ------------------------------------------------------------------------------


| TI region  2


 NSTEP =    13000   TIME(PS) =      26.000  TEMP(K) =   182.31  PRESS =     0.0
 Etot   =    -23509.1278  EKtot   =      2657.5976  EPtot      =    -26166.7254
 BOND   =         2.6665  ANGLE   =         2.7400  DIHED      =         5.5036
 1-4 NB =         7.8207  1-4 EEL =       -60.4845  VDWAALS    =      4773.9719
 EELEC  =    -30905.4503  EHBOND  =         0.0000  RESTRAINT  =         6.5067
 EAMBER (non-restraint)  =    -26173.2321
 DV/DL  =        21.1431
 ------------------------------------------------------------------------------

  Softcore part of the system:      41 atoms,       TEMP(K)    =         257.07
 SC_Etot=       210.4852  SC_EKtot=        25.5423  SC_EPtot   =       184.9429
 SC_BOND=         6.0157  SC_ANGLE=        18.8847  SC_DIHED   =        15.4613
 SC_14NB=         4.4109  SC_14EEL=        91.9208  SC_VDW     =        -0.8245
 SC_EEL =        49.0741
 SC_RES_DIST=     0.0000  SC_RES_ANG=       0.0000  SC_RES_TORS=         0.0000
 SC_EEL_DER=     12.3247  SC_VDW_DER=      -0.3998  SC_DERIV   =        11.9248
 ------------------------------------------------------------------------------

 NMR restraints: Bond =    0.000   Angle =     0.000   Torsion =     0.000
===============================================================================

| TI region  1


 NSTEP =    14000   TIME(PS) =      28.000  TEMP(K) =   199.52  PRESS =     0.0
 Etot   =    -22957.9652  EKtot   =      2909.0363  EPtot      =    -25867.0015
 BOND   =         3.7058  ANGLE   =         4.5164  DIHED      =         5.2320
 1-4 NB =         6.6149  1-4 EEL =       -60.4961  VDWAALS    =      4687.6157
 EELEC  =    -30524.9486  EHBOND  =         0.0000  RESTRAINT  =        10.7582
 EAMBER (non-restraint)  =    -25877.7597
 DV/DL  =        27.9489
 ------------------------------------------------------------------------------

  Softcore part of the system:      42 atoms,       TEMP(K)    =         231.89
 SC_Etot=       133.2374  SC_EKtot=        23.7321  SC_EPtot   =       109.5053
 SC_BOND=         4.3633  SC_ANGLE=        19.5122  SC_DIHED   =        21.7120
 SC_14NB=         3.3178  SC_14EEL=        25.5699  SC_VDW     =         0.3514
 SC_EEL =        34.6786
 SC_RES_DIST=     0.0000  SC_RES_ANG=       0.0000  SC_RES_TORS=         0.0000
 SC_EEL_DER=     18.9522  SC_VDW_DER=      -0.7888  SC_DERIV   =        18.1633
 ------------------------------------------------------------------------------


| TI region  2


 NSTEP =    14000   TIME(PS) =      28.000  TEMP(K) =   199.29  PRESS =     0.0
 Etot   =    -22961.9401  EKtot   =      2905.0614  EPtot      =    -25867.0015
 BOND   =         3.7058  ANGLE   =         4.5164  DIHED      =         5.2320
 1-4 NB =         6.6149  1-4 EEL =       -60.4961  VDWAALS    =      4687.6157
 EELEC  =    -30524.9486  EHBOND  =         0.0000  RESTRAINT  =        10.7582
 EAMBER (non-restraint)  =    -25877.7597
 DV/DL  =        27.9489
 ------------------------------------------------------------------------------

  Softcore part of the system:      41 atoms,       TEMP(K)    =         198.84
 SC_Etot=       196.6127  SC_EKtot=        19.7572  SC_EPtot   =       176.8555
 SC_BOND=         7.9363  SC_ANGLE=         8.9495  SC_DIHED   =        17.5156
 SC_14NB=         4.1163  SC_14EEL=        90.9488  SC_VDW     =        -0.7348
 SC_EEL =        48.1237
 SC_RES_DIST=     0.0000  SC_RES_ANG=       0.0000  SC_RES_TORS=         0.0000
 SC_EEL_DER=     18.9522  SC_VDW_DER=      -0.7888  SC_DERIV   =        18.1633
 ------------------------------------------------------------------------------

 NMR restraints: Bond =    0.000   Angle =     0.000   Torsion =     0.000
===============================================================================

| TI region  1


 NSTEP =    15000   TIME(PS) =      30.000  TEMP(K) =   217.77  PRESS =     0.0
 Etot   =    -22253.9029  EKtot   =      3175.0195  EPtot      =    -25428.9224
 BOND   =         2.7446  ANGLE   =         5.4394  DIHED      =         9.1966
 1-4 NB =         7.6178  1-4 EEL =       -59.9496  VDWAALS    =      4420.5023
 EELEC  =    -29825.1275  EHBOND  =         0.0000  RESTRAINT  =        10.6540
 EAMBER (non-restraint)  =    -25439.5764
 DV/DL  =        21.6087
 ------------------------------------------------------------------------------

  Softcore part of the system:      42 atoms,       TEMP(K)    =         217.92
 SC_Etot=       131.4096  SC_EKtot=        22.3017  SC_EPtot   =       109.1080
 SC_BOND=         4.8474  SC_ANGLE=        20.4800  SC_DIHED   =        20.3807
 SC_14NB=         2.9280  SC_14EEL=        25.6622  SC_VDW     =        -0.0947
 SC_EEL =        34.9044
 SC_RES_DIST=     0.0000  SC_RES_ANG=       0.0000  SC_RES_TORS=         0.0000
 SC_EEL_DER=     13.9971  SC_VDW_DER=      -0.5047  SC_DERIV   =        13.4924
 ------------------------------------------------------------------------------


| TI region  2


 NSTEP =    15000   TIME(PS) =      30.000  TEMP(K) =   217.77  PRESS =     0.0
 Etot   =    -22254.4111  EKtot   =      3174.5113  EPtot      =    -25428.9224
 BOND   =         2.7446  ANGLE   =         5.4394  DIHED      =         9.1966
 1-4 NB =         7.6178  1-4 EEL =       -59.9496  VDWAALS    =      4420.5023
 EELEC  =    -29825.1275  EHBOND  =         0.0000  RESTRAINT  =        10.6540
 EAMBER (non-restraint)  =    -25439.5764
 DV/DL  =        21.6087
 ------------------------------------------------------------------------------

  Softcore part of the system:      41 atoms,       TEMP(K)    =         219.34
 SC_Etot=       206.3224  SC_EKtot=        21.7935  SC_EPtot   =       184.5289
 SC_BOND=         9.7257  SC_ANGLE=        17.6695  SC_DIHED   =        15.8692
 SC_14NB=         3.6014  SC_14EEL=        90.4636  SC_VDW     =        -0.0822
 SC_EEL =        47.2816
 SC_RES_DIST=     0.0000  SC_RES_ANG=       0.0000  SC_RES_TORS=         0.0000
 SC_EEL_DER=     13.9971  SC_VDW_DER=      -0.5047  SC_DERIV   =        13.4924
 ------------------------------------------------------------------------------

 NMR restraints: Bond =    0.000   Angle =     0.000   Torsion =     0.000
===============================================================================

| TI region  1


 NSTEP =    16000   TIME(PS) =      32.000  TEMP(K) =   231.08  PRESS =     0.0
 Etot   =    -21744.6377  EKtot   =      3369.1801  EPtot      =    -25113.8178
 BOND   =         1.9766  ANGLE   =         3.3493  DIHED      =         6.5176
 1-4 NB =         7.3432  1-4 EEL =       -60.8963  VDWAALS    =      4377.2024
 EELEC  =    -29456.3220  EHBOND  =         0.0000  RESTRAINT  =         7.0114
 EAMBER (non-restraint)  =    -25120.8292
 DV/DL  =        24.3545
 ------------------------------------------------------------------------------

  Softcore part of the system:      42 atoms,       TEMP(K)    =         260.79
 SC_Etot=       142.5314  SC_EKtot=        26.6896  SC_EPtot   =       115.8418
 SC_BOND=         4.5166  SC_ANGLE=        23.0605  SC_DIHED   =        21.7791
 SC_14NB=         3.6112  SC_14EEL=        26.9709  SC_VDW     =         1.7671
 SC_EEL =        34.1363
 SC_RES_DIST=     0.0000  SC_RES_ANG=       0.0000  SC_RES_TORS=         0.0000
 SC_EEL_DER=     18.3585  SC_VDW_DER=      -1.1215  SC_DERIV   =        17.2370
 ------------------------------------------------------------------------------


| TI region  2


 NSTEP =    16000   TIME(PS) =      32.000  TEMP(K) =   231.10  PRESS =     0.0
 Etot   =    -21745.0751  EKtot   =      3368.7427  EPtot      =    -25113.8178
 BOND   =         1.9766  ANGLE   =         3.3493  DIHED      =         6.5176
 1-4 NB =         7.3432  1-4 EEL =       -60.8963  VDWAALS    =      4377.2024
 EELEC  =    -29456.3220  EHBOND  =         0.0000  RESTRAINT  =         7.0114
 EAMBER (non-restraint)  =    -25120.8292
 DV/DL  =        24.3545
 ------------------------------------------------------------------------------

  Softcore part of the system:      41 atoms,       TEMP(K)    =         264.21
 SC_Etot=       207.6823  SC_EKtot=        26.2522  SC_EPtot   =       181.4301
 SC_BOND=         3.0444  SC_ANGLE=        17.3569  SC_DIHED   =        16.4626
 SC_14NB=         5.2353  SC_14EEL=        92.0381  SC_VDW     =        -0.3295
 SC_EEL =        47.6223
 SC_RES_DIST=     0.0000  SC_RES_ANG=       0.0000  SC_RES_TORS=         0.0000
 SC_EEL_DER=     18.3585  SC_VDW_DER=      -1.1215  SC_DERIV   =        17.2370
 ------------------------------------------------------------------------------

 NMR restraints: Bond =    0.000   Angle =     0.000   Torsion =     0.000
===============================================================================

| TI region  1


 NSTEP =    17000   TIME(PS) =      34.000  TEMP(K) =   247.53  PRESS =     0.0
 Etot   =    -20971.2527  EKtot   =      3609.0212  EPtot      =    -24580.2739
 BOND   =         3.0862  ANGLE   =         4.0104  DIHED      =        10.0174
 1-4 NB =         7.4633  1-4 EEL =       -60.8204  VDWAALS    =      4094.6128
 EELEC  =    -28652.3227  EHBOND  =         0.0000  RESTRAINT  =        13.6792
 EAMBER (non-restraint)  =    -24593.9531
 DV/DL  =        19.7919
 ------------------------------------------------------------------------------

  Softcore part of the system:      42 atoms,       TEMP(K)    =         256.49
 SC_Etot=       140.8878  SC_EKtot=        26.2492  SC_EPtot   =       114.6385
 SC_BOND=         4.9452  SC_ANGLE=        22.8626  SC_DIHED   =        22.8465
 SC_14NB=         2.8114  SC_14EEL=        26.3820  SC_VDW     =         0.6767
 SC_EEL =        34.1142
 SC_RES_DIST=     0.0000  SC_RES_ANG=       0.0000  SC_RES_TORS=         0.0000
 SC_EEL_DER=     12.0904  SC_VDW_DER=      -0.5476  SC_DERIV   =        11.5428
 ------------------------------------------------------------------------------


| TI region  2


 NSTEP =    17000   TIME(PS) =      34.000  TEMP(K) =   247.67  PRESS =     0.0
 Etot   =    -20969.9548  EKtot   =      3610.3191  EPtot      =    -24580.2739
 BOND   =         3.0862  ANGLE   =         4.0104  DIHED      =        10.0174
 1-4 NB =         7.4633  1-4 EEL =       -60.8204  VDWAALS    =      4094.6128
 EELEC  =    -28652.3227  EHBOND  =         0.0000  RESTRAINT  =        13.6792
 EAMBER (non-restraint)  =    -24593.9531
 DV/DL  =        19.7919
 ------------------------------------------------------------------------------

  Softcore part of the system:      41 atoms,       TEMP(K)    =         277.25
 SC_Etot=       212.5497  SC_EKtot=        27.5472  SC_EPtot   =       185.0025
 SC_BOND=         5.6158  SC_ANGLE=        21.3657  SC_DIHED   =        15.9266
 SC_14NB=         4.5729  SC_14EEL=        91.2958  SC_VDW     =        -1.0600
 SC_EEL =        47.2858
 SC_RES_DIST=     0.0000  SC_RES_ANG=       0.0000  SC_RES_TORS=         0.0000
 SC_EEL_DER=     12.0904  SC_VDW_DER=      -0.5476  SC_DERIV   =        11.5428
 ------------------------------------------------------------------------------

 NMR restraints: Bond =    0.000   Angle =     0.000   Torsion =     0.000
===============================================================================

| TI region  1


 NSTEP =    18000   TIME(PS) =      36.000  TEMP(K) =   258.35  PRESS =     0.0
 Etot   =    -20499.6908  EKtot   =      3766.7622  EPtot      =    -24266.4530
 BOND   =         3.1323  ANGLE   =         4.0583  DIHED      =         6.3548
 1-4 NB =         6.9524  1-4 EEL =       -60.4264  VDWAALS    =      3927.8213
 EELEC  =    -28164.8295  EHBOND  =         0.0000  RESTRAINT  =        10.4837
 EAMBER (non-restraint)  =    -24276.9367
 DV/DL  =        19.5873
 ------------------------------------------------------------------------------

  Softcore part of the system:      42 atoms,       TEMP(K)    =         237.96
 SC_Etot=       139.6743  SC_EKtot=        24.3527  SC_EPtot   =       115.3217
 SC_BOND=         5.9247  SC_ANGLE=        18.8890  SC_DIHED   =        25.6149
 SC_14NB=         3.5797  SC_14EEL=        26.7505  SC_VDW     =         0.5308
 SC_EEL =        34.0321
 SC_RES_DIST=     0.0000  SC_RES_ANG=       0.0000  SC_RES_TORS=         0.0000
 SC_EEL_DER=     12.4850  SC_VDW_DER=      -0.8270  SC_DERIV   =        11.6580
 ------------------------------------------------------------------------------


| TI region  2


 NSTEP =    18000   TIME(PS) =      36.000  TEMP(K) =   258.71  PRESS =     0.0
 Etot   =    -20495.1768  EKtot   =      3771.2762  EPtot      =    -24266.4530
 BOND   =         3.1323  ANGLE   =         4.0583  DIHED      =         6.3548
 1-4 NB =         6.9524  1-4 EEL =       -60.4264  VDWAALS    =      3927.8213
 EELEC  =    -28164.8295  EHBOND  =         0.0000  RESTRAINT  =        10.4837
 EAMBER (non-restraint)  =    -24276.9367
 DV/DL  =        19.5873
 ------------------------------------------------------------------------------

  Softcore part of the system:      41 atoms,       TEMP(K)    =         290.53
 SC_Etot=       217.5529  SC_EKtot=        28.8666  SC_EPtot   =       188.6862
 SC_BOND=        10.0881  SC_ANGLE=        19.2710  SC_DIHED   =        16.5783
 SC_14NB=         3.8625  SC_14EEL=        91.3184  SC_VDW     =        -0.6244
 SC_EEL =        48.1924
 SC_RES_DIST=     0.0000  SC_RES_ANG=       0.0000  SC_RES_TORS=         0.0000
 SC_EEL_DER=     12.4850  SC_VDW_DER=      -0.8270  SC_DERIV   =        11.6580
 ------------------------------------------------------------------------------

 NMR restraints: Bond =    0.000   Angle =     0.000   Torsion =     0.000
===============================================================================

| TI region  1


 NSTEP =    19000   TIME(PS) =      38.000  TEMP(K) =   272.52  PRESS =     0.0
 Etot   =    -19717.8667  EKtot   =      3973.3217  EPtot      =    -23691.1884
 BOND   =         3.3723  ANGLE   =         2.0193  DIHED      =        10.6056
 1-4 NB =         8.8550  1-4 EEL =       -60.8381  VDWAALS    =      3704.8736
 EELEC  =    -27369.2865  EHBOND  =         0.0000  RESTRAINT  =         9.2104
 EAMBER (non-restraint)  =    -23700.3988
 DV/DL  =        21.6033
 ------------------------------------------------------------------------------

  Softcore part of the system:      42 atoms,       TEMP(K)    =         249.49
 SC_Etot=       146.5973  SC_EKtot=        25.5329  SC_EPtot   =       121.0644
 SC_BOND=         8.2773  SC_ANGLE=        25.7402  SC_DIHED   =        22.2386
 SC_14NB=         4.0325  SC_14EEL=        25.9974  SC_VDW     =         0.8959
 SC_EEL =        33.8824
 SC_RES_DIST=     0.0000  SC_RES_ANG=       0.0000  SC_RES_TORS=         0.0000
 SC_EEL_DER=     13.1305  SC_VDW_DER=      -0.4580  SC_DERIV   =        12.6725
 ------------------------------------------------------------------------------


| TI region  2


 NSTEP =    19000   TIME(PS) =      38.000  TEMP(K) =   272.83  PRESS =     0.0
 Etot   =    -19714.0673  EKtot   =      3977.1211  EPtot      =    -23691.1884
 BOND   =         3.3723  ANGLE   =         2.0193  DIHED      =        10.6056
 1-4 NB =         8.8550  1-4 EEL =       -60.8381  VDWAALS    =      3704.8736
 EELEC  =    -27369.2865  EHBOND  =         0.0000  RESTRAINT  =         9.2104
 EAMBER (non-restraint)  =    -23700.3988
 DV/DL  =        21.6033
 ------------------------------------------------------------------------------

  Softcore part of the system:      41 atoms,       TEMP(K)    =         295.21
 SC_Etot=       217.5266  SC_EKtot=        29.3323  SC_EPtot   =       188.1942
 SC_BOND=         9.1148  SC_ANGLE=        17.8581  SC_DIHED   =        16.3359
 SC_14NB=         5.2633  SC_14EEL=        91.5142  SC_VDW     =        -0.8539
 SC_EEL =        48.9619
 SC_RES_DIST=     0.0000  SC_RES_ANG=       0.0000  SC_RES_TORS=         0.0000
 SC_EEL_DER=     13.1305  SC_VDW_DER=      -0.4580  SC_DERIV   =        12.6725
 ------------------------------------------------------------------------------

 NMR restraints: Bond =    0.000   Angle =     0.000   Torsion =     0.000
===============================================================================

| TI region  1


 NSTEP =    20000   TIME(PS) =      40.000  TEMP(K) =   291.28  PRESS =     0.0
 Etot   =    -18943.8150  EKtot   =      4246.9353  EPtot      =    -23190.7503
 BOND   =         2.5138  ANGLE   =         4.0402  DIHED      =         8.4694
 1-4 NB =         7.1281  1-4 EEL =       -61.3127  VDWAALS    =      3543.3821
 EELEC  =    -26707.3226  EHBOND  =         0.0000  RESTRAINT  =        12.3514
 EAMBER (non-restraint)  =    -23203.1017
 DV/DL  =        22.9200
 ------------------------------------------------------------------------------

  Softcore part of the system:      42 atoms,       TEMP(K)    =         290.69
 SC_Etot=       152.8702  SC_EKtot=        29.7491  SC_EPtot   =       123.1211
 SC_BOND=         5.8284  SC_ANGLE=        27.7713  SC_DIHED   =        22.9247
 SC_14NB=         4.2405  SC_14EEL=        26.3248  SC_VDW     =         2.1567
 SC_EEL =        33.8747
 SC_RES_DIST=     0.0000  SC_RES_ANG=       0.0000  SC_RES_TORS=         0.0000
 SC_EEL_DER=     16.0501  SC_VDW_DER=      -0.7265  SC_DERIV   =        15.3236
 ------------------------------------------------------------------------------


| TI region  2


 NSTEP =    20000   TIME(PS) =      40.000  TEMP(K) =   290.99  PRESS =     0.0
 Etot   =    -18948.9042  EKtot   =      4241.8461  EPtot      =    -23190.7503
 BOND   =         2.5138  ANGLE   =         4.0402  DIHED      =         8.4694
 1-4 NB =         7.1281  1-4 EEL =       -61.3127  VDWAALS    =      3543.3821
 EELEC  =    -26707.3226  EHBOND  =         0.0000  RESTRAINT  =        12.3514
 EAMBER (non-restraint)  =    -23203.1017
 DV/DL  =        22.9200
 ------------------------------------------------------------------------------

  Softcore part of the system:      41 atoms,       TEMP(K)    =         248.19
 SC_Etot=       208.1733  SC_EKtot=        24.6600  SC_EPtot   =       183.5134
 SC_BOND=         5.1593  SC_ANGLE=        14.9701  SC_DIHED   =        18.5364
 SC_14NB=         5.4561  SC_14EEL=        90.6031  SC_VDW     =         0.7231
 SC_EEL =        48.0651
 SC_RES_DIST=     0.0000  SC_RES_ANG=       0.0000  SC_RES_TORS=         0.0000
 SC_EEL_DER=     16.0501  SC_VDW_DER=      -0.7265  SC_DERIV   =        15.3236
 ------------------------------------------------------------------------------

 NMR restraints: Bond =    0.000   Angle =     0.000   Torsion =     0.000
===============================================================================

| TI region  1


 NSTEP =    21000   TIME(PS) =      42.000  TEMP(K) =   294.44  PRESS =     0.0
 Etot   =    -18575.1044  EKtot   =      4292.9894  EPtot      =    -22868.0938
 BOND   =         6.6392  ANGLE   =         6.3838  DIHED      =         6.2099
 1-4 NB =         6.6184  1-4 EEL =       -60.7793  VDWAALS    =      3513.4251
 EELEC  =    -26359.7902  EHBOND  =         0.0000  RESTRAINT  =        13.1993
 EAMBER (non-restraint)  =    -22881.2931
 DV/DL  =        17.5640
 ------------------------------------------------------------------------------

  Softcore part of the system:      42 atoms,       TEMP(K)    =         325.18
 SC_Etot=       152.0961  SC_EKtot=        33.2791  SC_EPtot   =       118.8170
 SC_BOND=         7.0566  SC_ANGLE=        23.4001  SC_DIHED   =        24.4677
 SC_14NB=         3.8343  SC_14EEL=        26.3533  SC_VDW     =        -0.3316
 SC_EEL =        34.0365
 SC_RES_DIST=     0.0000  SC_RES_ANG=       0.0000  SC_RES_TORS=         0.0000
 SC_EEL_DER=      8.5662  SC_VDW_DER=      -0.9553  SC_DERIV   =         7.6109
 ------------------------------------------------------------------------------


| TI region  2


 NSTEP =    21000   TIME(PS) =      42.000  TEMP(K) =   294.27  PRESS =     0.0
 Etot   =    -18578.4973  EKtot   =      4289.5965  EPtot      =    -22868.0938
 BOND   =         6.6392  ANGLE   =         6.3838  DIHED      =         6.2099
 1-4 NB =         6.6184  1-4 EEL =       -60.7793  VDWAALS    =      3513.4251
 EELEC  =    -26359.7902  EHBOND  =         0.0000  RESTRAINT  =        13.1993
 EAMBER (non-restraint)  =    -22881.2931
 DV/DL  =        17.5640
 ------------------------------------------------------------------------------

  Softcore part of the system:      41 atoms,       TEMP(K)    =         300.79
 SC_Etot=       220.4264  SC_EKtot=        29.8862  SC_EPtot   =       190.5402
 SC_BOND=         6.3173  SC_ANGLE=        25.6433  SC_DIHED   =        15.7332
 SC_14NB=         4.4290  SC_14EEL=        90.0002  SC_VDW     =        -0.8850
 SC_EEL =        49.3023
 SC_RES_DIST=     0.0000  SC_RES_ANG=       0.0000  SC_RES_TORS=         0.0000
 SC_EEL_DER=      8.5662  SC_VDW_DER=      -0.9553  SC_DERIV   =         7.6109
 ------------------------------------------------------------------------------

 NMR restraints: Bond =    0.000   Angle =     0.000   Torsion =     0.000
===============================================================================

| TI region  1


 NSTEP =    22000   TIME(PS) =      44.000  TEMP(K) =   293.27  PRESS =     0.0
 Etot   =    -18359.0433  EKtot   =      4275.8858  EPtot      =    -22634.9291
 BOND   =         3.6734  ANGLE   =         4.3146  DIHED      =         6.5228
 1-4 NB =         7.3562  1-4 EEL =       -61.0871  VDWAALS    =      3338.8694
 EELEC  =    -25947.3435  EHBOND  =         0.0000  RESTRAINT  =        12.7650
 EAMBER (non-restraint)  =    -22647.6941
 DV/DL  =        21.4317
 ------------------------------------------------------------------------------

  Softcore part of the system:      42 atoms,       TEMP(K)    =         240.28
 SC_Etot=       141.4281  SC_EKtot=        24.5900  SC_EPtot   =       116.8381
 SC_BOND=         5.8658  SC_ANGLE=        26.2874  SC_DIHED   =        20.6293
 SC_14NB=         2.8761  SC_14EEL=        26.5958  SC_VDW     =         0.6955
 SC_EEL =        33.8882
 SC_RES_DIST=     0.0000  SC_RES_ANG=       0.0000  SC_RES_TORS=         0.0000
 SC_EEL_DER=     15.7972  SC_VDW_DER=      -0.5680  SC_DERIV   =        15.2292
 ------------------------------------------------------------------------------


| TI region  2


 NSTEP =    22000   TIME(PS) =      44.000  TEMP(K) =   293.74  PRESS =     0.0
 Etot   =    -18353.1009  EKtot   =      4281.8282  EPtot      =    -22634.9291
 BOND   =         3.6734  ANGLE   =         4.3146  DIHED      =         6.5228
 1-4 NB =         7.3562  1-4 EEL =       -61.0871  VDWAALS    =      3338.8694
 EELEC  =    -25947.3435  EHBOND  =         0.0000  RESTRAINT  =        12.7650
 EAMBER (non-restraint)  =    -22647.6941
 DV/DL  =        21.4317
 ------------------------------------------------------------------------------

  Softcore part of the system:      41 atoms,       TEMP(K)    =         307.29
 SC_Etot=       221.4360  SC_EKtot=        30.5323  SC_EPtot   =       190.9036
 SC_BOND=         9.7432  SC_ANGLE=        21.1653  SC_DIHED   =        15.8954
 SC_14NB=         4.3060  SC_14EEL=        91.0482  SC_VDW     =         0.5330
 SC_EEL =        48.2124
 SC_RES_DIST=     0.0000  SC_RES_ANG=       0.0000  SC_RES_TORS=         0.0000
 SC_EEL_DER=     15.7972  SC_VDW_DER=      -0.5680  SC_DERIV   =        15.2292
 ------------------------------------------------------------------------------

 NMR restraints: Bond =    0.000   Angle =     0.000   Torsion =     0.000
===============================================================================

| TI region  1


 NSTEP =    23000   TIME(PS) =      46.000  TEMP(K) =   295.43  PRESS =     0.0
 Etot   =    -18488.8586  EKtot   =      4307.3374  EPtot      =    -22796.1960
 BOND   =         3.4454  ANGLE   =         7.1599  DIHED      =         5.8641
 1-4 NB =         7.5166  1-4 EEL =       -60.0899  VDWAALS    =      3255.1872
 EELEC  =    -26025.9012  EHBOND  =         0.0000  RESTRAINT  =        10.6220
 EAMBER (non-restraint)  =    -22806.8180
 DV/DL  =        20.1168
 ------------------------------------------------------------------------------

  Softcore part of the system:      42 atoms,       TEMP(K)    =         245.88
 SC_Etot=       144.3152  SC_EKtot=        25.1635  SC_EPtot   =       119.1517
 SC_BOND=         5.6136  SC_ANGLE=        26.1375  SC_DIHED   =        20.2416
 SC_14NB=         4.0305  SC_14EEL=        25.2981  SC_VDW     =         2.7352
 SC_EEL =        35.0952
 SC_RES_DIST=     0.0000  SC_RES_ANG=       0.0000  SC_RES_TORS=         0.0000
 SC_EEL_DER=     14.0675  SC_VDW_DER=      -0.8283  SC_DERIV   =        13.2391
 ------------------------------------------------------------------------------


| TI region  2


 NSTEP =    23000   TIME(PS) =      46.000  TEMP(K) =   295.72  PRESS =     0.0
 Etot   =    -18485.4422  EKtot   =      4310.7538  EPtot      =    -22796.1960
 BOND   =         3.4454  ANGLE   =         7.1599  DIHED      =         5.8641
 1-4 NB =         7.5166  1-4 EEL =       -60.0899  VDWAALS    =      3255.1872
 EELEC  =    -26025.9012  EHBOND  =         0.0000  RESTRAINT  =        10.6220
 EAMBER (non-restraint)  =    -22806.8180
 DV/DL  =        20.1168
 ------------------------------------------------------------------------------

  Softcore part of the system:      41 atoms,       TEMP(K)    =         287.64
 SC_Etot=       215.4818  SC_EKtot=        28.5799  SC_EPtot   =       186.9019
 SC_BOND=         6.8429  SC_ANGLE=        20.4013  SC_DIHED   =        16.7777
 SC_14NB=         4.2431  SC_14EEL=        91.4679  SC_VDW     =        -0.4496
 SC_EEL =        47.6186
 SC_RES_DIST=     0.0000  SC_RES_ANG=       0.0000  SC_RES_TORS=         0.0000
 SC_EEL_DER=     14.0675  SC_VDW_DER=      -0.8283  SC_DERIV   =        13.2391
 ------------------------------------------------------------------------------

 NMR restraints: Bond =    0.000   Angle =     0.000   Torsion =     0.000
===============================================================================

| TI region  1


 NSTEP =    24000   TIME(PS) =      48.000  TEMP(K) =   304.56  PRESS =     0.0
 Etot   =    -18328.6477  EKtot   =      4440.4204  EPtot      =    -22769.0681
 BOND   =         4.9787  ANGLE   =         3.5514  DIHED      =         8.2328
 1-4 NB =         7.3641  1-4 EEL =       -60.6053  VDWAALS    =      3277.6325
 EELEC  =    -26021.4939  EHBOND  =         0.0000  RESTRAINT  =        11.2717
 EAMBER (non-restraint)  =    -22780.3398
 DV/DL  =        25.2786
 ------------------------------------------------------------------------------

  Softcore part of the system:      42 atoms,       TEMP(K)    =         266.12
 SC_Etot=       144.5632  SC_EKtot=        27.2345  SC_EPtot   =       117.3287
 SC_BOND=         4.4204  SC_ANGLE=        26.0972  SC_DIHED   =        21.5208
 SC_14NB=         4.3067  SC_14EEL=        25.9353  SC_VDW     =         0.0261
 SC_EEL =        35.0223
 SC_RES_DIST=     0.0000  SC_RES_ANG=       0.0000  SC_RES_TORS=         0.0000
 SC_EEL_DER=     17.5224  SC_VDW_DER=      -0.8604  SC_DERIV   =        16.6620
 ------------------------------------------------------------------------------


| TI region  2


 NSTEP =    24000   TIME(PS) =      48.000  TEMP(K) =   304.43  PRESS =     0.0
 Etot   =    -18331.4242  EKtot   =      4437.6440  EPtot      =    -22769.0681
 BOND   =         4.9787  ANGLE   =         3.5514  DIHED      =         8.2328
 1-4 NB =         7.3641  1-4 EEL =       -60.6053  VDWAALS    =      3277.6325
 EELEC  =    -26021.4939  EHBOND  =         0.0000  RESTRAINT  =        11.2717
 EAMBER (non-restraint)  =    -22780.3398
 DV/DL  =        25.2786
 ------------------------------------------------------------------------------

  Softcore part of the system:      41 atoms,       TEMP(K)    =         246.16
 SC_Etot=       215.4645  SC_EKtot=        24.4580  SC_EPtot   =       191.0065
 SC_BOND=         6.3848  SC_ANGLE=        23.7700  SC_DIHED   =        17.9439
 SC_14NB=         4.3537  SC_14EEL=        90.1026  SC_VDW     =         0.0084
 SC_EEL =        48.4432
 SC_RES_DIST=     0.0000  SC_RES_ANG=       0.0000  SC_RES_TORS=         0.0000
 SC_EEL_DER=     17.5224  SC_VDW_DER=      -0.8604  SC_DERIV   =        16.6620
 ------------------------------------------------------------------------------

 NMR restraints: Bond =    0.000   Angle =     0.000   Torsion =     0.000
===============================================================================

| TI region  1


 NSTEP =    25000   TIME(PS) =      50.000  TEMP(K) =   299.54  PRESS =     0.0
 Etot   =    -18311.6532  EKtot   =      4367.2529  EPtot      =    -22678.9061
 BOND   =         3.6649  ANGLE   =         5.4050  DIHED      =         7.0711
 1-4 NB =         8.5677  1-4 EEL =       -60.7162  VDWAALS    =      3219.5634
 EELEC  =    -25876.2767  EHBOND  =         0.0000  RESTRAINT  =        13.8147
 EAMBER (non-restraint)  =    -22692.7208
 DV/DL  =        16.4468
 ------------------------------------------------------------------------------

  Softcore part of the system:      42 atoms,       TEMP(K)    =         265.33
 SC_Etot=       142.2881  SC_EKtot=        27.1544  SC_EPtot   =       115.1337
 SC_BOND=         5.8005  SC_ANGLE=        19.6357  SC_DIHED   =        20.5996
 SC_14NB=         4.8249  SC_14EEL=        26.4368  SC_VDW     =         3.0807
 SC_EEL =        34.7556
 SC_RES_DIST=     0.0000  SC_RES_ANG=       0.0000  SC_RES_TORS=         0.0000
 SC_EEL_DER=     12.5867  SC_VDW_DER=      -0.5711  SC_DERIV   =        12.0156
 ------------------------------------------------------------------------------


| TI region  2


 NSTEP =    25000   TIME(PS) =      50.000  TEMP(K) =   300.20  PRESS =     0.0
 Etot   =    -18302.8520  EKtot   =      4376.0542  EPtot      =    -22678.9061
 BOND   =         3.6649  ANGLE   =         5.4050  DIHED      =         7.0711
 1-4 NB =         8.5677  1-4 EEL =       -60.7162  VDWAALS    =      3219.5634
 EELEC  =    -25876.2767  EHBOND  =         0.0000  RESTRAINT  =        13.8147
 EAMBER (non-restraint)  =    -22692.7208
 DV/DL  =        16.4468
 ------------------------------------------------------------------------------

  Softcore part of the system:      41 atoms,       TEMP(K)    =         361.87
 SC_Etot=       226.9729  SC_EKtot=        35.9556  SC_EPtot   =       191.0173
 SC_BOND=         9.2798  SC_ANGLE=        22.6093  SC_DIHED   =        18.2645
 SC_14NB=         4.1999  SC_14EEL=        91.0799  SC_VDW     =        -1.3634
 SC_EEL =        46.9471
 SC_RES_DIST=     0.0000  SC_RES_ANG=       0.0000  SC_RES_TORS=         0.0000
 SC_EEL_DER=     12.5867  SC_VDW_DER=      -0.5711  SC_DERIV   =        12.0156
 ------------------------------------------------------------------------------

 NMR restraints: Bond =    0.000   Angle =     0.000   Torsion =     0.000
===============================================================================

| TI region  1


      A V E R A G E S   O V E R      25 S T E P S


 NSTEP =    25000   TIME(PS) =      50.000  TEMP(K) =   179.94  PRESS =     0.0
 Etot   =    -23049.9902  EKtot   =      2623.5067  EPtot      =    -25673.4969
 BOND   =         2.7180  ANGLE   =         3.2229  DIHED      =         6.1818
 1-4 NB =         7.3736  1-4 EEL =       -60.5417  VDWAALS    =      4579.7974
 EELEC  =    -30220.1430  EHBOND  =         0.0000  RESTRAINT  =         7.8942
 EAMBER (non-restraint)  =    -25681.3911
 DV/DL  =        19.0791
 ------------------------------------------------------------------------------

 NMR restraints: Bond =    0.000   Angle =     0.000   Torsion =     0.000
===============================================================================
  Softcore part of the system:      42 atoms,       TEMP(K)    =         173.61
 SC_Etot=       126.0311  SC_EKtot=        17.7668  SC_EPtot   =       108.2643
 SC_BOND=         4.2157  SC_ANGLE=        18.3425  SC_DIHED   =        21.2203
 SC_14NB=         3.4032  SC_14EEL=        25.9421  SC_VDW     =         0.6343
 SC_EEL =        34.5062
 SC_RES_DIST=     0.0000  SC_RES_ANG=       0.0000  SC_RES_TORS=         0.0000
 SC_EEL_DER=     12.4739  SC_VDW_DER=      -0.6051  SC_DERIV   =        11.8688
 ------------------------------------------------------------------------------


      R M S  F L U C T U A T I O N S


 NSTEP =    25000   TIME(PS) =      50.000  TEMP(K) =    95.16  PRESS =     0.0
 Etot   =      3374.3922  EKtot   =      1387.4115  EPtot      =      2006.2590
 BOND   =         1.3620  ANGLE   =         1.6341  DIHED      =         1.7986
 1-4 NB =         0.5060  1-4 EEL =         0.3454  VDWAALS    =       870.2188
 EELEC  =      2868.3029  EHBOND  =         0.0000  RESTRAINT  =         3.8533
 EAMBER (non-restraint)  =      2002.4058
 DV/DL  =         5.0512
 ------------------------------------------------------------------------------

  Softcore part of the system:      42 atoms,       TEMP(K)    =          92.50
 SC_Etot=        18.2581  SC_EKtot=         9.4664  SC_EPtot   =         8.9722
 SC_BOND=         1.8449  SC_ANGLE=         5.7897  SC_DIHED   =         1.5610
 SC_14NB=         0.5449  SC_14EEL=         0.5464  SC_VDW     =         0.8954
 SC_EEL =         0.4967
 SC_RES_DIST=     0.0000  SC_RES_ANG=       0.0000  SC_RES_TORS=         0.0000
 SC_EEL_DER=      4.3374  SC_VDW_DER=       0.1903  SC_DERIV   =         4.2466
 ------------------------------------------------------------------------------


| TI region  2


      A V E R A G E S   O V E R      25 S T E P S


 NSTEP =    25000   TIME(PS) =      50.000  TEMP(K) =   180.03  PRESS =     0.0
 Etot   =    -23049.1664  EKtot   =      2624.3306  EPtot      =    -25673.4969
 BOND   =         2.7180  ANGLE   =         3.2229  DIHED      =         6.1818
 1-4 NB =         7.3736  1-4 EEL =       -60.5417  VDWAALS    =      4579.7974
 EELEC  =    -30220.1430  EHBOND  =         0.0000  RESTRAINT  =         7.8942
 EAMBER (non-restraint)  =    -25681.3911
 DV/DL  =        19.0791
 ------------------------------------------------------------------------------

 NMR restraints: Bond =    0.000   Angle =     0.000   Torsion =     0.000
===============================================================================
  Softcore part of the system:      41 atoms,       TEMP(K)    =         187.10
 SC_Etot=       197.1263  SC_EKtot=        18.5906  SC_EPtot   =       178.5356
 SC_BOND=         5.2947  SC_ANGLE=        14.2904  SC_DIHED   =        16.0015
 SC_14NB=         4.4241  SC_14EEL=        90.9683  SC_VDW     =        -0.4936
 SC_EEL =        48.0502
 SC_RES_DIST=     0.0000  SC_RES_ANG=       0.0000  SC_RES_TORS=         0.0000
 SC_EEL_DER=     12.4739  SC_VDW_DER=      -0.6051  SC_DERIV   =        11.8688
 ------------------------------------------------------------------------------


      R M S  F L U C T U A T I O N S


 NSTEP =    25000   TIME(PS) =      50.000  TEMP(K) =    95.21  PRESS =     0.0
 Etot   =      3374.9081  EKtot   =      1387.8526  EPtot      =      2006.2590
 BOND   =         1.3620  ANGLE   =         1.6341  DIHED      =         1.7986
 1-4 NB =         0.5060  1-4 EEL =         0.3454  VDWAALS    =       870.2188
 EELEC  =      2868.3029  EHBOND  =         0.0000  RESTRAINT  =         3.8533
 EAMBER (non-restraint)  =      2002.4058
 DV/DL  =         5.0512
 ------------------------------------------------------------------------------

  Softcore part of the system:      41 atoms,       TEMP(K)    =         101.17
 SC_Etot=        19.1827  SC_EKtot=        10.0523  SC_EPtot   =         9.3111
 SC_BOND=         2.7364  SC_ANGLE=         6.3415  SC_DIHED   =         1.1565
 SC_14NB=         0.4850  SC_14EEL=         0.5342  SC_VDW     =         0.5236
 SC_EEL =         0.5747
 SC_RES_DIST=     0.0000  SC_RES_ANG=       0.0000  SC_RES_TORS=         0.0000
 SC_EEL_DER=      4.3374  SC_VDW_DER=       0.1903  SC_DERIV   =         4.2466
 ------------------------------------------------------------------------------


      DV/DL, AVERAGES OVER      25 STEPS


 NSTEP =    25000   TIME(PS) =      50.000  TEMP(K) =    95.21  PRESS =     0.0
 Etot   =         0.0000  EKtot   =         0.0000  EPtot      =        19.0791
 BOND   =         0.3524  ANGLE   =         0.0069  DIHED      =         0.0000
 1-4 NB =         0.0470  1-4 EEL =         3.6203  VDWAALS    =         6.9770
 EELEC  =        -3.7932  EHBOND  =         0.0000  RESTRAINT  =         0.0000
 DV/DL  =        19.0791
 ------------------------------------------------------------------------------


 NMR restraints on final step:

--------------------------------------------------------------------------------
   5.  TIMINGS
--------------------------------------------------------------------------------

|  NonSetup CPU Time in Major Routines:
|
|     Routine           Sec        %
|     ------------------------------
|     Nonbond           3.12   24.35
|     Bond              0.00    0.00
|     Angle             0.00    0.00
|     Dihedral          0.00    0.00
|     Shake             0.04    0.31
|     RunMD             9.64   75.12
|     Other             0.03    0.22
|     ------------------------------
|     Total            12.83

|  PME Nonbond Pairlist CPU Time:
|
|     Routine              Sec        %
|     ---------------------------------
|     Set Up Cit           0.00    0.00
|     Build List           0.00    0.00
|     ---------------------------------
|     Total                0.00    0.00

|  PME Direct Force CPU Time:
|
|     Routine              Sec        %
|     ---------------------------------
|     NonBonded Calc       0.00    0.00
|     Exclude Masked       0.00    0.00
|     Other                0.02    0.14
|     ---------------------------------
|     Total                0.02    0.14

|  PME Reciprocal Force CPU Time:
|
|     Routine              Sec        %
|     ---------------------------------
|     1D bspline           0.00    0.00
|     Grid Charges         0.00    0.00
|     Scalar Sum           0.00    0.00
|     Gradient Sum         0.00    0.00
|     FFT                  0.00    0.00
|     ---------------------------------
|     Total                0.00    0.00

|  Final Performance Info:
|     -----------------------------------------------------
|     Average timings for last   25000 steps:
|     Elapsed(s) =      12.83 Per Step(ms) =       0.51
|         ns/day =     336.82   seconds/ns =     256.51
|
|     Average timings for all steps:
|     Elapsed(s) =      12.83 Per Step(ms) =       0.51
|         ns/day =     336.82   seconds/ns =     256.51
|     -----------------------------------------------------

|  Setup CPU time:            0.67 seconds
|  NonSetup CPU time:        12.83 seconds
|  Total CPU time:           13.50 seconds     0.00 hours

|  Setup wall time:           0    seconds
|  NonSetup wall time:       13    seconds
|  Total wall time:          13    seconds     0.00 hours
