
          -------------------------------------------------------
          Amber 20 PMEMD                              2020
          -------------------------------------------------------

| PMEMD implementation of SANDER, Release 18

|  Compiled date/time: Thu May 20 07:44:43 2021
| Run on 10/05/2024 at 17:13:27

|   Executable path: pmemd.cuda
| Working directory: /home/muditj/alk2_rbfe/lig_153~lig_104/site/la-0.00922
|          Hostname: Unknown
  [-O]verwriting output

File Assignments:
|   MDIN: 2_nvt/nvt.in                                                          
|  MDOUT: 2_nvt/complex_nvt.out                                                 
| INPCRD: 2_nvt/complex_nvt.inpcrd                                              
|   PARM: ../complex.prmtop                                                     
| RESTRT: 2_nvt/complex_nvt.rst                                                 
|   REFC: 2_nvt/complex_nvt_ref.rst                                             
|  MDVEL: mdvel                                                                 
|   MDEN: mden                                                                  
|  MDCRD: 2_nvt/complex_nvt.nc                                                  
| MDINFO: mdinfo                                                                
|  MDFRC: mdfrc                                                                 


 Here is the input file:

nvt run                                                                        
 &cntrl                                                                        
  ig = -1,                                                                     
  imin = 0,                                                                    
  nstlim = 25000,                                                              
  dt = 0.002,                                                                  
  irest = 0,                                                                   
  ntx = 1,                                                                     
  ntxo = 2,                                                                    
  ioutfm = 1,                                                                  
  ntb = 1,                                                                     
  ntt = 3,                                                                     
  gamma_ln = 1.0,                                                              
  tempi = 0.1,                                                                 
  temp0 = 300,                                                                 
  ntr = 1,                                                                     
  ntc = 2,                                                                     
  ntf = 1,                                                                     
  ntpr = 1000,                                                                 
  ntwx = 0,                                                                    
  ntwr = 1000,                                                                 
  nmropt = 1,                                                                  
  cut = 10,                                                                    
  restraintmask=':309|!(:WAT|@H=|:Na+|:Cl-)',                                  
  restraint_wt=20.0,                                                           
                                                                               
  icfe = 1, ifsc = 1, clambda = 0.00922, gti_lam_sch = 1, scalpha = 0.2, scbeta
  timask1 = ':1', timask2 = ':2',                                              
  scmask1 = ':1@C29,H62,H59,H58,H57,H56,H55,H54,H53,H52,H51,H50,H49,H48,H47,H46
 /                                                                             
 &wt TYPE='TEMP0', istep1=0, istep2=20000,                                     
  value1=0.1, value2=300.0, /                                                  
 &wt TYPE='END' /                                                              


Note: ig = -1. Setting random seed to   260228 based on wallclock time in 
      microseconds.
| irandom = 1, using AMBER's internal random number generator (default).
 
|--------------------- INFORMATION ----------------------
| GPU (CUDA) Version of PMEMD in use: NVIDIA GPU IN USE.
|                    Version 18.0.0
| 
|                      03/25/2018
| 
| Implementation by:
|                    Ross C. Walker     (SDSC)
|                    Scott Le Grand     (nVIDIA)
| 
| Version 18 performance extensions by:
|                    David Cerutti     (Rutgers)
| 
| Precision model in use:
|      [SPFP] - Single Precision Forces, 64-bit Fixed Point
|               Accumulation. (Default)
| 
|--------------------------------------------------------
 
|----------------- CITATION INFORMATION -----------------
|
|    When publishing work that utilized the CUDA version
|    of AMBER, please cite the following in addition to
|    the regular AMBER citations:
|
|  - Romelia Salomon-Ferrer; Andreas W. Goetz; Duncan
|    Poole; Scott Le Grand; Ross C. Walker "Routine
|    microsecond molecular dynamics simulations with
|    AMBER - Part II: Particle Mesh Ewald", J. Chem.
|    Theory Comput., 2013, 9 (9), pp3878-3888,
|    DOI: 10.1021/ct400314y.
|
|  - Andreas W. Goetz; Mark J. Williamson; Dong Xu;
|    Duncan Poole; Scott Le Grand; Ross C. Walker
|    "Routine microsecond molecular dynamics simulations
|    with AMBER - Part I: Generalized Born", J. Chem.
|    Theory Comput., 2012, 8 (5), pp1542-1555.
|
|  - Scott Le Grand; Andreas W. Goetz; Ross C. Walker
|    "SPFP: Speed without compromise - a mixed precision
|    model for GPU accelerated molecular dynamics
|    simulations.", Comp. Phys. Comm., 2013, 184
|    pp374-380, DOI: 10.1016/j.cpc.2012.09.022
|
|    When publishing work that utilized the CUDA version
|    of TI, BAR, MBAR or FEP please cite the following 
|    publications in addition to the regular AMBER 
|    GPU citations:
|
|  - Daniel J. Mermelstein; Charles Lin; Gard Nelson; 
|    Rachael Kretsch; J. Andrew McCammon; Ross C. Walker
|    "Fast and Flexible GPU Accelerated Binding 
|    Free Energy Calculations within the AMBER Molecular
|    Dynamics Package" J. Comp. Chem., 2018,
|    DOI: 10.1002/jcc.25187
|
|  - Tai-Sung Lee; Yuan Hu; Brad Sherborne; Zhuyan Guo;
|    Darrin M. York
|    "Toward Fast and Accurate Binding Affinity Prediction with
|    pmemdGTI: An Efficient Implementation of GPU-Accelerated
|    Thermodynamic Integration"
|    J. Chem. Theory Comput., 2017, 13 (7), 3077
|
|
|--------------------------------------------------------
 
|------------------- GPU DEVICE INFO --------------------
|
|            CUDA_VISIBLE_DEVICES: 0
|   CUDA Capable Devices Detected:      1
|           CUDA Device ID in use:      0
|                CUDA Device Name: NVIDIA GeForce RTX 2080
|     CUDA Device Global Mem Size:   7982 MB
| CUDA Device Num Multiprocessors:     46
|           CUDA Device Core Freq:   1.71 GHz
|
|--------------------------------------------------------
 
 
| Conditional Compilation Defines Used:
| PUBFFT
| BINTRAJ
| CUDA
| EMIL

| Largest sphere to fit in unit cell has radius =    28.285

| New format PARM file being parsed.
| Version =    1.000 Date = 10/05/24 Time = 17:06:23

| Note: 1-4 EEL scale factors are being read from the topology file.

| Note: 1-4 VDW scale factors are being read from the topology file.
| Duplicated    0 dihedrals

| Duplicated    0 dihedrals

--------------------------------------------------------------------------------
   1.  RESOURCE   USE: 
--------------------------------------------------------------------------------

 getting box info from netcdf restart file
 NATOM  =   17464 NTYPES =      31 NBONH =   15011 MBONA  =    2503
 NTHETH =    5537 MTHETA =    3396 NPHIH =   11178 MPHIA  =   10632
 NHPARM =       0 NPARM  =       0 NNB   =   43744 NRES   =    4497
 NBONA  =    2503 NTHETA =    3396 NPHIA =   10632 NUMBND =      93
 NUMANG =     208 NPTRA  =     215 NATYP =      53 NPHB   =       1
 IFBOX  =       1 NMXRS  =      62 IFCAP =       0 NEXTRA =       0
 NCOPY  =       0

| Coordinate Index Table dimensions:    11   10   11
| Direct force subcell size =     5.9561    5.6570    5.5474

     BOX TYPE: RECTILINEAR

--------------------------------------------------------------------------------
   2.  CONTROL  DATA  FOR  THE  RUN
--------------------------------------------------------------------------------

L0                                                                              

General flags:
     imin    =       0, nmropt  =       1

Nature and format of input:
     ntx     =       1, irest   =       0, ntrx    =       1

Nature and format of output:
     ntxo    =       2, ntpr    =    1000, ntrx    =       1, ntwr    =    1000
     iwrap   =       0, ntwx    =       0, ntwv    =       0, ntwe    =       0
     ioutfm  =       1, ntwprt  =       0, idecomp =       0, rbornstat=      0

Potential function:
     ntf     =       1, ntb     =       1, igb     =       0, nsnb    =      25
     ipol    =       0, gbsa    =       0, iesp    =       0
     dielc   =   1.00000, cut     =  10.00000, intdiel =   1.00000

Frozen or restrained atoms:
     ibelly  =       0, ntr     =       1
     restraint_wt =  20.00000

Molecular dynamics:
     nstlim  =     25000, nscm    =         0, nrespa  =         1
     t       =   0.00000, dt      =   0.00200, vlimit  =  -1.00000

Langevin dynamics temperature regulation:
     ig      =  260228
     temp0   = 300.00000, tempi   =   0.10000, gamma_ln=   1.00000

SHAKE:
     ntc     =       2, jfastw  =       0
     tol     =   0.00001

NMR refinement options:
     iscale  =       0, noeskp  =       1, ipnlty  =       1, mxsub   =       1
     scalm   = 100.00000, pencut  =   0.10000, tausw   =   0.10000

Free energy options:
     icfe    =       1, ifsc    =       1, klambda =       1
     clambda =  0.0092, scalpha =  0.2000, scbeta  = 50.0000
     sceeorder =       2
     dynlmb =  0.0000 logdvdl =       0

| Intermolecular bonds treatment:
|     no_intermolecular_bonds =       1

| Energy averages sample interval:
|     ene_avg_sampling =    1000

Ewald parameters:
     verbose =       0, ew_type =       0, nbflag  =       1, use_pme =       1
     vdwmeth =       1, eedmeth =       1, netfrc  =       1
     Box X =   65.517   Box Y =   56.570   Box Z =   61.021
     Alpha =   90.000   Beta  =   90.000   Gamma =   90.000
     NFFT1 =   64       NFFT2 =   64       NFFT3 =   64
     Cutoff=   10.000   Tol   =0.100E-04
     Ewald Coefficient =  0.27511
     Interpolation order =    4

    LOADING THE CONSTRAINED ATOMS AS GROUPS


   5.  REFERENCE ATOM COORDINATES

  L0                                                                              
     Mask :309|!(:WAT|@H=|:Na+|:Cl-); matches  2446 atoms
     TI Mask 1 :1; matches     62 atoms
     TI Mask 2 :2; matches     61 atoms
     TI region 1:   17403 atoms
     TI region 2:   17402 atoms
     SC Mask 1 :1@C29,H62,H59,H58,H57,H56,H55,H54,H53,H52,H51,H50,H49,H48,H47,H46,H41,H40,H39,H38,H37,H36,H35,H34,H33,H32,C27,O26,C25,O24,C23,O22,C21,C20,C19,C18,C17,C7,C6,C5,C4,N3; matches     42 atoms
     SC Mask 2 :2@H46,C5,C6,C7,O8,C9,C10,C11,C12,C13,C14,O15,C16,C24,C25,N26,C27,C28,H33,H34,H35,H36,H37,H38,H39,H40,H41,H42,H43,H44,H45,H49,H50,H51,H52,H53,H54,H55,H56,H57,H61; matches     41 atoms

|--------------------------------------------------------------------------------------------
| Extra TI control variables
|     gti_add_sc     =   1, gti_ele_gauss  =   0, gti_auto_alpha =   0, gti_scale_beta =   0
|     gti_ele_exp    =   2, gti_vdw_exp    =   6, gti_ele_sc     =   1, gti_vdw_sc     =   1
|     gti_cut        =   1, gti_cut_sc     =   0
|     gti_cut_sc_on    =  0.0000, gti_cut_sc_off    =  0.0000
|--------------------------------------------------------------------------------------------


--------------------------------------------------------------------------------
   3.  ATOMIC COORDINATES AND VELOCITIES
--------------------------------------------------------------------------------

L0                                                                              
 begin time read from input coords =     0.000 ps



           Begin reading energy term weight changes/NMR restraints
 WEIGHT CHANGES:
 TEMP0         0  20000    0.100000  300.000000      0      0

 RESTRAINTS:
                          ** No restraint defined **

                  Done reading weight changes/NMR restraints


 
 Number of triangulated 3-point waters found:     4189
   Removing shake constraints from C2    L0    1 -- H33   L0    1
   Removing shake constraints from C2    L0    1 -- H32   L0    1
   Removing shake constraints from C17   L1    2 -- H46   L1    2
 Number of shake restraints removed in TI region  1 :        2
 Number of shake restraints removed in TI region  2 :        1

     Sum of charges for TI region  1 =  -0.00001916
     Skip neutralizing charges...


     Sum of charges for TI region  2 =  -0.00002514
     Skip neutralizing charges...

| Dynamic Memory, Types Used:
| Reals              867995
| Integers          1262921

| Nonbonded Pairs Initial Allocation:     5282423

| GPU memory information (estimate):
| KB of GPU memory in use:    147303
| KB of CPU memory in use:     47637

--------------------------------------------------------------------------------
   4.  RESULTS
--------------------------------------------------------------------------------

   DOF for the SC part  1 of the system:  103
   SHAKE constraints in the SC region:   23
   DOF for the SC part  2 of the system:  100
   SHAKE constraints in the SC region:   23

| TI region  1


 NSTEP =        0   TIME(PS) =       0.000  TEMP(K) =     0.14  PRESS =     0.0
 Etot   =    -60128.4669  EKtot   =         5.1940  EPtot      =    -60133.6609
 BOND   =      3867.4676  ANGLE   =       627.8128  DIHED      =      3371.0314
 1-4 NB =       970.3270  1-4 EEL =     10625.8100  VDWAALS    =      6613.2457
 EELEC  =    -86209.3554  EHBOND  =         0.0000  RESTRAINT  =         0.0000
 DV/DL  =         0.5889
 ------------------------------------------------------------------------------

  Softcore part of the system:      42 atoms,       TEMP(K)    =           0.36
 SC_Etot=        92.3681  SC_EKtot=         0.0366  SC_EPtot   =        92.3315
 SC_BOND=         0.8914  SC_ANGLE=         7.4114  SC_DIHED   =        19.7160
 SC_14NB=         3.2848  SC_14EEL=        25.9917  SC_VDW     =         0.7553
 SC_EEL =        34.2810
 SC_RES_DIST=     0.0000  SC_RES_ANG=       0.0000  SC_RES_TORS=         0.0000
 SC_EEL_DER=      0.5490  SC_VDW_DER=      -0.0320  SC_DERIV   =         0.5171
 ------------------------------------------------------------------------------


| TI region  2


 NSTEP =        0   TIME(PS) =       0.000  TEMP(K) =     0.14  PRESS =     0.0
 Etot   =    -60128.4667  EKtot   =         5.1942  EPtot      =    -60133.6609
 BOND   =      3867.4676  ANGLE   =       627.8128  DIHED      =      3371.0314
 1-4 NB =       970.3270  1-4 EEL =     10625.8100  VDWAALS    =      6613.2457
 EELEC  =    -86209.3554  EHBOND  =         0.0000  RESTRAINT  =         0.0000
 DV/DL  =         0.5889
 ------------------------------------------------------------------------------

  Softcore part of the system:      41 atoms,       TEMP(K)    =           0.43
 SC_Etot=       161.4589  SC_EKtot=         0.0432  SC_EPtot   =       161.4158
 SC_BOND=         1.4077  SC_ANGLE=         4.0867  SC_DIHED   =        13.2525
 SC_14NB=         4.2384  SC_14EEL=        90.8602  SC_VDW     =        -0.6229
 SC_EEL =        48.1933
 SC_RES_DIST=     0.0000  SC_RES_ANG=       0.0000  SC_RES_TORS=         0.0000
 SC_EEL_DER=      0.5490  SC_VDW_DER=      -0.0320  SC_DERIV   =         0.5171
 ------------------------------------------------------------------------------

 NMR restraints: Bond =    0.000   Angle =     0.000   Torsion =     0.000
===============================================================================

| TI region  1


 NSTEP =     1000   TIME(PS) =       2.000  TEMP(K) =    22.19  PRESS =     0.0
 Etot   =    -58874.0470  EKtot   =       820.7984  EPtot      =    -59694.8453
 BOND   =       177.4510  ANGLE   =       681.1525  DIHED      =      3378.6189
 1-4 NB =       977.4641  1-4 EEL =     10597.4851  VDWAALS    =      6515.2035
 EELEC  =    -82084.8769  EHBOND  =         0.0000  RESTRAINT  =        62.6564
 EAMBER (non-restraint)  =    -59757.5017
 DV/DL  =         0.5588
 ------------------------------------------------------------------------------

  Softcore part of the system:      42 atoms,       TEMP(K)    =           9.78
 SC_Etot=        94.1900  SC_EKtot=         1.0005  SC_EPtot   =        93.1895
 SC_BOND=         0.8143  SC_ANGLE=         8.6817  SC_DIHED   =        19.0929
 SC_14NB=         3.2027  SC_14EEL=        25.8845  SC_VDW     =         1.0841
 SC_EEL =        34.4293
 SC_RES_DIST=     0.0000  SC_RES_ANG=       0.0000  SC_RES_TORS=         0.0000
 SC_EEL_DER=      0.4912  SC_VDW_DER=      -0.0357  SC_DERIV   =         0.4555
 ------------------------------------------------------------------------------


| TI region  2


 NSTEP =     1000   TIME(PS) =       2.000  TEMP(K) =    22.19  PRESS =     0.0
 Etot   =    -58874.1048  EKtot   =       820.7406  EPtot      =    -59694.8453
 BOND   =       177.4510  ANGLE   =       681.1525  DIHED      =      3378.6189
 1-4 NB =       977.4641  1-4 EEL =     10597.4851  VDWAALS    =      6515.2035
 EELEC  =    -82084.8769  EHBOND  =         0.0000  RESTRAINT  =        62.6564
 EAMBER (non-restraint)  =    -59757.5017
 DV/DL  =         0.5588
 ------------------------------------------------------------------------------

  Softcore part of the system:      41 atoms,       TEMP(K)    =           9.49
 SC_Etot=       163.1293  SC_EKtot=         0.9426  SC_EPtot   =       162.1866
 SC_BOND=         1.7544  SC_ANGLE=         4.7094  SC_DIHED   =        13.2542
 SC_14NB=         4.0288  SC_14EEL=        91.0327  SC_VDW     =        -0.7075
 SC_EEL =        48.1146
 SC_RES_DIST=     0.0000  SC_RES_ANG=       0.0000  SC_RES_TORS=         0.0000
 SC_EEL_DER=      0.4912  SC_VDW_DER=      -0.0357  SC_DERIV   =         0.4555
 ------------------------------------------------------------------------------

 NMR restraints: Bond =    0.000   Angle =     0.000   Torsion =     0.000
===============================================================================

| TI region  1


 NSTEP =     2000   TIME(PS) =       4.000  TEMP(K) =    26.40  PRESS =     0.0
 Etot   =    -58890.4025  EKtot   =       976.4930  EPtot      =    -59866.8955
 BOND   =       208.2185  ANGLE   =       738.8521  DIHED      =      3401.6037
 1-4 NB =       985.9747  1-4 EEL =     10607.0103  VDWAALS    =      6454.5757
 EELEC  =    -82344.7631  EHBOND  =         0.0000  RESTRAINT  =        81.6326
 EAMBER (non-restraint)  =    -59948.5281
 DV/DL  =         0.5344
 ------------------------------------------------------------------------------

  Softcore part of the system:      42 atoms,       TEMP(K)    =          19.68
 SC_Etot=        96.4245  SC_EKtot=         2.0144  SC_EPtot   =        94.4101
 SC_BOND=         0.9862  SC_ANGLE=         9.2658  SC_DIHED   =        19.1747
 SC_14NB=         3.3899  SC_14EEL=        25.7363  SC_VDW     =         1.3423
 SC_EEL =        34.5149
 SC_RES_DIST=     0.0000  SC_RES_ANG=       0.0000  SC_RES_TORS=         0.0000
 SC_EEL_DER=      0.4898  SC_VDW_DER=      -0.0361  SC_DERIV   =         0.4537
 ------------------------------------------------------------------------------


| TI region  2


 NSTEP =     2000   TIME(PS) =       4.000  TEMP(K) =    26.40  PRESS =     0.0
 Etot   =    -58890.5796  EKtot   =       976.3159  EPtot      =    -59866.8955
 BOND   =       208.2185  ANGLE   =       738.8521  DIHED      =      3401.6037
 1-4 NB =       985.9747  1-4 EEL =     10607.0103  VDWAALS    =      6454.5757
 EELEC  =    -82344.7631  EHBOND  =         0.0000  RESTRAINT  =        81.6326
 EAMBER (non-restraint)  =    -59948.5281
 DV/DL  =         0.5344
 ------------------------------------------------------------------------------

  Softcore part of the system:      41 atoms,       TEMP(K)    =          18.49
 SC_Etot=       164.8968  SC_EKtot=         1.8373  SC_EPtot   =       163.0595
 SC_BOND=         1.7419  SC_ANGLE=         5.3525  SC_DIHED   =        13.1585
 SC_14NB=         4.3461  SC_14EEL=        90.7204  SC_VDW     =        -0.5074
 SC_EEL =        48.2474
 SC_RES_DIST=     0.0000  SC_RES_ANG=       0.0000  SC_RES_TORS=         0.0000
 SC_EEL_DER=      0.4898  SC_VDW_DER=      -0.0361  SC_DERIV   =         0.4537
 ------------------------------------------------------------------------------

 NMR restraints: Bond =    0.000   Angle =     0.000   Torsion =     0.000
===============================================================================

| TI region  1


 NSTEP =     3000   TIME(PS) =       6.000  TEMP(K) =    39.23  PRESS =     0.0
 Etot   =    -58046.6690  EKtot   =      1451.2309  EPtot      =    -59497.8999
 BOND   =       237.1650  ANGLE   =       838.5027  DIHED      =      3416.2274
 1-4 NB =       994.0540  1-4 EEL =     10605.3467  VDWAALS    =      6367.6795
 EELEC  =    -82060.0262  EHBOND  =         0.0000  RESTRAINT  =       103.1510
 EAMBER (non-restraint)  =    -59601.0509
 DV/DL  =         0.7235
 ------------------------------------------------------------------------------

  Softcore part of the system:      42 atoms,       TEMP(K)    =          35.16
 SC_Etot=        99.9525  SC_EKtot=         3.5980  SC_EPtot   =        96.3545
 SC_BOND=         2.0091  SC_ANGLE=        10.2806  SC_DIHED   =        19.2445
 SC_14NB=         3.4575  SC_14EEL=        26.1137  SC_VDW     =         0.8247
 SC_EEL =        34.4243
 SC_RES_DIST=     0.0000  SC_RES_ANG=       0.0000  SC_RES_TORS=         0.0000
 SC_EEL_DER=      0.6279  SC_VDW_DER=      -0.0451  SC_DERIV   =         0.5828
 ------------------------------------------------------------------------------


| TI region  2


 NSTEP =     3000   TIME(PS) =       6.000  TEMP(K) =    39.23  PRESS =     0.0
 Etot   =    -58046.8730  EKtot   =      1451.0269  EPtot      =    -59497.8999
 BOND   =       237.1650  ANGLE   =       838.5027  DIHED      =      3416.2274
 1-4 NB =       994.0540  1-4 EEL =     10605.3467  VDWAALS    =      6367.6795
 EELEC  =    -82060.0262  EHBOND  =         0.0000  RESTRAINT  =       103.1510
 EAMBER (non-restraint)  =    -59601.0509
 DV/DL  =         0.7235
 ------------------------------------------------------------------------------

  Softcore part of the system:      41 atoms,       TEMP(K)    =          34.16
 SC_Etot=       168.1357  SC_EKtot=         3.3940  SC_EPtot   =       164.7416
 SC_BOND=         1.9151  SC_ANGLE=         5.2827  SC_DIHED   =        13.6702
 SC_14NB=         4.4916  SC_14EEL=        91.0097  SC_VDW     =        -0.4328
 SC_EEL =        48.8053
 SC_RES_DIST=     0.0000  SC_RES_ANG=       0.0000  SC_RES_TORS=         0.0000
 SC_EEL_DER=      0.6279  SC_VDW_DER=      -0.0451  SC_DERIV   =         0.5828
 ------------------------------------------------------------------------------

 NMR restraints: Bond =    0.000   Angle =     0.000   Torsion =     0.000
===============================================================================

| TI region  1


 NSTEP =     4000   TIME(PS) =       8.000  TEMP(K) =    53.00  PRESS =     0.0
 Etot   =    -57047.3952  EKtot   =      1960.7287  EPtot      =    -59008.1239
 BOND   =       280.6348  ANGLE   =       915.3534  DIHED      =      3443.2086
 1-4 NB =       994.3459  1-4 EEL =     10607.4173  VDWAALS    =      6196.6671
 EELEC  =    -81578.6338  EHBOND  =         0.0000  RESTRAINT  =       132.8829
 EAMBER (non-restraint)  =    -59141.0069
 DV/DL  =         0.6692
 ------------------------------------------------------------------------------

  Softcore part of the system:      42 atoms,       TEMP(K)    =          56.50
 SC_Etot=       103.3800  SC_EKtot=         5.7819  SC_EPtot   =        97.5980
 SC_BOND=         1.6338  SC_ANGLE=        10.5086  SC_DIHED   =        21.4348
 SC_14NB=         3.3057  SC_14EEL=        25.9100  SC_VDW     =         0.4557
 SC_EEL =        34.3494
 SC_RES_DIST=     0.0000  SC_RES_ANG=       0.0000  SC_RES_TORS=         0.0000
 SC_EEL_DER=      0.6029  SC_VDW_DER=      -0.0428  SC_DERIV   =         0.5601
 ------------------------------------------------------------------------------


| TI region  2


 NSTEP =     4000   TIME(PS) =       8.000  TEMP(K) =    52.97  PRESS =     0.0
 Etot   =    -57048.8694  EKtot   =      1959.2545  EPtot      =    -59008.1239
 BOND   =       280.6348  ANGLE   =       915.3534  DIHED      =      3443.2086
 1-4 NB =       994.3459  1-4 EEL =     10607.4173  VDWAALS    =      6196.6671
 EELEC  =    -81578.6338  EHBOND  =         0.0000  RESTRAINT  =       132.8829
 EAMBER (non-restraint)  =    -59141.0069
 DV/DL  =         0.6692
 ------------------------------------------------------------------------------

  Softcore part of the system:      41 atoms,       TEMP(K)    =          43.35
 SC_Etot=       170.7325  SC_EKtot=         4.3077  SC_EPtot   =       166.4248
 SC_BOND=         1.7802  SC_ANGLE=         5.8195  SC_DIHED   =        13.8728
 SC_14NB=         4.5815  SC_14EEL=        91.8179  SC_VDW     =        -0.6983
 SC_EEL =        49.2512
 SC_RES_DIST=     0.0000  SC_RES_ANG=       0.0000  SC_RES_TORS=         0.0000
 SC_EEL_DER=      0.6029  SC_VDW_DER=      -0.0428  SC_DERIV   =         0.5601
 ------------------------------------------------------------------------------

 NMR restraints: Bond =    0.000   Angle =     0.000   Torsion =     0.000
===============================================================================

| TI region  1


 NSTEP =     5000   TIME(PS) =      10.000  TEMP(K) =    68.40  PRESS =     0.0
 Etot   =    -56010.3164  EKtot   =      2530.3390  EPtot      =    -58540.6554
 BOND   =       315.2578  ANGLE   =      1005.7022  DIHED      =      3458.2833
 1-4 NB =      1000.8134  1-4 EEL =     10604.1216  VDWAALS    =      6137.8193
 EELEC  =    -81230.3291  EHBOND  =         0.0000  RESTRAINT  =       167.6760
 EAMBER (non-restraint)  =    -58708.3314
 DV/DL  =         0.6962
 ------------------------------------------------------------------------------

  Softcore part of the system:      42 atoms,       TEMP(K)    =          63.11
 SC_Etot=       104.5057  SC_EKtot=         6.4588  SC_EPtot   =        98.0469
 SC_BOND=         2.4934  SC_ANGLE=        11.2926  SC_DIHED   =        19.8623
 SC_14NB=         3.1790  SC_14EEL=        26.1002  SC_VDW     =         0.6503
 SC_EEL =        34.4691
 SC_RES_DIST=     0.0000  SC_RES_ANG=       0.0000  SC_RES_TORS=         0.0000
 SC_EEL_DER=      0.6145  SC_VDW_DER=      -0.0418  SC_DERIV   =         0.5727
 ------------------------------------------------------------------------------


| TI region  2


 NSTEP =     5000   TIME(PS) =      10.000  TEMP(K) =    68.41  PRESS =     0.0
 Etot   =    -56010.1378  EKtot   =      2530.5176  EPtot      =    -58540.6554
 BOND   =       315.2578  ANGLE   =      1005.7022  DIHED      =      3458.2833
 1-4 NB =      1000.8134  1-4 EEL =     10604.1216  VDWAALS    =      6137.8193
 EELEC  =    -81230.3291  EHBOND  =         0.0000  RESTRAINT  =       167.6760
 EAMBER (non-restraint)  =    -58708.3314
 DV/DL  =         0.6962
 ------------------------------------------------------------------------------

  Softcore part of the system:      41 atoms,       TEMP(K)    =          66.80
 SC_Etot=       174.2217  SC_EKtot=         6.6374  SC_EPtot   =       167.5843
 SC_BOND=         2.2400  SC_ANGLE=         8.9618  SC_DIHED   =        13.5286
 SC_14NB=         4.0683  SC_14EEL=        91.1521  SC_VDW     =        -0.6773
 SC_EEL =        48.3108
 SC_RES_DIST=     0.0000  SC_RES_ANG=       0.0000  SC_RES_TORS=         0.0000
 SC_EEL_DER=      0.6145  SC_VDW_DER=      -0.0418  SC_DERIV   =         0.5727
 ------------------------------------------------------------------------------

 NMR restraints: Bond =    0.000   Angle =     0.000   Torsion =     0.000
===============================================================================

| TI region  1


 NSTEP =     6000   TIME(PS) =      12.000  TEMP(K) =    84.20  PRESS =     0.0
 Etot   =    -54970.4495  EKtot   =      3114.7588  EPtot      =    -58085.2083
 BOND   =       359.0179  ANGLE   =      1088.7338  DIHED      =      3468.4952
 1-4 NB =      1000.2786  1-4 EEL =     10598.7777  VDWAALS    =      6047.2067
 EELEC  =    -80842.1180  EHBOND  =         0.0000  RESTRAINT  =       194.3999
 EAMBER (non-restraint)  =    -58279.6081
 DV/DL  =         0.5767
 ------------------------------------------------------------------------------

  Softcore part of the system:      42 atoms,       TEMP(K)    =          91.20
 SC_Etot=       110.1443  SC_EKtot=         9.3332  SC_EPtot   =       100.8110
 SC_BOND=         1.4849  SC_ANGLE=        11.7469  SC_DIHED   =        20.4077
 SC_14NB=         4.3456  SC_14EEL=        26.6604  SC_VDW     =         1.4551
 SC_EEL =        34.7105
 SC_RES_DIST=     0.0000  SC_RES_ANG=       0.0000  SC_RES_TORS=         0.0000
 SC_EEL_DER=      0.5202  SC_VDW_DER=      -0.0368  SC_DERIV   =         0.4834
 ------------------------------------------------------------------------------


| TI region  2


 NSTEP =     6000   TIME(PS) =      12.000  TEMP(K) =    84.15  PRESS =     0.0
 Etot   =    -54972.5504  EKtot   =      3112.6579  EPtot      =    -58085.2083
 BOND   =       359.0179  ANGLE   =      1088.7338  DIHED      =      3468.4952
 1-4 NB =      1000.2786  1-4 EEL =     10598.7777  VDWAALS    =      6047.2067
 EELEC  =    -80842.1180  EHBOND  =         0.0000  RESTRAINT  =       194.3999
 EAMBER (non-restraint)  =    -58279.6081
 DV/DL  =         0.5767
 ------------------------------------------------------------------------------

  Softcore part of the system:      41 atoms,       TEMP(K)    =          72.79
 SC_Etot=       176.4215  SC_EKtot=         7.2323  SC_EPtot   =       169.1892
 SC_BOND=         3.3955  SC_ANGLE=         9.0518  SC_DIHED   =        13.4326
 SC_14NB=         3.9606  SC_14EEL=        91.0283  SC_VDW     =        -0.1181
 SC_EEL =        48.4386
 SC_RES_DIST=     0.0000  SC_RES_ANG=       0.0000  SC_RES_TORS=         0.0000
 SC_EEL_DER=      0.5202  SC_VDW_DER=      -0.0368  SC_DERIV   =         0.4834
 ------------------------------------------------------------------------------

 NMR restraints: Bond =    0.000   Angle =     0.000   Torsion =     0.000
===============================================================================

| TI region  1


 NSTEP =     7000   TIME(PS) =      14.000  TEMP(K) =    97.87  PRESS =     0.0
 Etot   =    -53975.2945  EKtot   =      3620.5095  EPtot      =    -57595.8040
 BOND   =       377.2757  ANGLE   =      1146.0931  DIHED      =      3495.4849
 1-4 NB =      1008.2037  1-4 EEL =     10632.3870  VDWAALS    =      5908.2404
 EELEC  =    -80392.1214  EHBOND  =         0.0000  RESTRAINT  =       228.6327
 EAMBER (non-restraint)  =    -57824.4368
 DV/DL  =         0.5662
 ------------------------------------------------------------------------------

  Softcore part of the system:      42 atoms,       TEMP(K)    =          92.24
 SC_Etot=       108.8411  SC_EKtot=         9.4403  SC_EPtot   =        99.4009
 SC_BOND=         2.2924  SC_ANGLE=         9.7854  SC_DIHED   =        21.7738
 SC_14NB=         3.5017  SC_14EEL=        26.5249  SC_VDW     =         1.2661
 SC_EEL =        34.2566
 SC_RES_DIST=     0.0000  SC_RES_ANG=       0.0000  SC_RES_TORS=         0.0000
 SC_EEL_DER=      0.4484  SC_VDW_DER=      -0.0332  SC_DERIV   =         0.4152
 ------------------------------------------------------------------------------


| TI region  2


 NSTEP =     7000   TIME(PS) =      14.000  TEMP(K) =    97.91  PRESS =     0.0
 Etot   =    -53974.1467  EKtot   =      3621.6573  EPtot      =    -57595.8040
 BOND   =       377.2757  ANGLE   =      1146.0931  DIHED      =      3495.4849
 1-4 NB =      1008.2037  1-4 EEL =     10632.3870  VDWAALS    =      5908.2404
 EELEC  =    -80392.1214  EHBOND  =         0.0000  RESTRAINT  =       228.6327
 EAMBER (non-restraint)  =    -57824.4368
 DV/DL  =         0.5662
 ------------------------------------------------------------------------------

  Softcore part of the system:      41 atoms,       TEMP(K)    =         106.56
 SC_Etot=       181.1833  SC_EKtot=        10.5881  SC_EPtot   =       170.5952
 SC_BOND=         3.3988  SC_ANGLE=        10.0998  SC_DIHED   =        14.4024
 SC_14NB=         4.2754  SC_14EEL=        90.9339  SC_VDW     =        -0.3986
 SC_EEL =        47.8835
 SC_RES_DIST=     0.0000  SC_RES_ANG=       0.0000  SC_RES_TORS=         0.0000
 SC_EEL_DER=      0.4484  SC_VDW_DER=      -0.0332  SC_DERIV   =         0.4152
 ------------------------------------------------------------------------------

 NMR restraints: Bond =    0.000   Angle =     0.000   Torsion =     0.000
===============================================================================

| TI region  1


 NSTEP =     8000   TIME(PS) =      16.000  TEMP(K) =   113.24  PRESS =     0.0
 Etot   =    -52898.9568  EKtot   =      4189.0461  EPtot      =    -57088.0029
 BOND   =       410.8021  ANGLE   =      1240.7901  DIHED      =      3501.5830
 1-4 NB =      1017.3181  1-4 EEL =     10625.4647  VDWAALS    =      5908.3633
 EELEC  =    -80039.5859  EHBOND  =         0.0000  RESTRAINT  =       247.2618
 EAMBER (non-restraint)  =    -57335.2647
 DV/DL  =         0.5708
 ------------------------------------------------------------------------------

  Softcore part of the system:      42 atoms,       TEMP(K)    =         107.35
 SC_Etot=       113.2087  SC_EKtot=        10.9863  SC_EPtot   =       102.2224
 SC_BOND=         2.7866  SC_ANGLE=        13.8489  SC_DIHED   =        20.2569
 SC_14NB=         3.5895  SC_14EEL=        25.6449  SC_VDW     =         1.3291
 SC_EEL =        34.7666
 SC_RES_DIST=     0.0000  SC_RES_ANG=       0.0000  SC_RES_TORS=         0.0000
 SC_EEL_DER=      0.4690  SC_VDW_DER=      -0.0439  SC_DERIV   =         0.4251
 ------------------------------------------------------------------------------


| TI region  2


 NSTEP =     8000   TIME(PS) =      16.000  TEMP(K) =   113.36  PRESS =     0.0
 Etot   =    -52895.0931  EKtot   =      4192.9098  EPtot      =    -57088.0029
 BOND   =       410.8021  ANGLE   =      1240.7901  DIHED      =      3501.5830
 1-4 NB =      1017.3181  1-4 EEL =     10625.4647  VDWAALS    =      5908.3633
 EELEC  =    -80039.5859  EHBOND  =         0.0000  RESTRAINT  =       247.2618
 EAMBER (non-restraint)  =    -57335.2647
 DV/DL  =         0.5708
 ------------------------------------------------------------------------------

  Softcore part of the system:      41 atoms,       TEMP(K)    =         149.46
 SC_Etot=       185.9450  SC_EKtot=        14.8499  SC_EPtot   =       171.0951
 SC_BOND=         2.7948  SC_ANGLE=        10.2922  SC_DIHED   =        14.6542
 SC_14NB=         4.2099  SC_14EEL=        91.6313  SC_VDW     =        -0.6789
 SC_EEL =        48.1916
 SC_RES_DIST=     0.0000  SC_RES_ANG=       0.0000  SC_RES_TORS=         0.0000
 SC_EEL_DER=      0.4690  SC_VDW_DER=      -0.0439  SC_DERIV   =         0.4251
 ------------------------------------------------------------------------------

 NMR restraints: Bond =    0.000   Angle =     0.000   Torsion =     0.000
===============================================================================

| TI region  1


 NSTEP =     9000   TIME(PS) =      18.000  TEMP(K) =   126.13  PRESS =     0.0
 Etot   =    -51973.7993  EKtot   =      4665.7449  EPtot      =    -56639.5442
 BOND   =       442.5940  ANGLE   =      1350.0649  DIHED      =      3539.6907
 1-4 NB =      1026.7275  1-4 EEL =     10629.7743  VDWAALS    =      5568.4592
 EELEC  =    -79487.7978  EHBOND  =         0.0000  RESTRAINT  =       290.9430
 EAMBER (non-restraint)  =    -56930.4872
 DV/DL  =         0.5625
 ------------------------------------------------------------------------------

  Softcore part of the system:      42 atoms,       TEMP(K)    =         142.50
 SC_Etot=       120.2523  SC_EKtot=        14.5837  SC_EPtot   =       105.6686
 SC_BOND=         2.3321  SC_ANGLE=        16.0579  SC_DIHED   =        19.6976
 SC_14NB=         4.0883  SC_14EEL=        25.8360  SC_VDW     =         2.9877
 SC_EEL =        34.6690
 SC_RES_DIST=     0.0000  SC_RES_ANG=       0.0000  SC_RES_TORS=         0.0000
 SC_EEL_DER=      0.4574  SC_VDW_DER=      -0.0417  SC_DERIV   =         0.4157
 ------------------------------------------------------------------------------


| TI region  2


 NSTEP =     9000   TIME(PS) =      18.000  TEMP(K) =   126.07  PRESS =     0.0
 Etot   =    -51976.2636  EKtot   =      4663.2805  EPtot      =    -56639.5442
 BOND   =       442.5940  ANGLE   =      1350.0649  DIHED      =      3539.6907
 1-4 NB =      1026.7275  1-4 EEL =     10629.7743  VDWAALS    =      5568.4592
 EELEC  =    -79487.7978  EHBOND  =         0.0000  RESTRAINT  =       290.9430
 EAMBER (non-restraint)  =    -56930.4872
 DV/DL  =         0.5625
 ------------------------------------------------------------------------------

  Softcore part of the system:      41 atoms,       TEMP(K)    =         121.97
 SC_Etot=       184.4586  SC_EKtot=        12.1194  SC_EPtot   =       172.3392
 SC_BOND=         3.6938  SC_ANGLE=        10.4477  SC_DIHED   =        14.6266
 SC_14NB=         4.6490  SC_14EEL=        90.5977  SC_VDW     =        -0.4872
 SC_EEL =        48.8117
 SC_RES_DIST=     0.0000  SC_RES_ANG=       0.0000  SC_RES_TORS=         0.0000
 SC_EEL_DER=      0.4574  SC_VDW_DER=      -0.0417  SC_DERIV   =         0.4157
 ------------------------------------------------------------------------------

 NMR restraints: Bond =    0.000   Angle =     0.000   Torsion =     0.000
===============================================================================

| TI region  1


 NSTEP =    10000   TIME(PS) =      20.000  TEMP(K) =   144.04  PRESS =     0.0
 Etot   =    -50821.6564  EKtot   =      5328.3053  EPtot      =    -56149.9617
 BOND   =       490.4967  ANGLE   =      1425.9080  DIHED      =      3565.3585
 1-4 NB =      1022.9832  1-4 EEL =     10614.1243  VDWAALS    =      5490.2227
 EELEC  =    -79060.8372  EHBOND  =         0.0000  RESTRAINT  =       301.7821
 EAMBER (non-restraint)  =    -56451.7438
 DV/DL  =         0.7088
 ------------------------------------------------------------------------------

  Softcore part of the system:      42 atoms,       TEMP(K)    =          94.45
 SC_Etot=       115.3420  SC_EKtot=         9.6663  SC_EPtot   =       105.6756
 SC_BOND=         2.9318  SC_ANGLE=        14.4729  SC_DIHED   =        23.6771
 SC_14NB=         3.9965  SC_14EEL=        27.2793  SC_VDW     =        -0.4160
 SC_EEL =        33.7340
 SC_RES_DIST=     0.0000  SC_RES_ANG=       0.0000  SC_RES_TORS=         0.0000
 SC_EEL_DER=      0.5972  SC_VDW_DER=      -0.0464  SC_DERIV   =         0.5508
 ------------------------------------------------------------------------------


| TI region  2


 NSTEP =    10000   TIME(PS) =      20.000  TEMP(K) =   144.08  PRESS =     0.0
 Etot   =    -50820.7795  EKtot   =      5329.1822  EPtot      =    -56149.9617
 BOND   =       490.4967  ANGLE   =      1425.9080  DIHED      =      3565.3585
 1-4 NB =      1022.9832  1-4 EEL =     10614.1243  VDWAALS    =      5490.2227
 EELEC  =    -79060.8372  EHBOND  =         0.0000  RESTRAINT  =       301.7821
 EAMBER (non-restraint)  =    -56451.7438
 DV/DL  =         0.7088
 ------------------------------------------------------------------------------

  Softcore part of the system:      41 atoms,       TEMP(K)    =         106.11
 SC_Etot=       188.8353  SC_EKtot=        10.5432  SC_EPtot   =       178.2921
 SC_BOND=         2.5697  SC_ANGLE=        14.2726  SC_DIHED   =        16.3425
 SC_14NB=         4.6290  SC_14EEL=        92.4073  SC_VDW     =        -0.5029
 SC_EEL =        48.5739
 SC_RES_DIST=     0.0000  SC_RES_ANG=       0.0000  SC_RES_TORS=         0.0000
 SC_EEL_DER=      0.5972  SC_VDW_DER=      -0.0464  SC_DERIV   =         0.5508
 ------------------------------------------------------------------------------

 NMR restraints: Bond =    0.000   Angle =     0.000   Torsion =     0.000
===============================================================================

| TI region  1


 NSTEP =    11000   TIME(PS) =      22.000  TEMP(K) =   156.15  PRESS =     0.0
 Etot   =    -49763.5409  EKtot   =      5776.2366  EPtot      =    -55539.7775
 BOND   =       529.7784  ANGLE   =      1503.7974  DIHED      =      3557.6048
 1-4 NB =      1036.2205  1-4 EEL =     10614.6081  VDWAALS    =      5264.2455
 EELEC  =    -78396.3742  EHBOND  =         0.0000  RESTRAINT  =       350.3418
 EAMBER (non-restraint)  =    -55890.1194
 DV/DL  =         0.7477
 ------------------------------------------------------------------------------

  Softcore part of the system:      42 atoms,       TEMP(K)    =         156.12
 SC_Etot=       121.8115  SC_EKtot=        15.9777  SC_EPtot   =       105.8338
 SC_BOND=         6.6402  SC_ANGLE=        13.8630  SC_DIHED   =        21.6873
 SC_14NB=         3.0823  SC_14EEL=        26.1054  SC_VDW     =         0.3322
 SC_EEL =        34.1234
 SC_RES_DIST=     0.0000  SC_RES_ANG=       0.0000  SC_RES_TORS=         0.0000
 SC_EEL_DER=      0.6305  SC_VDW_DER=      -0.0455  SC_DERIV   =         0.5850
 ------------------------------------------------------------------------------


| TI region  2


 NSTEP =    11000   TIME(PS) =      22.000  TEMP(K) =   156.06  PRESS =     0.0
 Etot   =    -49767.2551  EKtot   =      5772.5224  EPtot      =    -55539.7775
 BOND   =       529.7784  ANGLE   =      1503.7974  DIHED      =      3557.6048
 1-4 NB =      1036.2205  1-4 EEL =     10614.6081  VDWAALS    =      5264.2455
 EELEC  =    -78396.3742  EHBOND  =         0.0000  RESTRAINT  =       350.3418
 EAMBER (non-restraint)  =    -55890.1194
 DV/DL  =         0.7477
 ------------------------------------------------------------------------------

  Softcore part of the system:      41 atoms,       TEMP(K)    =         123.43
 SC_Etot=       189.0261  SC_EKtot=        12.2635  SC_EPtot   =       176.7626
 SC_BOND=         7.5626  SC_ANGLE=        13.1233  SC_DIHED   =        15.8437
 SC_14NB=         4.2239  SC_14EEL=        89.8228  SC_VDW     =        -0.7299
 SC_EEL =        46.9162
 SC_RES_DIST=     0.0000  SC_RES_ANG=       0.0000  SC_RES_TORS=         0.0000
 SC_EEL_DER=      0.6305  SC_VDW_DER=      -0.0455  SC_DERIV   =         0.5850
 ------------------------------------------------------------------------------

 NMR restraints: Bond =    0.000   Angle =     0.000   Torsion =     0.000
===============================================================================

| TI region  1


 NSTEP =    12000   TIME(PS) =      24.000  TEMP(K) =   171.11  PRESS =     0.0
 Etot   =    -48574.7591  EKtot   =      6329.7396  EPtot      =    -54904.4987
 BOND   =       567.5113  ANGLE   =      1609.0567  DIHED      =      3592.8315
 1-4 NB =      1031.9888  1-4 EEL =     10574.9218  VDWAALS    =      5086.7224
 EELEC  =    -77732.8591  EHBOND  =         0.0000  RESTRAINT  =       365.3278
 EAMBER (non-restraint)  =    -55269.8265
 DV/DL  =         0.6595
 ------------------------------------------------------------------------------

  Softcore part of the system:      42 atoms,       TEMP(K)    =         151.65
 SC_Etot=       122.2093  SC_EKtot=        15.5202  SC_EPtot   =       106.6890
 SC_BOND=         2.3875  SC_ANGLE=        19.1008  SC_DIHED   =        20.3234
 SC_14NB=         3.3902  SC_14EEL=        25.9991  SC_VDW     =         1.1703
 SC_EEL =        34.3177
 SC_RES_DIST=     0.0000  SC_RES_ANG=       0.0000  SC_RES_TORS=         0.0000
 SC_EEL_DER=      0.5867  SC_VDW_DER=      -0.0481  SC_DERIV   =         0.5386
 ------------------------------------------------------------------------------


| TI region  2


 NSTEP =    12000   TIME(PS) =      24.000  TEMP(K) =   171.11  PRESS =     0.0
 Etot   =    -48575.3077  EKtot   =      6329.1910  EPtot      =    -54904.4987
 BOND   =       567.5113  ANGLE   =      1609.0567  DIHED      =      3592.8315
 1-4 NB =      1031.9888  1-4 EEL =     10574.9218  VDWAALS    =      5086.7224
 EELEC  =    -77732.8591  EHBOND  =         0.0000  RESTRAINT  =       365.3278
 EAMBER (non-restraint)  =    -55269.8265
 DV/DL  =         0.6595
 ------------------------------------------------------------------------------

  Softcore part of the system:      41 atoms,       TEMP(K)    =         150.68
 SC_Etot=       190.5079  SC_EKtot=        14.9716  SC_EPtot   =       175.5363
 SC_BOND=         3.8280  SC_ANGLE=        14.6656  SC_DIHED   =        15.8979
 SC_14NB=         3.5289  SC_14EEL=        91.3766  SC_VDW     =        -1.3421
 SC_EEL =        47.5813
 SC_RES_DIST=     0.0000  SC_RES_ANG=       0.0000  SC_RES_TORS=         0.0000
 SC_EEL_DER=      0.5867  SC_VDW_DER=      -0.0481  SC_DERIV   =         0.5386
 ------------------------------------------------------------------------------

 NMR restraints: Bond =    0.000   Angle =     0.000   Torsion =     0.000
===============================================================================

| TI region  1


 NSTEP =    13000   TIME(PS) =      26.000  TEMP(K) =   189.59  PRESS =     0.0
 Etot   =    -47335.1400  EKtot   =      7013.2151  EPtot      =    -54348.3550
 BOND   =       630.4214  ANGLE   =      1659.6216  DIHED      =      3600.3341
 1-4 NB =      1054.3808  1-4 EEL =     10625.0572  VDWAALS    =      5129.8895
 EELEC  =    -77454.0352  EHBOND  =         0.0000  RESTRAINT  =       405.9755
 EAMBER (non-restraint)  =    -54754.3306
 DV/DL  =         0.8070
 ------------------------------------------------------------------------------

  Softcore part of the system:      42 atoms,       TEMP(K)    =         194.94
 SC_Etot=       129.9237  SC_EKtot=        19.9499  SC_EPtot   =       109.9738
 SC_BOND=         3.3909  SC_ANGLE=        15.9814  SC_DIHED   =        23.4983
 SC_14NB=         3.8257  SC_14EEL=        28.3037  SC_VDW     =         1.4113
 SC_EEL =        33.5625
 SC_RES_DIST=     0.0000  SC_RES_ANG=       0.0000  SC_RES_TORS=         0.0000
 SC_EEL_DER=      0.7107  SC_VDW_DER=      -0.0545  SC_DERIV   =         0.6562
 ------------------------------------------------------------------------------


| TI region  2


 NSTEP =    13000   TIME(PS) =      26.000  TEMP(K) =   189.51  PRESS =     0.0
 Etot   =    -47338.8162  EKtot   =      7009.5388  EPtot      =    -54348.3550
 BOND   =       630.4214  ANGLE   =      1659.6216  DIHED      =      3600.3341
 1-4 NB =      1054.3808  1-4 EEL =     10625.0572  VDWAALS    =      5129.8895
 EELEC  =    -77454.0352  EHBOND  =         0.0000  RESTRAINT  =       405.9755
 EAMBER (non-restraint)  =    -54754.3306
 DV/DL  =         0.8070
 ------------------------------------------------------------------------------

  Softcore part of the system:      41 atoms,       TEMP(K)    =         163.79
 SC_Etot=       194.6875  SC_EKtot=        16.2737  SC_EPtot   =       178.4138
 SC_BOND=         3.7711  SC_ANGLE=        18.3371  SC_DIHED   =        14.9587
 SC_14NB=         4.1973  SC_14EEL=        90.7777  SC_VDW     =        -1.1313
 SC_EEL =        47.5033
 SC_RES_DIST=     0.0000  SC_RES_ANG=       0.0000  SC_RES_TORS=         0.0000
 SC_EEL_DER=      0.7107  SC_VDW_DER=      -0.0545  SC_DERIV   =         0.6562
 ------------------------------------------------------------------------------

 NMR restraints: Bond =    0.000   Angle =     0.000   Torsion =     0.000
===============================================================================

| TI region  1


 NSTEP =    14000   TIME(PS) =      28.000  TEMP(K) =   200.09  PRESS =     0.0
 Etot   =    -46269.3687  EKtot   =      7401.5775  EPtot      =    -53670.9462
 BOND   =       623.3249  ANGLE   =      1756.7616  DIHED      =      3640.9536
 1-4 NB =      1071.0516  1-4 EEL =     10614.9429  VDWAALS    =      4626.3294
 EELEC  =    -76431.1820  EHBOND  =         0.0000  RESTRAINT  =       426.8718
 EAMBER (non-restraint)  =    -54097.8180
 DV/DL  =         0.6080
 ------------------------------------------------------------------------------

  Softcore part of the system:      42 atoms,       TEMP(K)    =         201.12
 SC_Etot=       135.0176  SC_EKtot=        20.5826  SC_EPtot   =       114.4349
 SC_BOND=         4.5143  SC_ANGLE=        23.8820  SC_DIHED   =        22.6000
 SC_14NB=         3.2252  SC_14EEL=        25.6490  SC_VDW     =        -0.2823
 SC_EEL =        34.8468
 SC_RES_DIST=     0.0000  SC_RES_ANG=       0.0000  SC_RES_TORS=         0.0000
 SC_EEL_DER=      0.4819  SC_VDW_DER=      -0.0439  SC_DERIV   =         0.4380
 ------------------------------------------------------------------------------


| TI region  2


 NSTEP =    14000   TIME(PS) =      28.000  TEMP(K) =   200.10  PRESS =     0.0
 Etot   =    -46269.4184  EKtot   =      7401.5279  EPtot      =    -53670.9462
 BOND   =       623.3249  ANGLE   =      1756.7616  DIHED      =      3640.9536
 1-4 NB =      1071.0516  1-4 EEL =     10614.9429  VDWAALS    =      4626.3294
 EELEC  =    -76431.1820  EHBOND  =         0.0000  RESTRAINT  =       426.8718
 EAMBER (non-restraint)  =    -54097.8180
 DV/DL  =         0.6080
 ------------------------------------------------------------------------------

  Softcore part of the system:      41 atoms,       TEMP(K)    =         206.65
 SC_Etot=       199.1694  SC_EKtot=        20.5330  SC_EPtot   =       178.6364
 SC_BOND=         4.3990  SC_ANGLE=        14.0051  SC_DIHED   =        19.5937
 SC_14NB=         4.3823  SC_14EEL=        90.1158  SC_VDW     =        -1.3252
 SC_EEL =        47.4657
 SC_RES_DIST=     0.0000  SC_RES_ANG=       0.0000  SC_RES_TORS=         0.0000
 SC_EEL_DER=      0.4819  SC_VDW_DER=      -0.0439  SC_DERIV   =         0.4380
 ------------------------------------------------------------------------------

 NMR restraints: Bond =    0.000   Angle =     0.000   Torsion =     0.000
===============================================================================

| TI region  1


 NSTEP =    15000   TIME(PS) =      30.000  TEMP(K) =   215.99  PRESS =     0.0
 Etot   =    -45042.8968  EKtot   =      7989.9615  EPtot      =    -53032.8583
 BOND   =       635.1126  ANGLE   =      1873.0047  DIHED      =      3638.8231
 1-4 NB =      1048.1282  1-4 EEL =     10599.4208  VDWAALS    =      4587.5132
 EELEC  =    -75871.3536  EHBOND  =         0.0000  RESTRAINT  =       456.4926
 EAMBER (non-restraint)  =    -53489.3509
 DV/DL  =         0.6730
 ------------------------------------------------------------------------------

  Softcore part of the system:      42 atoms,       TEMP(K)    =         177.53
 SC_Etot=       128.1921  SC_EKtot=        18.1688  SC_EPtot   =       110.0232
 SC_BOND=         4.6524  SC_ANGLE=        19.4830  SC_DIHED   =        20.9062
 SC_14NB=         3.7244  SC_14EEL=        25.1134  SC_VDW     =         1.6184
 SC_EEL =        34.5254
 SC_RES_DIST=     0.0000  SC_RES_ANG=       0.0000  SC_RES_TORS=         0.0000
 SC_EEL_DER=      0.5555  SC_VDW_DER=      -0.0301  SC_DERIV   =         0.5254
 ------------------------------------------------------------------------------


| TI region  2


 NSTEP =    15000   TIME(PS) =      30.000  TEMP(K) =   216.04  PRESS =     0.0
 Etot   =    -45041.9108  EKtot   =      7990.9475  EPtot      =    -53032.8583
 BOND   =       635.1126  ANGLE   =      1873.0047  DIHED      =      3638.8231
 1-4 NB =      1048.1282  1-4 EEL =     10599.4208  VDWAALS    =      4587.5132
 EELEC  =    -75871.3536  EHBOND  =         0.0000  RESTRAINT  =       456.4926
 EAMBER (non-restraint)  =    -53489.3509
 DV/DL  =         0.6730
 ------------------------------------------------------------------------------

  Softcore part of the system:      41 atoms,       TEMP(K)    =         192.78
 SC_Etot=       197.2036  SC_EKtot=        19.1548  SC_EPtot   =       178.0488
 SC_BOND=         4.7240  SC_ANGLE=        12.1716  SC_DIHED   =        15.1003
 SC_14NB=         4.7559  SC_14EEL=        91.8102  SC_VDW     =        -0.7258
 SC_EEL =        50.2127
 SC_RES_DIST=     0.0000  SC_RES_ANG=       0.0000  SC_RES_TORS=         0.0000
 SC_EEL_DER=      0.5555  SC_VDW_DER=      -0.0301  SC_DERIV   =         0.5254
 ------------------------------------------------------------------------------

 NMR restraints: Bond =    0.000   Angle =     0.000   Torsion =     0.000
===============================================================================

| TI region  1


 NSTEP =    16000   TIME(PS) =      32.000  TEMP(K) =   232.78  PRESS =     0.0
 Etot   =    -43564.0105  EKtot   =      8610.8285  EPtot      =    -52174.8391
 BOND   =       719.4042  ANGLE   =      1928.9486  DIHED      =      3664.9879
 1-4 NB =      1065.9369  1-4 EEL =     10586.4407  VDWAALS    =      4316.4018
 EELEC  =    -74950.4963  EHBOND  =         0.0000  RESTRAINT  =       493.5372
 EAMBER (non-restraint)  =    -52668.3762
 DV/DL  =         0.6631
 ------------------------------------------------------------------------------

  Softcore part of the system:      42 atoms,       TEMP(K)    =         191.40
 SC_Etot=       124.8848  SC_EKtot=        19.5881  SC_EPtot   =       105.2967
 SC_BOND=         3.5325  SC_ANGLE=        14.3613  SC_DIHED   =        20.7371
 SC_14NB=         4.2645  SC_14EEL=        26.3693  SC_VDW     =         1.3995
 SC_EEL =        34.6325
 SC_RES_DIST=     0.0000  SC_RES_ANG=       0.0000  SC_RES_TORS=         0.0000
 SC_EEL_DER=      0.5540  SC_VDW_DER=      -0.0494  SC_DERIV   =         0.5047
 ------------------------------------------------------------------------------


| TI region  2


 NSTEP =    16000   TIME(PS) =      32.000  TEMP(K) =   232.88  PRESS =     0.0
 Etot   =    -43560.9763  EKtot   =      8613.8628  EPtot      =    -52174.8391
 BOND   =       719.4042  ANGLE   =      1928.9486  DIHED      =      3664.9879
 1-4 NB =      1065.9369  1-4 EEL =     10586.4407  VDWAALS    =      4316.4018
 EELEC  =    -74950.4963  EHBOND  =         0.0000  RESTRAINT  =       493.5372
 EAMBER (non-restraint)  =    -52668.3762
 DV/DL  =         0.6631
 ------------------------------------------------------------------------------

  Softcore part of the system:      41 atoms,       TEMP(K)    =         227.68
 SC_Etot=       208.5378  SC_EKtot=        22.6223  SC_EPtot   =       185.9154
 SC_BOND=         6.5101  SC_ANGLE=        19.1407  SC_DIHED   =        15.6850
 SC_14NB=         4.1622  SC_14EEL=        92.8341  SC_VDW     =        -0.1209
 SC_EEL =        47.7043
 SC_RES_DIST=     0.0000  SC_RES_ANG=       0.0000  SC_RES_TORS=         0.0000
 SC_EEL_DER=      0.5540  SC_VDW_DER=      -0.0494  SC_DERIV   =         0.5047
 ------------------------------------------------------------------------------

 NMR restraints: Bond =    0.000   Angle =     0.000   Torsion =     0.000
===============================================================================

| TI region  1


 NSTEP =    17000   TIME(PS) =      34.000  TEMP(K) =   245.03  PRESS =     0.0
 Etot   =    -42183.6191  EKtot   =      9064.1312  EPtot      =    -51247.7504
 BOND   =       732.1194  ANGLE   =      2028.9974  DIHED      =      3678.3422
 1-4 NB =      1076.9752  1-4 EEL =     10601.8730  VDWAALS    =      3952.7350
 EELEC  =    -73843.0273  EHBOND  =         0.0000  RESTRAINT  =       524.2347
 EAMBER (non-restraint)  =    -51771.9851
 DV/DL  =         0.8356
 ------------------------------------------------------------------------------

  Softcore part of the system:      42 atoms,       TEMP(K)    =         219.07
 SC_Etot=       142.4871  SC_EKtot=        22.4194  SC_EPtot   =       120.0677
 SC_BOND=         8.5746  SC_ANGLE=        24.8824  SC_DIHED   =        20.7181
 SC_14NB=         3.7028  SC_14EEL=        25.3456  SC_VDW     =         1.8483
 SC_EEL =        34.9959
 SC_RES_DIST=     0.0000  SC_RES_ANG=       0.0000  SC_RES_TORS=         0.0000
 SC_EEL_DER=      0.6827  SC_VDW_DER=      -0.0471  SC_DERIV   =         0.6355
 ------------------------------------------------------------------------------


| TI region  2


 NSTEP =    17000   TIME(PS) =      34.000  TEMP(K) =   244.93  PRESS =     0.0
 Etot   =    -42188.0430  EKtot   =      9059.7074  EPtot      =    -51247.7504
 BOND   =       732.1194  ANGLE   =      2028.9974  DIHED      =      3678.3422
 1-4 NB =      1076.9752  1-4 EEL =     10601.8730  VDWAALS    =      3952.7350
 EELEC  =    -73843.0273  EHBOND  =         0.0000  RESTRAINT  =       524.2347
 EAMBER (non-restraint)  =    -51771.9851
 DV/DL  =         0.8356
 ------------------------------------------------------------------------------

  Softcore part of the system:      41 atoms,       TEMP(K)    =         181.12
 SC_Etot=       202.4315  SC_EKtot=        17.9956  SC_EPtot   =       184.4359
 SC_BOND=         4.4637  SC_ANGLE=        21.4856  SC_DIHED   =        15.3467
 SC_14NB=         3.8798  SC_14EEL=        91.0720  SC_VDW     =         0.2857
 SC_EEL =        47.9024
 SC_RES_DIST=     0.0000  SC_RES_ANG=       0.0000  SC_RES_TORS=         0.0000
 SC_EEL_DER=      0.6827  SC_VDW_DER=      -0.0471  SC_DERIV   =         0.6355
 ------------------------------------------------------------------------------

 NMR restraints: Bond =    0.000   Angle =     0.000   Torsion =     0.000
===============================================================================

| TI region  1


 NSTEP =    18000   TIME(PS) =      36.000  TEMP(K) =   260.30  PRESS =     0.0
 Etot   =    -40875.5100  EKtot   =      9628.9056  EPtot      =    -50504.4156
 BOND   =       761.7959  ANGLE   =      2062.8426  DIHED      =      3722.4177
 1-4 NB =      1080.1493  1-4 EEL =     10606.8468  VDWAALS    =      3686.7691
 EELEC  =    -72997.1171  EHBOND  =         0.0000  RESTRAINT  =       571.8802
 EAMBER (non-restraint)  =    -51076.2958
 DV/DL  =         0.5837
 ------------------------------------------------------------------------------

  Softcore part of the system:      42 atoms,       TEMP(K)    =         262.02
 SC_Etot=       137.5786  SC_EKtot=        26.8148  SC_EPtot   =       110.7638
 SC_BOND=         5.1545  SC_ANGLE=        20.2445  SC_DIHED   =        21.5753
 SC_14NB=         3.1714  SC_14EEL=        25.9768  SC_VDW     =         0.4075
 SC_EEL =        34.2337
 SC_RES_DIST=     0.0000  SC_RES_ANG=       0.0000  SC_RES_TORS=         0.0000
 SC_EEL_DER=      0.4686  SC_VDW_DER=      -0.0485  SC_DERIV   =         0.4201
 ------------------------------------------------------------------------------


| TI region  2


 NSTEP =    18000   TIME(PS) =      36.000  TEMP(K) =   260.33  PRESS =     0.0
 Etot   =    -40875.1837  EKtot   =      9629.2320  EPtot      =    -50504.4156
 BOND   =       761.7959  ANGLE   =      2062.8426  DIHED      =      3722.4177
 1-4 NB =      1080.1493  1-4 EEL =     10606.8468  VDWAALS    =      3686.7691
 EELEC  =    -72997.1171  EHBOND  =         0.0000  RESTRAINT  =       571.8802
 EAMBER (non-restraint)  =    -51076.2958
 DV/DL  =         0.5837
 ------------------------------------------------------------------------------

  Softcore part of the system:      41 atoms,       TEMP(K)    =         273.16
 SC_Etot=       215.4295  SC_EKtot=        27.1411  SC_EPtot   =       188.2883
 SC_BOND=         9.2468  SC_ANGLE=        19.5904  SC_DIHED   =        14.3254
 SC_14NB=         5.0217  SC_14EEL=        90.3657  SC_VDW     =         0.0066
 SC_EEL =        49.7317
 SC_RES_DIST=     0.0000  SC_RES_ANG=       0.0000  SC_RES_TORS=         0.0000
 SC_EEL_DER=      0.4686  SC_VDW_DER=      -0.0485  SC_DERIV   =         0.4201
 ------------------------------------------------------------------------------

 NMR restraints: Bond =    0.000   Angle =     0.000   Torsion =     0.000
===============================================================================

| TI region  1


 NSTEP =    19000   TIME(PS) =      38.000  TEMP(K) =   273.17  PRESS =     0.0
 Etot   =    -39266.7602  EKtot   =     10104.8758  EPtot      =    -49371.6361
 BOND   =       846.3335  ANGLE   =      2169.7792  DIHED      =      3732.5067
 1-4 NB =      1079.3472  1-4 EEL =     10607.6816  VDWAALS    =      3400.9274
 EELEC  =    -71776.7653  EHBOND  =         0.0000  RESTRAINT  =       568.5536
 EAMBER (non-restraint)  =    -49940.1897
 DV/DL  =         0.7150
 ------------------------------------------------------------------------------

  Softcore part of the system:      42 atoms,       TEMP(K)    =         230.62
 SC_Etot=       141.1957  SC_EKtot=        23.6015  SC_EPtot   =       117.5942
 SC_BOND=         3.3700  SC_ANGLE=        24.5546  SC_DIHED   =        23.9269
 SC_14NB=         3.1444  SC_14EEL=        26.4929  SC_VDW     =         2.0533
 SC_EEL =        34.0520
 SC_RES_DIST=     0.0000  SC_RES_ANG=       0.0000  SC_RES_TORS=         0.0000
 SC_EEL_DER=      0.6338  SC_VDW_DER=      -0.0534  SC_DERIV   =         0.5804
 ------------------------------------------------------------------------------


| TI region  2


 NSTEP =    19000   TIME(PS) =      38.000  TEMP(K) =   273.51  PRESS =     0.0
 Etot   =    -39254.7754  EKtot   =     10116.8607  EPtot      =    -49371.6361
 BOND   =       846.3335  ANGLE   =      2169.7792  DIHED      =      3732.5067
 1-4 NB =      1079.3472  1-4 EEL =     10607.6816  VDWAALS    =      3400.9274
 EELEC  =    -71776.7653  EHBOND  =         0.0000  RESTRAINT  =       568.5536
 EAMBER (non-restraint)  =    -49940.1897
 DV/DL  =         0.7150
 ------------------------------------------------------------------------------

  Softcore part of the system:      41 atoms,       TEMP(K)    =         358.16
 SC_Etot=       221.3011  SC_EKtot=        35.5864  SC_EPtot   =       185.7147
 SC_BOND=         4.7293  SC_ANGLE=        24.4106  SC_DIHED   =        15.3448
 SC_14NB=         3.6683  SC_14EEL=        90.8922  SC_VDW     =        -1.3999
 SC_EEL =        48.0695
 SC_RES_DIST=     0.0000  SC_RES_ANG=       0.0000  SC_RES_TORS=         0.0000
 SC_EEL_DER=      0.6338  SC_VDW_DER=      -0.0534  SC_DERIV   =         0.5804
 ------------------------------------------------------------------------------

 NMR restraints: Bond =    0.000   Angle =     0.000   Torsion =     0.000
===============================================================================

| TI region  1


 NSTEP =    20000   TIME(PS) =      40.000  TEMP(K) =   286.88  PRESS =     0.0
 Etot   =    -38027.7201  EKtot   =     10612.0781  EPtot      =    -48639.7982
 BOND   =       852.1221  ANGLE   =      2220.4242  DIHED      =      3738.8285
 1-4 NB =      1080.6363  1-4 EEL =     10593.6708  VDWAALS    =      2961.5009
 EELEC  =    -70712.5828  EHBOND  =         0.0000  RESTRAINT  =       625.6018
 EAMBER (non-restraint)  =    -49265.4000
 DV/DL  =         0.5150
 ------------------------------------------------------------------------------

  Softcore part of the system:      42 atoms,       TEMP(K)    =         290.71
 SC_Etot=       147.7626  SC_EKtot=        29.7512  SC_EPtot   =       118.0114
 SC_BOND=         9.6665  SC_ANGLE=        23.5720  SC_DIHED   =        20.5413
 SC_14NB=         3.2881  SC_14EEL=        25.3314  SC_VDW     =         0.7522
 SC_EEL =        34.8599
 SC_RES_DIST=     0.0000  SC_RES_ANG=       0.0000  SC_RES_TORS=         0.0000
 SC_EEL_DER=      0.4057  SC_VDW_DER=      -0.0355  SC_DERIV   =         0.3702
 ------------------------------------------------------------------------------


| TI region  2


 NSTEP =    20000   TIME(PS) =      40.000  TEMP(K) =   287.00  PRESS =     0.0
 Etot   =    -38024.0482  EKtot   =     10615.7500  EPtot      =    -48639.7982
 BOND   =       852.1221  ANGLE   =      2220.4242  DIHED      =      3738.8285
 1-4 NB =      1080.6363  1-4 EEL =     10593.6708  VDWAALS    =      2961.5009
 EELEC  =    -70712.5828  EHBOND  =         0.0000  RESTRAINT  =       625.6018
 EAMBER (non-restraint)  =    -49265.4000
 DV/DL  =         0.5150
 ------------------------------------------------------------------------------

  Softcore part of the system:      41 atoms,       TEMP(K)    =         336.39
 SC_Etot=       224.5726  SC_EKtot=        33.4231  SC_EPtot   =       191.1495
 SC_BOND=         6.8359  SC_ANGLE=        24.6899  SC_DIHED   =        17.1332
 SC_14NB=         4.0896  SC_14EEL=        89.4395  SC_VDW     =         2.4829
 SC_EEL =        46.4785
 SC_RES_DIST=     0.0000  SC_RES_ANG=       0.0000  SC_RES_TORS=         0.0000
 SC_EEL_DER=      0.4057  SC_VDW_DER=      -0.0355  SC_DERIV   =         0.3702
 ------------------------------------------------------------------------------

 NMR restraints: Bond =    0.000   Angle =     0.000   Torsion =     0.000
===============================================================================

| TI region  1


 NSTEP =    21000   TIME(PS) =      42.000  TEMP(K) =   296.90  PRESS =     0.0
 Etot   =    -37004.6935  EKtot   =     10982.6741  EPtot      =    -47987.3675
 BOND   =       898.4953  ANGLE   =      2220.0668  DIHED      =      3736.0886
 1-4 NB =      1066.8686  1-4 EEL =     10624.4965  VDWAALS    =      2903.9208
 EELEC  =    -70057.6010  EHBOND  =         0.0000  RESTRAINT  =       620.2968
 EAMBER (non-restraint)  =    -48607.6643
 DV/DL  =         0.6458
 ------------------------------------------------------------------------------

  Softcore part of the system:      42 atoms,       TEMP(K)    =         417.14
 SC_Etot=       166.8315  SC_EKtot=        42.6901  SC_EPtot   =       124.1415
 SC_BOND=         7.0855  SC_ANGLE=        25.7807  SC_DIHED   =        22.7938
 SC_14NB=         4.3242  SC_14EEL=        26.6019  SC_VDW     =         3.6100
 SC_EEL =        33.9454
 SC_RES_DIST=     0.0000  SC_RES_ANG=       0.0000  SC_RES_TORS=         0.0000
 SC_EEL_DER=      0.4977  SC_VDW_DER=      -0.0384  SC_DERIV   =         0.4593
 ------------------------------------------------------------------------------


| TI region  2


 NSTEP =    21000   TIME(PS) =      42.000  TEMP(K) =   296.59  PRESS =     0.0
 Etot   =    -37017.0813  EKtot   =     10970.2862  EPtot      =    -47987.3675
 BOND   =       898.4953  ANGLE   =      2220.0668  DIHED      =      3736.0886
 1-4 NB =      1066.8686  1-4 EEL =     10624.4965  VDWAALS    =      2903.9208
 EELEC  =    -70057.6010  EHBOND  =         0.0000  RESTRAINT  =       620.2968
 EAMBER (non-restraint)  =    -48607.6643
 DV/DL  =         0.6458
 ------------------------------------------------------------------------------

  Softcore part of the system:      41 atoms,       TEMP(K)    =         304.98
 SC_Etot=       223.4746  SC_EKtot=        30.3022  SC_EPtot   =       193.1724
 SC_BOND=         7.0244  SC_ANGLE=        25.7453  SC_DIHED   =        16.4470
 SC_14NB=         4.6099  SC_14EEL=        90.6230  SC_VDW     =        -0.4367
 SC_EEL =        49.1595
 SC_RES_DIST=     0.0000  SC_RES_ANG=       0.0000  SC_RES_TORS=         0.0000
 SC_EEL_DER=      0.4977  SC_VDW_DER=      -0.0384  SC_DERIV   =         0.4593
 ------------------------------------------------------------------------------

 NMR restraints: Bond =    0.000   Angle =     0.000   Torsion =     0.000
===============================================================================

| TI region  1


 NSTEP =    22000   TIME(PS) =      44.000  TEMP(K) =   303.44  PRESS =     0.0
 Etot   =    -36723.0112  EKtot   =     11224.6483  EPtot      =    -47947.6595
 BOND   =       866.1588  ANGLE   =      2269.3088  DIHED      =      3772.1357
 1-4 NB =      1080.3484  1-4 EEL =     10626.7709  VDWAALS    =      2801.1365
 EELEC  =    -70004.9778  EHBOND  =         0.0000  RESTRAINT  =       641.4592
 EAMBER (non-restraint)  =    -48589.1187
 DV/DL  =         0.6877
 ------------------------------------------------------------------------------

  Softcore part of the system:      42 atoms,       TEMP(K)    =         317.05
 SC_Etot=       157.5302  SC_EKtot=        32.4468  SC_EPtot   =       125.0834
 SC_BOND=         8.7403  SC_ANGLE=        25.8997  SC_DIHED   =        23.9163
 SC_14NB=         3.6089  SC_14EEL=        28.2117  SC_VDW     =         1.2743
 SC_EEL =        33.4322
 SC_RES_DIST=     0.0000  SC_RES_ANG=       0.0000  SC_RES_TORS=         0.0000
 SC_EEL_DER=      0.5220  SC_VDW_DER=      -0.0378  SC_DERIV   =         0.4842
 ------------------------------------------------------------------------------


| TI region  2


 NSTEP =    22000   TIME(PS) =      44.000  TEMP(K) =   303.23  PRESS =     0.0
 Etot   =    -36731.7596  EKtot   =     11215.8999  EPtot      =    -47947.6595
 BOND   =       866.1588  ANGLE   =      2269.3088  DIHED      =      3772.1357
 1-4 NB =      1080.3484  1-4 EEL =     10626.7709  VDWAALS    =      2801.1365
 EELEC  =    -70004.9778  EHBOND  =         0.0000  RESTRAINT  =       641.4592
 EAMBER (non-restraint)  =    -48589.1187
 DV/DL  =         0.6877
 ------------------------------------------------------------------------------

  Softcore part of the system:      41 atoms,       TEMP(K)    =         238.51
 SC_Etot=       220.4706  SC_EKtot=        23.6984  SC_EPtot   =       196.7722
 SC_BOND=         7.9012  SC_ANGLE=        24.0219  SC_DIHED   =        18.0039
 SC_14NB=         5.4195  SC_14EEL=        90.9790  SC_VDW     =         1.0074
 SC_EEL =        49.4392
 SC_RES_DIST=     0.0000  SC_RES_ANG=       0.0000  SC_RES_TORS=         0.0000
 SC_EEL_DER=      0.5220  SC_VDW_DER=      -0.0378  SC_DERIV   =         0.4842
 ------------------------------------------------------------------------------

 NMR restraints: Bond =    0.000   Angle =     0.000   Torsion =     0.000
===============================================================================

| TI region  1


 NSTEP =    23000   TIME(PS) =      46.000  TEMP(K) =   300.65  PRESS =     0.0
 Etot   =    -36664.8434  EKtot   =     11121.3909  EPtot      =    -47786.2343
 BOND   =       858.5882  ANGLE   =      2306.4501  DIHED      =      3744.4570
 1-4 NB =      1098.7352  1-4 EEL =     10590.5216  VDWAALS    =      2885.7809
 EELEC  =    -69889.2708  EHBOND  =         0.0000  RESTRAINT  =       618.5036
 EAMBER (non-restraint)  =    -48404.7379
 DV/DL  =         0.5238
 ------------------------------------------------------------------------------

  Softcore part of the system:      42 atoms,       TEMP(K)    =         362.51
 SC_Etot=       158.7051  SC_EKtot=        37.0991  SC_EPtot   =       121.6059
 SC_BOND=         9.1811  SC_ANGLE=        23.8331  SC_DIHED   =        21.2784
 SC_14NB=         4.1844  SC_14EEL=        26.5887  SC_VDW     =         2.1115
 SC_EEL =        34.4287
 SC_RES_DIST=     0.0000  SC_RES_ANG=       0.0000  SC_RES_TORS=         0.0000
 SC_EEL_DER=      0.4334  SC_VDW_DER=      -0.0270  SC_DERIV   =         0.4064
 ------------------------------------------------------------------------------


| TI region  2


 NSTEP =    23000   TIME(PS) =      46.000  TEMP(K) =   300.47  PRESS =     0.0
 Etot   =    -36672.1140  EKtot   =     11114.1203  EPtot      =    -47786.2343
 BOND   =       858.5882  ANGLE   =      2306.4501  DIHED      =      3744.4570
 1-4 NB =      1098.7352  1-4 EEL =     10590.5216  VDWAALS    =      2885.7809
 EELEC  =    -69889.2708  EHBOND  =         0.0000  RESTRAINT  =       618.5036
 EAMBER (non-restraint)  =    -48404.7379
 DV/DL  =         0.5238
 ------------------------------------------------------------------------------

  Softcore part of the system:      41 atoms,       TEMP(K)    =         300.21
 SC_Etot=       220.9617  SC_EKtot=        29.8285  SC_EPtot   =       191.1332
 SC_BOND=         7.1656  SC_ANGLE=        22.1975  SC_DIHED   =        19.6126
 SC_14NB=         4.5193  SC_14EEL=        91.8392  SC_VDW     =        -0.8490
 SC_EEL =        46.6481
 SC_RES_DIST=     0.0000  SC_RES_ANG=       0.0000  SC_RES_TORS=         0.0000
 SC_EEL_DER=      0.4334  SC_VDW_DER=      -0.0270  SC_DERIV   =         0.4064
 ------------------------------------------------------------------------------

 NMR restraints: Bond =    0.000   Angle =     0.000   Torsion =     0.000
===============================================================================

| TI region  1


 NSTEP =    24000   TIME(PS) =      48.000  TEMP(K) =   298.25  PRESS =     0.0
 Etot   =    -36883.7766  EKtot   =     11032.7975  EPtot      =    -47916.5742
 BOND   =       890.5855  ANGLE   =      2228.5670  DIHED      =      3754.2917
 1-4 NB =      1081.2678  1-4 EEL =     10624.0632  VDWAALS    =      2699.8751
 EELEC  =    -69822.7908  EHBOND  =         0.0000  RESTRAINT  =       627.5663
 EAMBER (non-restraint)  =    -48544.1404
 DV/DL  =         0.4934
 ------------------------------------------------------------------------------

  Softcore part of the system:      42 atoms,       TEMP(K)    =         279.93
 SC_Etot=       153.7329  SC_EKtot=        28.6479  SC_EPtot   =       125.0850
 SC_BOND=         7.9514  SC_ANGLE=        28.2721  SC_DIHED   =        23.4852
 SC_14NB=         3.9711  SC_14EEL=        26.8083  SC_VDW     =         0.3121
 SC_EEL =        34.2847
 SC_RES_DIST=     0.0000  SC_RES_ANG=       0.0000  SC_RES_TORS=         0.0000
 SC_EEL_DER=      0.4111  SC_VDW_DER=      -0.0428  SC_DERIV   =         0.3683
 ------------------------------------------------------------------------------


| TI region  2


 NSTEP =    24000   TIME(PS) =      48.000  TEMP(K) =   298.31  PRESS =     0.0
 Etot   =    -36882.3402  EKtot   =     11034.2340  EPtot      =    -47916.5742
 BOND   =       890.5855  ANGLE   =      2228.5670  DIHED      =      3754.2917
 1-4 NB =      1081.2678  1-4 EEL =     10624.0632  VDWAALS    =      2699.8751
 EELEC  =    -69822.7908  EHBOND  =         0.0000  RESTRAINT  =       627.5663
 EAMBER (non-restraint)  =    -48544.1404
 DV/DL  =         0.4934
 ------------------------------------------------------------------------------

  Softcore part of the system:      41 atoms,       TEMP(K)    =         302.78
 SC_Etot=       219.1545  SC_EKtot=        30.0843  SC_EPtot   =       189.0701
 SC_BOND=        11.6043  SC_ANGLE=        19.3211  SC_DIHED   =        15.2467
 SC_14NB=         3.8914  SC_14EEL=        90.5604  SC_VDW     =         0.5085
 SC_EEL =        47.9378
 SC_RES_DIST=     0.0000  SC_RES_ANG=       0.0000  SC_RES_TORS=         0.0000
 SC_EEL_DER=      0.4111  SC_VDW_DER=      -0.0428  SC_DERIV   =         0.3683
 ------------------------------------------------------------------------------

 NMR restraints: Bond =    0.000   Angle =     0.000   Torsion =     0.000
===============================================================================

| TI region  1


 NSTEP =    25000   TIME(PS) =      50.000  TEMP(K) =   299.40  PRESS =     0.0
 Etot   =    -36783.5259  EKtot   =     11075.1562  EPtot      =    -47858.6821
 BOND   =       840.1796  ANGLE   =      2347.3760  DIHED      =      3753.8973
 1-4 NB =      1088.1028  1-4 EEL =     10612.7105  VDWAALS    =      2934.3801
 EELEC  =    -70080.3941  EHBOND  =         0.0000  RESTRAINT  =       645.0657
 EAMBER (non-restraint)  =    -48503.7478
 DV/DL  =         0.6807
 ------------------------------------------------------------------------------

  Softcore part of the system:      42 atoms,       TEMP(K)    =         321.90
 SC_Etot=       153.5280  SC_EKtot=        32.9431  SC_EPtot   =       120.5849
 SC_BOND=         4.9741  SC_ANGLE=        20.9240  SC_DIHED   =        26.1305
 SC_14NB=         4.4677  SC_14EEL=        28.1077  SC_VDW     =         2.3723
 SC_EEL =        33.6087
 SC_RES_DIST=     0.0000  SC_RES_ANG=       0.0000  SC_RES_TORS=         0.0000
 SC_EEL_DER=      0.5709  SC_VDW_DER=      -0.0503  SC_DERIV   =         0.5205
 ------------------------------------------------------------------------------


| TI region  2


 NSTEP =    25000   TIME(PS) =      50.000  TEMP(K) =   299.56  PRESS =     0.0
 Etot   =    -36778.2846  EKtot   =     11080.3975  EPtot      =    -47858.6821
 BOND   =       840.1796  ANGLE   =      2347.3760  DIHED      =      3753.8973
 1-4 NB =      1088.1028  1-4 EEL =     10612.7105  VDWAALS    =      2934.3801
 EELEC  =    -70080.3941  EHBOND  =         0.0000  RESTRAINT  =       645.0657
 EAMBER (non-restraint)  =    -48503.7478
 DV/DL  =         0.6807
 ------------------------------------------------------------------------------

  Softcore part of the system:      41 atoms,       TEMP(K)    =         384.30
 SC_Etot=       223.7232  SC_EKtot=        38.1843  SC_EPtot   =       185.5388
 SC_BOND=         6.8680  SC_ANGLE=        22.1422  SC_DIHED   =        15.4249
 SC_14NB=         4.1034  SC_14EEL=        89.9288  SC_VDW     =        -0.8876
 SC_EEL =        47.9591
 SC_RES_DIST=     0.0000  SC_RES_ANG=       0.0000  SC_RES_TORS=         0.0000
 SC_EEL_DER=      0.5709  SC_VDW_DER=      -0.0503  SC_DERIV   =         0.5205
 ------------------------------------------------------------------------------

 NMR restraints: Bond =    0.000   Angle =     0.000   Torsion =     0.000
===============================================================================

| TI region  1


      A V E R A G E S   O V E R      25 S T E P S


 NSTEP =    25000   TIME(PS) =      50.000  TEMP(K) =   180.18  PRESS =     0.0
 Etot   =    -47138.8865  EKtot   =      6665.0469  EPtot      =    -53803.9334
 BOND   =       582.0338  ANGLE   =      1624.6462  DIHED      =      3599.8822
 1-4 NB =      1042.7320  1-4 EEL =     10609.0374  VDWAALS    =      4713.3026
 EELEC  =    -76365.6767  EHBOND  =         0.0000  RESTRAINT  =       390.1091
 EAMBER (non-restraint)  =    -54194.0424
 DV/DL  =         0.6403
 ------------------------------------------------------------------------------

 NMR restraints: Bond =    0.000   Angle =     0.000   Torsion =     0.000
===============================================================================
  Softcore part of the system:      42 atoms,       TEMP(K)    =         179.43
 SC_Etot=       127.5053  SC_EKtot=        18.3626  SC_EPtot   =       109.1427
 SC_BOND=         4.3832  SC_ANGLE=        17.6230  SC_DIHED   =        21.5496
 SC_14NB=         3.6573  SC_14EEL=        26.3478  SC_VDW     =         1.2548
 SC_EEL =        34.3269
 SC_RES_DIST=     0.0000  SC_RES_ANG=       0.0000  SC_RES_TORS=         0.0000
 SC_EEL_DER=      0.5386  SC_VDW_DER=      -0.0422  SC_DERIV   =         0.4963
 ------------------------------------------------------------------------------


      R M S  F L U C T U A T I O N S


 NSTEP =    25000   TIME(PS) =      50.000  TEMP(K) =    95.74  PRESS =     0.0
 Etot   =      7794.4726  EKtot   =      3541.6940  EPtot      =      4272.2852
 BOND   =       234.8356  ANGLE   =       539.4423  DIHED      =       125.4226
 1-4 NB =        36.8382  1-4 EEL =        14.2455  VDWAALS    =      1325.5195
 EELEC  =      4486.1907  EHBOND  =         0.0000  RESTRAINT  =       194.9088
 EAMBER (non-restraint)  =      4077.3763
 DV/DL  =         0.0890
 ------------------------------------------------------------------------------

  Softcore part of the system:      42 atoms,       TEMP(K)    =         109.15
 SC_Etot=        20.8242  SC_EKtot=        11.1706  SC_EPtot   =         9.9611
 SC_BOND=         2.7059  SC_ANGLE=         6.0998  SC_DIHED   =         1.7623
 SC_14NB=         0.4281  SC_14EEL=         0.8431  SC_VDW     =         0.9131
 SC_EEL =         0.4103
 SC_RES_DIST=     0.0000  SC_RES_ANG=       0.0000  SC_RES_TORS=         0.0000
 SC_EEL_DER=      0.0831  SC_VDW_DER=       0.0069  SC_DERIV   =         0.0791
 ------------------------------------------------------------------------------


| TI region  2


      A V E R A G E S   O V E R      25 S T E P S


 NSTEP =    25000   TIME(PS) =      50.000  TEMP(K) =   180.18  PRESS =     0.0
 Etot   =    -47139.4685  EKtot   =      6664.4649  EPtot      =    -53803.9334
 BOND   =       582.0338  ANGLE   =      1624.6462  DIHED      =      3599.8822
 1-4 NB =      1042.7320  1-4 EEL =     10609.0374  VDWAALS    =      4713.3026
 EELEC  =    -76365.6767  EHBOND  =         0.0000  RESTRAINT  =       390.1091
 EAMBER (non-restraint)  =    -54194.0424
 DV/DL  =         0.6403
 ------------------------------------------------------------------------------

 NMR restraints: Bond =    0.000   Angle =     0.000   Torsion =     0.000
===============================================================================
  Softcore part of the system:      41 atoms,       TEMP(K)    =         178.95
 SC_Etot=       196.3444  SC_EKtot=        17.7806  SC_EPtot   =       178.5639
 SC_BOND=         4.8767  SC_ANGLE=        15.1735  SC_DIHED   =        15.3963
 SC_14NB=         4.3077  SC_14EEL=        90.9907  SC_VDW     =        -0.3947
 SC_EEL =        48.2135
 SC_RES_DIST=     0.0000  SC_RES_ANG=       0.0000  SC_RES_TORS=         0.0000
 SC_EEL_DER=      0.5386  SC_VDW_DER=      -0.0422  SC_DERIV   =         0.4963
 ------------------------------------------------------------------------------


      R M S  F L U C T U A T I O N S


 NSTEP =    25000   TIME(PS) =      50.000  TEMP(K) =    95.74  PRESS =     0.0
 Etot   =      7794.0701  EKtot   =      3541.3111  EPtot      =      4272.2852
 BOND   =       234.8356  ANGLE   =       539.4423  DIHED      =       125.4226
 1-4 NB =        36.8382  1-4 EEL =        14.2455  VDWAALS    =      1325.5195
 EELEC  =      4486.1907  EHBOND  =         0.0000  RESTRAINT  =       194.9088
 EAMBER (non-restraint)  =      4077.3763
 DV/DL  =         0.0890
 ------------------------------------------------------------------------------

  Softcore part of the system:      41 atoms,       TEMP(K)    =         109.03
 SC_Etot=        20.2274  SC_EKtot=        10.8332  SC_EPtot   =         9.9616
 SC_BOND=         2.5623  SC_ANGLE=         6.6964  SC_DIHED   =         1.7155
 SC_14NB=         0.4092  SC_14EEL=         0.7677  SC_VDW     =         0.8053
 SC_EEL =         0.8926
 SC_RES_DIST=     0.0000  SC_RES_ANG=       0.0000  SC_RES_TORS=         0.0000
 SC_EEL_DER=      0.0831  SC_VDW_DER=       0.0069  SC_DERIV   =         0.0791
 ------------------------------------------------------------------------------


      DV/DL, AVERAGES OVER      25 STEPS


 NSTEP =    25000   TIME(PS) =      50.000  TEMP(K) =    95.74  PRESS =     0.0
 Etot   =         0.0000  EKtot   =         0.0000  EPtot      =         0.6403
 BOND   =         0.0154  ANGLE   =         0.0002  DIHED      =         0.0000
 1-4 NB =         0.0022  1-4 EEL =         0.1453  VDWAALS    =         0.1308
 EELEC  =        -0.1500  EHBOND  =         0.0000  RESTRAINT  =         0.0000
 DV/DL  =         0.6403
 ------------------------------------------------------------------------------


 NMR restraints on final step:

--------------------------------------------------------------------------------
   5.  TIMINGS
--------------------------------------------------------------------------------

|  NonSetup CPU Time in Major Routines:
|
|     Routine           Sec        %
|     ------------------------------
|     Nonbond           8.61   37.86
|     Bond              0.00    0.00
|     Angle             0.00    0.00
|     Dihedral          0.00    0.00
|     Shake             0.04    0.17
|     RunMD            14.06   61.83
|     Other             0.03    0.14
|     ------------------------------
|     Total            22.74

|  PME Nonbond Pairlist CPU Time:
|
|     Routine              Sec        %
|     ---------------------------------
|     Set Up Cit           0.00    0.00
|     Build List           0.00    0.00
|     ---------------------------------
|     Total                0.00    0.00

|  PME Direct Force CPU Time:
|
|     Routine              Sec        %
|     ---------------------------------
|     NonBonded Calc       0.00    0.00
|     Exclude Masked       0.00    0.00
|     Other                0.02    0.09
|     ---------------------------------
|     Total                0.02    0.09

|  PME Reciprocal Force CPU Time:
|
|     Routine              Sec        %
|     ---------------------------------
|     1D bspline           0.00    0.00
|     Grid Charges         0.00    0.00
|     Scalar Sum           0.00    0.00
|     Gradient Sum         0.00    0.00
|     FFT                  0.00    0.00
|     ---------------------------------
|     Total                0.00    0.00

|  Final Performance Info:
|     -----------------------------------------------------
|     Average timings for last   25000 steps:
|     Elapsed(s) =      22.78 Per Step(ms) =       0.91
|         ns/day =     189.63   seconds/ns =     455.62
|
|     Average timings for all steps:
|     Elapsed(s) =      22.78 Per Step(ms) =       0.91
|         ns/day =     189.63   seconds/ns =     455.62
|     -----------------------------------------------------

|  Setup CPU time:            0.79 seconds
|  NonSetup CPU time:        22.74 seconds
|  Total CPU time:           23.53 seconds     0.01 hours

|  Setup wall time:           1    seconds
|  NonSetup wall time:       23    seconds
|  Total wall time:          24    seconds     0.01 hours
