
          -------------------------------------------------------
          Amber 20 PMEMD                              2020
          -------------------------------------------------------

| PMEMD implementation of SANDER, Release 18

|  Compiled date/time: Thu May 20 07:44:43 2021
| Run on 10/05/2024 at 19:10:14

|   Executable path: pmemd.cuda
| Working directory: /home/muditj/alk2_rbfe/lig_153~lig_104/water/la-0.11505
|          Hostname: Unknown
  [-O]verwriting output

File Assignments:
|   MDIN: 2_nvt/nvt.in                                                          
|  MDOUT: 2_nvt/ligwat_nvt.out                                                  
| INPCRD: 2_nvt/ligwat_nvt.inpcrd                                               
|   PARM: ../ligwat.prmtop                                                      
| RESTRT: 2_nvt/ligwat_nvt.rst                                                  
|   REFC: 2_nvt/ligwat_nvt_ref.rst                                              
|  MDVEL: mdvel                                                                 
|   MDEN: mden                                                                  
|  MDCRD: 2_nvt/ligwat_nvt.nc                                                   
| MDINFO: mdinfo                                                                
|  MDFRC: mdfrc                                                                 


 Here is the input file:

nvt run                                                                        
 &cntrl                                                                        
  ig = -1,                                                                     
  imin = 0,                                                                    
  nstlim = 25000,                                                              
  dt = 0.002,                                                                  
  irest = 0,                                                                   
  ntx = 1,                                                                     
  ntxo = 2,                                                                    
  ioutfm = 1,                                                                  
  ntb = 1,                                                                     
  ntt = 3,                                                                     
  gamma_ln = 1.0,                                                              
  tempi = 0.1,                                                                 
  temp0 = 300,                                                                 
  ntr = 1,                                                                     
  ntc = 2,                                                                     
  ntf = 1,                                                                     
  ntpr = 1000,                                                                 
  ntwx = 0,                                                                    
  ntwr = 1000,                                                                 
  nmropt = 1,                                                                  
  cut = 10,                                                                    
  restraintmask='!(:WAT|@H=|:Na+|:Cl-)',                                       
  restraint_wt=20.0,                                                           
                                                                               
  icfe = 1, ifsc = 1, clambda = 0.11505, gti_lam_sch = 1, scalpha = 0.2, scbeta
  timask1 = ':1', timask2 = ':2',                                              
  scmask1 = ':1@C29,H62,H59,H58,H57,H56,H55,H54,H53,H52,H51,H50,H49,H48,H47,H46
 /                                                                             
 &wt TYPE='TEMP0', istep1=0, istep2=20000,                                     
  value1=0.1, value2=300.0, /                                                  
 &wt TYPE='END' /                                                              


Note: ig = -1. Setting random seed to   752313 based on wallclock time in 
      microseconds.
| irandom = 1, using AMBER's internal random number generator (default).
 
|--------------------- INFORMATION ----------------------
| GPU (CUDA) Version of PMEMD in use: NVIDIA GPU IN USE.
|                    Version 18.0.0
| 
|                      03/25/2018
| 
| Implementation by:
|                    Ross C. Walker     (SDSC)
|                    Scott Le Grand     (nVIDIA)
| 
| Version 18 performance extensions by:
|                    David Cerutti     (Rutgers)
| 
| Precision model in use:
|      [SPFP] - Single Precision Forces, 64-bit Fixed Point
|               Accumulation. (Default)
| 
|--------------------------------------------------------
 
|----------------- CITATION INFORMATION -----------------
|
|    When publishing work that utilized the CUDA version
|    of AMBER, please cite the following in addition to
|    the regular AMBER citations:
|
|  - Romelia Salomon-Ferrer; Andreas W. Goetz; Duncan
|    Poole; Scott Le Grand; Ross C. Walker "Routine
|    microsecond molecular dynamics simulations with
|    AMBER - Part II: Particle Mesh Ewald", J. Chem.
|    Theory Comput., 2013, 9 (9), pp3878-3888,
|    DOI: 10.1021/ct400314y.
|
|  - Andreas W. Goetz; Mark J. Williamson; Dong Xu;
|    Duncan Poole; Scott Le Grand; Ross C. Walker
|    "Routine microsecond molecular dynamics simulations
|    with AMBER - Part I: Generalized Born", J. Chem.
|    Theory Comput., 2012, 8 (5), pp1542-1555.
|
|  - Scott Le Grand; Andreas W. Goetz; Ross C. Walker
|    "SPFP: Speed without compromise - a mixed precision
|    model for GPU accelerated molecular dynamics
|    simulations.", Comp. Phys. Comm., 2013, 184
|    pp374-380, DOI: 10.1016/j.cpc.2012.09.022
|
|    When publishing work that utilized the CUDA version
|    of TI, BAR, MBAR or FEP please cite the following 
|    publications in addition to the regular AMBER 
|    GPU citations:
|
|  - Daniel J. Mermelstein; Charles Lin; Gard Nelson; 
|    Rachael Kretsch; J. Andrew McCammon; Ross C. Walker
|    "Fast and Flexible GPU Accelerated Binding 
|    Free Energy Calculations within the AMBER Molecular
|    Dynamics Package" J. Comp. Chem., 2018,
|    DOI: 10.1002/jcc.25187
|
|  - Tai-Sung Lee; Yuan Hu; Brad Sherborne; Zhuyan Guo;
|    Darrin M. York
|    "Toward Fast and Accurate Binding Affinity Prediction with
|    pmemdGTI: An Efficient Implementation of GPU-Accelerated
|    Thermodynamic Integration"
|    J. Chem. Theory Comput., 2017, 13 (7), 3077
|
|
|--------------------------------------------------------
 
|------------------- GPU DEVICE INFO --------------------
|
|            CUDA_VISIBLE_DEVICES: 0
|   CUDA Capable Devices Detected:      1
|           CUDA Device ID in use:      0
|                CUDA Device Name: NVIDIA GeForce RTX 2080
|     CUDA Device Global Mem Size:   7982 MB
| CUDA Device Num Multiprocessors:     46
|           CUDA Device Core Freq:   1.71 GHz
|
|--------------------------------------------------------
 
 
| Conditional Compilation Defines Used:
| PUBFFT
| BINTRAJ
| CUDA
| EMIL

| Largest sphere to fit in unit cell has radius =    20.773

| New format PARM file being parsed.
| Version =    1.000 Date = 10/05/24 Time = 17:06:17

| Note: 1-4 EEL scale factors are being read from the topology file.

| Note: 1-4 VDW scale factors are being read from the topology file.
| Duplicated    0 dihedrals

| Duplicated    0 dihedrals

--------------------------------------------------------------------------------
   1.  RESOURCE   USE: 
--------------------------------------------------------------------------------

 getting box info from netcdf restart file
 NATOM  =    7380 NTYPES =      17 NBONH =    7315 MBONA  =      69
 NTHETH =     137 MTHETA =      95 NPHIH =     220 MPHIA  =     148
 NHPARM =       0 NPARM  =       0 NNB   =   10342 NRES   =    2423
 NBONA  =      69 NTHETA =      95 NPHIA =     148 NUMBND =      24
 NUMANG =      47 NPTRA  =      21 NATYP =      19 NPHB   =       1
 IFBOX  =       1 NMXRS  =      62 IFCAP =       0 NEXTRA =       0
 NCOPY  =       0

| Coordinate Index Table dimensions:     7    7    9
| Direct force subcell size =     5.9350    6.2531    6.0553

     BOX TYPE: RECTILINEAR

--------------------------------------------------------------------------------
   2.  CONTROL  DATA  FOR  THE  RUN
--------------------------------------------------------------------------------

L0                                                                              

General flags:
     imin    =       0, nmropt  =       1

Nature and format of input:
     ntx     =       1, irest   =       0, ntrx    =       1

Nature and format of output:
     ntxo    =       2, ntpr    =    1000, ntrx    =       1, ntwr    =    1000
     iwrap   =       0, ntwx    =       0, ntwv    =       0, ntwe    =       0
     ioutfm  =       1, ntwprt  =       0, idecomp =       0, rbornstat=      0

Potential function:
     ntf     =       1, ntb     =       1, igb     =       0, nsnb    =      25
     ipol    =       0, gbsa    =       0, iesp    =       0
     dielc   =   1.00000, cut     =  10.00000, intdiel =   1.00000

Frozen or restrained atoms:
     ibelly  =       0, ntr     =       1
     restraint_wt =  20.00000

Molecular dynamics:
     nstlim  =     25000, nscm    =         0, nrespa  =         1
     t       =   0.00000, dt      =   0.00200, vlimit  =  -1.00000

Langevin dynamics temperature regulation:
     ig      =  752313
     temp0   = 300.00000, tempi   =   0.10000, gamma_ln=   1.00000

SHAKE:
     ntc     =       2, jfastw  =       0
     tol     =   0.00001

NMR refinement options:
     iscale  =       0, noeskp  =       1, ipnlty  =       1, mxsub   =       1
     scalm   = 100.00000, pencut  =   0.10000, tausw   =   0.10000

Free energy options:
     icfe    =       1, ifsc    =       1, klambda =       1
     clambda =  0.1150, scalpha =  0.2000, scbeta  = 50.0000
     sceeorder =       2
     dynlmb =  0.0000 logdvdl =       0

| Intermolecular bonds treatment:
|     no_intermolecular_bonds =       1

| Energy averages sample interval:
|     ene_avg_sampling =    1000

Ewald parameters:
     verbose =       0, ew_type =       0, nbflag  =       1, use_pme =       1
     vdwmeth =       1, eedmeth =       1, netfrc  =       1
     Box X =   41.545   Box Y =   43.772   Box Z =   54.498
     Alpha =   90.000   Beta  =   90.000   Gamma =   90.000
     NFFT1 =   48       NFFT2 =   48       NFFT3 =   56
     Cutoff=   10.000   Tol   =0.100E-04
     Ewald Coefficient =  0.27511
     Interpolation order =    4

    LOADING THE CONSTRAINED ATOMS AS GROUPS


   5.  REFERENCE ATOM COORDINATES

  L0                                                                              
     Mask !(:WAT|@H=|:Na+|:Cl-); matches    62 atoms
     TI Mask 1 :1; matches     62 atoms
     TI Mask 2 :2; matches     61 atoms
     TI region 1:    7319 atoms
     TI region 2:    7318 atoms
     SC Mask 1 :1@C29,H62,H59,H58,H57,H56,H55,H54,H53,H52,H51,H50,H49,H48,H47,H46,H41,H40,H39,H38,H37,H36,H35,H34,H33,H32,C27,O26,C25,O24,C23,O22,C21,C20,C19,C18,C17,C7,C6,C5,C4,N3; matches     42 atoms
     SC Mask 2 :2@H46,C5,C6,C7,O8,C9,C10,C11,C12,C13,C14,O15,C16,C24,C25,N26,C27,C28,H33,H34,H35,H36,H37,H38,H39,H40,H41,H42,H43,H44,H45,H49,H50,H51,H52,H53,H54,H55,H56,H57,H61; matches     41 atoms

|--------------------------------------------------------------------------------------------
| Extra TI control variables
|     gti_add_sc     =   1, gti_ele_gauss  =   0, gti_auto_alpha =   0, gti_scale_beta =   0
|     gti_ele_exp    =   2, gti_vdw_exp    =   6, gti_ele_sc     =   1, gti_vdw_sc     =   1
|     gti_cut        =   1, gti_cut_sc     =   0
|     gti_cut_sc_on    =  0.0000, gti_cut_sc_off    =  0.0000
|--------------------------------------------------------------------------------------------


--------------------------------------------------------------------------------
   3.  ATOMIC COORDINATES AND VELOCITIES
--------------------------------------------------------------------------------

L0                                                                              
 begin time read from input coords =     0.000 ps



           Begin reading energy term weight changes/NMR restraints
 WEIGHT CHANGES:
 TEMP0         0  20000    0.100000  300.000000      0      0

 RESTRAINTS:
                          ** No restraint defined **

                  Done reading weight changes/NMR restraints


 
 Number of triangulated 3-point waters found:     2418
   Removing shake constraints from C2    L0    1 -- H33   L0    1
   Removing shake constraints from C2    L0    1 -- H32   L0    1
   Removing shake constraints from C17   L1    2 -- H46   L1    2
 Number of shake restraints removed in TI region  1 :        2
 Number of shake restraints removed in TI region  2 :        1

     Sum of charges for TI region  1 =  -0.00001901
     Skip neutralizing charges...


     Sum of charges for TI region  2 =  -0.00002499
     Skip neutralizing charges...

| Dynamic Memory, Types Used:
| Reals              447451
| Integers           314237

| Nonbonded Pairs Initial Allocation:     2232265

| GPU memory information (estimate):
| KB of GPU memory in use:     73958
| KB of CPU memory in use:     27590

--------------------------------------------------------------------------------
   4.  RESULTS
--------------------------------------------------------------------------------

   DOF for the SC part  1 of the system:  103
   SHAKE constraints in the SC region:   23
   DOF for the SC part  2 of the system:  100
   SHAKE constraints in the SC region:   23

| TI region  1


 NSTEP =        0   TIME(PS) =       0.000  TEMP(K) =     0.15  PRESS =     0.0
 Etot   =    -28898.2631  EKtot   =         2.1787  EPtot      =    -28900.4418
 BOND   =      2151.5716  ANGLE   =         0.7823  DIHED      =         4.0205
 1-4 NB =         7.0894  1-4 EEL =       -59.8303  VDWAALS    =      5636.9176
 EELEC  =    -36640.9929  EHBOND  =         0.0000  RESTRAINT  =         0.0000
 DV/DL  =        19.5419
 ------------------------------------------------------------------------------

  Softcore part of the system:      42 atoms,       TEMP(K)    =           1.56
 SC_Etot=        92.3350  SC_EKtot=         0.1601  SC_EPtot   =        92.1749
 SC_BOND=         1.1740  SC_ANGLE=         7.8397  SC_DIHED   =        19.7879
 SC_14NB=         3.0804  SC_14EEL=        25.9906  SC_VDW     =         0.1525
 SC_EEL =        34.1498
 SC_RES_DIST=     0.0000  SC_RES_ANG=       0.0000  SC_RES_TORS=         0.0000
 SC_EEL_DER=      4.7048  SC_VDW_DER=      -0.0008  SC_DERIV   =         4.7040
 ------------------------------------------------------------------------------


| TI region  2


 NSTEP =        0   TIME(PS) =       0.000  TEMP(K) =     0.15  PRESS =     0.0
 Etot   =    -28898.2616  EKtot   =         2.1802  EPtot      =    -28900.4418
 BOND   =      2151.5716  ANGLE   =         0.7823  DIHED      =         4.0205
 1-4 NB =         7.0894  1-4 EEL =       -59.8303  VDWAALS    =      5636.9176
 EELEC  =    -36640.9929  EHBOND  =         0.0000  RESTRAINT  =         0.0000
 DV/DL  =        19.5419
 ------------------------------------------------------------------------------

  Softcore part of the system:      41 atoms,       TEMP(K)    =           1.54
 SC_Etot=       162.6871  SC_EKtot=         0.1535  SC_EPtot   =       162.5336
 SC_BOND=         1.7940  SC_ANGLE=         4.1206  SC_DIHED   =        14.2129
 SC_14NB=         4.2166  SC_14EEL=        90.8646  SC_VDW     =        -0.7058
 SC_EEL =        48.0307
 SC_RES_DIST=     0.0000  SC_RES_ANG=       0.0000  SC_RES_TORS=         0.0000
 SC_EEL_DER=      4.7048  SC_VDW_DER=      -0.0008  SC_DERIV   =         4.7040
 ------------------------------------------------------------------------------

 NMR restraints: Bond =    0.000   Angle =     0.000   Torsion =     0.000
===============================================================================

| TI region  1


 NSTEP =     1000   TIME(PS) =       2.000  TEMP(K) =    23.26  PRESS =     0.0
 Etot   =    -27836.2057  EKtot   =       339.1689  EPtot      =    -28175.3746
 BOND   =         0.7987  ANGLE   =         0.8672  DIHED      =         4.5311
 1-4 NB =         7.2721  1-4 EEL =       -59.9551  VDWAALS    =      5742.6426
 EELEC  =    -33872.4088  EHBOND  =         0.0000  RESTRAINT  =         0.8776
 EAMBER (non-restraint)  =    -28176.2521
 DV/DL  =        60.7330
 ------------------------------------------------------------------------------

  Softcore part of the system:      42 atoms,       TEMP(K)    =           9.45
 SC_Etot=        93.3960  SC_EKtot=         0.9667  SC_EPtot   =        92.4294
 SC_BOND=         1.1346  SC_ANGLE=         8.0941  SC_DIHED   =        19.9811
 SC_14NB=         3.0349  SC_14EEL=        26.0187  SC_VDW     =         0.0308
 SC_EEL =        34.1351
 SC_RES_DIST=     0.0000  SC_RES_ANG=       0.0000  SC_RES_TORS=         0.0000
 SC_EEL_DER=     37.5746  SC_VDW_DER=      -1.4130  SC_DERIV   =        36.1616
 ------------------------------------------------------------------------------


| TI region  2


 NSTEP =     1000   TIME(PS) =       2.000  TEMP(K) =    23.26  PRESS =     0.0
 Etot   =    -27836.3481  EKtot   =       339.0264  EPtot      =    -28175.3746
 BOND   =         0.7987  ANGLE   =         0.8672  DIHED      =         4.5311
 1-4 NB =         7.2721  1-4 EEL =       -59.9551  VDWAALS    =      5742.6426
 EELEC  =    -33872.4088  EHBOND  =         0.0000  RESTRAINT  =         0.8776
 EAMBER (non-restraint)  =    -28176.2521
 DV/DL  =        60.7330
 ------------------------------------------------------------------------------

  Softcore part of the system:      41 atoms,       TEMP(K)    =           8.30
 SC_Etot=       163.6289  SC_EKtot=         0.8242  SC_EPtot   =       162.8047
 SC_BOND=         1.3799  SC_ANGLE=         4.8032  SC_DIHED   =        14.1711
 SC_14NB=         4.1072  SC_14EEL=        91.0985  SC_VDW     =        -0.8210
 SC_EEL =        48.0657
 SC_RES_DIST=     0.0000  SC_RES_ANG=       0.0000  SC_RES_TORS=         0.0000
 SC_EEL_DER=     37.5746  SC_VDW_DER=      -1.4130  SC_DERIV   =        36.1616
 ------------------------------------------------------------------------------

 NMR restraints: Bond =    0.000   Angle =     0.000   Torsion =     0.000
===============================================================================

| TI region  1


 NSTEP =     2000   TIME(PS) =       4.000  TEMP(K) =    26.57  PRESS =     0.0
 Etot   =    -27875.8306  EKtot   =       387.3437  EPtot      =    -28263.1743
 BOND   =         0.6501  ANGLE   =         0.8903  DIHED      =         4.2286
 1-4 NB =         7.5415  1-4 EEL =       -59.9435  VDWAALS    =      5773.7153
 EELEC  =    -33991.7121  EHBOND  =         0.0000  RESTRAINT  =         1.4553
 EAMBER (non-restraint)  =    -28264.6296
 DV/DL  =        51.2355
 ------------------------------------------------------------------------------

  Softcore part of the system:      42 atoms,       TEMP(K)    =          26.40
 SC_Etot=        96.6010  SC_EKtot=         2.7021  SC_EPtot   =        93.8988
 SC_BOND=         1.5629  SC_ANGLE=         8.6558  SC_DIHED   =        20.1839
 SC_14NB=         2.9874  SC_14EEL=        26.1334  SC_VDW     =         0.1506
 SC_EEL =        34.2248
 SC_RES_DIST=     0.0000  SC_RES_ANG=       0.0000  SC_RES_TORS=         0.0000
 SC_EEL_DER=     33.1518  SC_VDW_DER=      -2.0063  SC_DERIV   =        31.1454
 ------------------------------------------------------------------------------


| TI region  2


 NSTEP =     2000   TIME(PS) =       4.000  TEMP(K) =    26.52  PRESS =     0.0
 Etot   =    -27876.5856  EKtot   =       386.5887  EPtot      =    -28263.1743
 BOND   =         0.6501  ANGLE   =         0.8903  DIHED      =         4.2286
 1-4 NB =         7.5415  1-4 EEL =       -59.9435  VDWAALS    =      5773.7153
 EELEC  =    -33991.7121  EHBOND  =         0.0000  RESTRAINT  =         1.4553
 EAMBER (non-restraint)  =    -28264.6296
 DV/DL  =        51.2355
 ------------------------------------------------------------------------------

  Softcore part of the system:      41 atoms,       TEMP(K)    =          19.60
 SC_Etot=       165.9577  SC_EKtot=         1.9472  SC_EPtot   =       164.0105
 SC_BOND=         1.5787  SC_ANGLE=         4.5777  SC_DIHED   =        14.5081
 SC_14NB=         4.3133  SC_14EEL=        91.1244  SC_VDW     =        -0.3546
 SC_EEL =        48.2628
 SC_RES_DIST=     0.0000  SC_RES_ANG=       0.0000  SC_RES_TORS=         0.0000
 SC_EEL_DER=     33.1518  SC_VDW_DER=      -2.0063  SC_DERIV   =        31.1454
 ------------------------------------------------------------------------------

 NMR restraints: Bond =    0.000   Angle =     0.000   Torsion =     0.000
===============================================================================

| TI region  1


 NSTEP =     3000   TIME(PS) =       6.000  TEMP(K) =    38.39  PRESS =     0.0
 Etot   =    -27555.1726  EKtot   =       559.7771  EPtot      =    -28114.9497
 BOND   =         1.3666  ANGLE   =         2.0150  DIHED      =         4.3524
 1-4 NB =         7.3993  1-4 EEL =       -59.8274  VDWAALS    =      5647.8744
 EELEC  =    -33720.3834  EHBOND  =         0.0000  RESTRAINT  =         2.2533
 EAMBER (non-restraint)  =    -28117.2030
 DV/DL  =        54.6549
 ------------------------------------------------------------------------------

  Softcore part of the system:      42 atoms,       TEMP(K)    =          40.54
 SC_Etot=        98.5997  SC_EKtot=         4.1488  SC_EPtot   =        94.4510
 SC_BOND=         0.6396  SC_ANGLE=         9.4520  SC_DIHED   =        19.1260
 SC_14NB=         3.6251  SC_14EEL=        25.9468  SC_VDW     =         0.8836
 SC_EEL =        34.7778
 SC_RES_DIST=     0.0000  SC_RES_ANG=       0.0000  SC_RES_TORS=         0.0000
 SC_EEL_DER=     33.0815  SC_VDW_DER=      -1.4289  SC_DERIV   =        31.6526
 ------------------------------------------------------------------------------


| TI region  2


 NSTEP =     3000   TIME(PS) =       6.000  TEMP(K) =    38.37  PRESS =     0.0
 Etot   =    -27555.6798  EKtot   =       559.2699  EPtot      =    -28114.9497
 BOND   =         1.3666  ANGLE   =         2.0150  DIHED      =         4.3524
 1-4 NB =         7.3993  1-4 EEL =       -59.8274  VDWAALS    =      5647.8744
 EELEC  =    -33720.3834  EHBOND  =         0.0000  RESTRAINT  =         2.2533
 EAMBER (non-restraint)  =    -28117.2030
 DV/DL  =        54.6549
 ------------------------------------------------------------------------------

  Softcore part of the system:      41 atoms,       TEMP(K)    =          36.65
 SC_Etot=       169.5993  SC_EKtot=         3.6416  SC_EPtot   =       165.9577
 SC_BOND=         2.1550  SC_ANGLE=         6.2922  SC_DIHED   =        14.4629
 SC_14NB=         4.5152  SC_14EEL=        90.3158  SC_VDW     =        -0.5672
 SC_EEL =        48.7837
 SC_RES_DIST=     0.0000  SC_RES_ANG=       0.0000  SC_RES_TORS=         0.0000
 SC_EEL_DER=     33.0815  SC_VDW_DER=      -1.4289  SC_DERIV   =        31.6526
 ------------------------------------------------------------------------------

 NMR restraints: Bond =    0.000   Angle =     0.000   Torsion =     0.000
===============================================================================

| TI region  1


 NSTEP =     4000   TIME(PS) =       8.000  TEMP(K) =    53.68  PRESS =     0.0
 Etot   =    -27168.7595  EKtot   =       782.6802  EPtot      =    -27951.4397
 BOND   =         1.3993  ANGLE   =         1.4978  DIHED      =         4.0717
 1-4 NB =         7.4376  1-4 EEL =       -59.8959  VDWAALS    =      5603.7637
 EELEC  =    -33512.0504  EHBOND  =         0.0000  RESTRAINT  =         2.3364
 EAMBER (non-restraint)  =    -27953.7762
 DV/DL  =        47.0958
 ------------------------------------------------------------------------------

  Softcore part of the system:      42 atoms,       TEMP(K)    =          56.65
 SC_Etot=       103.1101  SC_EKtot=         5.7976  SC_EPtot   =        97.3126
 SC_BOND=         0.8102  SC_ANGLE=        11.7122  SC_DIHED   =        20.5930
 SC_14NB=         3.2428  SC_14EEL=        26.2470  SC_VDW     =         0.4241
 SC_EEL =        34.2833
 SC_RES_DIST=     0.0000  SC_RES_ANG=       0.0000  SC_RES_TORS=         0.0000
 SC_EEL_DER=     28.3974  SC_VDW_DER=      -1.4782  SC_DERIV   =        26.9192
 ------------------------------------------------------------------------------


| TI region  2


 NSTEP =     4000   TIME(PS) =       8.000  TEMP(K) =    53.75  PRESS =     0.0
 Etot   =    -27167.9423  EKtot   =       783.4975  EPtot      =    -27951.4397
 BOND   =         1.3993  ANGLE   =         1.4978  DIHED      =         4.0717
 1-4 NB =         7.4376  1-4 EEL =       -59.8959  VDWAALS    =      5603.7637
 EELEC  =    -33512.0504  EHBOND  =         0.0000  RESTRAINT  =         2.3364
 EAMBER (non-restraint)  =    -27953.7762
 DV/DL  =        47.0958
 ------------------------------------------------------------------------------

  Softcore part of the system:      41 atoms,       TEMP(K)    =          66.57
 SC_Etot=       172.5254  SC_EKtot=         6.6148  SC_EPtot   =       165.9106
 SC_BOND=         2.1719  SC_ANGLE=         6.9501  SC_DIHED   =        14.1773
 SC_14NB=         4.0454  SC_14EEL=        90.9833  SC_VDW     =        -0.5965
 SC_EEL =        48.1791
 SC_RES_DIST=     0.0000  SC_RES_ANG=       0.0000  SC_RES_TORS=         0.0000
 SC_EEL_DER=     28.3974  SC_VDW_DER=      -1.4782  SC_DERIV   =        26.9192
 ------------------------------------------------------------------------------

 NMR restraints: Bond =    0.000   Angle =     0.000   Torsion =     0.000
===============================================================================

| TI region  1


 NSTEP =     5000   TIME(PS) =      10.000  TEMP(K) =    67.43  PRESS =     0.0
 Etot   =    -26787.4689  EKtot   =       983.1294  EPtot      =    -27770.5983
 BOND   =         1.2410  ANGLE   =         1.5823  DIHED      =         4.2886
 1-4 NB =         7.2812  1-4 EEL =       -59.7491  VDWAALS    =      5479.0820
 EELEC  =    -33207.6000  EHBOND  =         0.0000  RESTRAINT  =         3.2756
 EAMBER (non-restraint)  =    -27773.8739
 DV/DL  =        54.2539
 ------------------------------------------------------------------------------

  Softcore part of the system:      42 atoms,       TEMP(K)    =          72.93
 SC_Etot=       104.2143  SC_EKtot=         7.4641  SC_EPtot   =        96.7501
 SC_BOND=         0.9005  SC_ANGLE=        11.6661  SC_DIHED   =        20.4708
 SC_14NB=         3.2160  SC_14EEL=        26.0078  SC_VDW     =         0.2247
 SC_EEL =        34.2642
 SC_RES_DIST=     0.0000  SC_RES_ANG=       0.0000  SC_RES_TORS=         0.0000
 SC_EEL_DER=     33.5870  SC_VDW_DER=      -1.7401  SC_DERIV   =        31.8469
 ------------------------------------------------------------------------------


| TI region  2


 NSTEP =     5000   TIME(PS) =      10.000  TEMP(K) =    67.44  PRESS =     0.0
 Etot   =    -26787.5800  EKtot   =       983.0183  EPtot      =    -27770.5983
 BOND   =         1.2410  ANGLE   =         1.5823  DIHED      =         4.2886
 1-4 NB =         7.2812  1-4 EEL =       -59.7491  VDWAALS    =      5479.0820
 EELEC  =    -33207.6000  EHBOND  =         0.0000  RESTRAINT  =         3.2756
 EAMBER (non-restraint)  =    -27773.8739
 DV/DL  =        54.2539
 ------------------------------------------------------------------------------

  Softcore part of the system:      41 atoms,       TEMP(K)    =          74.00
 SC_Etot=       175.7468  SC_EKtot=         7.3530  SC_EPtot   =       168.3937
 SC_BOND=         2.9167  SC_ANGLE=         7.5736  SC_DIHED   =        14.6868
 SC_14NB=         4.5850  SC_14EEL=        91.0066  SC_VDW     =        -0.4317
 SC_EEL =        48.0566
 SC_RES_DIST=     0.0000  SC_RES_ANG=       0.0000  SC_RES_TORS=         0.0000
 SC_EEL_DER=     33.5870  SC_VDW_DER=      -1.7401  SC_DERIV   =        31.8469
 ------------------------------------------------------------------------------

 NMR restraints: Bond =    0.000   Angle =     0.000   Torsion =     0.000
===============================================================================

| TI region  1


 NSTEP =     6000   TIME(PS) =      12.000  TEMP(K) =    82.00  PRESS =     0.0
 Etot   =    -26372.6766  EKtot   =      1195.6339  EPtot      =    -27568.3105
 BOND   =         2.5275  ANGLE   =         2.3265  DIHED      =         4.3397
 1-4 NB =         6.9808  1-4 EEL =       -59.6470  VDWAALS    =      5403.2936
 EELEC  =    -32931.9455  EHBOND  =         0.0000  RESTRAINT  =         3.8139
 EAMBER (non-restraint)  =    -27572.1243
 DV/DL  =        47.5399
 ------------------------------------------------------------------------------

  Softcore part of the system:      42 atoms,       TEMP(K)    =          77.67
 SC_Etot=       107.8688  SC_EKtot=         7.9488  SC_EPtot   =        99.9200
 SC_BOND=         2.9387  SC_ANGLE=        14.4101  SC_DIHED   =        19.6096
 SC_14NB=         3.1639  SC_14EEL=        25.7217  SC_VDW     =         0.0049
 SC_EEL =        34.0711
 SC_RES_DIST=     0.0000  SC_RES_ANG=       0.0000  SC_RES_TORS=         0.0000
 SC_EEL_DER=     22.7399  SC_VDW_DER=      -1.1765  SC_DERIV   =        21.5634
 ------------------------------------------------------------------------------


| TI region  2


 NSTEP =     6000   TIME(PS) =      12.000  TEMP(K) =    82.33  PRESS =     0.0
 Etot   =    -26368.2460  EKtot   =      1200.0645  EPtot      =    -27568.3105
 BOND   =         2.5275  ANGLE   =         2.3265  DIHED      =         4.3397
 1-4 NB =         6.9808  1-4 EEL =       -59.6470  VDWAALS    =      5403.2936
 EELEC  =    -32931.9455  EHBOND  =         0.0000  RESTRAINT  =         3.8139
 EAMBER (non-restraint)  =    -27572.1243
 DV/DL  =        47.5399
 ------------------------------------------------------------------------------

  Softcore part of the system:      41 atoms,       TEMP(K)    =         124.59
 SC_Etot=       180.5066  SC_EKtot=        12.3794  SC_EPtot   =       168.1272
 SC_BOND=         3.0716  SC_ANGLE=         7.9297  SC_DIHED   =        14.3980
 SC_14NB=         4.2140  SC_14EEL=        90.9634  SC_VDW     =        -0.7197
 SC_EEL =        48.2701
 SC_RES_DIST=     0.0000  SC_RES_ANG=       0.0000  SC_RES_TORS=         0.0000
 SC_EEL_DER=     22.7399  SC_VDW_DER=      -1.1765  SC_DERIV   =        21.5634
 ------------------------------------------------------------------------------

 NMR restraints: Bond =    0.000   Angle =     0.000   Torsion =     0.000
===============================================================================

| TI region  1


 NSTEP =     7000   TIME(PS) =      14.000  TEMP(K) =    97.46  PRESS =     0.0
 Etot   =    -25989.6637  EKtot   =      1420.9495  EPtot      =    -27410.6131
 BOND   =         1.9997  ANGLE   =         3.2411  DIHED      =         4.4923
 1-4 NB =         6.8399  1-4 EEL =       -59.6473  VDWAALS    =      5237.1273
 EELEC  =    -32610.7956  EHBOND  =         0.0000  RESTRAINT  =         6.1295
 EAMBER (non-restraint)  =    -27416.7427
 DV/DL  =        52.5791
 ------------------------------------------------------------------------------

  Softcore part of the system:      42 atoms,       TEMP(K)    =         103.99
 SC_Etot=       109.9434  SC_EKtot=        10.6426  SC_EPtot   =        99.3008
 SC_BOND=         2.4013  SC_ANGLE=        14.4124  SC_DIHED   =        18.9147
 SC_14NB=         3.1852  SC_14EEL=        25.0495  SC_VDW     =         0.4661
 SC_EEL =        34.8715
 SC_RES_DIST=     0.0000  SC_RES_ANG=       0.0000  SC_RES_TORS=         0.0000
 SC_EEL_DER=     25.4793  SC_VDW_DER=      -1.2510  SC_DERIV   =        24.2282
 ------------------------------------------------------------------------------


| TI region  2


 NSTEP =     7000   TIME(PS) =      14.000  TEMP(K) =    97.43  PRESS =     0.0
 Etot   =    -25990.3240  EKtot   =      1420.2892  EPtot      =    -27410.6131
 BOND   =         1.9997  ANGLE   =         3.2411  DIHED      =         4.4923
 1-4 NB =         6.8399  1-4 EEL =       -59.6473  VDWAALS    =      5237.1273
 EELEC  =    -32610.7956  EHBOND  =         0.0000  RESTRAINT  =         6.1295
 EAMBER (non-restraint)  =    -27416.7427
 DV/DL  =        52.5791
 ------------------------------------------------------------------------------

  Softcore part of the system:      41 atoms,       TEMP(K)    =         100.47
 SC_Etot=       179.4930  SC_EKtot=         9.9824  SC_EPtot   =       169.5106
 SC_BOND=         3.0965  SC_ANGLE=         8.3353  SC_DIHED   =        15.0509
 SC_14NB=         4.0955  SC_14EEL=        90.8427  SC_VDW     =        -0.5822
 SC_EEL =        48.6720
 SC_RES_DIST=     0.0000  SC_RES_ANG=       0.0000  SC_RES_TORS=         0.0000
 SC_EEL_DER=     25.4793  SC_VDW_DER=      -1.2510  SC_DERIV   =        24.2282
 ------------------------------------------------------------------------------

 NMR restraints: Bond =    0.000   Angle =     0.000   Torsion =     0.000
===============================================================================

| TI region  1


 NSTEP =     8000   TIME(PS) =      16.000  TEMP(K) =   112.90  PRESS =     0.0
 Etot   =    -25545.1854  EKtot   =      1646.0385  EPtot      =    -27191.2238
 BOND   =         1.8313  ANGLE   =         2.6297  DIHED      =         4.0421
 1-4 NB =         7.3778  1-4 EEL =       -60.3801  VDWAALS    =      5158.3065
 EELEC  =    -32310.3341  EHBOND  =         0.0000  RESTRAINT  =         5.3030
 EAMBER (non-restraint)  =    -27196.5268
 DV/DL  =        59.5943
 ------------------------------------------------------------------------------

  Softcore part of the system:      42 atoms,       TEMP(K)    =          89.04
 SC_Etot=       112.7842  SC_EKtot=         9.1123  SC_EPtot   =       103.6719
 SC_BOND=         4.9499  SC_ANGLE=        14.9335  SC_DIHED   =        20.3945
 SC_14NB=         2.7763  SC_14EEL=        25.5492  SC_VDW     =         1.0125
 SC_EEL =        34.0560
 SC_RES_DIST=     0.0000  SC_RES_ANG=       0.0000  SC_RES_TORS=         0.0000
 SC_EEL_DER=     28.8162  SC_VDW_DER=      -1.5780  SC_DERIV   =        27.2382
 ------------------------------------------------------------------------------


| TI region  2


 NSTEP =     8000   TIME(PS) =      16.000  TEMP(K) =   113.13  PRESS =     0.0
 Etot   =    -25542.0840  EKtot   =      1649.1398  EPtot      =    -27191.2238
 BOND   =         1.8313  ANGLE   =         2.6297  DIHED      =         4.0421
 1-4 NB =         7.3778  1-4 EEL =       -60.3801  VDWAALS    =      5158.3065
 EELEC  =    -32310.3341  EHBOND  =         0.0000  RESTRAINT  =         5.3030
 EAMBER (non-restraint)  =    -27196.5268
 DV/DL  =        59.5943
 ------------------------------------------------------------------------------

  Softcore part of the system:      41 atoms,       TEMP(K)    =         122.92
 SC_Etot=       181.9374  SC_EKtot=        12.2137  SC_EPtot   =       169.7237
 SC_BOND=         3.0256  SC_ANGLE=         8.2550  SC_DIHED   =        14.5695
 SC_14NB=         4.5689  SC_14EEL=        91.2247  SC_VDW     =        -0.2169
 SC_EEL =        48.2969
 SC_RES_DIST=     0.0000  SC_RES_ANG=       0.0000  SC_RES_TORS=         0.0000
 SC_EEL_DER=     28.8162  SC_VDW_DER=      -1.5780  SC_DERIV   =        27.2382
 ------------------------------------------------------------------------------

 NMR restraints: Bond =    0.000   Angle =     0.000   Torsion =     0.000
===============================================================================

| TI region  1


 NSTEP =     9000   TIME(PS) =      18.000  TEMP(K) =   123.60  PRESS =     0.0
 Etot   =    -25227.9705  EKtot   =      1802.1096  EPtot      =    -27030.0801
 BOND   =         2.0063  ANGLE   =         1.5078  DIHED      =         5.9553
 1-4 NB =         7.8353  1-4 EEL =       -59.9345  VDWAALS    =      5119.8347
 EELEC  =    -32113.5964  EHBOND  =         0.0000  RESTRAINT  =         6.3114
 EAMBER (non-restraint)  =    -27036.3915
 DV/DL  =        89.2705
 ------------------------------------------------------------------------------

  Softcore part of the system:      42 atoms,       TEMP(K)    =         154.04
 SC_Etot=       118.9571  SC_EKtot=        15.7647  SC_EPtot   =       103.1924
 SC_BOND=         2.6019  SC_ANGLE=        14.0424  SC_DIHED   =        21.7918
 SC_14NB=         3.6159  SC_14EEL=        26.8230  SC_VDW     =         0.2980
 SC_EEL =        34.0194
 SC_RES_DIST=     0.0000  SC_RES_ANG=       0.0000  SC_RES_TORS=         0.0000
 SC_EEL_DER=     48.1812  SC_VDW_DER=      -0.8502  SC_DERIV   =        47.3309
 ------------------------------------------------------------------------------


| TI region  2


 NSTEP =     9000   TIME(PS) =      18.000  TEMP(K) =   123.20  PRESS =     0.0
 Etot   =    -25234.2212  EKtot   =      1795.8588  EPtot      =    -27030.0801
 BOND   =         2.0063  ANGLE   =         1.5078  DIHED      =         5.9553
 1-4 NB =         7.8353  1-4 EEL =       -59.9345  VDWAALS    =      5119.8347
 EELEC  =    -32113.5964  EHBOND  =         0.0000  RESTRAINT  =         6.3114
 EAMBER (non-restraint)  =    -27036.3915
 DV/DL  =        89.2705
 ------------------------------------------------------------------------------

  Softcore part of the system:      41 atoms,       TEMP(K)    =          95.75
 SC_Etot=       182.0052  SC_EKtot=         9.5140  SC_EPtot   =       172.4912
 SC_BOND=         5.4251  SC_ANGLE=        10.4360  SC_DIHED   =        15.5232
 SC_14NB=         3.9319  SC_14EEL=        90.5559  SC_VDW     =        -0.7324
 SC_EEL =        47.3515
 SC_RES_DIST=     0.0000  SC_RES_ANG=       0.0000  SC_RES_TORS=         0.0000
 SC_EEL_DER=     48.1812  SC_VDW_DER=      -0.8502  SC_DERIV   =        47.3309
 ------------------------------------------------------------------------------

 NMR restraints: Bond =    0.000   Angle =     0.000   Torsion =     0.000
===============================================================================

| TI region  1


 NSTEP =    10000   TIME(PS) =      20.000  TEMP(K) =   141.49  PRESS =     0.0
 Etot   =    -24742.6756  EKtot   =      2062.8590  EPtot      =    -26805.5346
 BOND   =         1.5738  ANGLE   =         2.5800  DIHED      =         4.7498
 1-4 NB =         7.9907  1-4 EEL =       -60.0631  VDWAALS    =      4923.7625
 EELEC  =    -31692.3382  EHBOND  =         0.0000  RESTRAINT  =         6.2099
 EAMBER (non-restraint)  =    -26811.7445
 DV/DL  =        84.8832
 ------------------------------------------------------------------------------

  Softcore part of the system:      42 atoms,       TEMP(K)    =         155.50
 SC_Etot=       120.2883  SC_EKtot=        15.9136  SC_EPtot   =       104.3747
 SC_BOND=         3.1440  SC_ANGLE=        16.7868  SC_DIHED   =        20.0751
 SC_14NB=         3.5956  SC_14EEL=        25.6948  SC_VDW     =         0.3631
 SC_EEL =        34.7153
 SC_RES_DIST=     0.0000  SC_RES_ANG=       0.0000  SC_RES_TORS=         0.0000
 SC_EEL_DER=     43.2586  SC_VDW_DER=      -1.0008  SC_DERIV   =        42.2577
 ------------------------------------------------------------------------------


| TI region  2


 NSTEP =    10000   TIME(PS) =      20.000  TEMP(K) =   141.59  PRESS =     0.0
 Etot   =    -24741.5489  EKtot   =      2063.9858  EPtot      =    -26805.5346
 BOND   =         1.5738  ANGLE   =         2.5800  DIHED      =         4.7498
 1-4 NB =         7.9907  1-4 EEL =       -60.0631  VDWAALS    =      4923.7625
 EELEC  =    -31692.3382  EHBOND  =         0.0000  RESTRAINT  =         6.2099
 EAMBER (non-restraint)  =    -26811.7445
 DV/DL  =        84.8832
 ------------------------------------------------------------------------------

  Softcore part of the system:      41 atoms,       TEMP(K)    =         171.50
 SC_Etot=       189.6065  SC_EKtot=        17.0403  SC_EPtot   =       172.5663
 SC_BOND=         3.0405  SC_ANGLE=        10.1784  SC_DIHED   =        15.9956
 SC_14NB=         4.7165  SC_14EEL=        91.8064  SC_VDW     =        -0.7890
 SC_EEL =        47.6178
 SC_RES_DIST=     0.0000  SC_RES_ANG=       0.0000  SC_RES_TORS=         0.0000
 SC_EEL_DER=     43.2586  SC_VDW_DER=      -1.0008  SC_DERIV   =        42.2577
 ------------------------------------------------------------------------------

 NMR restraints: Bond =    0.000   Angle =     0.000   Torsion =     0.000
===============================================================================

| TI region  1


 NSTEP =    11000   TIME(PS) =      22.000  TEMP(K) =   158.44  PRESS =     0.0
 Etot   =    -24338.4994  EKtot   =      2310.0086  EPtot      =    -26648.5080
 BOND   =         2.1464  ANGLE   =         2.6413  DIHED      =         4.3462
 1-4 NB =         7.4454  1-4 EEL =       -60.3603  VDWAALS    =      4954.0323
 EELEC  =    -31566.5935  EHBOND  =         0.0000  RESTRAINT  =         7.8342
 EAMBER (non-restraint)  =    -26656.3422
 DV/DL  =        74.7748
 ------------------------------------------------------------------------------

  Softcore part of the system:      42 atoms,       TEMP(K)    =         146.37
 SC_Etot=       121.3153  SC_EKtot=        14.9797  SC_EPtot   =       106.3356
 SC_BOND=         2.3489  SC_ANGLE=        16.9754  SC_DIHED   =        23.5869
 SC_14NB=         3.3873  SC_14EEL=        26.3160  SC_VDW     =        -0.1796
 SC_EEL =        33.9008
 SC_RES_DIST=     0.0000  SC_RES_ANG=       0.0000  SC_RES_TORS=         0.0000
 SC_EEL_DER=     35.3415  SC_VDW_DER=      -2.4362  SC_DERIV   =        32.9053
 ------------------------------------------------------------------------------


| TI region  2


 NSTEP =    11000   TIME(PS) =      22.000  TEMP(K) =   158.56  PRESS =     0.0
 Etot   =    -24337.1798  EKtot   =      2311.3282  EPtot      =    -26648.5080
 BOND   =         2.1464  ANGLE   =         2.6413  DIHED      =         4.3462
 1-4 NB =         7.4454  1-4 EEL =       -60.3603  VDWAALS    =      4954.0323
 EELEC  =    -31566.5935  EHBOND  =         0.0000  RESTRAINT  =         7.8342
 EAMBER (non-restraint)  =    -26656.3422
 DV/DL  =        74.7748
 ------------------------------------------------------------------------------

  Softcore part of the system:      41 atoms,       TEMP(K)    =         164.04
 SC_Etot=       191.8118  SC_EKtot=        16.2993  SC_EPtot   =       175.5125
 SC_BOND=         4.6124  SC_ANGLE=        10.5478  SC_DIHED   =        16.7897
 SC_14NB=         4.7474  SC_14EEL=        90.6956  SC_VDW     =         0.2277
 SC_EEL =        47.8920
 SC_RES_DIST=     0.0000  SC_RES_ANG=       0.0000  SC_RES_TORS=         0.0000
 SC_EEL_DER=     35.3415  SC_VDW_DER=      -2.4362  SC_DERIV   =        32.9053
 ------------------------------------------------------------------------------

 NMR restraints: Bond =    0.000   Angle =     0.000   Torsion =     0.000
===============================================================================

| TI region  1


 NSTEP =    12000   TIME(PS) =      24.000  TEMP(K) =   168.80  PRESS =     0.0
 Etot   =    -23929.2035  EKtot   =      2461.1407  EPtot      =    -26390.3442
 BOND   =         1.5220  ANGLE   =         3.4573  DIHED      =         5.0863
 1-4 NB =         7.7338  1-4 EEL =       -59.9592  VDWAALS    =      4828.4947
 EELEC  =    -31184.2790  EHBOND  =         0.0000  RESTRAINT  =         7.5999
 EAMBER (non-restraint)  =    -26397.9441
 DV/DL  =        89.2589
 ------------------------------------------------------------------------------

  Softcore part of the system:      42 atoms,       TEMP(K)    =         184.24
 SC_Etot=       123.7921  SC_EKtot=        18.8549  SC_EPtot   =       104.9372
 SC_BOND=         4.3123  SC_ANGLE=        14.5686  SC_DIHED   =        22.8634
 SC_14NB=         2.8000  SC_14EEL=        26.9288  SC_VDW     =        -0.5551
 SC_EEL =        34.0191
 SC_RES_DIST=     0.0000  SC_RES_ANG=       0.0000  SC_RES_TORS=         0.0000
 SC_EEL_DER=     51.2221  SC_VDW_DER=      -2.1680  SC_DERIV   =        49.0541
 ------------------------------------------------------------------------------


| TI region  2


 NSTEP =    12000   TIME(PS) =      24.000  TEMP(K) =   168.69  PRESS =     0.0
 Etot   =    -23931.2922  EKtot   =      2459.0520  EPtot      =    -26390.3442
 BOND   =         1.5220  ANGLE   =         3.4573  DIHED      =         5.0863
 1-4 NB =         7.7338  1-4 EEL =       -59.9592  VDWAALS    =      4828.4947
 EELEC  =    -31184.2790  EHBOND  =         0.0000  RESTRAINT  =         7.5999
 EAMBER (non-restraint)  =    -26397.9441
 DV/DL  =        89.2589
 ------------------------------------------------------------------------------

  Softcore part of the system:      41 atoms,       TEMP(K)    =         168.74
 SC_Etot=       191.7043  SC_EKtot=        16.7662  SC_EPtot   =       174.9381
 SC_BOND=         3.4508  SC_ANGLE=        10.8167  SC_DIHED   =        14.6380
 SC_14NB=         4.9070  SC_14EEL=        92.1413  SC_VDW     =        -0.4374
 SC_EEL =        49.4216
 SC_RES_DIST=     0.0000  SC_RES_ANG=       0.0000  SC_RES_TORS=         0.0000
 SC_EEL_DER=     51.2221  SC_VDW_DER=      -2.1680  SC_DERIV   =        49.0541
 ------------------------------------------------------------------------------

 NMR restraints: Bond =    0.000   Angle =     0.000   Torsion =     0.000
===============================================================================

| TI region  1


 NSTEP =    13000   TIME(PS) =      26.000  TEMP(K) =   188.87  PRESS =     0.0
 Etot   =    -23422.2295  EKtot   =      2753.7082  EPtot      =    -26175.9377
 BOND   =         3.2788  ANGLE   =         3.2137  DIHED      =         6.3171
 1-4 NB =         8.1602  1-4 EEL =       -60.4256  VDWAALS    =      4699.2274
 EELEC  =    -30842.5670  EHBOND  =         0.0000  RESTRAINT  =         6.8578
 EAMBER (non-restraint)  =    -26182.7954
 DV/DL  =        77.1433
 ------------------------------------------------------------------------------

  Softcore part of the system:      42 atoms,       TEMP(K)    =         185.30
 SC_Etot=       126.0695  SC_EKtot=        18.9636  SC_EPtot   =       107.1059
 SC_BOND=         2.9344  SC_ANGLE=        19.3485  SC_DIHED   =        21.0110
 SC_14NB=         2.8186  SC_14EEL=        26.8325  SC_VDW     =         0.1757
 SC_EEL =        33.9852
 SC_RES_DIST=     0.0000  SC_RES_ANG=       0.0000  SC_RES_TORS=         0.0000
 SC_EEL_DER=     39.0029  SC_VDW_DER=      -1.8237  SC_DERIV   =        37.1793
 ------------------------------------------------------------------------------


| TI region  2


 NSTEP =    13000   TIME(PS) =      26.000  TEMP(K) =   189.02  PRESS =     0.0
 Etot   =    -23420.6448  EKtot   =      2755.2929  EPtot      =    -26175.9377
 BOND   =         3.2788  ANGLE   =         3.2137  DIHED      =         6.3171
 1-4 NB =         8.1602  1-4 EEL =       -60.4256  VDWAALS    =      4699.2274
 EELEC  =    -30842.5670  EHBOND  =         0.0000  RESTRAINT  =         6.8578
 EAMBER (non-restraint)  =    -26182.7954
 DV/DL  =        77.1433
 ------------------------------------------------------------------------------

  Softcore part of the system:      41 atoms,       TEMP(K)    =         206.81
 SC_Etot=       199.3734  SC_EKtot=        20.5483  SC_EPtot   =       178.8251
 SC_BOND=         4.0290  SC_ANGLE=        16.1482  SC_DIHED   =        16.1665
 SC_14NB=         3.9274  SC_14EEL=        90.6209  SC_VDW     =        -0.4790
 SC_EEL =        48.4121
 SC_RES_DIST=     0.0000  SC_RES_ANG=       0.0000  SC_RES_TORS=         0.0000
 SC_EEL_DER=     39.0029  SC_VDW_DER=      -1.8237  SC_DERIV   =        37.1793
 ------------------------------------------------------------------------------

 NMR restraints: Bond =    0.000   Angle =     0.000   Torsion =     0.000
===============================================================================

| TI region  1


 NSTEP =    14000   TIME(PS) =      28.000  TEMP(K) =   199.98  PRESS =     0.0
 Etot   =    -22834.2097  EKtot   =      2915.7477  EPtot      =    -25749.9574
 BOND   =         3.4083  ANGLE   =         4.8369  DIHED      =         5.7617
 1-4 NB =         7.7765  1-4 EEL =       -59.7387  VDWAALS    =      4579.3151
 EELEC  =    -30300.9506  EHBOND  =         0.0000  RESTRAINT  =         9.6333
 EAMBER (non-restraint)  =    -25759.5907
 DV/DL  =       107.0537
 ------------------------------------------------------------------------------

  Softcore part of the system:      42 atoms,       TEMP(K)    =         178.40
 SC_Etot=       126.8101  SC_EKtot=        18.2573  SC_EPtot   =       108.5529
 SC_BOND=         4.2679  SC_ANGLE=        17.6789  SC_DIHED   =        21.7484
 SC_14NB=         3.2083  SC_14EEL=        26.6133  SC_VDW     =         1.0725
 SC_EEL =        33.9637
 SC_RES_DIST=     0.0000  SC_RES_ANG=       0.0000  SC_RES_TORS=         0.0000
 SC_EEL_DER=     57.6357  SC_VDW_DER=      -2.2868  SC_DERIV   =        55.3488
 ------------------------------------------------------------------------------


| TI region  2


 NSTEP =    14000   TIME(PS) =      28.000  TEMP(K) =   199.95  PRESS =     0.0
 Etot   =    -22835.3109  EKtot   =      2914.6465  EPtot      =    -25749.9574
 BOND   =         3.4083  ANGLE   =         4.8369  DIHED      =         5.7617
 1-4 NB =         7.7765  1-4 EEL =       -59.7387  VDWAALS    =      4579.3151
 EELEC  =    -30300.9506  EHBOND  =         0.0000  RESTRAINT  =         9.6333
 EAMBER (non-restraint)  =    -25759.5907
 DV/DL  =       107.0537
 ------------------------------------------------------------------------------

  Softcore part of the system:      41 atoms,       TEMP(K)    =         172.67
 SC_Etot=       198.1925  SC_EKtot=        17.1561  SC_EPtot   =       181.0365
 SC_BOND=         4.0908  SC_ANGLE=        15.8433  SC_DIHED   =        17.8822
 SC_14NB=         4.3354  SC_14EEL=        91.1565  SC_VDW     =        -0.3914
 SC_EEL =        48.1197
 SC_RES_DIST=     0.0000  SC_RES_ANG=       0.0000  SC_RES_TORS=         0.0000
 SC_EEL_DER=     57.6357  SC_VDW_DER=      -2.2868  SC_DERIV   =        55.3488
 ------------------------------------------------------------------------------

 NMR restraints: Bond =    0.000   Angle =     0.000   Torsion =     0.000
===============================================================================

| TI region  1


 NSTEP =    15000   TIME(PS) =      30.000  TEMP(K) =   216.01  PRESS =     0.0
 Etot   =    -22275.1561  EKtot   =      3149.4615  EPtot      =    -25424.6176
 BOND   =         2.7388  ANGLE   =         2.8138  DIHED      =         5.5407
 1-4 NB =         7.8754  1-4 EEL =       -59.9670  VDWAALS    =      4488.8487
 EELEC  =    -29880.9266  EHBOND  =         0.0000  RESTRAINT  =         8.4586
 EAMBER (non-restraint)  =    -25433.0762
 DV/DL  =        87.6377
 ------------------------------------------------------------------------------

  Softcore part of the system:      42 atoms,       TEMP(K)    =         220.86
 SC_Etot=       134.0122  SC_EKtot=        22.6024  SC_EPtot   =       111.4098
 SC_BOND=         3.1962  SC_ANGLE=        22.4840  SC_DIHED   =        19.9603
 SC_14NB=         3.4945  SC_14EEL=        25.9350  SC_VDW     =         1.5826
 SC_EEL =        34.7571
 SC_RES_DIST=     0.0000  SC_RES_ANG=       0.0000  SC_RES_TORS=         0.0000
 SC_EEL_DER=     44.1303  SC_VDW_DER=      -2.6035  SC_DERIV   =        41.5269
 ------------------------------------------------------------------------------


| TI region  2


 NSTEP =    15000   TIME(PS) =      30.000  TEMP(K) =   215.83  PRESS =     0.0
 Etot   =    -22278.4257  EKtot   =      3146.1919  EPtot      =    -25424.6176
 BOND   =         2.7388  ANGLE   =         2.8138  DIHED      =         5.5407
 1-4 NB =         7.8754  1-4 EEL =       -59.9670  VDWAALS    =      4488.8487
 EELEC  =    -29880.9266  EHBOND  =         0.0000  RESTRAINT  =         8.4586
 EAMBER (non-restraint)  =    -25433.0762
 DV/DL  =        87.6377
 ------------------------------------------------------------------------------

  Softcore part of the system:      41 atoms,       TEMP(K)    =         194.57
 SC_Etot=       205.8218  SC_EKtot=        19.3328  SC_EPtot   =       186.4890
 SC_BOND=         8.1159  SC_ANGLE=        21.5705  SC_DIHED   =        16.2203
 SC_14NB=         4.2248  SC_14EEL=        90.3551  SC_VDW     =        -1.5193
 SC_EEL =        47.5216
 SC_RES_DIST=     0.0000  SC_RES_ANG=       0.0000  SC_RES_TORS=         0.0000
 SC_EEL_DER=     44.1303  SC_VDW_DER=      -2.6035  SC_DERIV   =        41.5269
 ------------------------------------------------------------------------------

 NMR restraints: Bond =    0.000   Angle =     0.000   Torsion =     0.000
===============================================================================

| TI region  1


 NSTEP =    16000   TIME(PS) =      32.000  TEMP(K) =   231.02  PRESS =     0.0
 Etot   =    -21640.0305  EKtot   =      3368.2384  EPtot      =    -25008.2688
 BOND   =         3.3334  ANGLE   =         3.4286  DIHED      =         7.3824
 1-4 NB =         7.8643  1-4 EEL =       -60.2555  VDWAALS    =      4323.8747
 EELEC  =    -29304.1072  EHBOND  =         0.0000  RESTRAINT  =        10.2106
 EAMBER (non-restraint)  =    -25018.4794
 DV/DL  =        90.6240
 ------------------------------------------------------------------------------

  Softcore part of the system:      42 atoms,       TEMP(K)    =         280.57
 SC_Etot=       137.9849  SC_EKtot=        28.7133  SC_EPtot   =       109.2717
 SC_BOND=         5.2978  SC_ANGLE=        18.9818  SC_DIHED   =        18.9174
 SC_14NB=         3.8669  SC_14EEL=        25.9578  SC_VDW     =         1.8188
 SC_EEL =        34.4312
 SC_RES_DIST=     0.0000  SC_RES_ANG=       0.0000  SC_RES_TORS=         0.0000
 SC_EEL_DER=     45.4303  SC_VDW_DER=      -1.8379  SC_DERIV   =        43.5924
 ------------------------------------------------------------------------------


| TI region  2


 NSTEP =    16000   TIME(PS) =      32.000  TEMP(K) =   230.75  PRESS =     0.0
 Etot   =    -21644.6115  EKtot   =      3363.6574  EPtot      =    -25008.2688
 BOND   =         3.3334  ANGLE   =         3.4286  DIHED      =         7.3824
 1-4 NB =         7.8643  1-4 EEL =       -60.2555  VDWAALS    =      4323.8747
 EELEC  =    -29304.1072  EHBOND  =         0.0000  RESTRAINT  =        10.2106
 EAMBER (non-restraint)  =    -25018.4794
 DV/DL  =        90.6240
 ------------------------------------------------------------------------------

  Softcore part of the system:      41 atoms,       TEMP(K)    =         242.88
 SC_Etot=       204.4896  SC_EKtot=        24.1323  SC_EPtot   =       180.3574
 SC_BOND=         3.3286  SC_ANGLE=        16.9283  SC_DIHED   =        16.2695
 SC_14NB=         4.4032  SC_14EEL=        90.7927  SC_VDW     =        -0.6164
 SC_EEL =        49.2515
 SC_RES_DIST=     0.0000  SC_RES_ANG=       0.0000  SC_RES_TORS=         0.0000
 SC_EEL_DER=     45.4303  SC_VDW_DER=      -1.8379  SC_DERIV   =        43.5924
 ------------------------------------------------------------------------------

 NMR restraints: Bond =    0.000   Angle =     0.000   Torsion =     0.000
===============================================================================

| TI region  1


 NSTEP =    17000   TIME(PS) =      34.000  TEMP(K) =   245.74  PRESS =     0.0
 Etot   =    -21062.7195  EKtot   =      3582.8527  EPtot      =    -24645.5722
 BOND   =         3.1862  ANGLE   =         4.5862  DIHED      =         4.9897
 1-4 NB =         7.1753  1-4 EEL =       -59.4625  VDWAALS    =      4174.5304
 EELEC  =    -28790.8776  EHBOND  =         0.0000  RESTRAINT  =        10.3003
 EAMBER (non-restraint)  =    -24655.8724
 DV/DL  =        71.8190
 ------------------------------------------------------------------------------

  Softcore part of the system:      42 atoms,       TEMP(K)    =         266.64
 SC_Etot=       139.7071  SC_EKtot=        27.2880  SC_EPtot   =       112.4190
 SC_BOND=         7.7665  SC_ANGLE=        22.4262  SC_DIHED   =        20.6071
 SC_14NB=         2.4354  SC_14EEL=        25.6640  SC_VDW     =        -0.7625
 SC_EEL =        34.2824
 SC_RES_DIST=     0.0000  SC_RES_ANG=       0.0000  SC_RES_TORS=         0.0000
 SC_EEL_DER=     31.5699  SC_VDW_DER=      -1.5777  SC_DERIV   =        29.9921
 ------------------------------------------------------------------------------


| TI region  2


 NSTEP =    17000   TIME(PS) =      34.000  TEMP(K) =   245.54  PRESS =     0.0
 Etot   =    -21066.2524  EKtot   =      3579.3198  EPtot      =    -24645.5722
 BOND   =         3.1862  ANGLE   =         4.5862  DIHED      =         4.9897
 1-4 NB =         7.1753  1-4 EEL =       -59.4625  VDWAALS    =      4174.5304
 EELEC  =    -28790.8776  EHBOND  =         0.0000  RESTRAINT  =        10.3003
 EAMBER (non-restraint)  =    -24655.8724
 DV/DL  =        71.8190
 ------------------------------------------------------------------------------

  Softcore part of the system:      41 atoms,       TEMP(K)    =         239.08
 SC_Etot=       203.2080  SC_EKtot=        23.7551  SC_EPtot   =       179.4529
 SC_BOND=         6.5592  SC_ANGLE=        16.3371  SC_DIHED   =        15.2292
 SC_14NB=         3.2838  SC_14EEL=        91.4481  SC_VDW     =        -1.0270
 SC_EEL =        47.6223
 SC_RES_DIST=     0.0000  SC_RES_ANG=       0.0000  SC_RES_TORS=         0.0000
 SC_EEL_DER=     31.5699  SC_VDW_DER=      -1.5777  SC_DERIV   =        29.9921
 ------------------------------------------------------------------------------

 NMR restraints: Bond =    0.000   Angle =     0.000   Torsion =     0.000
===============================================================================

| TI region  1


 NSTEP =    18000   TIME(PS) =      36.000  TEMP(K) =   257.08  PRESS =     0.0
 Etot   =    -20327.2328  EKtot   =      3748.2953  EPtot      =    -24075.5281
 BOND   =         6.6728  ANGLE   =         5.1248  DIHED      =         8.8192
 1-4 NB =         7.3272  1-4 EEL =       -59.5246  VDWAALS    =      3809.7836
 EELEC  =    -27863.4060  EHBOND  =         0.0000  RESTRAINT  =         9.6750
 EAMBER (non-restraint)  =    -24085.2031
 DV/DL  =        76.9251
 ------------------------------------------------------------------------------

  Softcore part of the system:      42 atoms,       TEMP(K)    =         277.87
 SC_Etot=       146.5689  SC_EKtot=        28.4375  SC_EPtot   =       118.1314
 SC_BOND=         5.2516  SC_ANGLE=        26.7033  SC_DIHED   =        22.6509
 SC_14NB=         3.4658  SC_14EEL=        25.0842  SC_VDW     =        -0.9191
 SC_EEL =        35.8946
 SC_RES_DIST=     0.0000  SC_RES_ANG=       0.0000  SC_RES_TORS=         0.0000
 SC_EEL_DER=     43.4932  SC_VDW_DER=      -1.7135  SC_DERIV   =        41.7797
 ------------------------------------------------------------------------------


| TI region  2


 NSTEP =    18000   TIME(PS) =      36.000  TEMP(K) =   256.87  PRESS =     0.0
 Etot   =    -20331.0562  EKtot   =      3744.4719  EPtot      =    -24075.5281
 BOND   =         6.6728  ANGLE   =         5.1248  DIHED      =         8.8192
 1-4 NB =         7.3272  1-4 EEL =       -59.5246  VDWAALS    =      3809.7836
 EELEC  =    -27863.4060  EHBOND  =         0.0000  RESTRAINT  =         9.6750
 EAMBER (non-restraint)  =    -24085.2031
 DV/DL  =        76.9251
 ------------------------------------------------------------------------------

  Softcore part of the system:      41 atoms,       TEMP(K)    =         247.73
 SC_Etot=       209.2601  SC_EKtot=        24.6141  SC_EPtot   =       184.6460
 SC_BOND=         4.7078  SC_ANGLE=        17.4911  SC_DIHED   =        19.3538
 SC_14NB=         4.2057  SC_14EEL=        91.2817  SC_VDW     =        -0.8771
 SC_EEL =        48.4829
 SC_RES_DIST=     0.0000  SC_RES_ANG=       0.0000  SC_RES_TORS=         0.0000
 SC_EEL_DER=     43.4932  SC_VDW_DER=      -1.7135  SC_DERIV   =        41.7797
 ------------------------------------------------------------------------------

 NMR restraints: Bond =    0.000   Angle =     0.000   Torsion =     0.000
===============================================================================

| TI region  1


 NSTEP =    19000   TIME(PS) =      38.000  TEMP(K) =   268.13  PRESS =     0.0
 Etot   =    -19596.8416  EKtot   =      3909.3675  EPtot      =    -23506.2091
 BOND   =         3.3091  ANGLE   =         3.3073  DIHED      =         8.1949
 1-4 NB =         7.6394  1-4 EEL =       -59.5670  VDWAALS    =      3616.2083
 EELEC  =    -27095.9981  EHBOND  =         0.0000  RESTRAINT  =        10.6971
 EAMBER (non-restraint)  =    -23516.9062
 DV/DL  =        65.8225
 ------------------------------------------------------------------------------

  Softcore part of the system:      42 atoms,       TEMP(K)    =         279.33
 SC_Etot=       148.3941  SC_EKtot=        28.5864  SC_EPtot   =       119.8076
 SC_BOND=         3.8251  SC_ANGLE=        26.8227  SC_DIHED   =        22.1473
 SC_14NB=         3.8568  SC_14EEL=        26.6809  SC_VDW     =         1.5886
 SC_EEL =        34.8862
 SC_RES_DIST=     0.0000  SC_RES_ANG=       0.0000  SC_RES_TORS=         0.0000
 SC_EEL_DER=     31.8816  SC_VDW_DER=      -1.0325  SC_DERIV   =        30.8490
 ------------------------------------------------------------------------------


| TI region  2


 NSTEP =    19000   TIME(PS) =      38.000  TEMP(K) =   268.07  PRESS =     0.0
 Etot   =    -19598.5118  EKtot   =      3907.6973  EPtot      =    -23506.2091
 BOND   =         3.3091  ANGLE   =         3.3073  DIHED      =         8.1949
 1-4 NB =         7.6394  1-4 EEL =       -59.5670  VDWAALS    =      3616.2083
 EELEC  =    -27095.9981  EHBOND  =         0.0000  RESTRAINT  =        10.6971
 EAMBER (non-restraint)  =    -23516.9062
 DV/DL  =        65.8225
 ------------------------------------------------------------------------------

  Softcore part of the system:      41 atoms,       TEMP(K)    =         270.90
 SC_Etot=       211.7517  SC_EKtot=        26.9162  SC_EPtot   =       184.8355
 SC_BOND=         6.8666  SC_ANGLE=        16.9118  SC_DIHED   =        18.0941
 SC_14NB=         4.4459  SC_14EEL=        91.6575  SC_VDW     =        -0.3208
 SC_EEL =        47.1806
 SC_RES_DIST=     0.0000  SC_RES_ANG=       0.0000  SC_RES_TORS=         0.0000
 SC_EEL_DER=     31.8816  SC_VDW_DER=      -1.0325  SC_DERIV   =        30.8490
 ------------------------------------------------------------------------------

 NMR restraints: Bond =    0.000   Angle =     0.000   Torsion =     0.000
===============================================================================

| TI region  1


 NSTEP =    20000   TIME(PS) =      40.000  TEMP(K) =   284.80  PRESS =     0.0
 Etot   =    -18961.5338  EKtot   =      4152.3737  EPtot      =    -23113.9075
 BOND   =         3.8059  ANGLE   =         3.5096  DIHED      =         8.5065
 1-4 NB =         7.4862  1-4 EEL =       -59.7906  VDWAALS    =      3438.1202
 EELEC  =    -26527.1287  EHBOND  =         0.0000  RESTRAINT  =        11.5834
 EAMBER (non-restraint)  =    -23125.4909
 DV/DL  =        79.3700
 ------------------------------------------------------------------------------

  Softcore part of the system:      42 atoms,       TEMP(K)    =         194.06
 SC_Etot=       137.9061  SC_EKtot=        19.8601  SC_EPtot   =       118.0460
 SC_BOND=         6.7891  SC_ANGLE=        22.4423  SC_DIHED   =        23.6511
 SC_14NB=         3.0790  SC_14EEL=        25.8951  SC_VDW     =         1.6129
 SC_EEL =        34.5764
 SC_RES_DIST=     0.0000  SC_RES_ANG=       0.0000  SC_RES_TORS=         0.0000
 SC_EEL_DER=     45.9303  SC_VDW_DER=      -1.8631  SC_DERIV   =        44.0672
 ------------------------------------------------------------------------------


| TI region  2


 NSTEP =    20000   TIME(PS) =      40.000  TEMP(K) =   285.41  PRESS =     0.0
 Etot   =    -18953.5257  EKtot   =      4160.3819  EPtot      =    -23113.9075
 BOND   =         3.8059  ANGLE   =         3.5096  DIHED      =         8.5065
 1-4 NB =         7.4862  1-4 EEL =       -59.7906  VDWAALS    =      3438.1202
 EELEC  =    -26527.1287  EHBOND  =         0.0000  RESTRAINT  =        11.5834
 EAMBER (non-restraint)  =    -23125.4909
 DV/DL  =        79.3700
 ------------------------------------------------------------------------------

  Softcore part of the system:      41 atoms,       TEMP(K)    =         280.48
 SC_Etot=       220.4152  SC_EKtot=        27.8682  SC_EPtot   =       192.5469
 SC_BOND=         6.7861  SC_ANGLE=        24.7194  SC_DIHED   =        16.8396
 SC_14NB=         4.7645  SC_14EEL=        91.4278  SC_VDW     =        -0.7980
 SC_EEL =        48.8075
 SC_RES_DIST=     0.0000  SC_RES_ANG=       0.0000  SC_RES_TORS=         0.0000
 SC_EEL_DER=     45.9303  SC_VDW_DER=      -1.8631  SC_DERIV   =        44.0672
 ------------------------------------------------------------------------------

 NMR restraints: Bond =    0.000   Angle =     0.000   Torsion =     0.000
===============================================================================

| TI region  1


 NSTEP =    21000   TIME(PS) =      42.000  TEMP(K) =   295.58  PRESS =     0.0
 Etot   =    -18518.8144  EKtot   =      4309.6052  EPtot      =    -22828.4196
 BOND   =         5.7247  ANGLE   =         3.7341  DIHED      =         8.0708
 1-4 NB =         7.3511  1-4 EEL =       -59.5514  VDWAALS    =      3299.6926
 EELEC  =    -26106.3952  EHBOND  =         0.0000  RESTRAINT  =        12.9537
 EAMBER (non-restraint)  =    -22841.3733
 DV/DL  =        69.0226
 ------------------------------------------------------------------------------

  Softcore part of the system:      42 atoms,       TEMP(K)    =         284.07
 SC_Etot=       148.6699  SC_EKtot=        29.0713  SC_EPtot   =       119.5986
 SC_BOND=         7.5826  SC_ANGLE=        22.8045  SC_DIHED   =        21.3358
 SC_14NB=         4.3492  SC_14EEL=        26.5719  SC_VDW     =         2.3895
 SC_EEL =        34.5652
 SC_RES_DIST=     0.0000  SC_RES_ANG=       0.0000  SC_RES_TORS=         0.0000
 SC_EEL_DER=     33.9550  SC_VDW_DER=      -1.9503  SC_DERIV   =        32.0046
 ------------------------------------------------------------------------------


| TI region  2


 NSTEP =    21000   TIME(PS) =      42.000  TEMP(K) =   295.44  PRESS =     0.0
 Etot   =    -18521.7532  EKtot   =      4306.6664  EPtot      =    -22828.4196
 BOND   =         5.7247  ANGLE   =         3.7341  DIHED      =         8.0708
 1-4 NB =         7.3511  1-4 EEL =       -59.5514  VDWAALS    =      3299.6926
 EELEC  =    -26106.3952  EHBOND  =         0.0000  RESTRAINT  =        12.9537
 EAMBER (non-restraint)  =    -22841.3733
 DV/DL  =        69.0226
 ------------------------------------------------------------------------------

  Softcore part of the system:      41 atoms,       TEMP(K)    =         263.01
 SC_Etot=       211.6513  SC_EKtot=        26.1325  SC_EPtot   =       185.5187
 SC_BOND=         7.1836  SC_ANGLE=        17.6282  SC_DIHED   =        16.2126
 SC_14NB=         5.0526  SC_14EEL=        91.4290  SC_VDW     =        -0.0067
 SC_EEL =        48.0195
 SC_RES_DIST=     0.0000  SC_RES_ANG=       0.0000  SC_RES_TORS=         0.0000
 SC_EEL_DER=     33.9550  SC_VDW_DER=      -1.9503  SC_DERIV   =        32.0046
 ------------------------------------------------------------------------------

 NMR restraints: Bond =    0.000   Angle =     0.000   Torsion =     0.000
===============================================================================

| TI region  1


 NSTEP =    22000   TIME(PS) =      44.000  TEMP(K) =   302.14  PRESS =     0.0
 Etot   =    -18307.4969  EKtot   =      4405.1594  EPtot      =    -22712.6564
 BOND   =         3.5966  ANGLE   =         4.3956  DIHED      =         6.2760
 1-4 NB =         7.3865  1-4 EEL =       -59.3811  VDWAALS    =      3272.8801
 EELEC  =    -25962.2010  EHBOND  =         0.0000  RESTRAINT  =        14.3909
 EAMBER (non-restraint)  =    -22727.0473
 DV/DL  =        57.0258
 ------------------------------------------------------------------------------

  Softcore part of the system:      42 atoms,       TEMP(K)    =         281.51
 SC_Etot=       154.7684  SC_EKtot=        28.8099  SC_EPtot   =       125.9585
 SC_BOND=         5.4164  SC_ANGLE=        31.5728  SC_DIHED   =        23.5492
 SC_14NB=         4.3346  SC_14EEL=        24.8516  SC_VDW     =         0.3600
 SC_EEL =        35.8739
 SC_RES_DIST=     0.0000  SC_RES_ANG=       0.0000  SC_RES_TORS=         0.0000
 SC_EEL_DER=     35.8397  SC_VDW_DER=      -1.8288  SC_DERIV   =        34.0109
 ------------------------------------------------------------------------------


| TI region  2


 NSTEP =    22000   TIME(PS) =      44.000  TEMP(K) =   302.33  PRESS =     0.0
 Etot   =    -18305.5665  EKtot   =      4407.0899  EPtot      =    -22712.6564
 BOND   =         3.5966  ANGLE   =         4.3956  DIHED      =         6.2760
 1-4 NB =         7.3865  1-4 EEL =       -59.3811  VDWAALS    =      3272.8801
 EELEC  =    -25962.2010  EHBOND  =         0.0000  RESTRAINT  =        14.3909
 EAMBER (non-restraint)  =    -22727.0473
 DV/DL  =        57.0258
 ------------------------------------------------------------------------------

  Softcore part of the system:      41 atoms,       TEMP(K)    =         309.39
 SC_Etot=       220.5392  SC_EKtot=        30.7404  SC_EPtot   =       189.7988
 SC_BOND=         6.3500  SC_ANGLE=        19.9976  SC_DIHED   =        18.1525
 SC_14NB=         4.9836  SC_14EEL=        91.8800  SC_VDW     =         1.1787
 SC_EEL =        47.2563
 SC_RES_DIST=     0.0000  SC_RES_ANG=       0.0000  SC_RES_TORS=         0.0000
 SC_EEL_DER=     35.8397  SC_VDW_DER=      -1.8288  SC_DERIV   =        34.0109
 ------------------------------------------------------------------------------

 NMR restraints: Bond =    0.000   Angle =     0.000   Torsion =     0.000
===============================================================================

| TI region  1


 NSTEP =    23000   TIME(PS) =      46.000  TEMP(K) =   304.80  PRESS =     0.0
 Etot   =    -18265.1030  EKtot   =      4444.0638  EPtot      =    -22709.1667
 BOND   =         4.6428  ANGLE   =         5.3663  DIHED      =         5.5404
 1-4 NB =         7.2229  1-4 EEL =       -59.5372  VDWAALS    =      3318.6983
 EELEC  =    -26003.0567  EHBOND  =         0.0000  RESTRAINT  =        11.9564
 EAMBER (non-restraint)  =    -22721.1232
 DV/DL  =        55.0829
 ------------------------------------------------------------------------------

  Softcore part of the system:      42 atoms,       TEMP(K)    =         375.23
 SC_Etot=       150.2403  SC_EKtot=        38.4007  SC_EPtot   =       111.8395
 SC_BOND=         6.0379  SC_ANGLE=        19.6919  SC_DIHED   =        21.6196
 SC_14NB=         3.4898  SC_14EEL=        26.7182  SC_VDW     =         0.5480
 SC_EEL =        33.7341
 SC_RES_DIST=     0.0000  SC_RES_ANG=       0.0000  SC_RES_TORS=         0.0000
 SC_EEL_DER=     28.5168  SC_VDW_DER=      -0.7710  SC_DERIV   =        27.7458
 ------------------------------------------------------------------------------


| TI region  2


 NSTEP =    23000   TIME(PS) =      46.000  TEMP(K) =   304.22  PRESS =     0.0
 Etot   =    -18274.5867  EKtot   =      4434.5801  EPtot      =    -22709.1667
 BOND   =         4.6428  ANGLE   =         5.3663  DIHED      =         5.5404
 1-4 NB =         7.2229  1-4 EEL =       -59.5372  VDWAALS    =      3318.6983
 EELEC  =    -26003.0567  EHBOND  =         0.0000  RESTRAINT  =        11.9564
 EAMBER (non-restraint)  =    -22721.1232
 DV/DL  =        55.0829
 ------------------------------------------------------------------------------

  Softcore part of the system:      41 atoms,       TEMP(K)    =         291.03
 SC_Etot=       218.4672  SC_EKtot=        28.9170  SC_EPtot   =       189.5502
 SC_BOND=         9.0166  SC_ANGLE=        20.1956  SC_DIHED   =        18.6916
 SC_14NB=         3.7155  SC_14EEL=        91.0365  SC_VDW     =        -0.8991
 SC_EEL =        47.7934
 SC_RES_DIST=     0.0000  SC_RES_ANG=       0.0000  SC_RES_TORS=         0.0000
 SC_EEL_DER=     28.5168  SC_VDW_DER=      -0.7710  SC_DERIV   =        27.7458
 ------------------------------------------------------------------------------

 NMR restraints: Bond =    0.000   Angle =     0.000   Torsion =     0.000
===============================================================================

| TI region  1


 NSTEP =    24000   TIME(PS) =      48.000  TEMP(K) =   293.88  PRESS =     0.0
 Etot   =    -18493.6042  EKtot   =      4284.7205  EPtot      =    -22778.3247
 BOND   =         5.9789  ANGLE   =         8.2125  DIHED      =         7.2189
 1-4 NB =         8.0711  1-4 EEL =       -59.8171  VDWAALS    =      3400.7538
 EELEC  =    -26161.6475  EHBOND  =         0.0000  RESTRAINT  =        12.9048
 EAMBER (non-restraint)  =    -22791.2295
 DV/DL  =        55.7050
 ------------------------------------------------------------------------------

  Softcore part of the system:      42 atoms,       TEMP(K)    =         356.40
 SC_Etot=       148.3649  SC_EKtot=        36.4742  SC_EPtot   =       111.8908
 SC_BOND=         3.4999  SC_ANGLE=        23.0216  SC_DIHED   =        21.3579
 SC_14NB=         3.8957  SC_14EEL=        25.4312  SC_VDW     =        -0.1586
 SC_EEL =        34.8430
 SC_RES_DIST=     0.0000  SC_RES_ANG=       0.0000  SC_RES_TORS=         0.0000
 SC_EEL_DER=     33.5933  SC_VDW_DER=      -1.2276  SC_DERIV   =        32.3657
 ------------------------------------------------------------------------------


| TI region  2


 NSTEP =    24000   TIME(PS) =      48.000  TEMP(K) =   293.67  PRESS =     0.0
 Etot   =    -18497.5052  EKtot   =      4280.8195  EPtot      =    -22778.3247
 BOND   =         5.9789  ANGLE   =         8.2125  DIHED      =         7.2189
 1-4 NB =         8.0711  1-4 EEL =       -59.8171  VDWAALS    =      3400.7538
 EELEC  =    -26161.6475  EHBOND  =         0.0000  RESTRAINT  =        12.9048
 EAMBER (non-restraint)  =    -22791.2295
 DV/DL  =        55.7050
 ------------------------------------------------------------------------------

  Softcore part of the system:      41 atoms,       TEMP(K)    =         327.83
 SC_Etot=       219.2308  SC_EKtot=        32.5732  SC_EPtot   =       186.6576
 SC_BOND=         6.7208  SC_ANGLE=        17.5967  SC_DIHED   =        19.2098
 SC_14NB=         4.4293  SC_14EEL=        91.2390  SC_VDW     =        -0.0478
 SC_EEL =        47.5097
 SC_RES_DIST=     0.0000  SC_RES_ANG=       0.0000  SC_RES_TORS=         0.0000
 SC_EEL_DER=     33.5933  SC_VDW_DER=      -1.2276  SC_DERIV   =        32.3657
 ------------------------------------------------------------------------------

 NMR restraints: Bond =    0.000   Angle =     0.000   Torsion =     0.000
===============================================================================

| TI region  1


 NSTEP =    25000   TIME(PS) =      50.000  TEMP(K) =   301.45  PRESS =     0.0
 Etot   =    -18466.8075  EKtot   =      4395.0914  EPtot      =    -22861.8989
 BOND   =         6.9643  ANGLE   =         3.2741  DIHED      =         7.9709
 1-4 NB =         6.5448  1-4 EEL =       -60.4640  VDWAALS    =      3349.6603
 EELEC  =    -26192.1064  EHBOND  =         0.0000  RESTRAINT  =        16.2572
 EAMBER (non-restraint)  =    -22878.1561
 DV/DL  =        65.0760
 ------------------------------------------------------------------------------

  Softcore part of the system:      42 atoms,       TEMP(K)    =         246.54
 SC_Etot=       141.9367  SC_EKtot=        25.2310  SC_EPtot   =       116.7057
 SC_BOND=         6.2229  SC_ANGLE=        24.1546  SC_DIHED   =        22.4712
 SC_14NB=         3.7917  SC_14EEL=        26.8201  SC_VDW     =        -0.4358
 SC_EEL =        33.6811
 SC_RES_DIST=     0.0000  SC_RES_ANG=       0.0000  SC_RES_TORS=         0.0000
 SC_EEL_DER=     39.2607  SC_VDW_DER=      -1.6997  SC_DERIV   =        37.5610
 ------------------------------------------------------------------------------


| TI region  2


 NSTEP =    25000   TIME(PS) =      50.000  TEMP(K) =   301.93  PRESS =     0.0
 Etot   =    -18460.6701  EKtot   =      4401.2288  EPtot      =    -22861.8989
 BOND   =         6.9643  ANGLE   =         3.2741  DIHED      =         7.9709
 1-4 NB =         6.5448  1-4 EEL =       -60.4640  VDWAALS    =      3349.6603
 EELEC  =    -26192.1064  EHBOND  =         0.0000  RESTRAINT  =        16.2572
 EAMBER (non-restraint)  =    -22878.1561
 DV/DL  =        65.0760
 ------------------------------------------------------------------------------

  Softcore part of the system:      41 atoms,       TEMP(K)    =         315.71
 SC_Etot=       228.8444  SC_EKtot=        31.3684  SC_EPtot   =       197.4760
 SC_BOND=         6.8041  SC_ANGLE=        26.8292  SC_DIHED   =        18.2338
 SC_14NB=         5.4110  SC_14EEL=        92.6608  SC_VDW     =        -0.3189
 SC_EEL =        47.8560
 SC_RES_DIST=     0.0000  SC_RES_ANG=       0.0000  SC_RES_TORS=         0.0000
 SC_EEL_DER=     39.2607  SC_VDW_DER=      -1.6997  SC_DERIV   =        37.5610
 ------------------------------------------------------------------------------

 NMR restraints: Bond =    0.000   Angle =     0.000   Torsion =     0.000
===============================================================================

| TI region  1


      A V E R A G E S   O V E R      25 S T E P S


 NSTEP =    25000   TIME(PS) =      50.000  TEMP(K) =   179.34  PRESS =     0.0
 Etot   =    -23021.6437  EKtot   =      2614.7810  EPtot      =    -25636.4246
 BOND   =         3.0281  ANGLE   =         3.2416  DIHED      =         5.8029
 1-4 NB =         7.4807  1-4 EEL =       -59.8738  VDWAALS    =      4545.7409
 EELEC  =    -30149.8162  EHBOND  =         0.0000  RESTRAINT  =         7.9712
 EAMBER (non-restraint)  =    -25644.3958
 DV/DL  =        68.9672
 ------------------------------------------------------------------------------

 NMR restraints: Bond =    0.000   Angle =     0.000   Torsion =     0.000
===============================================================================
  Softcore part of the system:      42 atoms,       TEMP(K)    =         181.74
 SC_Etot=       126.0921  SC_EKtot=        18.5997  SC_EPtot   =       107.4925
 SC_BOND=         3.8333  SC_ANGLE=        18.1537  SC_DIHED   =        21.1447
 SC_14NB=         3.3887  SC_14EEL=        26.0597  SC_VDW     =         0.4799
 SC_EEL =        34.4325
 SC_RES_DIST=     0.0000  SC_RES_ANG=       0.0000  SC_RES_TORS=         0.0000
 SC_EEL_DER=     37.2428  SC_VDW_DER=      -1.6297  SC_DERIV   =        35.6131
 ------------------------------------------------------------------------------


      R M S  F L U C T U A T I O N S


 NSTEP =    25000   TIME(PS) =      50.000  TEMP(K) =    95.48  PRESS =     0.0
 Etot   =      3369.3688  EKtot   =      1392.1065  EPtot      =      1995.3313
 BOND   =         1.7545  ANGLE   =         1.5814  DIHED      =         1.5489
 1-4 NB =         0.3757  1-4 EEL =         0.3068  VDWAALS    =       865.3553
 EELEC  =      2851.4096  EHBOND  =         0.0000  RESTRAINT  =         4.1282
 EAMBER (non-restraint)  =      1991.2030
 DV/DL  =        15.8234
 ------------------------------------------------------------------------------

  Softcore part of the system:      42 atoms,       TEMP(K)    =         101.87
 SC_Etot=        18.6470  SC_EKtot=        10.4253  SC_EPtot   =         8.9596
 SC_BOND=         2.0583  SC_ANGLE=         5.9728  SC_DIHED   =         1.4131
 SC_14NB=         0.4637  SC_14EEL=         0.5855  SC_VDW     =         0.8242
 SC_EEL =         0.5549
 SC_RES_DIST=     0.0000  SC_RES_ANG=       0.0000  SC_RES_TORS=         0.0000
 SC_EEL_DER=      8.2839  SC_VDW_DER=       0.4685  SC_DERIV   =         8.0957
 ------------------------------------------------------------------------------


| TI region  2


      A V E R A G E S   O V E R      25 S T E P S


 NSTEP =    25000   TIME(PS) =      50.000  TEMP(K) =   179.33  PRESS =     0.0
 Etot   =    -23022.2981  EKtot   =      2614.1265  EPtot      =    -25636.4246
 BOND   =         3.0281  ANGLE   =         3.2416  DIHED      =         5.8029
 1-4 NB =         7.4807  1-4 EEL =       -59.8738  VDWAALS    =      4545.7409
 EELEC  =    -30149.8162  EHBOND  =         0.0000  RESTRAINT  =         7.9712
 EAMBER (non-restraint)  =    -25644.3958
 DV/DL  =        68.9672
 ------------------------------------------------------------------------------

 NMR restraints: Bond =    0.000   Angle =     0.000   Torsion =     0.000
===============================================================================
  Softcore part of the system:      41 atoms,       TEMP(K)    =         180.61
 SC_Etot=       195.8307  SC_EKtot=        17.9452  SC_EPtot   =       177.8855
 SC_BOND=         4.6594  SC_ANGLE=        13.7957  SC_DIHED   =        16.2211
 SC_14NB=         4.3972  SC_14EEL=        91.1898  SC_VDW     =        -0.4857
 SC_EEL =        48.1081
 SC_RES_DIST=     0.0000  SC_RES_ANG=       0.0000  SC_RES_TORS=         0.0000
 SC_EEL_DER=     37.2428  SC_VDW_DER=      -1.6297  SC_DERIV   =        35.6131
 ------------------------------------------------------------------------------


      R M S  F L U C T U A T I O N S


 NSTEP =    25000   TIME(PS) =      50.000  TEMP(K) =    95.46  PRESS =     0.0
 Etot   =      3368.8484  EKtot   =      1391.5434  EPtot      =      1995.3313
 BOND   =         1.7545  ANGLE   =         1.5814  DIHED      =         1.5489
 1-4 NB =         0.3757  1-4 EEL =         0.3068  VDWAALS    =       865.3553
 EELEC  =      2851.4096  EHBOND  =         0.0000  RESTRAINT  =         4.1282
 EAMBER (non-restraint)  =      1991.2030
 DV/DL  =        15.8234
 ------------------------------------------------------------------------------

  Softcore part of the system:      41 atoms,       TEMP(K)    =          95.43
 SC_Etot=        18.7809  SC_EKtot=         9.4816  SC_EPtot   =         9.5891
 SC_BOND=         2.1218  SC_ANGLE=         6.1774  SC_DIHED   =         1.6470
 SC_14NB=         0.4496  SC_14EEL=         0.5370  SC_VDW     =         0.4902
 SC_EEL =         0.5720
 SC_RES_DIST=     0.0000  SC_RES_ANG=       0.0000  SC_RES_TORS=         0.0000
 SC_EEL_DER=      8.2839  SC_VDW_DER=       0.4685  SC_DERIV   =         8.0957
 ------------------------------------------------------------------------------


      DV/DL, AVERAGES OVER      25 STEPS


 NSTEP =    25000   TIME(PS) =      50.000  TEMP(K) =    95.46  PRESS =     0.0
 Etot   =         0.0000  EKtot   =         0.0000  EPtot      =        68.9672
 BOND   =         1.8636  ANGLE   =         0.0209  DIHED      =         0.0000
 1-4 NB =         0.2100  1-4 EEL =        18.0397  VDWAALS    =        33.5764
 EELEC  =       -20.3563  EHBOND  =         0.0000  RESTRAINT  =         0.0000
 DV/DL  =        68.9672
 ------------------------------------------------------------------------------


 NMR restraints on final step:

--------------------------------------------------------------------------------
   5.  TIMINGS
--------------------------------------------------------------------------------

|  NonSetup CPU Time in Major Routines:
|
|     Routine           Sec        %
|     ------------------------------
|     Nonbond           3.13   24.36
|     Bond              0.00    0.00
|     Angle             0.00    0.00
|     Dihedral          0.00    0.00
|     Shake             0.04    0.30
|     RunMD             9.64   75.12
|     Other             0.03    0.22
|     ------------------------------
|     Total            12.84

|  PME Nonbond Pairlist CPU Time:
|
|     Routine              Sec        %
|     ---------------------------------
|     Set Up Cit           0.00    0.00
|     Build List           0.00    0.00
|     ---------------------------------
|     Total                0.00    0.00

|  PME Direct Force CPU Time:
|
|     Routine              Sec        %
|     ---------------------------------
|     NonBonded Calc       0.00    0.00
|     Exclude Masked       0.00    0.00
|     Other                0.02    0.14
|     ---------------------------------
|     Total                0.02    0.14

|  PME Reciprocal Force CPU Time:
|
|     Routine              Sec        %
|     ---------------------------------
|     1D bspline           0.00    0.00
|     Grid Charges         0.00    0.00
|     Scalar Sum           0.00    0.00
|     Gradient Sum         0.00    0.00
|     FFT                  0.00    0.00
|     ---------------------------------
|     Total                0.00    0.00

|  Final Performance Info:
|     -----------------------------------------------------
|     Average timings for last   25000 steps:
|     Elapsed(s) =      12.84 Per Step(ms) =       0.51
|         ns/day =     336.49   seconds/ns =     256.77
|
|     Average timings for all steps:
|     Elapsed(s) =      12.84 Per Step(ms) =       0.51
|         ns/day =     336.49   seconds/ns =     256.77
|     -----------------------------------------------------

|  Setup CPU time:            0.64 seconds
|  NonSetup CPU time:        12.84 seconds
|  Total CPU time:           13.48 seconds     0.00 hours

|  Setup wall time:           0    seconds
|  NonSetup wall time:       13    seconds
|  Total wall time:          13    seconds     0.00 hours
