
          -------------------------------------------------------
          Amber 20 PMEMD                              2020
          -------------------------------------------------------

| PMEMD implementation of SANDER, Release 18

|  Compiled date/time: Thu May 20 07:44:43 2021
| Run on 10/14/2024 at 17:38:52

|   Executable path: pmemd.cuda
| Working directory: /home/muditj/protocols_new/otf_general/otf_rbfe/lig_153~lig_104/water/la-0.79366
|          Hostname: Unknown
  [-O]verwriting output

File Assignments:
|   MDIN: 2_nvt/nvt.in                                                          
|  MDOUT: 2_nvt/ligwat_nvt.out                                                  
| INPCRD: 2_nvt/ligwat_nvt.inpcrd                                               
|   PARM: ../ligwat.prmtop                                                      
| RESTRT: 2_nvt/ligwat_nvt.rst                                                  
|   REFC: 2_nvt/ligwat_nvt_ref.rst                                              
|  MDVEL: mdvel                                                                 
|   MDEN: mden                                                                  
|  MDCRD: 2_nvt/ligwat_nvt.nc                                                   
| MDINFO: mdinfo                                                                
|  MDFRC: mdfrc                                                                 


 Here is the input file:

nvt run                                                                        
 &cntrl                                                                        
  ig = -1,                                                                     
  imin = 0,                                                                    
  nstlim = 25000,                                                              
  dt = 0.002,                                                                  
  irest = 0,                                                                   
  ntx = 1,                                                                     
  ntxo = 2,                                                                    
  ioutfm = 1,                                                                  
  ntb = 1,                                                                     
  ntt = 3,                                                                     
  gamma_ln = 1.0,                                                              
  tempi = 0.1,                                                                 
  temp0 = 300,                                                                 
  ntr = 1,                                                                     
  ntc = 2,                                                                     
  ntf = 1,                                                                     
  ntpr = 1000,                                                                 
  ntwx = 0,                                                                    
  ntwr = 1000,                                                                 
  nmropt = 1,                                                                  
  cut = 10,                                                                    
  restraintmask='!(:WAT|@H=|:Na+|:Cl-)',                                       
  restraint_wt=20.0,                                                           
                                                                               
  icfe = 1, ifsc = 1, clambda = 0.79366, gti_lam_sch = 1, scalpha = 0.2, scbeta
  timask1 = ':1', timask2 = ':2',                                              
  scmask1 = ':1@C29,H62,H59,H58,H57,H56,H55,H54,H53,H52,H51,H50,H49,H48,H47,H46
 /                                                                             
 &wt TYPE='TEMP0', istep1=0, istep2=20000,                                     
  value1=0.1, value2=300.0, /                                                  
 &wt TYPE='END' /                                                              


Note: ig = -1. Setting random seed to   302730 based on wallclock time in 
      microseconds.
| irandom = 1, using AMBER's internal random number generator (default).
 
|--------------------- INFORMATION ----------------------
| GPU (CUDA) Version of PMEMD in use: NVIDIA GPU IN USE.
|                    Version 18.0.0
| 
|                      03/25/2018
| 
| Implementation by:
|                    Ross C. Walker     (SDSC)
|                    Scott Le Grand     (nVIDIA)
| 
| Version 18 performance extensions by:
|                    David Cerutti     (Rutgers)
| 
| Precision model in use:
|      [SPFP] - Single Precision Forces, 64-bit Fixed Point
|               Accumulation. (Default)
| 
|--------------------------------------------------------
 
|----------------- CITATION INFORMATION -----------------
|
|    When publishing work that utilized the CUDA version
|    of AMBER, please cite the following in addition to
|    the regular AMBER citations:
|
|  - Romelia Salomon-Ferrer; Andreas W. Goetz; Duncan
|    Poole; Scott Le Grand; Ross C. Walker "Routine
|    microsecond molecular dynamics simulations with
|    AMBER - Part II: Particle Mesh Ewald", J. Chem.
|    Theory Comput., 2013, 9 (9), pp3878-3888,
|    DOI: 10.1021/ct400314y.
|
|  - Andreas W. Goetz; Mark J. Williamson; Dong Xu;
|    Duncan Poole; Scott Le Grand; Ross C. Walker
|    "Routine microsecond molecular dynamics simulations
|    with AMBER - Part I: Generalized Born", J. Chem.
|    Theory Comput., 2012, 8 (5), pp1542-1555.
|
|  - Scott Le Grand; Andreas W. Goetz; Ross C. Walker
|    "SPFP: Speed without compromise - a mixed precision
|    model for GPU accelerated molecular dynamics
|    simulations.", Comp. Phys. Comm., 2013, 184
|    pp374-380, DOI: 10.1016/j.cpc.2012.09.022
|
|    When publishing work that utilized the CUDA version
|    of TI, BAR, MBAR or FEP please cite the following 
|    publications in addition to the regular AMBER 
|    GPU citations:
|
|  - Daniel J. Mermelstein; Charles Lin; Gard Nelson; 
|    Rachael Kretsch; J. Andrew McCammon; Ross C. Walker
|    "Fast and Flexible GPU Accelerated Binding 
|    Free Energy Calculations within the AMBER Molecular
|    Dynamics Package" J. Comp. Chem., 2018,
|    DOI: 10.1002/jcc.25187
|
|  - Tai-Sung Lee; Yuan Hu; Brad Sherborne; Zhuyan Guo;
|    Darrin M. York
|    "Toward Fast and Accurate Binding Affinity Prediction with
|    pmemdGTI: An Efficient Implementation of GPU-Accelerated
|    Thermodynamic Integration"
|    J. Chem. Theory Comput., 2017, 13 (7), 3077
|
|
|--------------------------------------------------------
 
|------------------- GPU DEVICE INFO --------------------
|
|            CUDA_VISIBLE_DEVICES: 1
|   CUDA Capable Devices Detected:      1
|           CUDA Device ID in use:      0
|                CUDA Device Name: NVIDIA GeForce RTX 2080
|     CUDA Device Global Mem Size:   7982 MB
| CUDA Device Num Multiprocessors:     46
|           CUDA Device Core Freq:   1.71 GHz
|
|--------------------------------------------------------
 
 
| Conditional Compilation Defines Used:
| PUBFFT
| BINTRAJ
| CUDA
| EMIL

| Largest sphere to fit in unit cell has radius =    20.773

| New format PARM file being parsed.
| Version =    1.000 Date = 10/05/24 Time = 17:06:17

| Note: 1-4 EEL scale factors are being read from the topology file.

| Note: 1-4 VDW scale factors are being read from the topology file.
| Duplicated    0 dihedrals

| Duplicated    0 dihedrals

--------------------------------------------------------------------------------
   1.  RESOURCE   USE: 
--------------------------------------------------------------------------------

 getting box info from netcdf restart file
 NATOM  =    7380 NTYPES =      17 NBONH =    7315 MBONA  =      69
 NTHETH =     137 MTHETA =      95 NPHIH =     220 MPHIA  =     148
 NHPARM =       0 NPARM  =       0 NNB   =   10342 NRES   =    2423
 NBONA  =      69 NTHETA =      95 NPHIA =     148 NUMBND =      24
 NUMANG =      47 NPTRA  =      21 NATYP =      19 NPHB   =       1
 IFBOX  =       1 NMXRS  =      62 IFCAP =       0 NEXTRA =       0
 NCOPY  =       0

| Coordinate Index Table dimensions:     7    7    9
| Direct force subcell size =     5.9350    6.2531    6.0553

     BOX TYPE: RECTILINEAR

--------------------------------------------------------------------------------
   2.  CONTROL  DATA  FOR  THE  RUN
--------------------------------------------------------------------------------

L0                                                                              

General flags:
     imin    =       0, nmropt  =       1

Nature and format of input:
     ntx     =       1, irest   =       0, ntrx    =       1

Nature and format of output:
     ntxo    =       2, ntpr    =    1000, ntrx    =       1, ntwr    =    1000
     iwrap   =       0, ntwx    =       0, ntwv    =       0, ntwe    =       0
     ioutfm  =       1, ntwprt  =       0, idecomp =       0, rbornstat=      0

Potential function:
     ntf     =       1, ntb     =       1, igb     =       0, nsnb    =      25
     ipol    =       0, gbsa    =       0, iesp    =       0
     dielc   =   1.00000, cut     =  10.00000, intdiel =   1.00000

Frozen or restrained atoms:
     ibelly  =       0, ntr     =       1
     restraint_wt =  20.00000

Molecular dynamics:
     nstlim  =     25000, nscm    =         0, nrespa  =         1
     t       =   0.00000, dt      =   0.00200, vlimit  =  -1.00000

Langevin dynamics temperature regulation:
     ig      =  302730
     temp0   = 300.00000, tempi   =   0.10000, gamma_ln=   1.00000

SHAKE:
     ntc     =       2, jfastw  =       0
     tol     =   0.00001

NMR refinement options:
     iscale  =       0, noeskp  =       1, ipnlty  =       1, mxsub   =       1
     scalm   = 100.00000, pencut  =   0.10000, tausw   =   0.10000

Free energy options:
     icfe    =       1, ifsc    =       1, klambda =       1
     clambda =  0.7937, scalpha =  0.2000, scbeta  = 50.0000
     sceeorder =       2
     dynlmb =  0.0000 logdvdl =       0

| Intermolecular bonds treatment:
|     no_intermolecular_bonds =       1

| Energy averages sample interval:
|     ene_avg_sampling =    1000

Ewald parameters:
     verbose =       0, ew_type =       0, nbflag  =       1, use_pme =       1
     vdwmeth =       1, eedmeth =       1, netfrc  =       1
     Box X =   41.545   Box Y =   43.772   Box Z =   54.498
     Alpha =   90.000   Beta  =   90.000   Gamma =   90.000
     NFFT1 =   48       NFFT2 =   48       NFFT3 =   56
     Cutoff=   10.000   Tol   =0.100E-04
     Ewald Coefficient =  0.27511
     Interpolation order =    4

    LOADING THE CONSTRAINED ATOMS AS GROUPS


   5.  REFERENCE ATOM COORDINATES

  L0                                                                              
     Mask !(:WAT|@H=|:Na+|:Cl-); matches    62 atoms
     TI Mask 1 :1; matches     62 atoms
     TI Mask 2 :2; matches     61 atoms
     TI region 1:    7319 atoms
     TI region 2:    7318 atoms
     SC Mask 1 :1@C29,H62,H59,H58,H57,H56,H55,H54,H53,H52,H51,H50,H49,H48,H47,H46,H41,H40,H39,H38,H37,H36,H35,H34,H33,H32,C27,O26,C25,O24,C23,O22,C21,C20,C19,C18,C17,C7,C6,C5,C4,N3; matches     42 atoms
     SC Mask 2 :2@H46,C5,C6,C7,O8,C9,C10,C11,C12,C13,C14,O15,C16,C24,C25,N26,C27,C28,H33,H34,H35,H36,H37,H38,H39,H40,H41,H42,H43,H44,H45,H49,H50,H51,H52,H53,H54,H55,H56,H57,H61; matches     41 atoms

|--------------------------------------------------------------------------------------------
| Extra TI control variables
|     gti_add_sc     =   1, gti_ele_gauss  =   0, gti_auto_alpha =   0, gti_scale_beta =   0
|     gti_ele_exp    =   2, gti_vdw_exp    =   6, gti_ele_sc     =   1, gti_vdw_sc     =   1
|     gti_cut        =   1, gti_cut_sc     =   0
|     gti_cut_sc_on    =  0.0000, gti_cut_sc_off    =  0.0000
|--------------------------------------------------------------------------------------------


--------------------------------------------------------------------------------
   3.  ATOMIC COORDINATES AND VELOCITIES
--------------------------------------------------------------------------------

L0                                                                              
 begin time read from input coords =     0.000 ps



           Begin reading energy term weight changes/NMR restraints
 WEIGHT CHANGES:
 TEMP0         0  20000    0.100000  300.000000      0      0

 RESTRAINTS:
                          ** No restraint defined **

                  Done reading weight changes/NMR restraints


 
 Number of triangulated 3-point waters found:     2418
   Removing shake constraints from C2    L0    1 -- H33   L0    1
   Removing shake constraints from C2    L0    1 -- H32   L0    1
   Removing shake constraints from C17   L1    2 -- H46   L1    2
 Number of shake restraints removed in TI region  1 :        2
 Number of shake restraints removed in TI region  2 :        1

     Sum of charges for TI region  1 =  -0.00001901
     Skip neutralizing charges...


     Sum of charges for TI region  2 =  -0.00002499
     Skip neutralizing charges...

| Dynamic Memory, Types Used:
| Reals              447451
| Integers           314237

| Nonbonded Pairs Initial Allocation:     2232265

| GPU memory information (estimate):
| KB of GPU memory in use:     73958
| KB of CPU memory in use:     27590

--------------------------------------------------------------------------------
   4.  RESULTS
--------------------------------------------------------------------------------

   DOF for the SC part  1 of the system:  103
   SHAKE constraints in the SC region:   23
   DOF for the SC part  2 of the system:  100
   SHAKE constraints in the SC region:   23

| TI region  1


 NSTEP =        0   TIME(PS) =       0.000  TEMP(K) =     0.15  PRESS =     0.0
 Etot   =    -29547.9741  EKtot   =         2.1678  EPtot      =    -29550.1419
 BOND   =      2287.5166  ANGLE   =         0.8517  DIHED      =         3.0151
 1-4 NB =         7.7792  1-4 EEL =        -6.4597  VDWAALS    =      6247.3536
 EELEC  =    -38090.1983  EHBOND  =         0.0000  RESTRAINT  =         0.0000
 DV/DL  =       -67.2747
 ------------------------------------------------------------------------------

  Softcore part of the system:      42 atoms,       TEMP(K)    =           0.18
 SC_Etot=        90.8869  SC_EKtot=         0.0179  SC_EPtot   =        90.8689
 SC_BOND=         0.6462  SC_ANGLE=         7.7119  SC_DIHED   =        18.9933
 SC_14NB=         3.0817  SC_14EEL=        25.9571  SC_VDW     =         0.0605
 SC_EEL =        34.4181
 SC_RES_DIST=     0.0000  SC_RES_ANG=       0.0000  SC_RES_TORS=         0.0000
 SC_EEL_DER=    -24.6944  SC_VDW_DER=       2.2646  SC_DERIV   =       -22.4299
 ------------------------------------------------------------------------------


| TI region  2


 NSTEP =        0   TIME(PS) =       0.000  TEMP(K) =     0.15  PRESS =     0.0
 Etot   =    -29547.9717  EKtot   =         2.1702  EPtot      =    -29550.1419
 BOND   =      2287.5166  ANGLE   =         0.8517  DIHED      =         3.0151
 1-4 NB =         7.7792  1-4 EEL =        -6.4597  VDWAALS    =      6247.3536
 EELEC  =    -38090.1983  EHBOND  =         0.0000  RESTRAINT  =         0.0000
 DV/DL  =       -67.2747
 ------------------------------------------------------------------------------

  Softcore part of the system:      41 atoms,       TEMP(K)    =           0.21
 SC_Etot=       163.3570  SC_EKtot=         0.0213  SC_EPtot   =       163.3357
 SC_BOND=         1.5433  SC_ANGLE=         3.4127  SC_DIHED   =        14.8587
 SC_14NB=         4.4655  SC_14EEL=        90.9296  SC_VDW     =        -0.7334
 SC_EEL =        48.8593
 SC_RES_DIST=     0.0000  SC_RES_ANG=       0.0000  SC_RES_TORS=         0.0000
 SC_EEL_DER=    -24.6944  SC_VDW_DER=       2.2646  SC_DERIV   =       -22.4299
 ------------------------------------------------------------------------------

 NMR restraints: Bond =    0.000   Angle =     0.000   Torsion =     0.000
===============================================================================

| TI region  1


 NSTEP =     1000   TIME(PS) =       2.000  TEMP(K) =    19.49  PRESS =     0.0
 Etot   =    -27966.9890  EKtot   =       284.2120  EPtot      =    -28251.2010
 BOND   =         0.9223  ANGLE   =         0.7823  DIHED      =         2.9211
 1-4 NB =         7.8865  1-4 EEL =        -6.6783  VDWAALS    =      5721.8434
 EELEC  =    -33980.1125  EHBOND  =         0.0000  RESTRAINT  =         1.2341
 EAMBER (non-restraint)  =    -28252.4351
 DV/DL  =      -102.0820
 ------------------------------------------------------------------------------

  Softcore part of the system:      42 atoms,       TEMP(K)    =           9.29
 SC_Etot=        92.4991  SC_EKtot=         0.9509  SC_EPtot   =        91.5482
 SC_BOND=         0.7226  SC_ANGLE=         7.9348  SC_DIHED   =        19.0339
 SC_14NB=         3.1294  SC_14EEL=        26.0775  SC_VDW     =         0.2039
 SC_EEL =        34.4461
 SC_RES_DIST=     0.0000  SC_RES_ANG=       0.0000  SC_RES_TORS=         0.0000
 SC_EEL_DER=    -36.4460  SC_VDW_DER=       2.6817  SC_DERIV   =       -33.7643
 ------------------------------------------------------------------------------


| TI region  2


 NSTEP =     1000   TIME(PS) =       2.000  TEMP(K) =    19.49  PRESS =     0.0
 Etot   =    -27967.1285  EKtot   =       284.0725  EPtot      =    -28251.2010
 BOND   =         0.9223  ANGLE   =         0.7823  DIHED      =         2.9211
 1-4 NB =         7.8865  1-4 EEL =        -6.6783  VDWAALS    =      5721.8434
 EELEC  =    -33980.1125  EHBOND  =         0.0000  RESTRAINT  =         1.2341
 EAMBER (non-restraint)  =    -28252.4351
 DV/DL  =      -102.0820
 ------------------------------------------------------------------------------

  Softcore part of the system:      41 atoms,       TEMP(K)    =           8.17
 SC_Etot=       165.4543  SC_EKtot=         0.8114  SC_EPtot   =       164.6429
 SC_BOND=         1.2494  SC_ANGLE=         3.6375  SC_DIHED   =        15.1085
 SC_14NB=         4.8536  SC_14EEL=        91.2410  SC_VDW     =        -0.6311
 SC_EEL =        49.1839
 SC_RES_DIST=     0.0000  SC_RES_ANG=       0.0000  SC_RES_TORS=         0.0000
 SC_EEL_DER=    -36.4460  SC_VDW_DER=       2.6817  SC_DERIV   =       -33.7643
 ------------------------------------------------------------------------------

 NMR restraints: Bond =    0.000   Angle =     0.000   Torsion =     0.000
===============================================================================

| TI region  1


 NSTEP =     2000   TIME(PS) =       4.000  TEMP(K) =    26.00  PRESS =     0.0
 Etot   =    -27916.7298  EKtot   =       379.1415  EPtot      =    -28295.8713
 BOND   =         1.1626  ANGLE   =         1.3288  DIHED      =         3.0467
 1-4 NB =         7.9094  1-4 EEL =        -6.7432  VDWAALS    =      5732.8342
 EELEC  =    -34036.4473  EHBOND  =         0.0000  RESTRAINT  =         1.0374
 EAMBER (non-restraint)  =    -28296.9087
 DV/DL  =      -103.1203
 ------------------------------------------------------------------------------

  Softcore part of the system:      42 atoms,       TEMP(K)    =          21.41
 SC_Etot=        94.8460  SC_EKtot=         2.1907  SC_EPtot   =        92.6553
 SC_BOND=         0.9335  SC_ANGLE=         8.6783  SC_DIHED   =        19.0721
 SC_14NB=         3.3612  SC_14EEL=        25.8731  SC_VDW     =         0.2703
 SC_EEL =        34.4668
 SC_RES_DIST=     0.0000  SC_RES_ANG=       0.0000  SC_RES_TORS=         0.0000
 SC_EEL_DER=    -36.5769  SC_VDW_DER=       2.4778  SC_DERIV   =       -34.0991
 ------------------------------------------------------------------------------


| TI region  2


 NSTEP =     2000   TIME(PS) =       4.000  TEMP(K) =    26.03  PRESS =     0.0
 Etot   =    -27916.3904  EKtot   =       379.4809  EPtot      =    -28295.8713
 BOND   =         1.1626  ANGLE   =         1.3288  DIHED      =         3.0467
 1-4 NB =         7.9094  1-4 EEL =        -6.7432  VDWAALS    =      5732.8342
 EELEC  =    -34036.4473  EHBOND  =         0.0000  RESTRAINT  =         1.0374
 EAMBER (non-restraint)  =    -28296.9087
 DV/DL  =      -103.1203
 ------------------------------------------------------------------------------

  Softcore part of the system:      41 atoms,       TEMP(K)    =          25.46
 SC_Etot=       168.7428  SC_EKtot=         2.5301  SC_EPtot   =       166.2127
 SC_BOND=         1.5103  SC_ANGLE=         5.2481  SC_DIHED   =        15.2560
 SC_14NB=         4.8110  SC_14EEL=        90.9875  SC_VDW     =        -0.7213
 SC_EEL =        49.1210
 SC_RES_DIST=     0.0000  SC_RES_ANG=       0.0000  SC_RES_TORS=         0.0000
 SC_EEL_DER=    -36.5769  SC_VDW_DER=       2.4778  SC_DERIV   =       -34.0991
 ------------------------------------------------------------------------------

 NMR restraints: Bond =    0.000   Angle =     0.000   Torsion =     0.000
===============================================================================

| TI region  1


 NSTEP =     3000   TIME(PS) =       6.000  TEMP(K) =    37.78  PRESS =     0.0
 Etot   =    -27605.1538  EKtot   =       550.9008  EPtot      =    -28156.0546
 BOND   =         1.4370  ANGLE   =         0.9811  DIHED      =         3.2238
 1-4 NB =         7.8646  1-4 EEL =        -6.1999  VDWAALS    =      5632.3511
 EELEC  =    -33797.8202  EHBOND  =         0.0000  RESTRAINT  =         2.1079
 EAMBER (non-restraint)  =    -28158.1626
 DV/DL  =      -115.9460
 ------------------------------------------------------------------------------

  Softcore part of the system:      42 atoms,       TEMP(K)    =          39.86
 SC_Etot=        98.4522  SC_EKtot=         4.0790  SC_EPtot   =        94.3732
 SC_BOND=         1.6091  SC_ANGLE=         9.5406  SC_DIHED   =        19.3840
 SC_14NB=         3.2489  SC_14EEL=        25.8023  SC_VDW     =         0.1030
 SC_EEL =        34.6853
 SC_RES_DIST=     0.0000  SC_RES_ANG=       0.0000  SC_RES_TORS=         0.0000
 SC_EEL_DER=    -50.6932  SC_VDW_DER=       3.0521  SC_DERIV   =       -47.6412
 ------------------------------------------------------------------------------


| TI region  2


 NSTEP =     3000   TIME(PS) =       6.000  TEMP(K) =    37.81  PRESS =     0.0
 Etot   =    -27604.8752  EKtot   =       551.1795  EPtot      =    -28156.0546
 BOND   =         1.4370  ANGLE   =         0.9811  DIHED      =         3.2238
 1-4 NB =         7.8646  1-4 EEL =        -6.1999  VDWAALS    =      5632.3511
 EELEC  =    -33797.8202  EHBOND  =         0.0000  RESTRAINT  =         2.1079
 EAMBER (non-restraint)  =    -28158.1626
 DV/DL  =      -115.9460
 ------------------------------------------------------------------------------

  Softcore part of the system:      41 atoms,       TEMP(K)    =          43.86
 SC_Etot=       171.3117  SC_EKtot=         4.3576  SC_EPtot   =       166.9541
 SC_BOND=         2.3977  SC_ANGLE=         5.9707  SC_DIHED   =        15.1952
 SC_14NB=         4.3875  SC_14EEL=        90.9817  SC_VDW     =        -0.7669
 SC_EEL =        48.7882
 SC_RES_DIST=     0.0000  SC_RES_ANG=       0.0000  SC_RES_TORS=         0.0000
 SC_EEL_DER=    -50.6932  SC_VDW_DER=       3.0521  SC_DERIV   =       -47.6412
 ------------------------------------------------------------------------------

 NMR restraints: Bond =    0.000   Angle =     0.000   Torsion =     0.000
===============================================================================

| TI region  1


 NSTEP =     4000   TIME(PS) =       8.000  TEMP(K) =    52.26  PRESS =     0.0
 Etot   =    -27237.9098  EKtot   =       761.9589  EPtot      =    -27999.8687
 BOND   =         1.6360  ANGLE   =         1.4053  DIHED      =         3.3210
 1-4 NB =         7.4546  1-4 EEL =        -6.9279  VDWAALS    =      5554.4775
 EELEC  =    -33563.3820  EHBOND  =         0.0000  RESTRAINT  =         2.1469
 EAMBER (non-restraint)  =    -28002.0157
 DV/DL  =      -119.0117
 ------------------------------------------------------------------------------

  Softcore part of the system:      42 atoms,       TEMP(K)    =          56.99
 SC_Etot=       101.2515  SC_EKtot=         5.8328  SC_EPtot   =        95.4187
 SC_BOND=         1.6249  SC_ANGLE=        11.6930  SC_DIHED   =        18.2093
 SC_14NB=         2.9903  SC_14EEL=        25.6385  SC_VDW     =         0.2473
 SC_EEL =        35.0154
 SC_RES_DIST=     0.0000  SC_RES_ANG=       0.0000  SC_RES_TORS=         0.0000
 SC_EEL_DER=    -47.0925  SC_VDW_DER=       2.5569  SC_DERIV   =       -44.5356
 ------------------------------------------------------------------------------


| TI region  2


 NSTEP =     4000   TIME(PS) =       8.000  TEMP(K) =    52.25  PRESS =     0.0
 Etot   =    -27238.2467  EKtot   =       761.6221  EPtot      =    -27999.8687
 BOND   =         1.6360  ANGLE   =         1.4053  DIHED      =         3.3210
 1-4 NB =         7.4546  1-4 EEL =        -6.9279  VDWAALS    =      5554.4775
 EELEC  =    -33563.3820  EHBOND  =         0.0000  RESTRAINT  =         2.1469
 EAMBER (non-restraint)  =    -28002.0157
 DV/DL  =      -119.0117
 ------------------------------------------------------------------------------

  Softcore part of the system:      41 atoms,       TEMP(K)    =          55.31
 SC_Etot=       173.2335  SC_EKtot=         5.4959  SC_EPtot   =       167.7376
 SC_BOND=         2.7539  SC_ANGLE=         6.0983  SC_DIHED   =        15.1398
 SC_14NB=         4.6564  SC_14EEL=        90.7524  SC_VDW     =        -0.7627
 SC_EEL =        49.0993
 SC_RES_DIST=     0.0000  SC_RES_ANG=       0.0000  SC_RES_TORS=         0.0000
 SC_EEL_DER=    -47.0925  SC_VDW_DER=       2.5569  SC_DERIV   =       -44.5356
 ------------------------------------------------------------------------------

 NMR restraints: Bond =    0.000   Angle =     0.000   Torsion =     0.000
===============================================================================

| TI region  1


 NSTEP =     5000   TIME(PS) =      10.000  TEMP(K) =    67.18  PRESS =     0.0
 Etot   =    -26851.9484  EKtot   =       979.5168  EPtot      =    -27831.4652
 BOND   =         1.9531  ANGLE   =         1.3782  DIHED      =         3.6969
 1-4 NB =         7.7775  1-4 EEL =        -6.5891  VDWAALS    =      5499.7428
 EELEC  =    -33341.8258  EHBOND  =         0.0000  RESTRAINT  =         2.4013
 EAMBER (non-restraint)  =    -27833.8665
 DV/DL  =      -136.0717
 ------------------------------------------------------------------------------

  Softcore part of the system:      42 atoms,       TEMP(K)    =          63.90
 SC_Etot=       102.7951  SC_EKtot=         6.5399  SC_EPtot   =        96.2552
 SC_BOND=         1.0845  SC_ANGLE=        12.1902  SC_DIHED   =        19.1455
 SC_14NB=         3.4215  SC_14EEL=        25.5132  SC_VDW     =         0.2099
 SC_EEL =        34.6905
 SC_RES_DIST=     0.0000  SC_RES_ANG=       0.0000  SC_RES_TORS=         0.0000
 SC_EEL_DER=    -52.5050  SC_VDW_DER=       1.3717  SC_DERIV   =       -51.1332
 ------------------------------------------------------------------------------


| TI region  2


 NSTEP =     5000   TIME(PS) =      10.000  TEMP(K) =    67.15  PRESS =     0.0
 Etot   =    -26852.6874  EKtot   =       978.7778  EPtot      =    -27831.4652
 BOND   =         1.9531  ANGLE   =         1.3782  DIHED      =         3.6969
 1-4 NB =         7.7775  1-4 EEL =        -6.5891  VDWAALS    =      5499.7428
 EELEC  =    -33341.8258  EHBOND  =         0.0000  RESTRAINT  =         2.4013
 EAMBER (non-restraint)  =    -27833.8665
 DV/DL  =      -136.0717
 ------------------------------------------------------------------------------

  Softcore part of the system:      41 atoms,       TEMP(K)    =          58.38
 SC_Etot=       175.5483  SC_EKtot=         5.8010  SC_EPtot   =       169.7473
 SC_BOND=         3.1847  SC_ANGLE=         6.7771  SC_DIHED   =        15.4534
 SC_14NB=         4.6051  SC_14EEL=        90.9940  SC_VDW     =        -0.5201
 SC_EEL =        49.2532
 SC_RES_DIST=     0.0000  SC_RES_ANG=       0.0000  SC_RES_TORS=         0.0000
 SC_EEL_DER=    -52.5050  SC_VDW_DER=       1.3717  SC_DERIV   =       -51.1332
 ------------------------------------------------------------------------------

 NMR restraints: Bond =    0.000   Angle =     0.000   Torsion =     0.000
===============================================================================

| TI region  1


 NSTEP =     6000   TIME(PS) =      12.000  TEMP(K) =    82.78  PRESS =     0.0
 Etot   =    -26472.3937  EKtot   =      1206.9522  EPtot      =    -27679.3459
 BOND   =         2.9995  ANGLE   =         2.3547  DIHED      =         3.3642
 1-4 NB =         7.7387  1-4 EEL =        -6.4963  VDWAALS    =      5399.1033
 EELEC  =    -33092.3668  EHBOND  =         0.0000  RESTRAINT  =         3.9569
 EAMBER (non-restraint)  =    -27683.3028
 DV/DL  =      -142.8320
 ------------------------------------------------------------------------------

  Softcore part of the system:      42 atoms,       TEMP(K)    =          90.19
 SC_Etot=       109.1185  SC_EKtot=         9.2300  SC_EPtot   =        99.8885
 SC_BOND=         2.3703  SC_ANGLE=        12.0236  SC_DIHED   =        21.1506
 SC_14NB=         3.4907  SC_14EEL=        26.3901  SC_VDW     =         0.2996
 SC_EEL =        34.1637
 SC_RES_DIST=     0.0000  SC_RES_ANG=       0.0000  SC_RES_TORS=         0.0000
 SC_EEL_DER=    -53.4232  SC_VDW_DER=       0.3273  SC_DERIV   =       -53.0959
 ------------------------------------------------------------------------------


| TI region  2


 NSTEP =     6000   TIME(PS) =      12.000  TEMP(K) =    82.85  PRESS =     0.0
 Etot   =    -26471.5909  EKtot   =      1207.7550  EPtot      =    -27679.3459
 BOND   =         2.9995  ANGLE   =         2.3547  DIHED      =         3.3642
 1-4 NB =         7.7387  1-4 EEL =        -6.4963  VDWAALS    =      5399.1033
 EELEC  =    -33092.3668  EHBOND  =         0.0000  RESTRAINT  =         3.9569
 EAMBER (non-restraint)  =    -27683.3028
 DV/DL  =      -142.8320
 ------------------------------------------------------------------------------

  Softcore part of the system:      41 atoms,       TEMP(K)    =         100.97
 SC_Etot=       180.6547  SC_EKtot=        10.0328  SC_EPtot   =       170.6219
 SC_BOND=         1.9244  SC_ANGLE=         7.9435  SC_DIHED   =        17.0646
 SC_14NB=         4.9160  SC_14EEL=        89.9818  SC_VDW     =        -0.1652
 SC_EEL =        48.9569
 SC_RES_DIST=     0.0000  SC_RES_ANG=       0.0000  SC_RES_TORS=         0.0000
 SC_EEL_DER=    -53.4232  SC_VDW_DER=       0.3273  SC_DERIV   =       -53.0959
 ------------------------------------------------------------------------------

 NMR restraints: Bond =    0.000   Angle =     0.000   Torsion =     0.000
===============================================================================

| TI region  1


 NSTEP =     7000   TIME(PS) =      14.000  TEMP(K) =    98.50  PRESS =     0.0
 Etot   =    -26064.9829  EKtot   =      1436.1214  EPtot      =    -27501.1043
 BOND   =         1.2483  ANGLE   =         1.5560  DIHED      =         3.7310
 1-4 NB =         8.0786  1-4 EEL =        -7.1053  VDWAALS    =      5272.7947
 EELEC  =    -32786.1337  EHBOND  =         0.0000  RESTRAINT  =         4.7261
 EAMBER (non-restraint)  =    -27505.8304
 DV/DL  =      -125.8719
 ------------------------------------------------------------------------------

  Softcore part of the system:      42 atoms,       TEMP(K)    =          78.79
 SC_Etot=       108.9026  SC_EKtot=         8.0634  SC_EPtot   =       100.8392
 SC_BOND=         2.7029  SC_ANGLE=        15.5842  SC_DIHED   =        20.1910
 SC_14NB=         3.1862  SC_14EEL=        25.3481  SC_VDW     =        -0.2834
 SC_EEL =        34.1104
 SC_RES_DIST=     0.0000  SC_RES_ANG=       0.0000  SC_RES_TORS=         0.0000
 SC_EEL_DER=    -41.8876  SC_VDW_DER=       0.8822  SC_DERIV   =       -41.0053
 ------------------------------------------------------------------------------


| TI region  2


 NSTEP =     7000   TIME(PS) =      14.000  TEMP(K) =    98.79  PRESS =     0.0
 Etot   =    -26061.1108  EKtot   =      1439.9935  EPtot      =    -27501.1043
 BOND   =         1.2483  ANGLE   =         1.5560  DIHED      =         3.7310
 1-4 NB =         8.0786  1-4 EEL =        -7.1053  VDWAALS    =      5272.7947
 EELEC  =    -32786.1337  EHBOND  =         0.0000  RESTRAINT  =         4.7261
 EAMBER (non-restraint)  =    -27505.8304
 DV/DL  =      -125.8719
 ------------------------------------------------------------------------------

  Softcore part of the system:      41 atoms,       TEMP(K)    =         120.12
 SC_Etot=       183.8725  SC_EKtot=        11.9354  SC_EPtot   =       171.9371
 SC_BOND=         3.9828  SC_ANGLE=         8.4711  SC_DIHED   =        16.0834
 SC_14NB=         4.6310  SC_14EEL=        90.9381  SC_VDW     =        -0.4718
 SC_EEL =        48.3023
 SC_RES_DIST=     0.0000  SC_RES_ANG=       0.0000  SC_RES_TORS=         0.0000
 SC_EEL_DER=    -41.8876  SC_VDW_DER=       0.8822  SC_DERIV   =       -41.0053
 ------------------------------------------------------------------------------

 NMR restraints: Bond =    0.000   Angle =     0.000   Torsion =     0.000
===============================================================================

| TI region  1


 NSTEP =     8000   TIME(PS) =      16.000  TEMP(K) =   111.65  PRESS =     0.0
 Etot   =    -25662.6538  EKtot   =      1627.8509  EPtot      =    -27290.5047
 BOND   =         2.9852  ANGLE   =         2.9938  DIHED      =         3.7770
 1-4 NB =         7.3681  1-4 EEL =        -7.0535  VDWAALS    =      5295.2869
 EELEC  =    -32600.1326  EHBOND  =         0.0000  RESTRAINT  =         4.2704
 EAMBER (non-restraint)  =    -27294.7751
 DV/DL  =      -124.2761
 ------------------------------------------------------------------------------

  Softcore part of the system:      42 atoms,       TEMP(K)    =         103.61
 SC_Etot=       111.1447  SC_EKtot=        10.6037  SC_EPtot   =       100.5410
 SC_BOND=         3.3367  SC_ANGLE=        13.4909  SC_DIHED   =        19.3953
 SC_14NB=         3.2068  SC_14EEL=        26.1255  SC_VDW     =         0.1621
 SC_EEL =        34.8238
 SC_RES_DIST=     0.0000  SC_RES_ANG=       0.0000  SC_RES_TORS=         0.0000
 SC_EEL_DER=    -45.2937  SC_VDW_DER=       0.6674  SC_DERIV   =       -44.6263
 ------------------------------------------------------------------------------


| TI region  2


 NSTEP =     8000   TIME(PS) =      16.000  TEMP(K) =   111.69  PRESS =     0.0
 Etot   =    -25662.3805  EKtot   =      1628.1241  EPtot      =    -27290.5047
 BOND   =         2.9852  ANGLE   =         2.9938  DIHED      =         3.7770
 1-4 NB =         7.3681  1-4 EEL =        -7.0535  VDWAALS    =      5295.2869
 EELEC  =    -32600.1326  EHBOND  =         0.0000  RESTRAINT  =         4.2704
 EAMBER (non-restraint)  =    -27294.7751
 DV/DL  =      -124.2761
 ------------------------------------------------------------------------------

  Softcore part of the system:      41 atoms,       TEMP(K)    =         109.47
 SC_Etot=       184.8701  SC_EKtot=        10.8769  SC_EPtot   =       173.9932
 SC_BOND=         2.4716  SC_ANGLE=        11.5278  SC_DIHED   =        15.2932
 SC_14NB=         5.1814  SC_14EEL=        90.7760  SC_VDW     =        -0.1949
 SC_EEL =        48.9381
 SC_RES_DIST=     0.0000  SC_RES_ANG=       0.0000  SC_RES_TORS=         0.0000
 SC_EEL_DER=    -45.2937  SC_VDW_DER=       0.6674  SC_DERIV   =       -44.6263
 ------------------------------------------------------------------------------

 NMR restraints: Bond =    0.000   Angle =     0.000   Torsion =     0.000
===============================================================================

| TI region  1


 NSTEP =     9000   TIME(PS) =      18.000  TEMP(K) =   128.46  PRESS =     0.0
 Etot   =    -25267.2662  EKtot   =      1873.0076  EPtot      =    -27140.2738
 BOND   =         3.3930  ANGLE   =         1.6512  DIHED      =         4.1651
 1-4 NB =         7.7304  1-4 EEL =        -6.9305  VDWAALS    =      5231.7690
 EELEC  =    -32389.5056  EHBOND  =         0.0000  RESTRAINT  =         7.4537
 EAMBER (non-restraint)  =    -27147.7276
 DV/DL  =      -134.1018
 ------------------------------------------------------------------------------

  Softcore part of the system:      42 atoms,       TEMP(K)    =         116.16
 SC_Etot=       116.8542  SC_EKtot=        11.8878  SC_EPtot   =       104.9664
 SC_BOND=         3.3437  SC_ANGLE=        17.0546  SC_DIHED   =        20.4477
 SC_14NB=         3.1573  SC_14EEL=        26.0941  SC_VDW     =         0.6381
 SC_EEL =        34.2309
 SC_RES_DIST=     0.0000  SC_RES_ANG=       0.0000  SC_RES_TORS=         0.0000
 SC_EEL_DER=    -37.8702  SC_VDW_DER=       0.1301  SC_DERIV   =       -37.7401
 ------------------------------------------------------------------------------


| TI region  2


 NSTEP =     9000   TIME(PS) =      18.000  TEMP(K) =   128.61  PRESS =     0.0
 Etot   =    -25265.5283  EKtot   =      1874.7455  EPtot      =    -27140.2738
 BOND   =         3.3930  ANGLE   =         1.6512  DIHED      =         4.1651
 1-4 NB =         7.7304  1-4 EEL =        -6.9305  VDWAALS    =      5231.7690
 EELEC  =    -32389.5056  EHBOND  =         0.0000  RESTRAINT  =         7.4537
 EAMBER (non-restraint)  =    -27147.7276
 DV/DL  =      -134.1018
 ------------------------------------------------------------------------------

  Softcore part of the system:      41 atoms,       TEMP(K)    =         137.14
 SC_Etot=       187.3420  SC_EKtot=        13.6257  SC_EPtot   =       173.7163
 SC_BOND=         2.7379  SC_ANGLE=        11.0795  SC_DIHED   =        15.3977
 SC_14NB=         4.9375  SC_14EEL=        91.6489  SC_VDW     =        -0.8592
 SC_EEL =        48.7739
 SC_RES_DIST=     0.0000  SC_RES_ANG=       0.0000  SC_RES_TORS=         0.0000
 SC_EEL_DER=    -37.8702  SC_VDW_DER=       0.1301  SC_DERIV   =       -37.7401
 ------------------------------------------------------------------------------

 NMR restraints: Bond =    0.000   Angle =     0.000   Torsion =     0.000
===============================================================================

| TI region  1


 NSTEP =    10000   TIME(PS) =      20.000  TEMP(K) =   139.95  PRESS =     0.0
 Etot   =    -24821.6547  EKtot   =      2040.5002  EPtot      =    -26862.1549
 BOND   =         2.4435  ANGLE   =         2.2346  DIHED      =         3.9016
 1-4 NB =         8.2216  1-4 EEL =        -5.7108  VDWAALS    =      4979.5560
 EELEC  =    -31860.4483  EHBOND  =         0.0000  RESTRAINT  =         7.6469
 EAMBER (non-restraint)  =    -26869.8019
 DV/DL  =      -132.6402
 ------------------------------------------------------------------------------

  Softcore part of the system:      42 atoms,       TEMP(K)    =         131.60
 SC_Etot=       120.0710  SC_EKtot=        13.4676  SC_EPtot   =       106.6035
 SC_BOND=         5.3754  SC_ANGLE=        16.7927  SC_DIHED   =        19.8254
 SC_14NB=         3.1690  SC_14EEL=        25.3596  SC_VDW     =         0.9643
 SC_EEL =        35.1171
 SC_RES_DIST=     0.0000  SC_RES_ANG=       0.0000  SC_RES_TORS=         0.0000
 SC_EEL_DER=    -45.5696  SC_VDW_DER=      -0.4614  SC_DERIV   =       -46.0310
 ------------------------------------------------------------------------------


| TI region  2


 NSTEP =    10000   TIME(PS) =      20.000  TEMP(K) =   139.98  PRESS =     0.0
 Etot   =    -24821.5989  EKtot   =      2040.5561  EPtot      =    -26862.1549
 BOND   =         2.4435  ANGLE   =         2.2346  DIHED      =         3.9016
 1-4 NB =         8.2216  1-4 EEL =        -5.7108  VDWAALS    =      4979.5560
 EELEC  =    -31860.4483  EHBOND  =         0.0000  RESTRAINT  =         7.6469
 EAMBER (non-restraint)  =    -26869.8019
 DV/DL  =      -132.6402
 ------------------------------------------------------------------------------

  Softcore part of the system:      41 atoms,       TEMP(K)    =         136.11
 SC_Etot=       187.8206  SC_EKtot=        13.5234  SC_EPtot   =       174.2973
 SC_BOND=         4.0593  SC_ANGLE=         9.8040  SC_DIHED   =        16.0386
 SC_14NB=         3.8415  SC_14EEL=        91.6051  SC_VDW     =        -0.1998
 SC_EEL =        49.1485
 SC_RES_DIST=     0.0000  SC_RES_ANG=       0.0000  SC_RES_TORS=         0.0000
 SC_EEL_DER=    -45.5696  SC_VDW_DER=      -0.4614  SC_DERIV   =       -46.0310
 ------------------------------------------------------------------------------

 NMR restraints: Bond =    0.000   Angle =     0.000   Torsion =     0.000
===============================================================================

| TI region  1


 NSTEP =    11000   TIME(PS) =      22.000  TEMP(K) =   161.74  PRESS =     0.0
 Etot   =    -24260.0122  EKtot   =      2358.1189  EPtot      =    -26618.1311
 BOND   =         3.3075  ANGLE   =         4.6364  DIHED      =         4.0527
 1-4 NB =         8.6062  1-4 EEL =        -7.3971  VDWAALS    =      5013.3983
 EELEC  =    -31650.7943  EHBOND  =         0.0000  RESTRAINT  =         6.0590
 EAMBER (non-restraint)  =    -26624.1901
 DV/DL  =      -142.1866
 ------------------------------------------------------------------------------

  Softcore part of the system:      42 atoms,       TEMP(K)    =         154.26
 SC_Etot=       123.3413  SC_EKtot=        15.7871  SC_EPtot   =       107.5542
 SC_BOND=         5.5644  SC_ANGLE=        17.7395  SC_DIHED   =        19.9445
 SC_14NB=         3.0551  SC_14EEL=        25.3585  SC_VDW     =         0.3457
 SC_EEL =        35.5466
 SC_RES_DIST=     0.0000  SC_RES_ANG=       0.0000  SC_RES_TORS=         0.0000
 SC_EEL_DER=    -41.8416  SC_VDW_DER=      -1.0434  SC_DERIV   =       -42.8850
 ------------------------------------------------------------------------------


| TI region  2


 NSTEP =    11000   TIME(PS) =      22.000  TEMP(K) =   161.81  PRESS =     0.0
 Etot   =    -24259.3795  EKtot   =      2358.7516  EPtot      =    -26618.1311
 BOND   =         3.3075  ANGLE   =         4.6364  DIHED      =         4.0527
 1-4 NB =         8.6062  1-4 EEL =        -7.3971  VDWAALS    =      5013.3983
 EELEC  =    -31650.7943  EHBOND  =         0.0000  RESTRAINT  =         6.0590
 EAMBER (non-restraint)  =    -26624.1901
 DV/DL  =      -142.1866
 ------------------------------------------------------------------------------

  Softcore part of the system:      41 atoms,       TEMP(K)    =         165.26
 SC_Etot=       192.9433  SC_EKtot=        16.4198  SC_EPtot   =       176.5235
 SC_BOND=         4.9735  SC_ANGLE=        12.0421  SC_DIHED   =        16.2161
 SC_14NB=         4.5903  SC_14EEL=        91.0494  SC_VDW     =        -1.4560
 SC_EEL =        49.1080
 SC_RES_DIST=     0.0000  SC_RES_ANG=       0.0000  SC_RES_TORS=         0.0000
 SC_EEL_DER=    -41.8416  SC_VDW_DER=      -1.0434  SC_DERIV   =       -42.8850
 ------------------------------------------------------------------------------

 NMR restraints: Bond =    0.000   Angle =     0.000   Torsion =     0.000
===============================================================================

| TI region  1


 NSTEP =    12000   TIME(PS) =      24.000  TEMP(K) =   175.32  PRESS =     0.0
 Etot   =    -23832.2204  EKtot   =      2556.1086  EPtot      =    -26388.3291
 BOND   =         1.6931  ANGLE   =         5.4590  DIHED      =         4.4975
 1-4 NB =         8.4129  1-4 EEL =        -6.0871  VDWAALS    =      4924.5500
 EELEC  =    -31334.7986  EHBOND  =         0.0000  RESTRAINT  =         7.9441
 EAMBER (non-restraint)  =    -26396.2731
 DV/DL  =      -138.6873
 ------------------------------------------------------------------------------

  Softcore part of the system:      42 atoms,       TEMP(K)    =         168.70
 SC_Etot=       123.1887  SC_EKtot=        17.2644  SC_EPtot   =       105.9244
 SC_BOND=         4.8940  SC_ANGLE=        16.7531  SC_DIHED   =        20.9921
 SC_14NB=         2.9828  SC_14EEL=        26.4664  SC_VDW     =         0.2195
 SC_EEL =        33.6165
 SC_RES_DIST=     0.0000  SC_RES_ANG=       0.0000  SC_RES_TORS=         0.0000
 SC_EEL_DER=    -52.1196  SC_VDW_DER=       0.0923  SC_DERIV   =       -52.0273
 ------------------------------------------------------------------------------


| TI region  2


 NSTEP =    12000   TIME(PS) =      24.000  TEMP(K) =   175.35  PRESS =     0.0
 Etot   =    -23832.3111  EKtot   =      2556.0180  EPtot      =    -26388.3291
 BOND   =         1.6931  ANGLE   =         5.4590  DIHED      =         4.4975
 1-4 NB =         8.4129  1-4 EEL =        -6.0871  VDWAALS    =      4924.5500
 EELEC  =    -31334.7986  EHBOND  =         0.0000  RESTRAINT  =         7.9441
 EAMBER (non-restraint)  =    -26396.2731
 DV/DL  =      -138.6873
 ------------------------------------------------------------------------------

  Softcore part of the system:      41 atoms,       TEMP(K)    =         172.84
 SC_Etot=       199.3231  SC_EKtot=        17.1737  SC_EPtot   =       182.1494
 SC_BOND=         5.0195  SC_ANGLE=        16.1552  SC_DIHED   =        16.5916
 SC_14NB=         4.9036  SC_14EEL=        91.2749  SC_VDW     =        -0.0722
 SC_EEL =        48.2767
 SC_RES_DIST=     0.0000  SC_RES_ANG=       0.0000  SC_RES_TORS=         0.0000
 SC_EEL_DER=    -52.1196  SC_VDW_DER=       0.0923  SC_DERIV   =       -52.0273
 ------------------------------------------------------------------------------

 NMR restraints: Bond =    0.000   Angle =     0.000   Torsion =     0.000
===============================================================================

| TI region  1


 NSTEP =    13000   TIME(PS) =      26.000  TEMP(K) =   184.27  PRESS =     0.0
 Etot   =    -23432.3184  EKtot   =      2686.6214  EPtot      =    -26118.9399
 BOND   =         2.9054  ANGLE   =         2.7847  DIHED      =         5.4491
 1-4 NB =         7.9778  1-4 EEL =        -6.7316  VDWAALS    =      4682.1694
 EELEC  =    -30820.7155  EHBOND  =         0.0000  RESTRAINT  =         7.2208
 EAMBER (non-restraint)  =    -26126.1606
 DV/DL  =      -130.8330
 ------------------------------------------------------------------------------

  Softcore part of the system:      42 atoms,       TEMP(K)    =         175.38
 SC_Etot=       126.7407  SC_EKtot=        17.9485  SC_EPtot   =       108.7921
 SC_BOND=         3.8004  SC_ANGLE=        21.1122  SC_DIHED   =        20.5357
 SC_14NB=         3.3705  SC_14EEL=        25.6512  SC_VDW     =        -0.2329
 SC_EEL =        34.5551
 SC_RES_DIST=     0.0000  SC_RES_ANG=       0.0000  SC_RES_TORS=         0.0000
 SC_EEL_DER=    -40.6885  SC_VDW_DER=      -1.7130  SC_DERIV   =       -42.4015
 ------------------------------------------------------------------------------


| TI region  2


 NSTEP =    13000   TIME(PS) =      26.000  TEMP(K) =   184.20  PRESS =     0.0
 Etot   =    -23433.8998  EKtot   =      2685.0401  EPtot      =    -26118.9399
 BOND   =         2.9054  ANGLE   =         2.7847  DIHED      =         5.4491
 1-4 NB =         7.9778  1-4 EEL =        -6.7316  VDWAALS    =      4682.1694
 EELEC  =    -30820.7155  EHBOND  =         0.0000  RESTRAINT  =         7.2208
 EAMBER (non-restraint)  =    -26126.1606
 DV/DL  =      -130.8330
 ------------------------------------------------------------------------------

  Softcore part of the system:      41 atoms,       TEMP(K)    =         164.73
 SC_Etot=       199.3123  SC_EKtot=        16.3672  SC_EPtot   =       182.9451
 SC_BOND=         4.4908  SC_ANGLE=        17.7479  SC_DIHED   =        18.4866
 SC_14NB=         4.2776  SC_14EEL=        91.5675  SC_VDW     =        -1.5503
 SC_EEL =        47.9250
 SC_RES_DIST=     0.0000  SC_RES_ANG=       0.0000  SC_RES_TORS=         0.0000
 SC_EEL_DER=    -40.6885  SC_VDW_DER=      -1.7130  SC_DERIV   =       -42.4015
 ------------------------------------------------------------------------------

 NMR restraints: Bond =    0.000   Angle =     0.000   Torsion =     0.000
===============================================================================

| TI region  1


 NSTEP =    14000   TIME(PS) =      28.000  TEMP(K) =   206.69  PRESS =     0.0
 Etot   =    -22829.8444  EKtot   =      3013.5233  EPtot      =    -25843.3676
 BOND   =         4.8168  ANGLE   =         2.7758  DIHED      =         4.4971
 1-4 NB =         7.7670  1-4 EEL =        -5.2484  VDWAALS    =      4533.3777
 EELEC  =    -30399.3831  EHBOND  =         0.0000  RESTRAINT  =         8.0296
 EAMBER (non-restraint)  =    -25851.3972
 DV/DL  =      -124.2904
 ------------------------------------------------------------------------------

  Softcore part of the system:      42 atoms,       TEMP(K)    =         187.57
 SC_Etot=       122.8276  SC_EKtot=        19.1957  SC_EPtot   =       103.6319
 SC_BOND=         3.3656  SC_ANGLE=        18.4798  SC_DIHED   =        19.0895
 SC_14NB=         3.2395  SC_14EEL=        25.4563  SC_VDW     =         0.1922
 SC_EEL =        33.8091
 SC_RES_DIST=     0.0000  SC_RES_ANG=       0.0000  SC_RES_TORS=         0.0000
 SC_EEL_DER=    -46.3933  SC_VDW_DER=       0.4268  SC_DERIV   =       -45.9665
 ------------------------------------------------------------------------------


| TI region  2


 NSTEP =    14000   TIME(PS) =      28.000  TEMP(K) =   206.91  PRESS =     0.0
 Etot   =    -22827.2337  EKtot   =      3016.1339  EPtot      =    -25843.3676
 BOND   =         4.8168  ANGLE   =         2.7758  DIHED      =         4.4971
 1-4 NB =         7.7670  1-4 EEL =        -5.2484  VDWAALS    =      4533.3777
 EELEC  =    -30399.3831  EHBOND  =         0.0000  RESTRAINT  =         8.0296
 EAMBER (non-restraint)  =    -25851.3972
 DV/DL  =      -124.2904
 ------------------------------------------------------------------------------

  Softcore part of the system:      41 atoms,       TEMP(K)    =         219.47
 SC_Etot=       201.5795  SC_EKtot=        21.8063  SC_EPtot   =       179.7731
 SC_BOND=         5.4126  SC_ANGLE=        12.6210  SC_DIHED   =        16.7429
 SC_14NB=         3.9266  SC_14EEL=        91.8875  SC_VDW     =        -0.7250
 SC_EEL =        49.9074
 SC_RES_DIST=     0.0000  SC_RES_ANG=       0.0000  SC_RES_TORS=         0.0000
 SC_EEL_DER=    -46.3933  SC_VDW_DER=       0.4268  SC_DERIV   =       -45.9665
 ------------------------------------------------------------------------------

 NMR restraints: Bond =    0.000   Angle =     0.000   Torsion =     0.000
===============================================================================

| TI region  1


 NSTEP =    15000   TIME(PS) =      30.000  TEMP(K) =   211.84  PRESS =     0.0
 Etot   =    -22321.6100  EKtot   =      3088.5639  EPtot      =    -25410.1739
 BOND   =         2.2957  ANGLE   =         3.3401  DIHED      =         4.4723
 1-4 NB =         9.0059  1-4 EEL =        -6.7038  VDWAALS    =      4393.2346
 EELEC  =    -29826.6925  EHBOND  =         0.0000  RESTRAINT  =        10.8739
 EAMBER (non-restraint)  =    -25421.0478
 DV/DL  =      -112.9553
 ------------------------------------------------------------------------------

  Softcore part of the system:      42 atoms,       TEMP(K)    =         199.53
 SC_Etot=       131.3752  SC_EKtot=        20.4201  SC_EPtot   =       110.9551
 SC_BOND=         5.2793  SC_ANGLE=        20.0520  SC_DIHED   =        21.3175
 SC_14NB=         3.5306  SC_14EEL=        26.2659  SC_VDW     =         1.0557
 SC_EEL =        33.4541
 SC_RES_DIST=     0.0000  SC_RES_ANG=       0.0000  SC_RES_TORS=         0.0000
 SC_EEL_DER=    -42.6492  SC_VDW_DER=       3.6354  SC_DERIV   =       -39.0139
 ------------------------------------------------------------------------------


| TI region  2


 NSTEP =    15000   TIME(PS) =      30.000  TEMP(K) =   211.63  PRESS =     0.0
 Etot   =    -22325.1889  EKtot   =      3084.9850  EPtot      =    -25410.1739
 BOND   =         2.2957  ANGLE   =         3.3401  DIHED      =         4.4723
 1-4 NB =         9.0059  1-4 EEL =        -6.7038  VDWAALS    =      4393.2346
 EELEC  =    -29826.6925  EHBOND  =         0.0000  RESTRAINT  =        10.8739
 EAMBER (non-restraint)  =    -25421.0478
 DV/DL  =      -112.9553
 ------------------------------------------------------------------------------

  Softcore part of the system:      41 atoms,       TEMP(K)    =         169.50
 SC_Etot=       197.6275  SC_EKtot=        16.8412  SC_EPtot   =       180.7863
 SC_BOND=         6.6442  SC_ANGLE=        13.5990  SC_DIHED   =        17.1060
 SC_14NB=         4.5046  SC_14EEL=        91.1707  SC_VDW     =        -0.8017
 SC_EEL =        48.5636
 SC_RES_DIST=     0.0000  SC_RES_ANG=       0.0000  SC_RES_TORS=         0.0000
 SC_EEL_DER=    -42.6492  SC_VDW_DER=       3.6354  SC_DERIV   =       -39.0139
 ------------------------------------------------------------------------------

 NMR restraints: Bond =    0.000   Angle =     0.000   Torsion =     0.000
===============================================================================

| TI region  1


 NSTEP =    16000   TIME(PS) =      32.000  TEMP(K) =   230.01  PRESS =     0.0
 Etot   =    -21692.2715  EKtot   =      3353.5925  EPtot      =    -25045.8640
 BOND   =         4.9202  ANGLE   =         3.8088  DIHED      =         5.8293
 1-4 NB =         8.0359  1-4 EEL =        -7.7973  VDWAALS    =      4303.5736
 EELEC  =    -29373.6882  EHBOND  =         0.0000  RESTRAINT  =         9.4537
 EAMBER (non-restraint)  =    -25055.3177
 DV/DL  =      -121.5220
 ------------------------------------------------------------------------------

  Softcore part of the system:      42 atoms,       TEMP(K)    =         186.29
 SC_Etot=       131.7374  SC_EKtot=        19.0646  SC_EPtot   =       112.6729
 SC_BOND=         9.5043  SC_ANGLE=        18.8455  SC_DIHED   =        19.9739
 SC_14NB=         3.2381  SC_14EEL=        25.9495  SC_VDW     =         1.0236
 SC_EEL =        34.1381
 SC_RES_DIST=     0.0000  SC_RES_ANG=       0.0000  SC_RES_TORS=         0.0000
 SC_EEL_DER=    -41.6372  SC_VDW_DER=       1.9502  SC_DERIV   =       -39.6871
 ------------------------------------------------------------------------------


| TI region  2


 NSTEP =    16000   TIME(PS) =      32.000  TEMP(K) =   229.97  PRESS =     0.0
 Etot   =    -21693.5522  EKtot   =      3352.3118  EPtot      =    -25045.8640
 BOND   =         4.9202  ANGLE   =         3.8088  DIHED      =         5.8293
 1-4 NB =         8.0359  1-4 EEL =        -7.7973  VDWAALS    =      4303.5736
 EELEC  =    -29373.6882  EHBOND  =         0.0000  RESTRAINT  =         9.4537
 EAMBER (non-restraint)  =    -25055.3177
 DV/DL  =      -121.5220
 ------------------------------------------------------------------------------

  Softcore part of the system:      41 atoms,       TEMP(K)    =         178.99
 SC_Etot=       200.7592  SC_EKtot=        17.7839  SC_EPtot   =       182.9754
 SC_BOND=         5.5230  SC_ANGLE=        16.5022  SC_DIHED   =        16.4029
 SC_14NB=         4.7941  SC_14EEL=        90.1926  SC_VDW     =        -0.2117
 SC_EEL =        49.7723
 SC_RES_DIST=     0.0000  SC_RES_ANG=       0.0000  SC_RES_TORS=         0.0000
 SC_EEL_DER=    -41.6372  SC_VDW_DER=       1.9502  SC_DERIV   =       -39.6871
 ------------------------------------------------------------------------------

 NMR restraints: Bond =    0.000   Angle =     0.000   Torsion =     0.000
===============================================================================

| TI region  1


 NSTEP =    17000   TIME(PS) =      34.000  TEMP(K) =   242.32  PRESS =     0.0
 Etot   =    -21055.1870  EKtot   =      3532.9912  EPtot      =    -24588.1782
 BOND   =         2.6356  ANGLE   =         5.2064  DIHED      =         7.3874
 1-4 NB =         7.7075  1-4 EEL =        -7.0582  VDWAALS    =      4089.9359
 EELEC  =    -28709.2579  EHBOND  =         0.0000  RESTRAINT  =        15.2651
 EAMBER (non-restraint)  =    -24603.4433
 DV/DL  =      -148.7738
 ------------------------------------------------------------------------------

  Softcore part of the system:      42 atoms,       TEMP(K)    =         230.58
 SC_Etot=       139.4246  SC_EKtot=        23.5979  SC_EPtot   =       115.8267
 SC_BOND=         7.4796  SC_ANGLE=        20.4436  SC_DIHED   =        22.0714
 SC_14NB=         3.3747  SC_14EEL=        25.2853  SC_VDW     =         2.7839
 SC_EEL =        34.3883
 SC_RES_DIST=     0.0000  SC_RES_ANG=       0.0000  SC_RES_TORS=         0.0000
 SC_EEL_DER=    -33.2047  SC_VDW_DER=      -2.0122  SC_DERIV   =       -35.2168
 ------------------------------------------------------------------------------


| TI region  2


 NSTEP =    17000   TIME(PS) =      34.000  TEMP(K) =   242.26  PRESS =     0.0
 Etot   =    -21056.7323  EKtot   =      3531.4459  EPtot      =    -24588.1782
 BOND   =         2.6356  ANGLE   =         5.2064  DIHED      =         7.3874
 1-4 NB =         7.7075  1-4 EEL =        -7.0582  VDWAALS    =      4089.9359
 EELEC  =    -28709.2579  EHBOND  =         0.0000  RESTRAINT  =        15.2651
 EAMBER (non-restraint)  =    -24603.4433
 DV/DL  =      -148.7738
 ------------------------------------------------------------------------------

  Softcore part of the system:      41 atoms,       TEMP(K)    =         221.95
 SC_Etot=       211.1689  SC_EKtot=        22.0525  SC_EPtot   =       189.1164
 SC_BOND=         4.2315  SC_ANGLE=        20.0293  SC_DIHED   =        18.1405
 SC_14NB=         5.6336  SC_14EEL=        92.3900  SC_VDW     =         0.1344
 SC_EEL =        48.5572
 SC_RES_DIST=     0.0000  SC_RES_ANG=       0.0000  SC_RES_TORS=         0.0000
 SC_EEL_DER=    -33.2047  SC_VDW_DER=      -2.0122  SC_DERIV   =       -35.2168
 ------------------------------------------------------------------------------

 NMR restraints: Bond =    0.000   Angle =     0.000   Torsion =     0.000
===============================================================================

| TI region  1


 NSTEP =    18000   TIME(PS) =      36.000  TEMP(K) =   254.71  PRESS =     0.0
 Etot   =    -20466.4295  EKtot   =      3713.6742  EPtot      =    -24180.1036
 BOND   =         4.1632  ANGLE   =         5.3032  DIHED      =         5.1645
 1-4 NB =         8.8593  1-4 EEL =        -6.6807  VDWAALS    =      3781.8137
 EELEC  =    -27985.9780  EHBOND  =         0.0000  RESTRAINT  =         7.2511
 EAMBER (non-restraint)  =    -24187.3548
 DV/DL  =      -149.1857
 ------------------------------------------------------------------------------

  Softcore part of the system:      42 atoms,       TEMP(K)    =         289.40
 SC_Etot=       148.0997  SC_EKtot=        29.6176  SC_EPtot   =       118.4821
 SC_BOND=         4.5117  SC_ANGLE=        26.4381  SC_DIHED   =        21.8775
 SC_14NB=         3.5125  SC_14EEL=        27.8304  SC_VDW     =         1.4073
 SC_EEL =        32.9046
 SC_RES_DIST=     0.0000  SC_RES_ANG=       0.0000  SC_RES_TORS=         0.0000
 SC_EEL_DER=    -21.5762  SC_VDW_DER=      -0.1320  SC_DERIV   =       -21.7081
 ------------------------------------------------------------------------------


| TI region  2


 NSTEP =    18000   TIME(PS) =      36.000  TEMP(K) =   254.19  PRESS =     0.0
 Etot   =    -20474.7944  EKtot   =      3705.3092  EPtot      =    -24180.1036
 BOND   =         4.1632  ANGLE   =         5.3032  DIHED      =         5.1645
 1-4 NB =         8.8593  1-4 EEL =        -6.6807  VDWAALS    =      3781.8137
 EELEC  =    -27985.9780  EHBOND  =         0.0000  RESTRAINT  =         7.2511
 EAMBER (non-restraint)  =    -24187.3548
 DV/DL  =      -149.1857
 ------------------------------------------------------------------------------

  Softcore part of the system:      41 atoms,       TEMP(K)    =         213.90
 SC_Etot=       209.3752  SC_EKtot=        21.2527  SC_EPtot   =       188.1225
 SC_BOND=         5.2525  SC_ANGLE=        19.0653  SC_DIHED   =        17.0225
 SC_14NB=         5.3105  SC_14EEL=        91.4718  SC_VDW     =         0.4169
 SC_EEL =        49.5831
 SC_RES_DIST=     0.0000  SC_RES_ANG=       0.0000  SC_RES_TORS=         0.0000
 SC_EEL_DER=    -21.5762  SC_VDW_DER=      -0.1320  SC_DERIV   =       -21.7081
 ------------------------------------------------------------------------------

 NMR restraints: Bond =    0.000   Angle =     0.000   Torsion =     0.000
===============================================================================

| TI region  1


 NSTEP =    19000   TIME(PS) =      38.000  TEMP(K) =   272.80  PRESS =     0.0
 Etot   =    -19653.7303  EKtot   =      3977.4528  EPtot      =    -23631.1832
 BOND   =         2.4823  ANGLE   =         3.9244  DIHED      =         5.2286
 1-4 NB =         8.5330  1-4 EEL =        -6.3632  VDWAALS    =      3625.6551
 EELEC  =    -27284.1294  EHBOND  =         0.0000  RESTRAINT  =        13.4860
 EAMBER (non-restraint)  =    -23644.6692
 DV/DL  =      -175.7560
 ------------------------------------------------------------------------------

  Softcore part of the system:      42 atoms,       TEMP(K)    =         210.53
 SC_Etot=       142.9976  SC_EKtot=        21.5458  SC_EPtot   =       121.4518
 SC_BOND=         4.6976  SC_ANGLE=        29.6200  SC_DIHED   =        22.9106
 SC_14NB=         3.4928  SC_14EEL=        25.8993  SC_VDW     =        -0.0262
 SC_EEL =        34.8577
 SC_RES_DIST=     0.0000  SC_RES_ANG=       0.0000  SC_RES_TORS=         0.0000
 SC_EEL_DER=    -46.6845  SC_VDW_DER=       0.3358  SC_DERIV   =       -46.3487
 ------------------------------------------------------------------------------


| TI region  2


 NSTEP =    19000   TIME(PS) =      38.000  TEMP(K) =   273.11  PRESS =     0.0
 Etot   =    -19650.0852  EKtot   =      3981.0979  EPtot      =    -23631.1832
 BOND   =         2.4823  ANGLE   =         3.9244  DIHED      =         5.2286
 1-4 NB =         8.5330  1-4 EEL =        -6.3632  VDWAALS    =      3625.6551
 EELEC  =    -27284.1294  EHBOND  =         0.0000  RESTRAINT  =        13.4860
 EAMBER (non-restraint)  =    -23644.6692
 DV/DL  =      -175.7560
 ------------------------------------------------------------------------------

  Softcore part of the system:      41 atoms,       TEMP(K)    =         253.53
 SC_Etot=       207.9879  SC_EKtot=        25.1909  SC_EPtot   =       182.7970
 SC_BOND=         5.7176  SC_ANGLE=        14.1909  SC_DIHED   =        17.7596
 SC_14NB=         4.8193  SC_14EEL=        92.0376  SC_VDW     =        -1.7287
 SC_EEL =        50.0008
 SC_RES_DIST=     0.0000  SC_RES_ANG=       0.0000  SC_RES_TORS=         0.0000
 SC_EEL_DER=    -46.6845  SC_VDW_DER=       0.3358  SC_DERIV   =       -46.3487
 ------------------------------------------------------------------------------

 NMR restraints: Bond =    0.000   Angle =     0.000   Torsion =     0.000
===============================================================================

| TI region  1


 NSTEP =    20000   TIME(PS) =      40.000  TEMP(K) =   297.02  PRESS =     0.0
 Etot   =    -18847.7552  EKtot   =      4330.5263  EPtot      =    -23178.2814
 BOND   =         4.9725  ANGLE   =         3.2781  DIHED      =         7.8580
 1-4 NB =         8.3716  1-4 EEL =        -5.6463  VDWAALS    =      3527.3044
 EELEC  =    -26734.4293  EHBOND  =         0.0000  RESTRAINT  =        10.0096
 EAMBER (non-restraint)  =    -23188.2910
 DV/DL  =      -186.7365
 ------------------------------------------------------------------------------

  Softcore part of the system:      42 atoms,       TEMP(K)    =         311.57
 SC_Etot=       146.2349  SC_EKtot=        31.8862  SC_EPtot   =       114.3487
 SC_BOND=         3.2629  SC_ANGLE=        23.7477  SC_DIHED   =        22.3340
 SC_14NB=         3.8586  SC_14EEL=        26.6357  SC_VDW     =        -0.1579
 SC_EEL =        34.6676
 SC_RES_DIST=     0.0000  SC_RES_ANG=       0.0000  SC_RES_TORS=         0.0000
 SC_EEL_DER=    -57.0063  SC_VDW_DER=      -4.0213  SC_DERIV   =       -61.0276
 ------------------------------------------------------------------------------


| TI region  2


 NSTEP =    20000   TIME(PS) =      40.000  TEMP(K) =   297.57  PRESS =     0.0
 Etot   =    -18840.5725  EKtot   =      4337.7090  EPtot      =    -23178.2814
 BOND   =         4.9725  ANGLE   =         3.2781  DIHED      =         7.8580
 1-4 NB =         8.3716  1-4 EEL =        -5.6463  VDWAALS    =      3527.3044
 EELEC  =    -26734.4293  EHBOND  =         0.0000  RESTRAINT  =        10.0096
 EAMBER (non-restraint)  =    -23188.2910
 DV/DL  =      -186.7365
 ------------------------------------------------------------------------------

  Softcore part of the system:      41 atoms,       TEMP(K)    =         393.21
 SC_Etot=       226.5326  SC_EKtot=        39.0689  SC_EPtot   =       187.4636
 SC_BOND=         6.8001  SC_ANGLE=        16.9706  SC_DIHED   =        19.8477
 SC_14NB=         4.7908  SC_14EEL=        92.2059  SC_VDW     =        -1.5362
 SC_EEL =        48.3848
 SC_RES_DIST=     0.0000  SC_RES_ANG=       0.0000  SC_RES_TORS=         0.0000
 SC_EEL_DER=    -57.0063  SC_VDW_DER=      -4.0213  SC_DERIV   =       -61.0276
 ------------------------------------------------------------------------------

 NMR restraints: Bond =    0.000   Angle =     0.000   Torsion =     0.000
===============================================================================

| TI region  1


 NSTEP =    21000   TIME(PS) =      42.000  TEMP(K) =   296.83  PRESS =     0.0
 Etot   =    -18447.8114  EKtot   =      4327.7500  EPtot      =    -22775.5614
 BOND   =         3.9942  ANGLE   =         6.2523  DIHED      =         7.8378
 1-4 NB =         9.0766  1-4 EEL =        -7.3858  VDWAALS    =      3348.9412
 EELEC  =    -26158.4364  EHBOND  =         0.0000  RESTRAINT  =        14.1588
 EAMBER (non-restraint)  =    -22789.7202
 DV/DL  =      -152.0767
 ------------------------------------------------------------------------------

  Softcore part of the system:      42 atoms,       TEMP(K)    =         332.02
 SC_Etot=       157.5194  SC_EKtot=        33.9789  SC_EPtot   =       123.5405
 SC_BOND=         5.8128  SC_ANGLE=        31.4585  SC_DIHED   =        21.9862
 SC_14NB=         3.0069  SC_14EEL=        27.1568  SC_VDW     =         0.2408
 SC_EEL =        33.8785
 SC_RES_DIST=     0.0000  SC_RES_ANG=       0.0000  SC_RES_TORS=         0.0000
 SC_EEL_DER=    -54.3719  SC_VDW_DER=       1.3255  SC_DERIV   =       -53.0464
 ------------------------------------------------------------------------------


| TI region  2


 NSTEP =    21000   TIME(PS) =      42.000  TEMP(K) =   296.63  PRESS =     0.0
 Etot   =    -18451.5167  EKtot   =      4324.0447  EPtot      =    -22775.5614
 BOND   =         3.9942  ANGLE   =         6.2523  DIHED      =         7.8378
 1-4 NB =         9.0766  1-4 EEL =        -7.3858  VDWAALS    =      3348.9412
 EELEC  =    -26158.4364  EHBOND  =         0.0000  RESTRAINT  =        14.1588
 EAMBER (non-restraint)  =    -22789.7202
 DV/DL  =      -152.0767
 ------------------------------------------------------------------------------

  Softcore part of the system:      41 atoms,       TEMP(K)    =         304.69
 SC_Etot=       221.3507  SC_EKtot=        30.2736  SC_EPtot   =       191.0771
 SC_BOND=         9.2649  SC_ANGLE=        18.4711  SC_DIHED   =        18.9965
 SC_14NB=         5.1644  SC_14EEL=        90.6335  SC_VDW     =        -0.6784
 SC_EEL =        49.2251
 SC_RES_DIST=     0.0000  SC_RES_ANG=       0.0000  SC_RES_TORS=         0.0000
 SC_EEL_DER=    -54.3719  SC_VDW_DER=       1.3255  SC_DERIV   =       -53.0464
 ------------------------------------------------------------------------------

 NMR restraints: Bond =    0.000   Angle =     0.000   Torsion =     0.000
===============================================================================

| TI region  1


 NSTEP =    22000   TIME(PS) =      44.000  TEMP(K) =   296.41  PRESS =     0.0
 Etot   =    -18330.5723  EKtot   =      4321.6999  EPtot      =    -22652.2722
 BOND   =         4.2873  ANGLE   =         2.9163  DIHED      =         8.3251
 1-4 NB =         7.6755  1-4 EEL =        -7.7732  VDWAALS    =      3286.1678
 EELEC  =    -25973.0904  EHBOND  =         0.0000  RESTRAINT  =        19.2194
 EAMBER (non-restraint)  =    -22671.4916
 DV/DL  =      -175.3486
 ------------------------------------------------------------------------------

  Softcore part of the system:      42 atoms,       TEMP(K)    =         311.86
 SC_Etot=       151.8130  SC_EKtot=        31.9154  SC_EPtot   =       119.8976
 SC_BOND=         4.9541  SC_ANGLE=        24.0629  SC_DIHED   =        25.5499
 SC_14NB=         4.1860  SC_14EEL=        27.5537  SC_VDW     =        -0.0577
 SC_EEL =        33.6487
 SC_RES_DIST=     0.0000  SC_RES_ANG=       0.0000  SC_RES_TORS=         0.0000
 SC_EEL_DER=    -37.8029  SC_VDW_DER=      -2.2709  SC_DERIV   =       -40.0738
 ------------------------------------------------------------------------------


| TI region  2


 NSTEP =    22000   TIME(PS) =      44.000  TEMP(K) =   295.89  PRESS =     0.0
 Etot   =    -18339.1349  EKtot   =      4313.1373  EPtot      =    -22652.2722
 BOND   =         4.2873  ANGLE   =         2.9163  DIHED      =         8.3251
 1-4 NB =         7.6755  1-4 EEL =        -7.7732  VDWAALS    =      3286.1678
 EELEC  =    -25973.0904  EHBOND  =         0.0000  RESTRAINT  =        19.2194
 EAMBER (non-restraint)  =    -22671.4916
 DV/DL  =      -175.3486
 ------------------------------------------------------------------------------

  Softcore part of the system:      41 atoms,       TEMP(K)    =         235.03
 SC_Etot=       218.1513  SC_EKtot=        23.3528  SC_EPtot   =       194.7985
 SC_BOND=        10.4512  SC_ANGLE=        22.0283  SC_DIHED   =        18.2117
 SC_14NB=         4.4234  SC_14EEL=        91.2315  SC_VDW     =        -0.1166
 SC_EEL =        48.5690
 SC_RES_DIST=     0.0000  SC_RES_ANG=       0.0000  SC_RES_TORS=         0.0000
 SC_EEL_DER=    -37.8029  SC_VDW_DER=      -2.2709  SC_DERIV   =       -40.0738
 ------------------------------------------------------------------------------

 NMR restraints: Bond =    0.000   Angle =     0.000   Torsion =     0.000
===============================================================================

| TI region  1


 NSTEP =    23000   TIME(PS) =      46.000  TEMP(K) =   306.03  PRESS =     0.0
 Etot   =    -18356.0180  EKtot   =      4461.8565  EPtot      =    -22817.8745
 BOND   =         4.2392  ANGLE   =         5.9772  DIHED      =         4.9236
 1-4 NB =         8.1247  1-4 EEL =        -5.7526  VDWAALS    =      3411.8520
 EELEC  =    -26263.7489  EHBOND  =         0.0000  RESTRAINT  =        16.5105
 EAMBER (non-restraint)  =    -22834.3849
 DV/DL  =      -137.4599
 ------------------------------------------------------------------------------

  Softcore part of the system:      42 atoms,       TEMP(K)    =         296.29
 SC_Etot=       154.5661  SC_EKtot=        30.3222  SC_EPtot   =       124.2440
 SC_BOND=        10.5562  SC_ANGLE=        23.3040  SC_DIHED   =        27.0102
 SC_14NB=         3.0050  SC_14EEL=        27.6353  SC_VDW     =        -0.1607
 SC_EEL =        32.8941
 SC_RES_DIST=     0.0000  SC_RES_ANG=       0.0000  SC_RES_TORS=         0.0000
 SC_EEL_DER=    -40.6063  SC_VDW_DER=       0.4837  SC_DERIV   =       -40.1226
 ------------------------------------------------------------------------------


| TI region  2


 NSTEP =    23000   TIME(PS) =      46.000  TEMP(K) =   305.89  PRESS =     0.0
 Etot   =    -18358.9531  EKtot   =      4458.9214  EPtot      =    -22817.8745
 BOND   =         4.2392  ANGLE   =         5.9772  DIHED      =         4.9236
 1-4 NB =         8.1247  1-4 EEL =        -5.7526  VDWAALS    =      3411.8520
 EELEC  =    -26263.7489  EHBOND  =         0.0000  RESTRAINT  =        16.5105
 EAMBER (non-restraint)  =    -22834.3849
 DV/DL  =      -137.4599
 ------------------------------------------------------------------------------

  Softcore part of the system:      41 atoms,       TEMP(K)    =         275.64
 SC_Etot=       220.4954  SC_EKtot=        27.3871  SC_EPtot   =       193.1083
 SC_BOND=         5.8313  SC_ANGLE=        19.4753  SC_DIHED   =        21.1096
 SC_14NB=         5.1438  SC_14EEL=        90.6873  SC_VDW     =         0.6460
 SC_EEL =        50.2151
 SC_RES_DIST=     0.0000  SC_RES_ANG=       0.0000  SC_RES_TORS=         0.0000
 SC_EEL_DER=    -40.6063  SC_VDW_DER=       0.4837  SC_DERIV   =       -40.1226
 ------------------------------------------------------------------------------

 NMR restraints: Bond =    0.000   Angle =     0.000   Torsion =     0.000
===============================================================================

| TI region  1


 NSTEP =    24000   TIME(PS) =      48.000  TEMP(K) =   303.09  PRESS =     0.0
 Etot   =    -18442.7759  EKtot   =      4419.0280  EPtot      =    -22861.8039
 BOND   =         5.2040  ANGLE   =         4.5486  DIHED      =         5.8109
 1-4 NB =         9.1047  1-4 EEL =        -5.8482  VDWAALS    =      3450.3903
 EELEC  =    -26341.9129  EHBOND  =         0.0000  RESTRAINT  =        10.8986
 EAMBER (non-restraint)  =    -22872.7025
 DV/DL  =      -128.9330
 ------------------------------------------------------------------------------

  Softcore part of the system:      42 atoms,       TEMP(K)    =         266.13
 SC_Etot=       145.8877  SC_EKtot=        27.2355  SC_EPtot   =       118.6522
 SC_BOND=         4.0332  SC_ANGLE=        23.8364  SC_DIHED   =        22.3172
 SC_14NB=         3.7890  SC_14EEL=        26.9190  SC_VDW     =         2.9943
 SC_EEL =        34.7632
 SC_RES_DIST=     0.0000  SC_RES_ANG=       0.0000  SC_RES_TORS=         0.0000
 SC_EEL_DER=    -37.5064  SC_VDW_DER=       2.1629  SC_DERIV   =       -35.3434
 ------------------------------------------------------------------------------


| TI region  2


 NSTEP =    24000   TIME(PS) =      48.000  TEMP(K) =   303.78  PRESS =     0.0
 Etot   =    -18433.5344  EKtot   =      4428.2695  EPtot      =    -22861.8039
 BOND   =         5.2040  ANGLE   =         4.5486  DIHED      =         5.8109
 1-4 NB =         9.1047  1-4 EEL =        -5.8482  VDWAALS    =      3450.3903
 EELEC  =    -26341.9129  EHBOND  =         0.0000  RESTRAINT  =        10.8986
 EAMBER (non-restraint)  =    -22872.7025
 DV/DL  =      -128.9330
 ------------------------------------------------------------------------------

  Softcore part of the system:      41 atoms,       TEMP(K)    =         367.12
 SC_Etot=       222.3919  SC_EKtot=        36.4770  SC_EPtot   =       185.9149
 SC_BOND=         7.5395  SC_ANGLE=        14.8887  SC_DIHED   =        17.0685
 SC_14NB=         5.3167  SC_14EEL=        91.5243  SC_VDW     =         1.0104
 SC_EEL =        48.5668
 SC_RES_DIST=     0.0000  SC_RES_ANG=       0.0000  SC_RES_TORS=         0.0000
 SC_EEL_DER=    -37.5064  SC_VDW_DER=       2.1629  SC_DERIV   =       -35.3434
 ------------------------------------------------------------------------------

 NMR restraints: Bond =    0.000   Angle =     0.000   Torsion =     0.000
===============================================================================

| TI region  1


 NSTEP =    25000   TIME(PS) =      50.000  TEMP(K) =   290.59  PRESS =     0.0
 Etot   =    -18474.1571  EKtot   =      4236.8062  EPtot      =    -22710.9633
 BOND   =         5.4466  ANGLE   =         5.1626  DIHED      =         8.1987
 1-4 NB =         8.4171  1-4 EEL =        -6.6670  VDWAALS    =      3434.9762
 EELEC  =    -26179.9802  EHBOND  =         0.0000  RESTRAINT  =        13.4828
 EAMBER (non-restraint)  =    -22724.4461
 DV/DL  =      -141.6900
 ------------------------------------------------------------------------------

  Softcore part of the system:      42 atoms,       TEMP(K)    =         238.02
 SC_Etot=       141.5677  SC_EKtot=        24.3593  SC_EPtot   =       117.2084
 SC_BOND=         4.3988  SC_ANGLE=        27.0843  SC_DIHED   =        21.9206
 SC_14NB=         2.9492  SC_14EEL=        26.1295  SC_VDW     =         0.5650
 SC_EEL =        34.1609
 SC_RES_DIST=     0.0000  SC_RES_ANG=       0.0000  SC_RES_TORS=         0.0000
 SC_EEL_DER=    -48.0108  SC_VDW_DER=       1.2696  SC_DERIV   =       -46.7412
 ------------------------------------------------------------------------------


| TI region  2


 NSTEP =    25000   TIME(PS) =      50.000  TEMP(K) =   291.48  PRESS =     0.0
 Etot   =    -18462.0787  EKtot   =      4248.8846  EPtot      =    -22710.9633
 BOND   =         5.4466  ANGLE   =         5.1626  DIHED      =         8.1987
 1-4 NB =         8.4171  1-4 EEL =        -6.6670  VDWAALS    =      3434.9762
 EELEC  =    -26179.9802  EHBOND  =         0.0000  RESTRAINT  =        13.4828
 EAMBER (non-restraint)  =    -22724.4461
 DV/DL  =      -141.6900
 ------------------------------------------------------------------------------

  Softcore part of the system:      41 atoms,       TEMP(K)    =         366.73
 SC_Etot=       225.2981  SC_EKtot=        36.4377  SC_EPtot   =       188.8604
 SC_BOND=         8.9059  SC_ANGLE=        18.2307  SC_DIHED   =        17.2678
 SC_14NB=         5.1084  SC_14EEL=        90.2856  SC_VDW     =         0.0449
 SC_EEL =        49.0171
 SC_RES_DIST=     0.0000  SC_RES_ANG=       0.0000  SC_RES_TORS=         0.0000
 SC_EEL_DER=    -48.0108  SC_VDW_DER=       1.2696  SC_DERIV   =       -46.7412
 ------------------------------------------------------------------------------

 NMR restraints: Bond =    0.000   Angle =     0.000   Torsion =     0.000
===============================================================================

| TI region  1


      A V E R A G E S   O V E R      25 S T E P S


 NSTEP =    25000   TIME(PS) =      50.000  TEMP(K) =   179.75  PRESS =     0.0
 Etot   =    -23052.4158  EKtot   =      2620.7390  EPtot      =    -25673.1549
 BOND   =         3.1018  ANGLE   =         3.2816  DIHED      =         4.9872
 1-4 NB =         8.1482  1-4 EEL =        -6.6230  VDWAALS    =      4565.0840
 EELEC  =    -30259.4084  EHBOND  =         0.0000  RESTRAINT  =         8.2738
 EAMBER (non-restraint)  =    -25681.4286
 DV/DL  =      -136.0955
 ------------------------------------------------------------------------------

 NMR restraints: Bond =    0.000   Angle =     0.000   Torsion =     0.000
===============================================================================
  Softcore part of the system:      42 atoms,       TEMP(K)    =         170.80
 SC_Etot=       125.7303  SC_EKtot=        17.4794  SC_EPtot   =       108.2509
 SC_BOND=         4.2087  SC_ANGLE=        18.7184  SC_DIHED   =        21.0274
 SC_14NB=         3.3181  SC_14EEL=        26.1766  SC_VDW     =         0.5203
 SC_EEL =        34.2813
 SC_RES_DIST=     0.0000  SC_RES_ANG=       0.0000  SC_RES_TORS=         0.0000
 SC_EEL_DER=    -43.5783  SC_VDW_DER=       0.5670  SC_DERIV   =       -43.0113
 ------------------------------------------------------------------------------


      R M S  F L U C T U A T I O N S


 NSTEP =    25000   TIME(PS) =      50.000  TEMP(K) =    96.04  PRESS =     0.0
 Etot   =      3396.6578  EKtot   =      1400.3083  EPtot      =      2015.5172
 BOND   =         1.3613  ANGLE   =         1.6383  DIHED      =         1.6735
 1-4 NB =         0.4882  1-4 EEL =         0.6420  VDWAALS    =       854.2847
 EELEC  =      2859.5770  EHBOND  =         0.0000  RESTRAINT  =         4.9438
 EAMBER (non-restraint)  =      2010.5734
 DV/DL  =        20.5491
 ------------------------------------------------------------------------------

  Softcore part of the system:      42 atoms,       TEMP(K)    =          95.89
 SC_Etot=        19.4790  SC_EKtot=         9.8130  SC_EPtot   =         9.9251
 SC_BOND=         2.3864  SC_ANGLE=         6.3528  SC_DIHED   =         2.0020
 SC_14NB=         0.2953  SC_14EEL=         0.7306  SC_VDW     =         0.8135
 SC_EEL =         0.6368
 SC_RES_DIST=     0.0000  SC_RES_ANG=       0.0000  SC_RES_TORS=         0.0000
 SC_EEL_DER=      7.6826  SC_VDW_DER=       1.7845  SC_DERIV   =         7.8944
 ------------------------------------------------------------------------------


| TI region  2


      A V E R A G E S   O V E R      25 S T E P S


 NSTEP =    25000   TIME(PS) =      50.000  TEMP(K) =   179.81  PRESS =     0.0
 Etot   =    -23052.0202  EKtot   =      2621.1347  EPtot      =    -25673.1549
 BOND   =         3.1018  ANGLE   =         3.2816  DIHED      =         4.9872
 1-4 NB =         8.1482  1-4 EEL =        -6.6230  VDWAALS    =      4565.0840
 EELEC  =    -30259.4084  EHBOND  =         0.0000  RESTRAINT  =         8.2738
 EAMBER (non-restraint)  =    -25681.4286
 DV/DL  =      -136.0955
 ------------------------------------------------------------------------------

 NMR restraints: Bond =    0.000   Angle =     0.000   Torsion =     0.000
===============================================================================
  Softcore part of the system:      41 atoms,       TEMP(K)    =         179.90
 SC_Etot=       197.3259  SC_EKtot=        17.8750  SC_EPtot   =       179.4509
 SC_BOND=         4.8932  SC_ANGLE=        13.1430  SC_DIHED   =        16.9200
 SC_14NB=         4.7811  SC_14EEL=        91.1807  SC_VDW     =        -0.4767
 SC_EEL =        49.0095
 SC_RES_DIST=     0.0000  SC_RES_ANG=       0.0000  SC_RES_TORS=         0.0000
 SC_EEL_DER=    -43.5783  SC_VDW_DER=       0.5670  SC_DERIV   =       -43.0113
 ------------------------------------------------------------------------------


      R M S  F L U C T U A T I O N S


 NSTEP =    25000   TIME(PS) =      50.000  TEMP(K) =    96.08  PRESS =     0.0
 Etot   =      3396.9379  EKtot   =      1400.5488  EPtot      =      2015.5172
 BOND   =         1.3613  ANGLE   =         1.6383  DIHED      =         1.6735
 1-4 NB =         0.4882  1-4 EEL =         0.6420  VDWAALS    =       854.2847
 EELEC  =      2859.5770  EHBOND  =         0.0000  RESTRAINT  =         4.9438
 EAMBER (non-restraint)  =      2010.5734
 DV/DL  =        20.5491
 ------------------------------------------------------------------------------

  Softcore part of the system:      41 atoms,       TEMP(K)    =         104.77
 SC_Etot=        18.6413  SC_EKtot=        10.4095  SC_EPtot   =         8.8987
 SC_BOND=         2.3839  SC_ANGLE=         5.2116  SC_DIHED   =         1.5317
 SC_14NB=         0.4117  SC_14EEL=         0.5935  SC_VDW     =         0.6615
 SC_EEL =         0.5603
 SC_RES_DIST=     0.0000  SC_RES_ANG=       0.0000  SC_RES_TORS=         0.0000
 SC_EEL_DER=      7.6826  SC_VDW_DER=       1.7845  SC_DERIV   =         7.8944
 ------------------------------------------------------------------------------


      DV/DL, AVERAGES OVER      25 STEPS


 NSTEP =    25000   TIME(PS) =      50.000  TEMP(K) =    96.08  PRESS =     0.0
 Etot   =         0.0000  EKtot   =         0.0000  EPtot      =      -136.0955
 BOND   =        -2.0651  ANGLE   =         0.0300  DIHED      =         0.0000
 1-4 NB =        -0.0959  1-4 EEL =        46.4765  VDWAALS    =       -41.8714
 EELEC  =       -95.5583  EHBOND  =         0.0000  RESTRAINT  =         0.0000
 DV/DL  =      -136.0955
 ------------------------------------------------------------------------------


 NMR restraints on final step:

--------------------------------------------------------------------------------
   5.  TIMINGS
--------------------------------------------------------------------------------

|  NonSetup CPU Time in Major Routines:
|
|     Routine           Sec        %
|     ------------------------------
|     Nonbond           3.05   23.98
|     Bond              0.00    0.00
|     Angle             0.00    0.00
|     Dihedral          0.00    0.00
|     Shake             0.04    0.31
|     RunMD             9.61   75.50
|     Other             0.03    0.22
|     ------------------------------
|     Total            12.73

|  PME Nonbond Pairlist CPU Time:
|
|     Routine              Sec        %
|     ---------------------------------
|     Set Up Cit           0.00    0.00
|     Build List           0.00    0.00
|     ---------------------------------
|     Total                0.00    0.00

|  PME Direct Force CPU Time:
|
|     Routine              Sec        %
|     ---------------------------------
|     NonBonded Calc       0.00    0.00
|     Exclude Masked       0.00    0.00
|     Other                0.02    0.14
|     ---------------------------------
|     Total                0.02    0.14

|  PME Reciprocal Force CPU Time:
|
|     Routine              Sec        %
|     ---------------------------------
|     1D bspline           0.00    0.00
|     Grid Charges         0.00    0.00
|     Scalar Sum           0.00    0.00
|     Gradient Sum         0.00    0.00
|     FFT                  0.00    0.00
|     ---------------------------------
|     Total                0.00    0.00

|  Final Performance Info:
|     -----------------------------------------------------
|     Average timings for last   25000 steps:
|     Elapsed(s) =      12.73 Per Step(ms) =       0.51
|         ns/day =     339.28   seconds/ns =     254.66
|
|     Average timings for all steps:
|     Elapsed(s) =      12.73 Per Step(ms) =       0.51
|         ns/day =     339.28   seconds/ns =     254.66
|     -----------------------------------------------------

|  Setup CPU time:            0.71 seconds
|  NonSetup CPU time:        12.73 seconds
|  Total CPU time:           13.44 seconds     0.00 hours

|  Setup wall time:           1    seconds
|  NonSetup wall time:       12    seconds
|  Total wall time:          13    seconds     0.00 hours
