
          -------------------------------------------------------
          Amber 20 PMEMD                              2020
          -------------------------------------------------------

| PMEMD implementation of SANDER, Release 18

|  Compiled date/time: Thu May 20 07:44:43 2021
| Run on 10/05/2024 at 21:55:24

|   Executable path: pmemd.cuda
| Working directory: /home/muditj/alk2_rbfe/lig_153~lig_104/site/la-0.79366
|          Hostname: Unknown
  [-O]verwriting output

File Assignments:
|   MDIN: 2_nvt/nvt.in                                                          
|  MDOUT: 2_nvt/complex_nvt.out                                                 
| INPCRD: 2_nvt/complex_nvt.inpcrd                                              
|   PARM: ../complex.prmtop                                                     
| RESTRT: 2_nvt/complex_nvt.rst                                                 
|   REFC: 2_nvt/complex_nvt_ref.rst                                             
|  MDVEL: mdvel                                                                 
|   MDEN: mden                                                                  
|  MDCRD: 2_nvt/complex_nvt.nc                                                  
| MDINFO: mdinfo                                                                
|  MDFRC: mdfrc                                                                 


 Here is the input file:

nvt run                                                                        
 &cntrl                                                                        
  ig = -1,                                                                     
  imin = 0,                                                                    
  nstlim = 25000,                                                              
  dt = 0.002,                                                                  
  irest = 0,                                                                   
  ntx = 1,                                                                     
  ntxo = 2,                                                                    
  ioutfm = 1,                                                                  
  ntb = 1,                                                                     
  ntt = 3,                                                                     
  gamma_ln = 1.0,                                                              
  tempi = 0.1,                                                                 
  temp0 = 300,                                                                 
  ntr = 1,                                                                     
  ntc = 2,                                                                     
  ntf = 1,                                                                     
  ntpr = 1000,                                                                 
  ntwx = 0,                                                                    
  ntwr = 1000,                                                                 
  nmropt = 1,                                                                  
  cut = 10,                                                                    
  restraintmask=':309|!(:WAT|@H=|:Na+|:Cl-)',                                  
  restraint_wt=20.0,                                                           
                                                                               
  icfe = 1, ifsc = 1, clambda = 0.79366, gti_lam_sch = 1, scalpha = 0.2, scbeta
  timask1 = ':1', timask2 = ':2',                                              
  scmask1 = ':1@C29,H62,H59,H58,H57,H56,H55,H54,H53,H52,H51,H50,H49,H48,H47,H46
 /                                                                             
 &wt TYPE='TEMP0', istep1=0, istep2=20000,                                     
  value1=0.1, value2=300.0, /                                                  
 &wt TYPE='END' /                                                              


Note: ig = -1. Setting random seed to   254942 based on wallclock time in 
      microseconds.
| irandom = 1, using AMBER's internal random number generator (default).
 
|--------------------- INFORMATION ----------------------
| GPU (CUDA) Version of PMEMD in use: NVIDIA GPU IN USE.
|                    Version 18.0.0
| 
|                      03/25/2018
| 
| Implementation by:
|                    Ross C. Walker     (SDSC)
|                    Scott Le Grand     (nVIDIA)
| 
| Version 18 performance extensions by:
|                    David Cerutti     (Rutgers)
| 
| Precision model in use:
|      [SPFP] - Single Precision Forces, 64-bit Fixed Point
|               Accumulation. (Default)
| 
|--------------------------------------------------------
 
|----------------- CITATION INFORMATION -----------------
|
|    When publishing work that utilized the CUDA version
|    of AMBER, please cite the following in addition to
|    the regular AMBER citations:
|
|  - Romelia Salomon-Ferrer; Andreas W. Goetz; Duncan
|    Poole; Scott Le Grand; Ross C. Walker "Routine
|    microsecond molecular dynamics simulations with
|    AMBER - Part II: Particle Mesh Ewald", J. Chem.
|    Theory Comput., 2013, 9 (9), pp3878-3888,
|    DOI: 10.1021/ct400314y.
|
|  - Andreas W. Goetz; Mark J. Williamson; Dong Xu;
|    Duncan Poole; Scott Le Grand; Ross C. Walker
|    "Routine microsecond molecular dynamics simulations
|    with AMBER - Part I: Generalized Born", J. Chem.
|    Theory Comput., 2012, 8 (5), pp1542-1555.
|
|  - Scott Le Grand; Andreas W. Goetz; Ross C. Walker
|    "SPFP: Speed without compromise - a mixed precision
|    model for GPU accelerated molecular dynamics
|    simulations.", Comp. Phys. Comm., 2013, 184
|    pp374-380, DOI: 10.1016/j.cpc.2012.09.022
|
|    When publishing work that utilized the CUDA version
|    of TI, BAR, MBAR or FEP please cite the following 
|    publications in addition to the regular AMBER 
|    GPU citations:
|
|  - Daniel J. Mermelstein; Charles Lin; Gard Nelson; 
|    Rachael Kretsch; J. Andrew McCammon; Ross C. Walker
|    "Fast and Flexible GPU Accelerated Binding 
|    Free Energy Calculations within the AMBER Molecular
|    Dynamics Package" J. Comp. Chem., 2018,
|    DOI: 10.1002/jcc.25187
|
|  - Tai-Sung Lee; Yuan Hu; Brad Sherborne; Zhuyan Guo;
|    Darrin M. York
|    "Toward Fast and Accurate Binding Affinity Prediction with
|    pmemdGTI: An Efficient Implementation of GPU-Accelerated
|    Thermodynamic Integration"
|    J. Chem. Theory Comput., 2017, 13 (7), 3077
|
|
|--------------------------------------------------------
 
|------------------- GPU DEVICE INFO --------------------
|
|            CUDA_VISIBLE_DEVICES: 0
|   CUDA Capable Devices Detected:      1
|           CUDA Device ID in use:      0
|                CUDA Device Name: NVIDIA GeForce RTX 2080
|     CUDA Device Global Mem Size:   7982 MB
| CUDA Device Num Multiprocessors:     46
|           CUDA Device Core Freq:   1.71 GHz
|
|--------------------------------------------------------
 
 
| Conditional Compilation Defines Used:
| PUBFFT
| BINTRAJ
| CUDA
| EMIL

| Largest sphere to fit in unit cell has radius =    28.285

| New format PARM file being parsed.
| Version =    1.000 Date = 10/05/24 Time = 17:06:23

| Note: 1-4 EEL scale factors are being read from the topology file.

| Note: 1-4 VDW scale factors are being read from the topology file.
| Duplicated    0 dihedrals

| Duplicated    0 dihedrals

--------------------------------------------------------------------------------
   1.  RESOURCE   USE: 
--------------------------------------------------------------------------------

 getting box info from netcdf restart file
 NATOM  =   17464 NTYPES =      31 NBONH =   15011 MBONA  =    2503
 NTHETH =    5537 MTHETA =    3396 NPHIH =   11178 MPHIA  =   10632
 NHPARM =       0 NPARM  =       0 NNB   =   43744 NRES   =    4497
 NBONA  =    2503 NTHETA =    3396 NPHIA =   10632 NUMBND =      93
 NUMANG =     208 NPTRA  =     215 NATYP =      53 NPHB   =       1
 IFBOX  =       1 NMXRS  =      62 IFCAP =       0 NEXTRA =       0
 NCOPY  =       0

| Coordinate Index Table dimensions:    11   10   11
| Direct force subcell size =     5.9561    5.6570    5.5474

     BOX TYPE: RECTILINEAR

--------------------------------------------------------------------------------
   2.  CONTROL  DATA  FOR  THE  RUN
--------------------------------------------------------------------------------

L0                                                                              

General flags:
     imin    =       0, nmropt  =       1

Nature and format of input:
     ntx     =       1, irest   =       0, ntrx    =       1

Nature and format of output:
     ntxo    =       2, ntpr    =    1000, ntrx    =       1, ntwr    =    1000
     iwrap   =       0, ntwx    =       0, ntwv    =       0, ntwe    =       0
     ioutfm  =       1, ntwprt  =       0, idecomp =       0, rbornstat=      0

Potential function:
     ntf     =       1, ntb     =       1, igb     =       0, nsnb    =      25
     ipol    =       0, gbsa    =       0, iesp    =       0
     dielc   =   1.00000, cut     =  10.00000, intdiel =   1.00000

Frozen or restrained atoms:
     ibelly  =       0, ntr     =       1
     restraint_wt =  20.00000

Molecular dynamics:
     nstlim  =     25000, nscm    =         0, nrespa  =         1
     t       =   0.00000, dt      =   0.00200, vlimit  =  -1.00000

Langevin dynamics temperature regulation:
     ig      =  254942
     temp0   = 300.00000, tempi   =   0.10000, gamma_ln=   1.00000

SHAKE:
     ntc     =       2, jfastw  =       0
     tol     =   0.00001

NMR refinement options:
     iscale  =       0, noeskp  =       1, ipnlty  =       1, mxsub   =       1
     scalm   = 100.00000, pencut  =   0.10000, tausw   =   0.10000

Free energy options:
     icfe    =       1, ifsc    =       1, klambda =       1
     clambda =  0.7937, scalpha =  0.2000, scbeta  = 50.0000
     sceeorder =       2
     dynlmb =  0.0000 logdvdl =       0

| Intermolecular bonds treatment:
|     no_intermolecular_bonds =       1

| Energy averages sample interval:
|     ene_avg_sampling =    1000

Ewald parameters:
     verbose =       0, ew_type =       0, nbflag  =       1, use_pme =       1
     vdwmeth =       1, eedmeth =       1, netfrc  =       1
     Box X =   65.517   Box Y =   56.570   Box Z =   61.021
     Alpha =   90.000   Beta  =   90.000   Gamma =   90.000
     NFFT1 =   64       NFFT2 =   64       NFFT3 =   64
     Cutoff=   10.000   Tol   =0.100E-04
     Ewald Coefficient =  0.27511
     Interpolation order =    4

    LOADING THE CONSTRAINED ATOMS AS GROUPS


   5.  REFERENCE ATOM COORDINATES

  L0                                                                              
     Mask :309|!(:WAT|@H=|:Na+|:Cl-); matches  2446 atoms
     TI Mask 1 :1; matches     62 atoms
     TI Mask 2 :2; matches     61 atoms
     TI region 1:   17403 atoms
     TI region 2:   17402 atoms
     SC Mask 1 :1@C29,H62,H59,H58,H57,H56,H55,H54,H53,H52,H51,H50,H49,H48,H47,H46,H41,H40,H39,H38,H37,H36,H35,H34,H33,H32,C27,O26,C25,O24,C23,O22,C21,C20,C19,C18,C17,C7,C6,C5,C4,N3; matches     42 atoms
     SC Mask 2 :2@H46,C5,C6,C7,O8,C9,C10,C11,C12,C13,C14,O15,C16,C24,C25,N26,C27,C28,H33,H34,H35,H36,H37,H38,H39,H40,H41,H42,H43,H44,H45,H49,H50,H51,H52,H53,H54,H55,H56,H57,H61; matches     41 atoms

|--------------------------------------------------------------------------------------------
| Extra TI control variables
|     gti_add_sc     =   1, gti_ele_gauss  =   0, gti_auto_alpha =   0, gti_scale_beta =   0
|     gti_ele_exp    =   2, gti_vdw_exp    =   6, gti_ele_sc     =   1, gti_vdw_sc     =   1
|     gti_cut        =   1, gti_cut_sc     =   0
|     gti_cut_sc_on    =  0.0000, gti_cut_sc_off    =  0.0000
|--------------------------------------------------------------------------------------------


--------------------------------------------------------------------------------
   3.  ATOMIC COORDINATES AND VELOCITIES
--------------------------------------------------------------------------------

L0                                                                              
 begin time read from input coords =     0.000 ps



           Begin reading energy term weight changes/NMR restraints
 WEIGHT CHANGES:
 TEMP0         0  20000    0.100000  300.000000      0      0

 RESTRAINTS:
                          ** No restraint defined **

                  Done reading weight changes/NMR restraints


 
 Number of triangulated 3-point waters found:     4189
   Removing shake constraints from C2    L0    1 -- H33   L0    1
   Removing shake constraints from C2    L0    1 -- H32   L0    1
   Removing shake constraints from C17   L1    2 -- H46   L1    2
 Number of shake restraints removed in TI region  1 :        2
 Number of shake restraints removed in TI region  2 :        1

     Sum of charges for TI region  1 =  -0.00001916
     Skip neutralizing charges...


     Sum of charges for TI region  2 =  -0.00002514
     Skip neutralizing charges...

| Dynamic Memory, Types Used:
| Reals              867995
| Integers          1262921

| Nonbonded Pairs Initial Allocation:     5282423

| GPU memory information (estimate):
| KB of GPU memory in use:    147303
| KB of CPU memory in use:     47637

--------------------------------------------------------------------------------
   4.  RESULTS
--------------------------------------------------------------------------------

   DOF for the SC part  1 of the system:  103
   SHAKE constraints in the SC region:   23
   DOF for the SC part  2 of the system:  100
   SHAKE constraints in the SC region:   23

| TI region  1


 NSTEP =        0   TIME(PS) =       0.000  TEMP(K) =     0.14  PRESS =     0.0
 Etot   =    -59927.0594  EKtot   =         5.2351  EPtot      =    -59932.2945
 BOND   =      3834.6155  ANGLE   =       626.5373  DIHED      =      3369.9106
 1-4 NB =       971.6063  1-4 EEL =     10677.3816  VDWAALS    =      6467.0024
 EELEC  =    -85879.3481  EHBOND  =         0.0000  RESTRAINT  =         0.0000
 DV/DL  =       -73.0368
 ------------------------------------------------------------------------------

  Softcore part of the system:      42 atoms,       TEMP(K)    =           0.29
 SC_Etot=        91.0894  SC_EKtot=         0.0292  SC_EPtot   =        91.0602
 SC_BOND=         0.6122  SC_ANGLE=         7.8066  SC_DIHED   =        18.9288
 SC_14NB=         3.0693  SC_14EEL=        26.0422  SC_VDW     =         0.1158
 SC_EEL =        34.4854
 SC_RES_DIST=     0.0000  SC_RES_ANG=       0.0000  SC_RES_TORS=         0.0000
 SC_EEL_DER=    -34.8263  SC_VDW_DER=       5.7047  SC_DERIV   =       -29.1216
 ------------------------------------------------------------------------------


| TI region  2


 NSTEP =        0   TIME(PS) =       0.000  TEMP(K) =     0.14  PRESS =     0.0
 Etot   =    -59927.0618  EKtot   =         5.2327  EPtot      =    -59932.2945
 BOND   =      3834.6155  ANGLE   =       626.5373  DIHED      =      3369.9106
 1-4 NB =       971.6063  1-4 EEL =     10677.3816  VDWAALS    =      6467.0024
 EELEC  =    -85879.3481  EHBOND  =         0.0000  RESTRAINT  =         0.0000
 DV/DL  =       -73.0368
 ------------------------------------------------------------------------------

  Softcore part of the system:      41 atoms,       TEMP(K)    =           0.28
 SC_Etot=       164.0746  SC_EKtot=         0.0273  SC_EPtot   =       164.0472
 SC_BOND=         1.4235  SC_ANGLE=         2.7240  SC_DIHED   =        15.8381
 SC_14NB=         4.6391  SC_14EEL=        90.9706  SC_VDW     =        -0.4722
 SC_EEL =        48.9242
 SC_RES_DIST=     0.0000  SC_RES_ANG=       0.0000  SC_RES_TORS=         0.0000
 SC_EEL_DER=    -34.8263  SC_VDW_DER=       5.7047  SC_DERIV   =       -29.1216
 ------------------------------------------------------------------------------

 NMR restraints: Bond =    0.000   Angle =     0.000   Torsion =     0.000
===============================================================================

| TI region  1


 NSTEP =     1000   TIME(PS) =       2.000  TEMP(K) =    22.66  PRESS =     0.0
 Etot   =    -58812.8995  EKtot   =       838.3584  EPtot      =    -59651.2579
 BOND   =       178.0793  ANGLE   =       669.7190  DIHED      =      3384.3433
 1-4 NB =       980.5596  1-4 EEL =     10663.2195  VDWAALS    =      6479.0379
 EELEC  =    -82070.1094  EHBOND  =         0.0000  RESTRAINT  =        63.8929
 EAMBER (non-restraint)  =    -59715.1508
 DV/DL  =       -83.2711
 ------------------------------------------------------------------------------

  Softcore part of the system:      42 atoms,       TEMP(K)    =           7.58
 SC_Etot=        92.5656  SC_EKtot=         0.7758  SC_EPtot   =        91.7898
 SC_BOND=         0.7841  SC_ANGLE=         8.0286  SC_DIHED   =        19.0887
 SC_14NB=         3.0255  SC_14EEL=        26.0557  SC_VDW     =         0.1111
 SC_EEL =        34.6960
 SC_RES_DIST=     0.0000  SC_RES_ANG=       0.0000  SC_RES_TORS=         0.0000
 SC_EEL_DER=    -40.5943  SC_VDW_DER=       7.3646  SC_DERIV   =       -33.2297
 ------------------------------------------------------------------------------


| TI region  2


 NSTEP =     1000   TIME(PS) =       2.000  TEMP(K) =    22.66  PRESS =     0.0
 Etot   =    -58812.9504  EKtot   =       838.3075  EPtot      =    -59651.2579
 BOND   =       178.0793  ANGLE   =       669.7190  DIHED      =      3384.3433
 1-4 NB =       980.5596  1-4 EEL =     10663.2195  VDWAALS    =      6479.0379
 EELEC  =    -82070.1094  EHBOND  =         0.0000  RESTRAINT  =        63.8929
 EAMBER (non-restraint)  =    -59715.1508
 DV/DL  =       -83.2711
 ------------------------------------------------------------------------------

  Softcore part of the system:      41 atoms,       TEMP(K)    =           7.30
 SC_Etot=       165.9357  SC_EKtot=         0.7249  SC_EPtot   =       165.2107
 SC_BOND=         1.2952  SC_ANGLE=         2.9852  SC_DIHED   =        15.9589
 SC_14NB=         4.8209  SC_14EEL=        91.0306  SC_VDW     =        -0.3679
 SC_EEL =        49.4879
 SC_RES_DIST=     0.0000  SC_RES_ANG=       0.0000  SC_RES_TORS=         0.0000
 SC_EEL_DER=    -40.5943  SC_VDW_DER=       7.3646  SC_DERIV   =       -33.2297
 ------------------------------------------------------------------------------

 NMR restraints: Bond =    0.000   Angle =     0.000   Torsion =     0.000
===============================================================================

| TI region  1


 NSTEP =     2000   TIME(PS) =       4.000  TEMP(K) =    26.60  PRESS =     0.0
 Etot   =    -58886.5209  EKtot   =       983.9356  EPtot      =    -59870.4565
 BOND   =       203.4632  ANGLE   =       746.7967  DIHED      =      3398.6745
 1-4 NB =       990.9335  1-4 EEL =     10674.4505  VDWAALS    =      6436.2839
 EELEC  =    -82401.2906  EHBOND  =         0.0000  RESTRAINT  =        80.2317
 EAMBER (non-restraint)  =    -59950.6882
 DV/DL  =       -75.6954
 ------------------------------------------------------------------------------

  Softcore part of the system:      42 atoms,       TEMP(K)    =          24.96
 SC_Etot=        95.7103  SC_EKtot=         2.5549  SC_EPtot   =        93.1555
 SC_BOND=         1.2027  SC_ANGLE=         9.3939  SC_DIHED   =        18.5957
 SC_14NB=         2.9568  SC_14EEL=        26.1167  SC_VDW     =         0.0960
 SC_EEL =        34.7936
 SC_RES_DIST=     0.0000  SC_RES_ANG=       0.0000  SC_RES_TORS=         0.0000
 SC_EEL_DER=    -38.9232  SC_VDW_DER=       7.1133  SC_DERIV   =       -31.8099
 ------------------------------------------------------------------------------


| TI region  2


 NSTEP =     2000   TIME(PS) =       4.000  TEMP(K) =    26.58  PRESS =     0.0
 Etot   =    -58887.1293  EKtot   =       983.3273  EPtot      =    -59870.4565
 BOND   =       203.4632  ANGLE   =       746.7967  DIHED      =      3398.6745
 1-4 NB =       990.9335  1-4 EEL =     10674.4505  VDWAALS    =      6436.2839
 EELEC  =    -82401.2906  EHBOND  =         0.0000  RESTRAINT  =        80.2317
 EAMBER (non-restraint)  =    -59950.6882
 DV/DL  =       -75.6954
 ------------------------------------------------------------------------------

  Softcore part of the system:      41 atoms,       TEMP(K)    =          19.59
 SC_Etot=       168.5143  SC_EKtot=         1.9465  SC_EPtot   =       166.5678
 SC_BOND=         1.2355  SC_ANGLE=         3.9105  SC_DIHED   =        16.2252
 SC_14NB=         4.8732  SC_14EEL=        91.2808  SC_VDW     =        -0.4336
 SC_EEL =        49.4763
 SC_RES_DIST=     0.0000  SC_RES_ANG=       0.0000  SC_RES_TORS=         0.0000
 SC_EEL_DER=    -38.9232  SC_VDW_DER=       7.1133  SC_DERIV   =       -31.8099
 ------------------------------------------------------------------------------

 NMR restraints: Bond =    0.000   Angle =     0.000   Torsion =     0.000
===============================================================================

| TI region  1


 NSTEP =     3000   TIME(PS) =       6.000  TEMP(K) =    38.76  PRESS =     0.0
 Etot   =    -58044.2021  EKtot   =      1433.8706  EPtot      =    -59478.0727
 BOND   =       241.0121  ANGLE   =       828.5013  DIHED      =      3412.3895
 1-4 NB =       993.4747  1-4 EEL =     10671.5760  VDWAALS    =      6356.5225
 EELEC  =    -82084.6190  EHBOND  =         0.0000  RESTRAINT  =       103.0702
 EAMBER (non-restraint)  =    -59581.1429
 DV/DL  =       -79.3398
 ------------------------------------------------------------------------------

  Softcore part of the system:      42 atoms,       TEMP(K)    =          30.19
 SC_Etot=        99.2987  SC_EKtot=         3.0894  SC_EPtot   =        96.2094
 SC_BOND=         1.3982  SC_ANGLE=         9.4537  SC_DIHED   =        21.2244
 SC_14NB=         3.1638  SC_14EEL=        26.5523  SC_VDW     =         0.4472
 SC_EEL =        33.9698
 SC_RES_DIST=     0.0000  SC_RES_ANG=       0.0000  SC_RES_TORS=         0.0000
 SC_EEL_DER=    -37.0061  SC_VDW_DER=       6.4857  SC_DERIV   =       -30.5204
 ------------------------------------------------------------------------------


| TI region  2


 NSTEP =     3000   TIME(PS) =       6.000  TEMP(K) =    38.79  PRESS =     0.0
 Etot   =    -58043.3740  EKtot   =      1434.6987  EPtot      =    -59478.0727
 BOND   =       241.0121  ANGLE   =       828.5013  DIHED      =      3412.3895
 1-4 NB =       993.4747  1-4 EEL =     10671.5760  VDWAALS    =      6356.5225
 EELEC  =    -82084.6190  EHBOND  =         0.0000  RESTRAINT  =       103.0702
 EAMBER (non-restraint)  =    -59581.1429
 DV/DL  =       -79.3398
 ------------------------------------------------------------------------------

  Softcore part of the system:      41 atoms,       TEMP(K)    =          39.43
 SC_Etot=       171.5497  SC_EKtot=         3.9175  SC_EPtot   =       167.6322
 SC_BOND=         2.4784  SC_ANGLE=         5.0128  SC_DIHED   =        15.9744
 SC_14NB=         4.4621  SC_14EEL=        90.6678  SC_VDW     =        -0.5534
 SC_EEL =        49.5901
 SC_RES_DIST=     0.0000  SC_RES_ANG=       0.0000  SC_RES_TORS=         0.0000
 SC_EEL_DER=    -37.0061  SC_VDW_DER=       6.4857  SC_DERIV   =       -30.5204
 ------------------------------------------------------------------------------

 NMR restraints: Bond =    0.000   Angle =     0.000   Torsion =     0.000
===============================================================================

| TI region  1


 NSTEP =     4000   TIME(PS) =       8.000  TEMP(K) =    53.18  PRESS =     0.0
 Etot   =    -57069.0117  EKtot   =      1967.2263  EPtot      =    -59036.2379
 BOND   =       281.8709  ANGLE   =       925.2658  DIHED      =      3448.3756
 1-4 NB =      1002.7080  1-4 EEL =     10676.4539  VDWAALS    =      6303.5047
 EELEC  =    -81811.2652  EHBOND  =         0.0000  RESTRAINT  =       136.8484
 EAMBER (non-restraint)  =    -59173.0863
 DV/DL  =       -80.3108
 ------------------------------------------------------------------------------

  Softcore part of the system:      42 atoms,       TEMP(K)    =          57.76
 SC_Etot=       102.9828  SC_EKtot=         5.9112  SC_EPtot   =        97.0715
 SC_BOND=         2.5006  SC_ANGLE=        12.1030  SC_DIHED   =        18.9661
 SC_14NB=         2.8877  SC_14EEL=        25.6696  SC_VDW     =         0.1039
 SC_EEL =        34.8406
 SC_RES_DIST=     0.0000  SC_RES_ANG=       0.0000  SC_RES_TORS=         0.0000
 SC_EEL_DER=    -38.6614  SC_VDW_DER=       8.0046  SC_DERIV   =       -30.6568
 ------------------------------------------------------------------------------


| TI region  2


 NSTEP =     4000   TIME(PS) =       8.000  TEMP(K) =    53.19  PRESS =     0.0
 Etot   =    -57068.9807  EKtot   =      1967.2573  EPtot      =    -59036.2379
 BOND   =       281.8709  ANGLE   =       925.2658  DIHED      =      3448.3756
 1-4 NB =      1002.7080  1-4 EEL =     10676.4539  VDWAALS    =      6303.5047
 EELEC  =    -81811.2652  EHBOND  =         0.0000  RESTRAINT  =       136.8484
 EAMBER (non-restraint)  =    -59173.0863
 DV/DL  =       -80.3108
 ------------------------------------------------------------------------------

  Softcore part of the system:      41 atoms,       TEMP(K)    =          59.81
 SC_Etot=       175.8400  SC_EKtot=         5.9422  SC_EPtot   =       169.8978
 SC_BOND=         2.6133  SC_ANGLE=         5.9409  SC_DIHED   =        16.4419
 SC_14NB=         4.7538  SC_14EEL=        91.2127  SC_VDW     =        -0.2557
 SC_EEL =        49.1909
 SC_RES_DIST=     0.0000  SC_RES_ANG=       0.0000  SC_RES_TORS=         0.0000
 SC_EEL_DER=    -38.6614  SC_VDW_DER=       8.0046  SC_DERIV   =       -30.6568
 ------------------------------------------------------------------------------

 NMR restraints: Bond =    0.000   Angle =     0.000   Torsion =     0.000
===============================================================================

| TI region  1


 NSTEP =     5000   TIME(PS) =      10.000  TEMP(K) =    67.53  PRESS =     0.0
 Etot   =    -56070.0726  EKtot   =      2498.2162  EPtot      =    -58568.2888
 BOND   =       330.9919  ANGLE   =       987.5699  DIHED      =      3445.8966
 1-4 NB =       997.2731  1-4 EEL =     10650.7894  VDWAALS    =      6200.1638
 EELEC  =    -81344.0839  EHBOND  =         0.0000  RESTRAINT  =       163.1105
 EAMBER (non-restraint)  =    -58731.3993
 DV/DL  =       -86.6738
 ------------------------------------------------------------------------------

  Softcore part of the system:      42 atoms,       TEMP(K)    =          73.25
 SC_Etot=       105.2656  SC_EKtot=         7.4967  SC_EPtot   =        97.7689
 SC_BOND=         1.3602  SC_ANGLE=        14.1345  SC_DIHED   =        19.0928
 SC_14NB=         3.2488  SC_14EEL=        25.9001  SC_VDW     =        -0.2275
 SC_EEL =        34.2599
 SC_RES_DIST=     0.0000  SC_RES_ANG=       0.0000  SC_RES_TORS=         0.0000
 SC_EEL_DER=    -37.1700  SC_VDW_DER=       5.9604  SC_DERIV   =       -31.2095
 ------------------------------------------------------------------------------


| TI region  2


 NSTEP =     5000   TIME(PS) =      10.000  TEMP(K) =    67.49  PRESS =     0.0
 Etot   =    -56071.7492  EKtot   =      2496.5396  EPtot      =    -58568.2888
 BOND   =       330.9919  ANGLE   =       987.5699  DIHED      =      3445.8966
 1-4 NB =       997.2731  1-4 EEL =     10650.7894  VDWAALS    =      6200.1638
 EELEC  =    -81344.0839  EHBOND  =         0.0000  RESTRAINT  =       163.1105
 EAMBER (non-restraint)  =    -58731.3993
 DV/DL  =       -86.6738
 ------------------------------------------------------------------------------

  Softcore part of the system:      41 atoms,       TEMP(K)    =          58.58
 SC_Etot=       177.6406  SC_EKtot=         5.8201  SC_EPtot   =       171.8205
 SC_BOND=         3.1513  SC_ANGLE=         8.4725  SC_DIHED   =        17.5868
 SC_14NB=         4.2520  SC_14EEL=        90.6076  SC_VDW     =        -1.0236
 SC_EEL =        48.7740
 SC_RES_DIST=     0.0000  SC_RES_ANG=       0.0000  SC_RES_TORS=         0.0000
 SC_EEL_DER=    -37.1700  SC_VDW_DER=       5.9604  SC_DERIV   =       -31.2095
 ------------------------------------------------------------------------------

 NMR restraints: Bond =    0.000   Angle =     0.000   Torsion =     0.000
===============================================================================

| TI region  1


 NSTEP =     6000   TIME(PS) =      12.000  TEMP(K) =    83.08  PRESS =     0.0
 Etot   =    -54978.8004  EKtot   =      3073.2381  EPtot      =    -58052.0385
 BOND   =       339.6960  ANGLE   =      1098.0793  DIHED      =      3468.2391
 1-4 NB =      1018.3117  1-4 EEL =     10670.0951  VDWAALS    =      6130.4947
 EELEC  =    -80965.3822  EHBOND  =         0.0000  RESTRAINT  =       188.4278
 EAMBER (non-restraint)  =    -58240.4663
 DV/DL  =       -70.4760
 ------------------------------------------------------------------------------

  Softcore part of the system:      42 atoms,       TEMP(K)    =          80.03
 SC_Etot=       106.2220  SC_EKtot=         8.1905  SC_EPtot   =        98.0315
 SC_BOND=         2.2585  SC_ANGLE=        11.8112  SC_DIHED   =        18.8232
 SC_14NB=         3.7241  SC_14EEL=        25.9273  SC_VDW     =         1.0952
 SC_EEL =        34.3920
 SC_RES_DIST=     0.0000  SC_RES_ANG=       0.0000  SC_RES_TORS=         0.0000
 SC_EEL_DER=    -25.9610  SC_VDW_DER=       6.1898  SC_DERIV   =       -19.7712
 ------------------------------------------------------------------------------


| TI region  2


 NSTEP =     6000   TIME(PS) =      12.000  TEMP(K) =    83.14  PRESS =     0.0
 Etot   =    -54976.6992  EKtot   =      3075.3394  EPtot      =    -58052.0385
 BOND   =       339.6960  ANGLE   =      1098.0793  DIHED      =      3468.2391
 1-4 NB =      1018.3117  1-4 EEL =     10670.0951  VDWAALS    =      6130.4947
 EELEC  =    -80965.3822  EHBOND  =         0.0000  RESTRAINT  =       188.4278
 EAMBER (non-restraint)  =    -58240.4663
 DV/DL  =       -70.4760
 ------------------------------------------------------------------------------

  Softcore part of the system:      41 atoms,       TEMP(K)    =         103.58
 SC_Etot=       182.6045  SC_EKtot=        10.2917  SC_EPtot   =       172.3127
 SC_BOND=         2.6365  SC_ANGLE=         7.8607  SC_DIHED   =        15.4725
 SC_14NB=         5.7488  SC_14EEL=        91.1616  SC_VDW     =        -0.3875
 SC_EEL =        49.8200
 SC_RES_DIST=     0.0000  SC_RES_ANG=       0.0000  SC_RES_TORS=         0.0000
 SC_EEL_DER=    -25.9610  SC_VDW_DER=       6.1898  SC_DERIV   =       -19.7712
 ------------------------------------------------------------------------------

 NMR restraints: Bond =    0.000   Angle =     0.000   Torsion =     0.000
===============================================================================

| TI region  1


 NSTEP =     7000   TIME(PS) =      14.000  TEMP(K) =    97.05  PRESS =     0.0
 Etot   =    -53980.5177  EKtot   =      3590.0080  EPtot      =    -57570.5257
 BOND   =       391.2031  ANGLE   =      1168.8598  DIHED      =      3489.2462
 1-4 NB =      1010.7300  1-4 EEL =     10659.2471  VDWAALS    =      5760.6434
 EELEC  =    -80267.6936  EHBOND  =         0.0000  RESTRAINT  =       217.2382
 EAMBER (non-restraint)  =    -57787.7640
 DV/DL  =       -79.1658
 ------------------------------------------------------------------------------

  Softcore part of the system:      42 atoms,       TEMP(K)    =          90.23
 SC_Etot=       109.2101  SC_EKtot=         9.2346  SC_EPtot   =        99.9754
 SC_BOND=         1.6596  SC_ANGLE=        13.7244  SC_DIHED   =        20.4070
 SC_14NB=         3.1824  SC_14EEL=        26.1612  SC_VDW     =         0.4471
 SC_EEL =        34.3937
 SC_RES_DIST=     0.0000  SC_RES_ANG=       0.0000  SC_RES_TORS=         0.0000
 SC_EEL_DER=    -32.3038  SC_VDW_DER=       5.9797  SC_DERIV   =       -26.3241
 ------------------------------------------------------------------------------


| TI region  2


 NSTEP =     7000   TIME(PS) =      14.000  TEMP(K) =    97.01  PRESS =     0.0
 Etot   =    -53982.3901  EKtot   =      3588.1356  EPtot      =    -57570.5257
 BOND   =       391.2031  ANGLE   =      1168.8598  DIHED      =      3489.2462
 1-4 NB =      1010.7300  1-4 EEL =     10659.2471  VDWAALS    =      5760.6434
 EELEC  =    -80267.6936  EHBOND  =         0.0000  RESTRAINT  =       217.2382
 EAMBER (non-restraint)  =    -57787.7640
 DV/DL  =       -79.1658
 ------------------------------------------------------------------------------

  Softcore part of the system:      41 atoms,       TEMP(K)    =          74.10
 SC_Etot=       177.9587  SC_EKtot=         7.3622  SC_EPtot   =       170.5965
 SC_BOND=         2.0836  SC_ANGLE=         7.8784  SC_DIHED   =        15.6089
 SC_14NB=         4.8383  SC_14EEL=        91.4726  SC_VDW     =        -0.2858
 SC_EEL =        49.0005
 SC_RES_DIST=     0.0000  SC_RES_ANG=       0.0000  SC_RES_TORS=         0.0000
 SC_EEL_DER=    -32.3038  SC_VDW_DER=       5.9797  SC_DERIV   =       -26.3241
 ------------------------------------------------------------------------------

 NMR restraints: Bond =    0.000   Angle =     0.000   Torsion =     0.000
===============================================================================

| TI region  1


 NSTEP =     8000   TIME(PS) =      16.000  TEMP(K) =   113.93  PRESS =     0.0
 Etot   =    -52865.7677  EKtot   =      4214.4672  EPtot      =    -57080.2349
 BOND   =       437.7807  ANGLE   =      1236.5130  DIHED      =      3503.4676
 1-4 NB =      1020.6273  1-4 EEL =     10639.6130  VDWAALS    =      5892.2670
 EELEC  =    -80064.0810  EHBOND  =         0.0000  RESTRAINT  =       253.5775
 EAMBER (non-restraint)  =    -57333.8124
 DV/DL  =       -76.4335
 ------------------------------------------------------------------------------

  Softcore part of the system:      42 atoms,       TEMP(K)    =         100.94
 SC_Etot=       111.7742  SC_EKtot=        10.3303  SC_EPtot   =       101.4440
 SC_BOND=         3.1722  SC_ANGLE=        14.1530  SC_DIHED   =        20.1072
 SC_14NB=         3.3135  SC_14EEL=        26.4678  SC_VDW     =         0.0318
 SC_EEL =        34.1984
 SC_RES_DIST=     0.0000  SC_RES_ANG=       0.0000  SC_RES_TORS=         0.0000
 SC_EEL_DER=    -27.6296  SC_VDW_DER=       5.1903  SC_DERIV   =       -22.4394
 ------------------------------------------------------------------------------


| TI region  2


 NSTEP =     8000   TIME(PS) =      16.000  TEMP(K) =   113.95  PRESS =     0.0
 Etot   =    -52865.5186  EKtot   =      4214.7163  EPtot      =    -57080.2349
 BOND   =       437.7807  ANGLE   =      1236.5130  DIHED      =      3503.4676
 1-4 NB =      1020.6273  1-4 EEL =     10639.6130  VDWAALS    =      5892.2670
 EELEC  =    -80064.0810  EHBOND  =         0.0000  RESTRAINT  =       253.5775
 EAMBER (non-restraint)  =    -57333.8124
 DV/DL  =       -76.4335
 ------------------------------------------------------------------------------

  Softcore part of the system:      41 atoms,       TEMP(K)    =         106.48
 SC_Etot=       184.3898  SC_EKtot=        10.5793  SC_EPtot   =       173.8105
 SC_BOND=         3.4402  SC_ANGLE=         8.4409  SC_DIHED   =        17.1372
 SC_14NB=         4.9002  SC_14EEL=        91.2881  SC_VDW     =        -0.0511
 SC_EEL =        48.6549
 SC_RES_DIST=     0.0000  SC_RES_ANG=       0.0000  SC_RES_TORS=         0.0000
 SC_EEL_DER=    -27.6296  SC_VDW_DER=       5.1903  SC_DERIV   =       -22.4394
 ------------------------------------------------------------------------------

 NMR restraints: Bond =    0.000   Angle =     0.000   Torsion =     0.000
===============================================================================

| TI region  1


 NSTEP =     9000   TIME(PS) =      18.000  TEMP(K) =   127.14  PRESS =     0.0
 Etot   =    -51870.7190  EKtot   =      4703.2359  EPtot      =    -56573.9549
 BOND   =       453.0045  ANGLE   =      1337.8772  DIHED      =      3529.0822
 1-4 NB =      1039.1791  1-4 EEL =     10647.0732  VDWAALS    =      5633.9072
 EELEC  =    -79496.7131  EHBOND  =         0.0000  RESTRAINT  =       282.6349
 EAMBER (non-restraint)  =    -56856.5898
 DV/DL  =       -73.7204
 ------------------------------------------------------------------------------

  Softcore part of the system:      42 atoms,       TEMP(K)    =          93.73
 SC_Etot=       111.2515  SC_EKtot=         9.5928  SC_EPtot   =       101.6587
 SC_BOND=         2.6234  SC_ANGLE=        14.9854  SC_DIHED   =        19.8220
 SC_14NB=         2.8049  SC_14EEL=        26.2220  SC_VDW     =         0.7817
 SC_EEL =        34.4194
 SC_RES_DIST=     0.0000  SC_RES_ANG=       0.0000  SC_RES_TORS=         0.0000
 SC_EEL_DER=    -30.2929  SC_VDW_DER=       6.1332  SC_DERIV   =       -24.1597
 ------------------------------------------------------------------------------


| TI region  2


 NSTEP =     9000   TIME(PS) =      18.000  TEMP(K) =   127.18  PRESS =     0.0
 Etot   =    -51869.8732  EKtot   =      4704.0817  EPtot      =    -56573.9549
 BOND   =       453.0045  ANGLE   =      1337.8772  DIHED      =      3529.0822
 1-4 NB =      1039.1791  1-4 EEL =     10647.0732  VDWAALS    =      5633.9072
 EELEC  =    -79496.7131  EHBOND  =         0.0000  RESTRAINT  =       282.6349
 EAMBER (non-restraint)  =    -56856.5898
 DV/DL  =       -73.7204
 ------------------------------------------------------------------------------

  Softcore part of the system:      41 atoms,       TEMP(K)    =         105.06
 SC_Etot=       186.2404  SC_EKtot=        10.4386  SC_EPtot   =       175.8019
 SC_BOND=         3.4965  SC_ANGLE=         9.7226  SC_DIHED   =        17.1119
 SC_14NB=         4.6917  SC_14EEL=        91.6081  SC_VDW     =        -0.9912
 SC_EEL =        50.1623
 SC_RES_DIST=     0.0000  SC_RES_ANG=       0.0000  SC_RES_TORS=         0.0000
 SC_EEL_DER=    -30.2929  SC_VDW_DER=       6.1332  SC_DERIV   =       -24.1597
 ------------------------------------------------------------------------------

 NMR restraints: Bond =    0.000   Angle =     0.000   Torsion =     0.000
===============================================================================

| TI region  1


 NSTEP =    10000   TIME(PS) =      20.000  TEMP(K) =   142.41  PRESS =     0.0
 Etot   =    -50745.3085  EKtot   =      5268.0211  EPtot      =    -56013.3296
 BOND   =       506.7304  ANGLE   =      1438.7715  DIHED      =      3553.9853
 1-4 NB =      1023.5450  1-4 EEL =     10663.6393  VDWAALS    =      5358.5360
 EELEC  =    -78873.4913  EHBOND  =         0.0000  RESTRAINT  =       314.9541
 EAMBER (non-restraint)  =    -56328.2837
 DV/DL  =       -79.9053
 ------------------------------------------------------------------------------

  Softcore part of the system:      42 atoms,       TEMP(K)    =         117.12
 SC_Etot=       115.9082  SC_EKtot=        11.9861  SC_EPtot   =       103.9221
 SC_BOND=         4.7080  SC_ANGLE=        14.8560  SC_DIHED   =        20.0148
 SC_14NB=         3.6842  SC_14EEL=        25.6188  SC_VDW     =         0.1698
 SC_EEL =        34.8705
 SC_RES_DIST=     0.0000  SC_RES_ANG=       0.0000  SC_RES_TORS=         0.0000
 SC_EEL_DER=    -32.8831  SC_VDW_DER=       5.3090  SC_DERIV   =       -27.5741
 ------------------------------------------------------------------------------


| TI region  2


 NSTEP =    10000   TIME(PS) =      20.000  TEMP(K) =   142.54  PRESS =     0.0
 Etot   =    -50740.8362  EKtot   =      5272.4934  EPtot      =    -56013.3296
 BOND   =       506.7304  ANGLE   =      1438.7715  DIHED      =      3553.9853
 1-4 NB =      1023.5450  1-4 EEL =     10663.6393  VDWAALS    =      5358.5360
 EELEC  =    -78873.4913  EHBOND  =         0.0000  RESTRAINT  =       314.9541
 EAMBER (non-restraint)  =    -56328.2837
 DV/DL  =       -79.9053
 ------------------------------------------------------------------------------

  Softcore part of the system:      41 atoms,       TEMP(K)    =         165.64
 SC_Etot=       195.6657  SC_EKtot=        16.4584  SC_EPtot   =       179.2073
 SC_BOND=         3.7615  SC_ANGLE=        11.4757  SC_DIHED   =        17.9324
 SC_14NB=         5.1284  SC_14EEL=        91.7566  SC_VDW     =         0.1430
 SC_EEL =        49.0098
 SC_RES_DIST=     0.0000  SC_RES_ANG=       0.0000  SC_RES_TORS=         0.0000
 SC_EEL_DER=    -32.8831  SC_VDW_DER=       5.3090  SC_DERIV   =       -27.5741
 ------------------------------------------------------------------------------

 NMR restraints: Bond =    0.000   Angle =     0.000   Torsion =     0.000
===============================================================================

| TI region  1


 NSTEP =    11000   TIME(PS) =      22.000  TEMP(K) =   157.41  PRESS =     0.0
 Etot   =    -49664.7249  EKtot   =      5822.9401  EPtot      =    -55487.6650
 BOND   =       515.1451  ANGLE   =      1533.4290  DIHED      =      3570.5893
 1-4 NB =      1036.4008  1-4 EEL =     10652.2754  VDWAALS    =      5394.0748
 EELEC  =    -78542.5244  EHBOND  =         0.0000  RESTRAINT  =       352.9449
 EAMBER (non-restraint)  =    -55840.6099
 DV/DL  =       -80.4921
 ------------------------------------------------------------------------------

  Softcore part of the system:      42 atoms,       TEMP(K)    =         138.20
 SC_Etot=       119.5572  SC_EKtot=        14.1433  SC_EPtot   =       105.4140
 SC_BOND=         4.9942  SC_ANGLE=        14.7219  SC_DIHED   =        20.4187
 SC_14NB=         3.0301  SC_14EEL=        27.0130  SC_VDW     =         0.9392
 SC_EEL =        34.2968
 SC_RES_DIST=     0.0000  SC_RES_ANG=       0.0000  SC_RES_TORS=         0.0000
 SC_EEL_DER=    -31.8866  SC_VDW_DER=       5.3924  SC_DERIV   =       -26.4942
 ------------------------------------------------------------------------------


| TI region  2


 NSTEP =    11000   TIME(PS) =      22.000  TEMP(K) =   157.43  PRESS =     0.0
 Etot   =    -49664.5566  EKtot   =      5823.1084  EPtot      =    -55487.6650
 BOND   =       515.1451  ANGLE   =      1533.4290  DIHED      =      3570.5893
 1-4 NB =      1036.4008  1-4 EEL =     10652.2754  VDWAALS    =      5394.0748
 EELEC  =    -78542.5244  EHBOND  =         0.0000  RESTRAINT  =       352.9449
 EAMBER (non-restraint)  =    -55840.6099
 DV/DL  =       -80.4921
 ------------------------------------------------------------------------------

  Softcore part of the system:      41 atoms,       TEMP(K)    =         144.04
 SC_Etot=       191.7521  SC_EKtot=        14.3116  SC_EPtot   =       177.4406
 SC_BOND=         3.5259  SC_ANGLE=        10.8261  SC_DIHED   =        17.5276
 SC_14NB=         4.8769  SC_14EEL=        91.7086  SC_VDW     =        -0.3375
 SC_EEL =        49.3128
 SC_RES_DIST=     0.0000  SC_RES_ANG=       0.0000  SC_RES_TORS=         0.0000
 SC_EEL_DER=    -31.8866  SC_VDW_DER=       5.3924  SC_DERIV   =       -26.4942
 ------------------------------------------------------------------------------

 NMR restraints: Bond =    0.000   Angle =     0.000   Torsion =     0.000
===============================================================================

| TI region  1


 NSTEP =    12000   TIME(PS) =      24.000  TEMP(K) =   173.34  PRESS =     0.0
 Etot   =    -48443.5060  EKtot   =      6412.2350  EPtot      =    -54855.7410
 BOND   =       555.9684  ANGLE   =      1610.9683  DIHED      =      3599.3306
 1-4 NB =      1045.9184  1-4 EEL =     10670.6401  VDWAALS    =      5079.8619
 EELEC  =    -77795.7821  EHBOND  =         0.0000  RESTRAINT  =       377.3534
 EAMBER (non-restraint)  =    -55233.0944
 DV/DL  =      -102.3544
 ------------------------------------------------------------------------------

  Softcore part of the system:      42 atoms,       TEMP(K)    =         183.93
 SC_Etot=       122.0363  SC_EKtot=        18.8237  SC_EPtot   =       103.2126
 SC_BOND=         3.1177  SC_ANGLE=        17.3138  SC_DIHED   =        19.3816
 SC_14NB=         3.0135  SC_14EEL=        25.8628  SC_VDW     =         0.5326
 SC_EEL =        33.9905
 SC_RES_DIST=     0.0000  SC_RES_ANG=       0.0000  SC_RES_TORS=         0.0000
 SC_EEL_DER=    -52.9363  SC_VDW_DER=       9.0899  SC_DERIV   =       -43.8464
 ------------------------------------------------------------------------------


| TI region  2


 NSTEP =    12000   TIME(PS) =      24.000  TEMP(K) =   173.33  PRESS =     0.0
 Etot   =    -48444.4034  EKtot   =      6411.3376  EPtot      =    -54855.7410
 BOND   =       555.9684  ANGLE   =      1610.9683  DIHED      =      3599.3306
 1-4 NB =      1045.9184  1-4 EEL =     10670.6401  VDWAALS    =      5079.8619
 EELEC  =    -77795.7821  EHBOND  =         0.0000  RESTRAINT  =       377.3534
 EAMBER (non-restraint)  =    -55233.0944
 DV/DL  =      -102.3544
 ------------------------------------------------------------------------------

  Softcore part of the system:      41 atoms,       TEMP(K)    =         180.42
 SC_Etot=       197.4295  SC_EKtot=        17.9263  SC_EPtot   =       179.5032
 SC_BOND=         5.4666  SC_ANGLE=         9.4149  SC_DIHED   =        18.6680
 SC_14NB=         4.7667  SC_14EEL=        92.6839  SC_VDW     =        -0.1274
 SC_EEL =        48.6306
 SC_RES_DIST=     0.0000  SC_RES_ANG=       0.0000  SC_RES_TORS=         0.0000
 SC_EEL_DER=    -52.9363  SC_VDW_DER=       9.0899  SC_DERIV   =       -43.8464
 ------------------------------------------------------------------------------

 NMR restraints: Bond =    0.000   Angle =     0.000   Torsion =     0.000
===============================================================================

| TI region  1


 NSTEP =    13000   TIME(PS) =      26.000  TEMP(K) =   188.29  PRESS =     0.0
 Etot   =    -47353.8868  EKtot   =      6965.0921  EPtot      =    -54318.9789
 BOND   =       608.7588  ANGLE   =      1657.3344  DIHED      =      3605.7855
 1-4 NB =      1038.5946  1-4 EEL =     10673.9027  VDWAALS    =      5021.3573
 EELEC  =    -77336.2881  EHBOND  =         0.0000  RESTRAINT  =       411.5759
 EAMBER (non-restraint)  =    -54730.5548
 DV/DL  =       -92.4681
 ------------------------------------------------------------------------------

  Softcore part of the system:      42 atoms,       TEMP(K)    =         189.07
 SC_Etot=       126.8321  SC_EKtot=        19.3495  SC_EPtot   =       107.4826
 SC_BOND=         4.9663  SC_ANGLE=        19.9114  SC_DIHED   =        19.6643
 SC_14NB=         3.1442  SC_14EEL=        25.2276  SC_VDW     =         0.1724
 SC_EEL =        34.3965
 SC_RES_DIST=     0.0000  SC_RES_ANG=       0.0000  SC_RES_TORS=         0.0000
 SC_EEL_DER=    -43.8756  SC_VDW_DER=       8.8366  SC_DERIV   =       -35.0390
 ------------------------------------------------------------------------------


| TI region  2


 NSTEP =    13000   TIME(PS) =      26.000  TEMP(K) =   188.22  PRESS =     0.0
 Etot   =    -47357.0547  EKtot   =      6961.9242  EPtot      =    -54318.9789
 BOND   =       608.7588  ANGLE   =      1657.3344  DIHED      =      3605.7855
 1-4 NB =      1038.5946  1-4 EEL =     10673.9027  VDWAALS    =      5021.3573
 EELEC  =    -77336.2881  EHBOND  =         0.0000  RESTRAINT  =       411.5759
 EAMBER (non-restraint)  =    -54730.5548
 DV/DL  =       -92.4681
 ------------------------------------------------------------------------------

  Softcore part of the system:      41 atoms,       TEMP(K)    =         162.86
 SC_Etot=       197.0083  SC_EKtot=        16.1815  SC_EPtot   =       180.8268
 SC_BOND=         3.2158  SC_ANGLE=        13.9318  SC_DIHED   =        17.8287
 SC_14NB=         5.0130  SC_14EEL=        91.2322  SC_VDW     =         0.2458
 SC_EEL =        49.3596
 SC_RES_DIST=     0.0000  SC_RES_ANG=       0.0000  SC_RES_TORS=         0.0000
 SC_EEL_DER=    -43.8756  SC_VDW_DER=       8.8366  SC_DERIV   =       -35.0390
 ------------------------------------------------------------------------------

 NMR restraints: Bond =    0.000   Angle =     0.000   Torsion =     0.000
===============================================================================

| TI region  1


 NSTEP =    14000   TIME(PS) =      28.000  TEMP(K) =   201.13  PRESS =     0.0
 Etot   =    -46210.0170  EKtot   =      7440.0056  EPtot      =    -53650.0225
 BOND   =       649.9696  ANGLE   =      1809.6976  DIHED      =      3635.2061
 1-4 NB =      1075.0423  1-4 EEL =     10620.6320  VDWAALS    =      4756.3723
 EELEC  =    -76636.9271  EHBOND  =         0.0000  RESTRAINT  =       439.9847
 EAMBER (non-restraint)  =    -54090.0072
 DV/DL  =      -113.5979
 ------------------------------------------------------------------------------

  Softcore part of the system:      42 atoms,       TEMP(K)    =         174.71
 SC_Etot=       127.5357  SC_EKtot=        17.8802  SC_EPtot   =       109.6555
 SC_BOND=         5.9540  SC_ANGLE=        17.8936  SC_DIHED   =        21.2272
 SC_14NB=         3.4156  SC_14EEL=        25.2048  SC_VDW     =         1.0242
 SC_EEL =        34.9361
 SC_RES_DIST=     0.0000  SC_RES_ANG=       0.0000  SC_RES_TORS=         0.0000
 SC_EEL_DER=    -53.9166  SC_VDW_DER=       7.2334  SC_DERIV   =       -46.6832
 ------------------------------------------------------------------------------


| TI region  2


 NSTEP =    14000   TIME(PS) =      28.000  TEMP(K) =   201.11  PRESS =     0.0
 Etot   =    -46211.3311  EKtot   =      7438.6914  EPtot      =    -53650.0225
 BOND   =       649.9696  ANGLE   =      1809.6976  DIHED      =      3635.2061
 1-4 NB =      1075.0423  1-4 EEL =     10620.6320  VDWAALS    =      4756.3723
 EELEC  =    -76636.9271  EHBOND  =         0.0000  RESTRAINT  =       439.9847
 EAMBER (non-restraint)  =    -54090.0072
 DV/DL  =      -113.5979
 ------------------------------------------------------------------------------

  Softcore part of the system:      41 atoms,       TEMP(K)    =         166.73
 SC_Etot=       200.8120  SC_EKtot=        16.5660  SC_EPtot   =       184.2461
 SC_BOND=         6.1040  SC_ANGLE=        13.9767  SC_DIHED   =        19.6769
 SC_14NB=         4.8887  SC_14EEL=        90.9910  SC_VDW     =        -1.1370
 SC_EEL =        49.7459
 SC_RES_DIST=     0.0000  SC_RES_ANG=       0.0000  SC_RES_TORS=         0.0000
 SC_EEL_DER=    -53.9166  SC_VDW_DER=       7.2334  SC_DERIV   =       -46.6832
 ------------------------------------------------------------------------------

 NMR restraints: Bond =    0.000   Angle =     0.000   Torsion =     0.000
===============================================================================

| TI region  1


 NSTEP =    15000   TIME(PS) =      30.000  TEMP(K) =   216.85  PRESS =     0.0
 Etot   =    -44851.1666  EKtot   =      8021.5148  EPtot      =    -52872.6815
 BOND   =       682.0693  ANGLE   =      1877.3689  DIHED      =      3633.1165
 1-4 NB =      1037.2556  1-4 EEL =     10616.3350  VDWAALS    =      4415.6269
 EELEC  =    -75606.4291  EHBOND  =         0.0000  RESTRAINT  =       471.9754
 EAMBER (non-restraint)  =    -53344.6569
 DV/DL  =      -100.4975
 ------------------------------------------------------------------------------

  Softcore part of the system:      42 atoms,       TEMP(K)    =         223.70
 SC_Etot=       132.3855  SC_EKtot=        22.8938  SC_EPtot   =       109.4917
 SC_BOND=         6.9654  SC_ANGLE=        15.9182  SC_DIHED   =        22.7329
 SC_14NB=         2.8995  SC_14EEL=        26.6331  SC_VDW     =         0.3698
 SC_EEL =        33.9728
 SC_RES_DIST=     0.0000  SC_RES_ANG=       0.0000  SC_RES_TORS=         0.0000
 SC_EEL_DER=    -49.7066  SC_VDW_DER=       6.0815  SC_DERIV   =       -43.6251
 ------------------------------------------------------------------------------


| TI region  2


 NSTEP =    15000   TIME(PS) =      30.000  TEMP(K) =   216.81  PRESS =     0.0
 Etot   =    -44853.0186  EKtot   =      8019.6629  EPtot      =    -52872.6815
 BOND   =       682.0693  ANGLE   =      1877.3689  DIHED      =      3633.1165
 1-4 NB =      1037.2556  1-4 EEL =     10616.3350  VDWAALS    =      4415.6269
 EELEC  =    -75606.4291  EHBOND  =         0.0000  RESTRAINT  =       471.9754
 EAMBER (non-restraint)  =    -53344.6569
 DV/DL  =      -100.4975
 ------------------------------------------------------------------------------

  Softcore part of the system:      41 atoms,       TEMP(K)    =         211.77
 SC_Etot=       205.5891  SC_EKtot=        21.0418  SC_EPtot   =       184.5473
 SC_BOND=         3.8937  SC_ANGLE=        16.2370  SC_DIHED   =        19.2936
 SC_14NB=         4.7999  SC_14EEL=        90.7925  SC_VDW     =         0.2467
 SC_EEL =        49.2838
 SC_RES_DIST=     0.0000  SC_RES_ANG=       0.0000  SC_RES_TORS=         0.0000
 SC_EEL_DER=    -49.7066  SC_VDW_DER=       6.0815  SC_DERIV   =       -43.6251
 ------------------------------------------------------------------------------

 NMR restraints: Bond =    0.000   Angle =     0.000   Torsion =     0.000
===============================================================================

| TI region  1


 NSTEP =    16000   TIME(PS) =      32.000  TEMP(K) =   232.76  PRESS =     0.0
 Etot   =    -43557.1535  EKtot   =      8610.0743  EPtot      =    -52167.2278
 BOND   =       724.4690  ANGLE   =      1948.2521  DIHED      =      3667.3888
 1-4 NB =      1058.6352  1-4 EEL =     10645.5792  VDWAALS    =      4489.1002
 EELEC  =    -75197.5738  EHBOND  =         0.0000  RESTRAINT  =       496.9215
 EAMBER (non-restraint)  =    -52664.1494
 DV/DL  =       -73.6656
 ------------------------------------------------------------------------------

  Softcore part of the system:      42 atoms,       TEMP(K)    =         198.14
 SC_Etot=       135.5919  SC_EKtot=        20.2773  SC_EPtot   =       115.3147
 SC_BOND=         5.2870  SC_ANGLE=        21.7115  SC_DIHED   =        21.0513
 SC_14NB=         3.2573  SC_14EEL=        26.0019  SC_VDW     =         2.7123
 SC_EEL =        35.2934
 SC_RES_DIST=     0.0000  SC_RES_ANG=       0.0000  SC_RES_TORS=         0.0000
 SC_EEL_DER=    -25.9310  SC_VDW_DER=       5.4289  SC_DERIV   =       -20.5021
 ------------------------------------------------------------------------------


| TI region  2


 NSTEP =    16000   TIME(PS) =      32.000  TEMP(K) =   232.93  PRESS =     0.0
 Etot   =    -43551.6546  EKtot   =      8615.5732  EPtot      =    -52167.2278
 BOND   =       724.4690  ANGLE   =      1948.2521  DIHED      =      3667.3888
 1-4 NB =      1058.6352  1-4 EEL =     10645.5792  VDWAALS    =      4489.1002
 EELEC  =    -75197.5738  EHBOND  =         0.0000  RESTRAINT  =       496.9215
 EAMBER (non-restraint)  =    -52664.1494
 DV/DL  =       -73.6656
 ------------------------------------------------------------------------------

  Softcore part of the system:      41 atoms,       TEMP(K)    =         259.42
 SC_Etot=       206.7625  SC_EKtot=        25.7762  SC_EPtot   =       180.9863
 SC_BOND=         4.7044  SC_ANGLE=        13.9151  SC_DIHED   =        17.3383
 SC_14NB=         4.7910  SC_14EEL=        90.7969  SC_VDW     =        -0.3523
 SC_EEL =        49.7930
 SC_RES_DIST=     0.0000  SC_RES_ANG=       0.0000  SC_RES_TORS=         0.0000
 SC_EEL_DER=    -25.9310  SC_VDW_DER=       5.4289  SC_DERIV   =       -20.5021
 ------------------------------------------------------------------------------

 NMR restraints: Bond =    0.000   Angle =     0.000   Torsion =     0.000
===============================================================================

| TI region  1


 NSTEP =    17000   TIME(PS) =      34.000  TEMP(K) =   244.55  PRESS =     0.0
 Etot   =    -42324.6541  EKtot   =      9046.3862  EPtot      =    -51371.0403
 BOND   =       719.3789  ANGLE   =      1957.7394  DIHED      =      3687.5193
 1-4 NB =      1063.2094  1-4 EEL =     10659.6725  VDWAALS    =      3968.1388
 EELEC  =    -73959.5507  EHBOND  =         0.0000  RESTRAINT  =       532.8522
 EAMBER (non-restraint)  =    -51903.8925
 DV/DL  =       -94.0780
 ------------------------------------------------------------------------------

  Softcore part of the system:      42 atoms,       TEMP(K)    =         227.78
 SC_Etot=       135.7552  SC_EKtot=        23.3107  SC_EPtot   =       112.4445
 SC_BOND=         4.8401  SC_ANGLE=        22.1845  SC_DIHED   =        21.9988
 SC_14NB=         3.5130  SC_14EEL=        26.0447  SC_VDW     =        -0.3776
 SC_EEL =        34.2409
 SC_RES_DIST=     0.0000  SC_RES_ANG=       0.0000  SC_RES_TORS=         0.0000
 SC_EEL_DER=    -44.7163  SC_VDW_DER=       5.0432  SC_DERIV   =       -39.6731
 ------------------------------------------------------------------------------


| TI region  2


 NSTEP =    17000   TIME(PS) =      34.000  TEMP(K) =   244.53  PRESS =     0.0
 Etot   =    -42326.3264  EKtot   =      9044.7138  EPtot      =    -51371.0403
 BOND   =       719.3789  ANGLE   =      1957.7394  DIHED      =      3687.5193
 1-4 NB =      1063.2094  1-4 EEL =     10659.6725  VDWAALS    =      3968.1388
 EELEC  =    -73959.5507  EHBOND  =         0.0000  RESTRAINT  =       532.8522
 EAMBER (non-restraint)  =    -51903.8925
 DV/DL  =       -94.0780
 ------------------------------------------------------------------------------

  Softcore part of the system:      41 atoms,       TEMP(K)    =         217.78
 SC_Etot=       209.6015  SC_EKtot=        21.6383  SC_EPtot   =       187.9632
 SC_BOND=         6.8101  SC_ANGLE=        20.3297  SC_DIHED   =        17.4992
 SC_14NB=         4.7761  SC_14EEL=        89.9875  SC_VDW     =        -0.4137
 SC_EEL =        48.9744
 SC_RES_DIST=     0.0000  SC_RES_ANG=       0.0000  SC_RES_TORS=         0.0000
 SC_EEL_DER=    -44.7163  SC_VDW_DER=       5.0432  SC_DERIV   =       -39.6731
 ------------------------------------------------------------------------------

 NMR restraints: Bond =    0.000   Angle =     0.000   Torsion =     0.000
===============================================================================

| TI region  1


 NSTEP =    18000   TIME(PS) =      36.000  TEMP(K) =   259.28  PRESS =     0.0
 Etot   =    -40923.3992  EKtot   =      9591.3449  EPtot      =    -50514.7442
 BOND   =       809.3067  ANGLE   =      2106.1826  DIHED      =      3691.9813
 1-4 NB =      1085.8153  1-4 EEL =     10638.5983  VDWAALS    =      3699.4789
 EELEC  =    -73105.4469  EHBOND  =         0.0000  RESTRAINT  =       559.3397
 EAMBER (non-restraint)  =    -51074.0838
 DV/DL  =       -99.3095
 ------------------------------------------------------------------------------

  Softcore part of the system:      42 atoms,       TEMP(K)    =         235.22
 SC_Etot=       142.1686  SC_EKtot=        24.0728  SC_EPtot   =       118.0958
 SC_BOND=         3.6651  SC_ANGLE=        26.8305  SC_DIHED   =        22.2118
 SC_14NB=         3.9988  SC_14EEL=        26.2677  SC_VDW     =         0.2604
 SC_EEL =        34.8615
 SC_RES_DIST=     0.0000  SC_RES_ANG=       0.0000  SC_RES_TORS=         0.0000
 SC_EEL_DER=    -36.3416  SC_VDW_DER=       6.1020  SC_DERIV   =       -30.2396
 ------------------------------------------------------------------------------


| TI region  2


 NSTEP =    18000   TIME(PS) =      36.000  TEMP(K) =   259.29  PRESS =     0.0
 Etot   =    -40923.8598  EKtot   =      9590.8844  EPtot      =    -50514.7442
 BOND   =       809.3067  ANGLE   =      2106.1826  DIHED      =      3691.9813
 1-4 NB =      1085.8153  1-4 EEL =     10638.5983  VDWAALS    =      3699.4789
 EELEC  =    -73105.4469  EHBOND  =         0.0000  RESTRAINT  =       559.3397
 EAMBER (non-restraint)  =    -51074.0838
 DV/DL  =       -99.3095
 ------------------------------------------------------------------------------

  Softcore part of the system:      41 atoms,       TEMP(K)    =         237.64
 SC_Etot=       211.8099  SC_EKtot=        23.6122  SC_EPtot   =       188.1977
 SC_BOND=         4.7680  SC_ANGLE=        17.2341  SC_DIHED   =        20.8161
 SC_14NB=         5.6021  SC_14EEL=        92.2700  SC_VDW     =        -1.1999
 SC_EEL =        48.7072
 SC_RES_DIST=     0.0000  SC_RES_ANG=       0.0000  SC_RES_TORS=         0.0000
 SC_EEL_DER=    -36.3416  SC_VDW_DER=       6.1020  SC_DERIV   =       -30.2396
 ------------------------------------------------------------------------------

 NMR restraints: Bond =    0.000   Angle =     0.000   Torsion =     0.000
===============================================================================

| TI region  1


 NSTEP =    19000   TIME(PS) =      38.000  TEMP(K) =   275.25  PRESS =     0.0
 Etot   =    -39085.0713  EKtot   =     10181.8917  EPtot      =    -49266.9630
 BOND   =       819.2845  ANGLE   =      2231.1579  DIHED      =      3711.4102
 1-4 NB =      1082.7135  1-4 EEL =     10681.0095  VDWAALS    =      3422.6911
 EELEC  =    -71785.9625  EHBOND  =         0.0000  RESTRAINT  =       570.7328
 EAMBER (non-restraint)  =    -49837.6958
 DV/DL  =       -89.0580
 ------------------------------------------------------------------------------

  Softcore part of the system:      42 atoms,       TEMP(K)    =         234.96
 SC_Etot=       147.0245  SC_EKtot=        24.0460  SC_EPtot   =       122.9785
 SC_BOND=         8.6126  SC_ANGLE=        24.1176  SC_DIHED   =        23.5644
 SC_14NB=         3.7266  SC_14EEL=        25.3953  SC_VDW     =         3.0443
 SC_EEL =        34.5178
 SC_RES_DIST=     0.0000  SC_RES_ANG=       0.0000  SC_RES_TORS=         0.0000
 SC_EEL_DER=    -28.6435  SC_VDW_DER=       5.4195  SC_DERIV   =       -23.2241
 ------------------------------------------------------------------------------


| TI region  2


 NSTEP =    19000   TIME(PS) =      38.000  TEMP(K) =   275.36  PRESS =     0.0
 Etot   =    -39081.6773  EKtot   =     10185.2857  EPtot      =    -49266.9630
 BOND   =       819.2845  ANGLE   =      2231.1579  DIHED      =      3711.4102
 1-4 NB =      1082.7135  1-4 EEL =     10681.0095  VDWAALS    =      3422.6911
 EELEC  =    -71785.9625  EHBOND  =         0.0000  RESTRAINT  =       570.7328
 EAMBER (non-restraint)  =    -49837.6958
 DV/DL  =       -89.0580
 ------------------------------------------------------------------------------

  Softcore part of the system:      41 atoms,       TEMP(K)    =         276.17
 SC_Etot=       214.6851  SC_EKtot=        27.4400  SC_EPtot   =       187.2451
 SC_BOND=         4.5408  SC_ANGLE=        18.2040  SC_DIHED   =        18.9755
 SC_14NB=         6.2934  SC_14EEL=        90.8460  SC_VDW     =        -0.5784
 SC_EEL =        48.9638
 SC_RES_DIST=     0.0000  SC_RES_ANG=       0.0000  SC_RES_TORS=         0.0000
 SC_EEL_DER=    -28.6435  SC_VDW_DER=       5.4195  SC_DERIV   =       -23.2241
 ------------------------------------------------------------------------------

 NMR restraints: Bond =    0.000   Angle =     0.000   Torsion =     0.000
===============================================================================

| TI region  1


 NSTEP =    20000   TIME(PS) =      40.000  TEMP(K) =   291.79  PRESS =     0.0
 Etot   =    -37442.7984  EKtot   =     10793.7625  EPtot      =    -48236.5609
 BOND   =       842.5786  ANGLE   =      2346.6449  DIHED      =      3739.2421
 1-4 NB =      1096.9510  1-4 EEL =     10661.3631  VDWAALS    =      3075.8021
 EELEC  =    -70612.6692  EHBOND  =         0.0000  RESTRAINT  =       613.5265
 EAMBER (non-restraint)  =    -48850.0874
 DV/DL  =      -112.3048
 ------------------------------------------------------------------------------

  Softcore part of the system:      42 atoms,       TEMP(K)    =         276.40
 SC_Etot=       148.0537  SC_EKtot=        28.2866  SC_EPtot   =       119.7672
 SC_BOND=         6.3585  SC_ANGLE=        24.0330  SC_DIHED   =        23.7496
 SC_14NB=         3.9954  SC_14EEL=        26.4162  SC_VDW     =         0.8634
 SC_EEL =        34.3511
 SC_RES_DIST=     0.0000  SC_RES_ANG=       0.0000  SC_RES_TORS=         0.0000
 SC_EEL_DER=    -52.0353  SC_VDW_DER=       7.2114  SC_DERIV   =       -44.8239
 ------------------------------------------------------------------------------


| TI region  2


 NSTEP =    20000   TIME(PS) =      40.000  TEMP(K) =   291.83  PRESS =     0.0
 Etot   =    -37442.3153  EKtot   =     10794.2456  EPtot      =    -48236.5609
 BOND   =       842.5786  ANGLE   =      2346.6449  DIHED      =      3739.2421
 1-4 NB =      1096.9510  1-4 EEL =     10661.3631  VDWAALS    =      3075.8021
 EELEC  =    -70612.6692  EHBOND  =         0.0000  RESTRAINT  =       613.5265
 EAMBER (non-restraint)  =    -48850.0874
 DV/DL  =      -112.3048
 ------------------------------------------------------------------------------

  Softcore part of the system:      41 atoms,       TEMP(K)    =         289.55
 SC_Etot=       223.7264  SC_EKtot=        28.7696  SC_EPtot   =       194.9568
 SC_BOND=         8.0060  SC_ANGLE=        19.3487  SC_DIHED   =        18.8397
 SC_14NB=         6.0206  SC_14EEL=        91.9676  SC_VDW     =         1.5875
 SC_EEL =        49.1868
 SC_RES_DIST=     0.0000  SC_RES_ANG=       0.0000  SC_RES_TORS=         0.0000
 SC_EEL_DER=    -52.0353  SC_VDW_DER=       7.2114  SC_DERIV   =       -44.8239
 ------------------------------------------------------------------------------

 NMR restraints: Bond =    0.000   Angle =     0.000   Torsion =     0.000
===============================================================================

| TI region  1


 NSTEP =    21000   TIME(PS) =      42.000  TEMP(K) =   302.66  PRESS =     0.0
 Etot   =    -36489.7761  EKtot   =     11195.8470  EPtot      =    -47685.6232
 BOND   =       901.2356  ANGLE   =      2327.5989  DIHED      =      3743.7478
 1-4 NB =      1062.8433  1-4 EEL =     10638.7406  VDWAALS    =      2695.8788
 EELEC  =    -69706.0078  EHBOND  =         0.0000  RESTRAINT  =       650.3398
 EAMBER (non-restraint)  =    -48335.9629
 DV/DL  =       -92.7756
 ------------------------------------------------------------------------------

  Softcore part of the system:      42 atoms,       TEMP(K)    =         269.65
 SC_Etot=       146.5525  SC_EKtot=        27.5962  SC_EPtot   =       118.9563
 SC_BOND=         6.5988  SC_ANGLE=        25.9723  SC_DIHED   =        21.6047
 SC_14NB=         3.3029  SC_14EEL=        25.1026  SC_VDW     =         1.2675
 SC_EEL =        35.1075
 SC_RES_DIST=     0.0000  SC_RES_ANG=       0.0000  SC_RES_TORS=         0.0000
 SC_EEL_DER=    -36.6184  SC_VDW_DER=       8.1650  SC_DERIV   =       -28.4535
 ------------------------------------------------------------------------------


| TI region  2


 NSTEP =    21000   TIME(PS) =      42.000  TEMP(K) =   302.75  PRESS =     0.0
 Etot   =    -36487.2067  EKtot   =     11198.4165  EPtot      =    -47685.6232
 BOND   =       901.2356  ANGLE   =      2327.5989  DIHED      =      3743.7478
 1-4 NB =      1062.8433  1-4 EEL =     10638.7406  VDWAALS    =      2695.8788
 EELEC  =    -69706.0078  EHBOND  =         0.0000  RESTRAINT  =       650.3398
 EAMBER (non-restraint)  =    -48335.9629
 DV/DL  =       -92.7756
 ------------------------------------------------------------------------------

  Softcore part of the system:      41 atoms,       TEMP(K)    =         303.60
 SC_Etot=       222.7980  SC_EKtot=        30.1657  SC_EPtot   =       192.6323
 SC_BOND=         7.9416  SC_ANGLE=        20.7919  SC_DIHED   =        18.0292
 SC_14NB=         5.0702  SC_14EEL=        92.5230  SC_VDW     =         0.0815
 SC_EEL =        48.1949
 SC_RES_DIST=     0.0000  SC_RES_ANG=       0.0000  SC_RES_TORS=         0.0000
 SC_EEL_DER=    -36.6184  SC_VDW_DER=       8.1650  SC_DERIV   =       -28.4535
 ------------------------------------------------------------------------------

 NMR restraints: Bond =    0.000   Angle =     0.000   Torsion =     0.000
===============================================================================

| TI region  1


 NSTEP =    22000   TIME(PS) =      44.000  TEMP(K) =   296.61  PRESS =     0.0
 Etot   =    -36847.7887  EKtot   =     10971.9040  EPtot      =    -47819.6927
 BOND   =       865.3786  ANGLE   =      2279.9767  DIHED      =      3740.0083
 1-4 NB =      1093.8212  1-4 EEL =     10625.9268  VDWAALS    =      2826.9921
 EELEC  =    -69850.6029  EHBOND  =         0.0000  RESTRAINT  =       598.8066
 EAMBER (non-restraint)  =    -48418.4993
 DV/DL  =      -109.1042
 ------------------------------------------------------------------------------

  Softcore part of the system:      42 atoms,       TEMP(K)    =         242.88
 SC_Etot=       148.4911  SC_EKtot=        24.8565  SC_EPtot   =       123.6346
 SC_BOND=         8.2691  SC_ANGLE=        27.1880  SC_DIHED   =        24.4464
 SC_14NB=         2.9550  SC_14EEL=        27.0096  SC_VDW     =        -0.5893
 SC_EEL =        34.3557
 SC_RES_DIST=     0.0000  SC_RES_ANG=       0.0000  SC_RES_TORS=         0.0000
 SC_EEL_DER=    -53.5994  SC_VDW_DER=       7.1473  SC_DERIV   =       -46.4520
 ------------------------------------------------------------------------------


| TI region  2


 NSTEP =    22000   TIME(PS) =      44.000  TEMP(K) =   296.73  PRESS =     0.0
 Etot   =    -36844.2142  EKtot   =     10975.4785  EPtot      =    -47819.6927
 BOND   =       865.3786  ANGLE   =      2279.9767  DIHED      =      3740.0083
 1-4 NB =      1093.8212  1-4 EEL =     10625.9268  VDWAALS    =      2826.9921
 EELEC  =    -69850.6029  EHBOND  =         0.0000  RESTRAINT  =       598.8066
 EAMBER (non-restraint)  =    -48418.4993
 DV/DL  =      -109.1042
 ------------------------------------------------------------------------------

  Softcore part of the system:      41 atoms,       TEMP(K)    =         286.14
 SC_Etot=       220.6922  SC_EKtot=        28.4310  SC_EPtot   =       192.2612
 SC_BOND=        10.8946  SC_ANGLE=        18.2523  SC_DIHED   =        18.8285
 SC_14NB=         4.8214  SC_14EEL=        90.4155  SC_VDW     =        -0.7648
 SC_EEL =        49.8137
 SC_RES_DIST=     0.0000  SC_RES_ANG=       0.0000  SC_RES_TORS=         0.0000
 SC_EEL_DER=    -53.5994  SC_VDW_DER=       7.1473  SC_DERIV   =       -46.4520
 ------------------------------------------------------------------------------

 NMR restraints: Bond =    0.000   Angle =     0.000   Torsion =     0.000
===============================================================================

| TI region  1


 NSTEP =    23000   TIME(PS) =      46.000  TEMP(K) =   297.78  PRESS =     0.0
 Etot   =    -36779.9597  EKtot   =     11015.3436  EPtot      =    -47795.3033
 BOND   =       845.4188  ANGLE   =      2324.0932  DIHED      =      3738.8897
 1-4 NB =      1107.9110  1-4 EEL =     10656.0431  VDWAALS    =      2780.3653
 EELEC  =    -69862.3390  EHBOND  =         0.0000  RESTRAINT  =       614.3146
 EAMBER (non-restraint)  =    -48409.6179
 DV/DL  =       -80.9120
 ------------------------------------------------------------------------------

  Softcore part of the system:      42 atoms,       TEMP(K)    =         276.74
 SC_Etot=       136.1610  SC_EKtot=        28.3219  SC_EPtot   =       107.8392
 SC_BOND=         4.0370  SC_ANGLE=        16.0100  SC_DIHED   =        23.7992
 SC_14NB=         3.2116  SC_14EEL=        27.0363  SC_VDW     =        -0.2591
 SC_EEL =        34.0041
 SC_RES_DIST=     0.0000  SC_RES_ANG=       0.0000  SC_RES_TORS=         0.0000
 SC_EEL_DER=    -42.0803  SC_VDW_DER=      11.9908  SC_DERIV   =       -30.0894
 ------------------------------------------------------------------------------


| TI region  2


 NSTEP =    23000   TIME(PS) =      46.000  TEMP(K) =   298.09  PRESS =     0.0
 Etot   =    -36769.2604  EKtot   =     11026.0429  EPtot      =    -47795.3033
 BOND   =       845.4188  ANGLE   =      2324.0932  DIHED      =      3738.8897
 1-4 NB =      1107.9110  1-4 EEL =     10656.0431  VDWAALS    =      2780.3653
 EELEC  =    -69862.3390  EHBOND  =         0.0000  RESTRAINT  =       614.3146
 EAMBER (non-restraint)  =    -48409.6179
 DV/DL  =       -80.9120
 ------------------------------------------------------------------------------

  Softcore part of the system:      41 atoms,       TEMP(K)    =         392.73
 SC_Etot=       228.3324  SC_EKtot=        39.0212  SC_EPtot   =       189.3112
 SC_BOND=         7.0936  SC_ANGLE=        17.2542  SC_DIHED   =        20.2222
 SC_14NB=         4.5100  SC_14EEL=        91.3273  SC_VDW     =        -0.0969
 SC_EEL =        49.0008
 SC_RES_DIST=     0.0000  SC_RES_ANG=       0.0000  SC_RES_TORS=         0.0000
 SC_EEL_DER=    -42.0803  SC_VDW_DER=      11.9908  SC_DERIV   =       -30.0894
 ------------------------------------------------------------------------------

 NMR restraints: Bond =    0.000   Angle =     0.000   Torsion =     0.000
===============================================================================

| TI region  1


 NSTEP =    24000   TIME(PS) =      48.000  TEMP(K) =   298.07  PRESS =     0.0
 Etot   =    -36815.3683  EKtot   =     11025.9756  EPtot      =    -47841.3439
 BOND   =       858.6773  ANGLE   =      2279.4623  DIHED      =      3738.3274
 1-4 NB =      1118.4431  1-4 EEL =     10668.9134  VDWAALS    =      2894.9861
 EELEC  =    -70038.6678  EHBOND  =         0.0000  RESTRAINT  =       638.5142
 EAMBER (non-restraint)  =    -48479.8581
 DV/DL  =       -95.7013
 ------------------------------------------------------------------------------

  Softcore part of the system:      42 atoms,       TEMP(K)    =         291.78
 SC_Etot=       146.7379  SC_EKtot=        29.8611  SC_EPtot   =       116.8768
 SC_BOND=         5.4740  SC_ANGLE=        23.1649  SC_DIHED   =        22.3209
 SC_14NB=         3.5649  SC_14EEL=        26.6942  SC_VDW     =         1.0343
 SC_EEL =        34.6236
 SC_RES_DIST=     0.0000  SC_RES_ANG=       0.0000  SC_RES_TORS=         0.0000
 SC_EEL_DER=    -42.7898  SC_VDW_DER=       8.3093  SC_DERIV   =       -34.4805
 ------------------------------------------------------------------------------


| TI region  2


 NSTEP =    24000   TIME(PS) =      48.000  TEMP(K) =   298.10  PRESS =     0.0
 Etot   =    -36815.0326  EKtot   =     11026.3113  EPtot      =    -47841.3439
 BOND   =       858.6773  ANGLE   =      2279.4623  DIHED      =      3738.3274
 1-4 NB =      1118.4431  1-4 EEL =     10668.9134  VDWAALS    =      2894.9861
 EELEC  =    -70038.6678  EHBOND  =         0.0000  RESTRAINT  =       638.5142
 EAMBER (non-restraint)  =    -48479.8581
 DV/DL  =       -95.7013
 ------------------------------------------------------------------------------

  Softcore part of the system:      41 atoms,       TEMP(K)    =         303.91
 SC_Etot=       222.8062  SC_EKtot=        30.1968  SC_EPtot   =       192.6094
 SC_BOND=         8.2263  SC_ANGLE=        21.8727  SC_DIHED   =        17.4925
 SC_14NB=         5.1773  SC_14EEL=        90.1512  SC_VDW     =         0.5863
 SC_EEL =        49.1031
 SC_RES_DIST=     0.0000  SC_RES_ANG=       0.0000  SC_RES_TORS=         0.0000
 SC_EEL_DER=    -42.7898  SC_VDW_DER=       8.3093  SC_DERIV   =       -34.4805
 ------------------------------------------------------------------------------

 NMR restraints: Bond =    0.000   Angle =     0.000   Torsion =     0.000
===============================================================================

| TI region  1


 NSTEP =    25000   TIME(PS) =      50.000  TEMP(K) =   298.56  PRESS =     0.0
 Etot   =    -36801.8275  EKtot   =     11044.3640  EPtot      =    -47846.1914
 BOND   =       857.6240  ANGLE   =      2275.6332  DIHED      =      3758.3604
 1-4 NB =      1082.9893  1-4 EEL =     10623.4373  VDWAALS    =      2671.0835
 EELEC  =    -69736.2593  EHBOND  =         0.0000  RESTRAINT  =       620.9403
 EAMBER (non-restraint)  =    -48467.1317
 DV/DL  =      -101.2019
 ------------------------------------------------------------------------------

  Softcore part of the system:      42 atoms,       TEMP(K)    =         310.66
 SC_Etot=       149.2472  SC_EKtot=        31.7929  SC_EPtot   =       117.4543
 SC_BOND=         7.8982  SC_ANGLE=        24.9248  SC_DIHED   =        21.3835
 SC_14NB=         2.6717  SC_14EEL=        25.3449  SC_VDW     =         0.0573
 SC_EEL =        35.1740
 SC_RES_DIST=     0.0000  SC_RES_ANG=       0.0000  SC_RES_TORS=         0.0000
 SC_EEL_DER=    -57.5623  SC_VDW_DER=      10.2813  SC_DERIV   =       -47.2810
 ------------------------------------------------------------------------------


| TI region  2


 NSTEP =    25000   TIME(PS) =      50.000  TEMP(K) =   298.50  PRESS =     0.0
 Etot   =    -36804.9750  EKtot   =     11041.2165  EPtot      =    -47846.1914
 BOND   =       857.6240  ANGLE   =      2275.6332  DIHED      =      3758.3604
 1-4 NB =      1082.9893  1-4 EEL =     10623.4373  VDWAALS    =      2671.0835
 EELEC  =    -69736.2593  EHBOND  =         0.0000  RESTRAINT  =       620.9403
 EAMBER (non-restraint)  =    -48467.1317
 DV/DL  =      -101.2019
 ------------------------------------------------------------------------------

  Softcore part of the system:      41 atoms,       TEMP(K)    =         288.30
 SC_Etot=       218.3192  SC_EKtot=        28.6454  SC_EPtot   =       189.6738
 SC_BOND=         6.2510  SC_ANGLE=        19.6109  SC_DIHED   =        16.9111
 SC_14NB=         5.1964  SC_14EEL=        92.4333  SC_VDW     =        -0.7340
 SC_EEL =        50.0050
 SC_RES_DIST=     0.0000  SC_RES_ANG=       0.0000  SC_RES_TORS=         0.0000
 SC_EEL_DER=    -57.5623  SC_VDW_DER=      10.2813  SC_DERIV   =       -47.2810
 ------------------------------------------------------------------------------

 NMR restraints: Bond =    0.000   Angle =     0.000   Torsion =     0.000
===============================================================================

| TI region  1


      A V E R A G E S   O V E R      25 S T E P S


 NSTEP =    25000   TIME(PS) =      50.000  TEMP(K) =   180.27  PRESS =     0.0
 Etot   =    -47076.5967  EKtot   =      6668.3704  EPtot      =    -53744.9671
 BOND   =       584.7638  ANGLE   =      1640.1397  DIHED      =      3595.7841
 1-4 NB =      1046.5554  1-4 EEL =     10653.9690  VDWAALS    =      4709.7268
 EELEC  =    -76366.0704  EHBOND  =         0.0000  RESTRAINT  =       390.1643
 EAMBER (non-restraint)  =    -54135.1314
 DV/DL  =       -88.9005
 ------------------------------------------------------------------------------

 NMR restraints: Bond =    0.000   Angle =     0.000   Torsion =     0.000
===============================================================================
  Softcore part of the system:      42 atoms,       TEMP(K)    =         165.99
 SC_Etot=       124.5728  SC_EKtot=        16.9870  SC_EPtot   =       107.5858
 SC_BOND=         4.3482  SC_ANGLE=        17.7816  SC_DIHED   =        21.0279
 SC_14NB=         3.2677  SC_14EEL=        26.0778  SC_VDW     =         0.5643
 SC_EEL =        34.5183
 SC_RES_DIST=     0.0000  SC_RES_ANG=       0.0000  SC_RES_TORS=         0.0000
 SC_EEL_DER=    -39.7626  SC_VDW_DER=       7.0185  SC_DERIV   =       -32.7441
 ------------------------------------------------------------------------------


      R M S  F L U C T U A T I O N S


 NSTEP =    25000   TIME(PS) =      50.000  TEMP(K) =    95.82  PRESS =     0.0
 Etot   =      7837.7184  EKtot   =      3544.6781  EPtot      =      4313.6552
 BOND   =       232.6791  ANGLE   =       553.8075  DIHED      =       122.3257
 1-4 NB =        38.7769  1-4 EEL =        18.4117  VDWAALS    =      1339.9996
 EELEC  =      4541.2292  EHBOND  =         0.0000  RESTRAINT  =       193.6585
 EAMBER (non-restraint)  =      4119.9967
 DV/DL  =        12.4671
 ------------------------------------------------------------------------------

  Softcore part of the system:      42 atoms,       TEMP(K)    =          90.78
 SC_Etot=        18.2558  SC_EKtot=         9.2901  SC_EPtot   =         9.4044
 SC_BOND=         2.2776  SC_ANGLE=         5.7071  SC_DIHED   =         1.6954
 SC_14NB=         0.3516  SC_14EEL=         0.5597  SC_VDW     =         0.8347
 SC_EEL =         0.3775
 SC_RES_DIST=     0.0000  SC_RES_ANG=       0.0000  SC_RES_TORS=         0.0000
 SC_EEL_DER=      9.2379  SC_VDW_DER=       1.6818  SC_DERIV   =         8.4322
 ------------------------------------------------------------------------------


| TI region  2


      A V E R A G E S   O V E R      25 S T E P S


 NSTEP =    25000   TIME(PS) =      50.000  TEMP(K) =   180.30  PRESS =     0.0
 Etot   =    -47075.8555  EKtot   =      6669.1116  EPtot      =    -53744.9671
 BOND   =       584.7638  ANGLE   =      1640.1397  DIHED      =      3595.7841
 1-4 NB =      1046.5554  1-4 EEL =     10653.9690  VDWAALS    =      4709.7268
 EELEC  =    -76366.0704  EHBOND  =         0.0000  RESTRAINT  =       390.1643
 EAMBER (non-restraint)  =    -54135.1314
 DV/DL  =       -88.9005
 ------------------------------------------------------------------------------

 NMR restraints: Bond =    0.000   Angle =     0.000   Torsion =     0.000
===============================================================================
  Softcore part of the system:      41 atoms,       TEMP(K)    =         178.42
 SC_Etot=       198.3386  SC_EKtot=        17.7282  SC_EPtot   =       180.6104
 SC_BOND=         4.7054  SC_ANGLE=        12.9160  SC_DIHED   =        17.7359
 SC_14NB=         5.0029  SC_14EEL=        91.2885  SC_VDW     =        -0.2880
 SC_EEL =        49.2497
 SC_RES_DIST=     0.0000  SC_RES_ANG=       0.0000  SC_RES_TORS=         0.0000
 SC_EEL_DER=    -39.7626  SC_VDW_DER=       7.0185  SC_DERIV   =       -32.7441
 ------------------------------------------------------------------------------


      R M S  F L U C T U A T I O N S


 NSTEP =    25000   TIME(PS) =      50.000  TEMP(K) =    95.85  PRESS =     0.0
 Etot   =      7838.5849  EKtot   =      3545.4923  EPtot      =      4313.6552
 BOND   =       232.6791  ANGLE   =       553.8075  DIHED      =       122.3257
 1-4 NB =        38.7769  1-4 EEL =        18.4117  VDWAALS    =      1339.9996
 EELEC  =      4541.2292  EHBOND  =         0.0000  RESTRAINT  =       193.6585
 EAMBER (non-restraint)  =      4119.9967
 DV/DL  =        12.4671
 ------------------------------------------------------------------------------

  Softcore part of the system:      41 atoms,       TEMP(K)    =         103.28
 SC_Etot=        18.9672  SC_EKtot=        10.2623  SC_EPtot   =         8.9867
 SC_BOND=         2.3829  SC_ANGLE=         5.6637  SC_DIHED   =         1.3921
 SC_14NB=         0.4607  SC_14EEL=         0.6986  SC_VDW     =         0.5839
 SC_EEL =         0.4719
 SC_RES_DIST=     0.0000  SC_RES_ANG=       0.0000  SC_RES_TORS=         0.0000
 SC_EEL_DER=      9.2379  SC_VDW_DER=       1.6818  SC_DERIV   =         8.4322
 ------------------------------------------------------------------------------


      DV/DL, AVERAGES OVER      25 STEPS


 NSTEP =    25000   TIME(PS) =      50.000  TEMP(K) =    95.85  PRESS =     0.0
 Etot   =         0.0000  EKtot   =         0.0000  EPtot      =       -88.9005
 BOND   =        -2.4330  ANGLE   =         0.0349  DIHED      =         0.0000
 1-4 NB =        -0.0756  1-4 EEL =        46.3698  VDWAALS    =        -9.5440
 EELEC  =       -90.5085  EHBOND  =         0.0000  RESTRAINT  =         0.0000
 DV/DL  =       -88.9005
 ------------------------------------------------------------------------------


 NMR restraints on final step:

--------------------------------------------------------------------------------
   5.  TIMINGS
--------------------------------------------------------------------------------

|  NonSetup CPU Time in Major Routines:
|
|     Routine           Sec        %
|     ------------------------------
|     Nonbond           8.77   37.70
|     Bond              0.00    0.00
|     Angle             0.00    0.00
|     Dihedral          0.00    0.00
|     Shake             0.04    0.17
|     RunMD            14.42   62.00
|     Other             0.03    0.13
|     ------------------------------
|     Total            23.26

|  PME Nonbond Pairlist CPU Time:
|
|     Routine              Sec        %
|     ---------------------------------
|     Set Up Cit           0.00    0.00
|     Build List           0.00    0.00
|     ---------------------------------
|     Total                0.00    0.00

|  PME Direct Force CPU Time:
|
|     Routine              Sec        %
|     ---------------------------------
|     NonBonded Calc       0.00    0.00
|     Exclude Masked       0.00    0.00
|     Other                0.02    0.08
|     ---------------------------------
|     Total                0.02    0.08

|  PME Reciprocal Force CPU Time:
|
|     Routine              Sec        %
|     ---------------------------------
|     1D bspline           0.00    0.00
|     Grid Charges         0.00    0.00
|     Scalar Sum           0.00    0.00
|     Gradient Sum         0.00    0.00
|     FFT                  0.00    0.00
|     ---------------------------------
|     Total                0.00    0.00

|  Final Performance Info:
|     -----------------------------------------------------
|     Average timings for last   25000 steps:
|     Elapsed(s) =      23.26 Per Step(ms) =       0.93
|         ns/day =     185.75   seconds/ns =     465.15
|
|     Average timings for all steps:
|     Elapsed(s) =      23.26 Per Step(ms) =       0.93
|         ns/day =     185.75   seconds/ns =     465.15
|     -----------------------------------------------------

|  Setup CPU time:            0.76 seconds
|  NonSetup CPU time:        23.26 seconds
|  Total CPU time:           24.02 seconds     0.01 hours

|  Setup wall time:           1    seconds
|  NonSetup wall time:       23    seconds
|  Total wall time:          24    seconds     0.01 hours
