
          -------------------------------------------------------
          Amber 20 PMEMD                              2020
          -------------------------------------------------------

| PMEMD implementation of SANDER, Release 18

|  Compiled date/time: Thu May 20 07:44:43 2021
| Run on 10/05/2024 at 21:26:43

|   Executable path: pmemd.cuda
| Working directory: /home/muditj/alk2_rbfe/lig_153~lig_104/site/la-0.68392
|          Hostname: Unknown
  [-O]verwriting output

File Assignments:
|   MDIN: 2_nvt/nvt.in                                                          
|  MDOUT: 2_nvt/complex_nvt.out                                                 
| INPCRD: 2_nvt/complex_nvt.inpcrd                                              
|   PARM: ../complex.prmtop                                                     
| RESTRT: 2_nvt/complex_nvt.rst                                                 
|   REFC: 2_nvt/complex_nvt_ref.rst                                             
|  MDVEL: mdvel                                                                 
|   MDEN: mden                                                                  
|  MDCRD: 2_nvt/complex_nvt.nc                                                  
| MDINFO: mdinfo                                                                
|  MDFRC: mdfrc                                                                 


 Here is the input file:

nvt run                                                                        
 &cntrl                                                                        
  ig = -1,                                                                     
  imin = 0,                                                                    
  nstlim = 25000,                                                              
  dt = 0.002,                                                                  
  irest = 0,                                                                   
  ntx = 1,                                                                     
  ntxo = 2,                                                                    
  ioutfm = 1,                                                                  
  ntb = 1,                                                                     
  ntt = 3,                                                                     
  gamma_ln = 1.0,                                                              
  tempi = 0.1,                                                                 
  temp0 = 300,                                                                 
  ntr = 1,                                                                     
  ntc = 2,                                                                     
  ntf = 1,                                                                     
  ntpr = 1000,                                                                 
  ntwx = 0,                                                                    
  ntwr = 1000,                                                                 
  nmropt = 1,                                                                  
  cut = 10,                                                                    
  restraintmask=':309|!(:WAT|@H=|:Na+|:Cl-)',                                  
  restraint_wt=20.0,                                                           
                                                                               
  icfe = 1, ifsc = 1, clambda = 0.68392, gti_lam_sch = 1, scalpha = 0.2, scbeta
  timask1 = ':1', timask2 = ':2',                                              
  scmask1 = ':1@C29,H62,H59,H58,H57,H56,H55,H54,H53,H52,H51,H50,H49,H48,H47,H46
 /                                                                             
 &wt TYPE='TEMP0', istep1=0, istep2=20000,                                     
  value1=0.1, value2=300.0, /                                                  
 &wt TYPE='END' /                                                              


Note: ig = -1. Setting random seed to   579517 based on wallclock time in 
      microseconds.
| irandom = 1, using AMBER's internal random number generator (default).
 
|--------------------- INFORMATION ----------------------
| GPU (CUDA) Version of PMEMD in use: NVIDIA GPU IN USE.
|                    Version 18.0.0
| 
|                      03/25/2018
| 
| Implementation by:
|                    Ross C. Walker     (SDSC)
|                    Scott Le Grand     (nVIDIA)
| 
| Version 18 performance extensions by:
|                    David Cerutti     (Rutgers)
| 
| Precision model in use:
|      [SPFP] - Single Precision Forces, 64-bit Fixed Point
|               Accumulation. (Default)
| 
|--------------------------------------------------------
 
|----------------- CITATION INFORMATION -----------------
|
|    When publishing work that utilized the CUDA version
|    of AMBER, please cite the following in addition to
|    the regular AMBER citations:
|
|  - Romelia Salomon-Ferrer; Andreas W. Goetz; Duncan
|    Poole; Scott Le Grand; Ross C. Walker "Routine
|    microsecond molecular dynamics simulations with
|    AMBER - Part II: Particle Mesh Ewald", J. Chem.
|    Theory Comput., 2013, 9 (9), pp3878-3888,
|    DOI: 10.1021/ct400314y.
|
|  - Andreas W. Goetz; Mark J. Williamson; Dong Xu;
|    Duncan Poole; Scott Le Grand; Ross C. Walker
|    "Routine microsecond molecular dynamics simulations
|    with AMBER - Part I: Generalized Born", J. Chem.
|    Theory Comput., 2012, 8 (5), pp1542-1555.
|
|  - Scott Le Grand; Andreas W. Goetz; Ross C. Walker
|    "SPFP: Speed without compromise - a mixed precision
|    model for GPU accelerated molecular dynamics
|    simulations.", Comp. Phys. Comm., 2013, 184
|    pp374-380, DOI: 10.1016/j.cpc.2012.09.022
|
|    When publishing work that utilized the CUDA version
|    of TI, BAR, MBAR or FEP please cite the following 
|    publications in addition to the regular AMBER 
|    GPU citations:
|
|  - Daniel J. Mermelstein; Charles Lin; Gard Nelson; 
|    Rachael Kretsch; J. Andrew McCammon; Ross C. Walker
|    "Fast and Flexible GPU Accelerated Binding 
|    Free Energy Calculations within the AMBER Molecular
|    Dynamics Package" J. Comp. Chem., 2018,
|    DOI: 10.1002/jcc.25187
|
|  - Tai-Sung Lee; Yuan Hu; Brad Sherborne; Zhuyan Guo;
|    Darrin M. York
|    "Toward Fast and Accurate Binding Affinity Prediction with
|    pmemdGTI: An Efficient Implementation of GPU-Accelerated
|    Thermodynamic Integration"
|    J. Chem. Theory Comput., 2017, 13 (7), 3077
|
|
|--------------------------------------------------------
 
|------------------- GPU DEVICE INFO --------------------
|
|            CUDA_VISIBLE_DEVICES: 0
|   CUDA Capable Devices Detected:      1
|           CUDA Device ID in use:      0
|                CUDA Device Name: NVIDIA GeForce RTX 2080
|     CUDA Device Global Mem Size:   7982 MB
| CUDA Device Num Multiprocessors:     46
|           CUDA Device Core Freq:   1.71 GHz
|
|--------------------------------------------------------
 
 
| Conditional Compilation Defines Used:
| PUBFFT
| BINTRAJ
| CUDA
| EMIL

| Largest sphere to fit in unit cell has radius =    28.285

| New format PARM file being parsed.
| Version =    1.000 Date = 10/05/24 Time = 17:06:23

| Note: 1-4 EEL scale factors are being read from the topology file.

| Note: 1-4 VDW scale factors are being read from the topology file.
| Duplicated    0 dihedrals

| Duplicated    0 dihedrals

--------------------------------------------------------------------------------
   1.  RESOURCE   USE: 
--------------------------------------------------------------------------------

 getting box info from netcdf restart file
 NATOM  =   17464 NTYPES =      31 NBONH =   15011 MBONA  =    2503
 NTHETH =    5537 MTHETA =    3396 NPHIH =   11178 MPHIA  =   10632
 NHPARM =       0 NPARM  =       0 NNB   =   43744 NRES   =    4497
 NBONA  =    2503 NTHETA =    3396 NPHIA =   10632 NUMBND =      93
 NUMANG =     208 NPTRA  =     215 NATYP =      53 NPHB   =       1
 IFBOX  =       1 NMXRS  =      62 IFCAP =       0 NEXTRA =       0
 NCOPY  =       0

| Coordinate Index Table dimensions:    11   10   11
| Direct force subcell size =     5.9561    5.6570    5.5474

     BOX TYPE: RECTILINEAR

--------------------------------------------------------------------------------
   2.  CONTROL  DATA  FOR  THE  RUN
--------------------------------------------------------------------------------

L0                                                                              

General flags:
     imin    =       0, nmropt  =       1

Nature and format of input:
     ntx     =       1, irest   =       0, ntrx    =       1

Nature and format of output:
     ntxo    =       2, ntpr    =    1000, ntrx    =       1, ntwr    =    1000
     iwrap   =       0, ntwx    =       0, ntwv    =       0, ntwe    =       0
     ioutfm  =       1, ntwprt  =       0, idecomp =       0, rbornstat=      0

Potential function:
     ntf     =       1, ntb     =       1, igb     =       0, nsnb    =      25
     ipol    =       0, gbsa    =       0, iesp    =       0
     dielc   =   1.00000, cut     =  10.00000, intdiel =   1.00000

Frozen or restrained atoms:
     ibelly  =       0, ntr     =       1
     restraint_wt =  20.00000

Molecular dynamics:
     nstlim  =     25000, nscm    =         0, nrespa  =         1
     t       =   0.00000, dt      =   0.00200, vlimit  =  -1.00000

Langevin dynamics temperature regulation:
     ig      =  579517
     temp0   = 300.00000, tempi   =   0.10000, gamma_ln=   1.00000

SHAKE:
     ntc     =       2, jfastw  =       0
     tol     =   0.00001

NMR refinement options:
     iscale  =       0, noeskp  =       1, ipnlty  =       1, mxsub   =       1
     scalm   = 100.00000, pencut  =   0.10000, tausw   =   0.10000

Free energy options:
     icfe    =       1, ifsc    =       1, klambda =       1
     clambda =  0.6839, scalpha =  0.2000, scbeta  = 50.0000
     sceeorder =       2
     dynlmb =  0.0000 logdvdl =       0

| Intermolecular bonds treatment:
|     no_intermolecular_bonds =       1

| Energy averages sample interval:
|     ene_avg_sampling =    1000

Ewald parameters:
     verbose =       0, ew_type =       0, nbflag  =       1, use_pme =       1
     vdwmeth =       1, eedmeth =       1, netfrc  =       1
     Box X =   65.517   Box Y =   56.570   Box Z =   61.021
     Alpha =   90.000   Beta  =   90.000   Gamma =   90.000
     NFFT1 =   64       NFFT2 =   64       NFFT3 =   64
     Cutoff=   10.000   Tol   =0.100E-04
     Ewald Coefficient =  0.27511
     Interpolation order =    4

    LOADING THE CONSTRAINED ATOMS AS GROUPS


   5.  REFERENCE ATOM COORDINATES

  L0                                                                              
     Mask :309|!(:WAT|@H=|:Na+|:Cl-); matches  2446 atoms
     TI Mask 1 :1; matches     62 atoms
     TI Mask 2 :2; matches     61 atoms
     TI region 1:   17403 atoms
     TI region 2:   17402 atoms
     SC Mask 1 :1@C29,H62,H59,H58,H57,H56,H55,H54,H53,H52,H51,H50,H49,H48,H47,H46,H41,H40,H39,H38,H37,H36,H35,H34,H33,H32,C27,O26,C25,O24,C23,O22,C21,C20,C19,C18,C17,C7,C6,C5,C4,N3; matches     42 atoms
     SC Mask 2 :2@H46,C5,C6,C7,O8,C9,C10,C11,C12,C13,C14,O15,C16,C24,C25,N26,C27,C28,H33,H34,H35,H36,H37,H38,H39,H40,H41,H42,H43,H44,H45,H49,H50,H51,H52,H53,H54,H55,H56,H57,H61; matches     41 atoms

|--------------------------------------------------------------------------------------------
| Extra TI control variables
|     gti_add_sc     =   1, gti_ele_gauss  =   0, gti_auto_alpha =   0, gti_scale_beta =   0
|     gti_ele_exp    =   2, gti_vdw_exp    =   6, gti_ele_sc     =   1, gti_vdw_sc     =   1
|     gti_cut        =   1, gti_cut_sc     =   0
|     gti_cut_sc_on    =  0.0000, gti_cut_sc_off    =  0.0000
|--------------------------------------------------------------------------------------------


--------------------------------------------------------------------------------
   3.  ATOMIC COORDINATES AND VELOCITIES
--------------------------------------------------------------------------------

L0                                                                              
 begin time read from input coords =     0.000 ps



           Begin reading energy term weight changes/NMR restraints
 WEIGHT CHANGES:
 TEMP0         0  20000    0.100000  300.000000      0      0

 RESTRAINTS:
                          ** No restraint defined **

                  Done reading weight changes/NMR restraints


 
 Number of triangulated 3-point waters found:     4189
   Removing shake constraints from C2    L0    1 -- H33   L0    1
   Removing shake constraints from C2    L0    1 -- H32   L0    1
   Removing shake constraints from C17   L1    2 -- H46   L1    2
 Number of shake restraints removed in TI region  1 :        2
 Number of shake restraints removed in TI region  2 :        1

     Sum of charges for TI region  1 =  -0.00001916
     Skip neutralizing charges...


     Sum of charges for TI region  2 =  -0.00002514
     Skip neutralizing charges...

| Dynamic Memory, Types Used:
| Reals              867995
| Integers          1262921

| Nonbonded Pairs Initial Allocation:     5282423

| GPU memory information (estimate):
| KB of GPU memory in use:    147303
| KB of CPU memory in use:     47637

--------------------------------------------------------------------------------
   4.  RESULTS
--------------------------------------------------------------------------------

   DOF for the SC part  1 of the system:  103
   SHAKE constraints in the SC region:   23
   DOF for the SC part  2 of the system:  100
   SHAKE constraints in the SC region:   23

| TI region  1


 NSTEP =        0   TIME(PS) =       0.000  TEMP(K) =     0.14  PRESS =     0.0
 Etot   =    -59900.3478  EKtot   =         5.1786  EPtot      =    -59905.5264
 BOND   =      3831.8739  ANGLE   =       626.3915  DIHED      =      3369.6788
 1-4 NB =       971.6928  1-4 EEL =     10671.0273  VDWAALS    =      6456.3933
 EELEC  =    -85832.5840  EHBOND  =         0.0000  RESTRAINT  =         0.0000
 DV/DL  =       -81.7770
 ------------------------------------------------------------------------------

  Softcore part of the system:      42 atoms,       TEMP(K)    =           0.25
 SC_Etot=        91.1533  SC_EKtot=         0.0253  SC_EPtot   =        91.1281
 SC_BOND=         0.5990  SC_ANGLE=         7.8304  SC_DIHED   =        18.9862
 SC_14NB=         3.0848  SC_14EEL=        26.0244  SC_VDW     =         0.1073
 SC_EEL =        34.4959
 SC_RES_DIST=     0.0000  SC_RES_ANG=       0.0000  SC_RES_TORS=         0.0000
 SC_EEL_DER=    -22.9485  SC_VDW_DER=       6.1173  SC_DERIV   =       -16.8311
 ------------------------------------------------------------------------------


| TI region  2


 NSTEP =        0   TIME(PS) =       0.000  TEMP(K) =     0.14  PRESS =     0.0
 Etot   =    -59900.3519  EKtot   =         5.1745  EPtot      =    -59905.5264
 BOND   =      3831.8739  ANGLE   =       626.3915  DIHED      =      3369.6788
 1-4 NB =       971.6928  1-4 EEL =     10671.0273  VDWAALS    =      6456.3933
 EELEC  =    -85832.5840  EHBOND  =         0.0000  RESTRAINT  =         0.0000
 DV/DL  =       -81.7770
 ------------------------------------------------------------------------------

  Softcore part of the system:      41 atoms,       TEMP(K)    =           0.20
 SC_Etot=       163.7431  SC_EKtot=         0.0204  SC_EPtot   =       163.7228
 SC_BOND=         1.4152  SC_ANGLE=         2.8528  SC_DIHED   =        15.6389
 SC_14NB=         4.6084  SC_14EEL=        90.9090  SC_VDW     =        -0.5313
 SC_EEL =        48.8298
 SC_RES_DIST=     0.0000  SC_RES_ANG=       0.0000  SC_RES_TORS=         0.0000
 SC_EEL_DER=    -22.9485  SC_VDW_DER=       6.1173  SC_DERIV   =       -16.8311
 ------------------------------------------------------------------------------

 NMR restraints: Bond =    0.000   Angle =     0.000   Torsion =     0.000
===============================================================================

| TI region  1


 NSTEP =     1000   TIME(PS) =       2.000  TEMP(K) =    22.28  PRESS =     0.0
 Etot   =    -58824.5490  EKtot   =       824.3468  EPtot      =    -59648.8958
 BOND   =       182.8455  ANGLE   =       675.9960  DIHED      =      3378.8960
 1-4 NB =       979.4083  1-4 EEL =     10643.3026  VDWAALS    =      6483.3904
 EELEC  =    -82058.6916  EHBOND  =         0.0000  RESTRAINT  =        65.9570
 EAMBER (non-restraint)  =    -59714.8528
 DV/DL  =       -79.4061
 ------------------------------------------------------------------------------

  Softcore part of the system:      42 atoms,       TEMP(K)    =           9.01
 SC_Etot=        92.9141  SC_EKtot=         0.9216  SC_EPtot   =        91.9925
 SC_BOND=         0.7259  SC_ANGLE=         8.0740  SC_DIHED   =        19.1583
 SC_14NB=         3.0997  SC_14EEL=        26.0909  SC_VDW     =         0.3176
 SC_EEL =        34.5261
 SC_RES_DIST=     0.0000  SC_RES_ANG=       0.0000  SC_RES_TORS=         0.0000
 SC_EEL_DER=    -23.5403  SC_VDW_DER=       8.5457  SC_DERIV   =       -14.9946
 ------------------------------------------------------------------------------


| TI region  2


 NSTEP =     1000   TIME(PS) =       2.000  TEMP(K) =    22.28  PRESS =     0.0
 Etot   =    -58824.7320  EKtot   =       824.1638  EPtot      =    -59648.8958
 BOND   =       182.8455  ANGLE   =       675.9960  DIHED      =      3378.8960
 1-4 NB =       979.4083  1-4 EEL =     10643.3026  VDWAALS    =      6483.3904
 EELEC  =    -82058.6916  EHBOND  =         0.0000  RESTRAINT  =        65.9570
 EAMBER (non-restraint)  =    -59714.8528
 DV/DL  =       -79.4061
 ------------------------------------------------------------------------------

  Softcore part of the system:      41 atoms,       TEMP(K)    =           7.43
 SC_Etot=       165.2517  SC_EKtot=         0.7386  SC_EPtot   =       164.5131
 SC_BOND=         1.0928  SC_ANGLE=         3.1472  SC_DIHED   =        15.6951
 SC_14NB=         4.6910  SC_14EEL=        91.1169  SC_VDW     =        -0.3506
 SC_EEL =        49.1208
 SC_RES_DIST=     0.0000  SC_RES_ANG=       0.0000  SC_RES_TORS=         0.0000
 SC_EEL_DER=    -23.5403  SC_VDW_DER=       8.5457  SC_DERIV   =       -14.9946
 ------------------------------------------------------------------------------

 NMR restraints: Bond =    0.000   Angle =     0.000   Torsion =     0.000
===============================================================================

| TI region  1


 NSTEP =     2000   TIME(PS) =       4.000  TEMP(K) =    26.01  PRESS =     0.0
 Etot   =    -58872.5150  EKtot   =       962.1463  EPtot      =    -59834.6613
 BOND   =       204.4341  ANGLE   =       746.4975  DIHED      =      3397.2238
 1-4 NB =       986.3503  1-4 EEL =     10662.0533  VDWAALS    =      6463.6552
 EELEC  =    -82370.8333  EHBOND  =         0.0000  RESTRAINT  =        75.9578
 EAMBER (non-restraint)  =    -59910.6191
 DV/DL  =       -78.5448
 ------------------------------------------------------------------------------

  Softcore part of the system:      42 atoms,       TEMP(K)    =          25.79
 SC_Etot=        96.4272  SC_EKtot=         2.6395  SC_EPtot   =        93.7877
 SC_BOND=         0.7851  SC_ANGLE=         9.8196  SC_DIHED   =        19.5388
 SC_14NB=         3.0989  SC_14EEL=        26.0145  SC_VDW     =        -0.0285
 SC_EEL =        34.5593
 SC_RES_DIST=     0.0000  SC_RES_ANG=       0.0000  SC_RES_TORS=         0.0000
 SC_EEL_DER=    -22.8856  SC_VDW_DER=       7.2603  SC_DERIV   =       -15.6253
 ------------------------------------------------------------------------------


| TI region  2


 NSTEP =     2000   TIME(PS) =       4.000  TEMP(K) =    26.00  PRESS =     0.0
 Etot   =    -58873.0318  EKtot   =       961.6295  EPtot      =    -59834.6613
 BOND   =       204.4341  ANGLE   =       746.4975  DIHED      =      3397.2238
 1-4 NB =       986.3503  1-4 EEL =     10662.0533  VDWAALS    =      6463.6552
 EELEC  =    -82370.8333  EHBOND  =         0.0000  RESTRAINT  =        75.9578
 EAMBER (non-restraint)  =    -59910.6191
 DV/DL  =       -78.5448
 ------------------------------------------------------------------------------

  Softcore part of the system:      41 atoms,       TEMP(K)    =          21.36
 SC_Etot=       168.1944  SC_EKtot=         2.1227  SC_EPtot   =       166.0717
 SC_BOND=         1.2620  SC_ANGLE=         5.0428  SC_DIHED   =        15.9774
 SC_14NB=         4.7838  SC_14EEL=        90.7624  SC_VDW     =        -0.6041
 SC_EEL =        48.8474
 SC_RES_DIST=     0.0000  SC_RES_ANG=       0.0000  SC_RES_TORS=         0.0000
 SC_EEL_DER=    -22.8856  SC_VDW_DER=       7.2603  SC_DERIV   =       -15.6253
 ------------------------------------------------------------------------------

 NMR restraints: Bond =    0.000   Angle =     0.000   Torsion =     0.000
===============================================================================

| TI region  1


 NSTEP =     3000   TIME(PS) =       6.000  TEMP(K) =    38.61  PRESS =     0.0
 Etot   =    -58032.1841  EKtot   =      1428.0638  EPtot      =    -59460.2479
 BOND   =       240.7920  ANGLE   =       841.8457  DIHED      =      3415.7780
 1-4 NB =       988.7922  1-4 EEL =     10662.6782  VDWAALS    =      6471.0633
 EELEC  =    -82187.3808  EHBOND  =         0.0000  RESTRAINT  =       106.1835
 EAMBER (non-restraint)  =    -59566.4314
 DV/DL  =       -80.0271
 ------------------------------------------------------------------------------

  Softcore part of the system:      42 atoms,       TEMP(K)    =          42.01
 SC_Etot=        98.5443  SC_EKtot=         4.2989  SC_EPtot   =        94.2454
 SC_BOND=         1.3464  SC_ANGLE=        10.0436  SC_DIHED   =        19.0140
 SC_14NB=         3.0846  SC_14EEL=        26.0093  SC_VDW     =         0.2576
 SC_EEL =        34.4898
 SC_RES_DIST=     0.0000  SC_RES_ANG=       0.0000  SC_RES_TORS=         0.0000
 SC_EEL_DER=    -23.3738  SC_VDW_DER=       8.5081  SC_DERIV   =       -14.8657
 ------------------------------------------------------------------------------


| TI region  2


 NSTEP =     3000   TIME(PS) =       6.000  TEMP(K) =    38.58  PRESS =     0.0
 Etot   =    -58033.3689  EKtot   =      1426.8790  EPtot      =    -59460.2479
 BOND   =       240.7920  ANGLE   =       841.8457  DIHED      =      3415.7780
 1-4 NB =       988.7922  1-4 EEL =     10662.6782  VDWAALS    =      6471.0633
 EELEC  =    -82187.3808  EHBOND  =         0.0000  RESTRAINT  =       106.1835
 EAMBER (non-restraint)  =    -59566.4314
 DV/DL  =       -80.0271
 ------------------------------------------------------------------------------

  Softcore part of the system:      41 atoms,       TEMP(K)    =          31.34
 SC_Etot=       170.6684  SC_EKtot=         3.1142  SC_EPtot   =       167.5543
 SC_BOND=         1.3729  SC_ANGLE=         5.5552  SC_DIHED   =        16.1804
 SC_14NB=         4.9342  SC_14EEL=        90.9187  SC_VDW     =        -0.4480
 SC_EEL =        49.0410
 SC_RES_DIST=     0.0000  SC_RES_ANG=       0.0000  SC_RES_TORS=         0.0000
 SC_EEL_DER=    -23.3738  SC_VDW_DER=       8.5081  SC_DERIV   =       -14.8657
 ------------------------------------------------------------------------------

 NMR restraints: Bond =    0.000   Angle =     0.000   Torsion =     0.000
===============================================================================

| TI region  1


 NSTEP =     4000   TIME(PS) =       8.000  TEMP(K) =    53.30  PRESS =     0.0
 Etot   =    -56987.8388  EKtot   =      1971.6819  EPtot      =    -58959.5207
 BOND   =       283.5322  ANGLE   =       932.0770  DIHED      =      3438.7831
 1-4 NB =       994.6729  1-4 EEL =     10643.4044  VDWAALS    =      6153.5039
 EELEC  =    -81538.7822  EHBOND  =         0.0000  RESTRAINT  =       133.2880
 EAMBER (non-restraint)  =    -59092.8087
 DV/DL  =       -79.5477
 ------------------------------------------------------------------------------

  Softcore part of the system:      42 atoms,       TEMP(K)    =          46.56
 SC_Etot=        99.6344  SC_EKtot=         4.7651  SC_EPtot   =        94.8694
 SC_BOND=         0.7947  SC_ANGLE=         8.9309  SC_DIHED   =        20.3205
 SC_14NB=         3.3658  SC_14EEL=        26.6049  SC_VDW     =         0.5017
 SC_EEL =        34.3509
 SC_RES_DIST=     0.0000  SC_RES_ANG=       0.0000  SC_RES_TORS=         0.0000
 SC_EEL_DER=    -22.9935  SC_VDW_DER=       7.1714  SC_DERIV   =       -15.8221
 ------------------------------------------------------------------------------


| TI region  2


 NSTEP =     4000   TIME(PS) =       8.000  TEMP(K) =    53.32  PRESS =     0.0
 Etot   =    -56987.1610  EKtot   =      1972.3597  EPtot      =    -58959.5207
 BOND   =       283.5322  ANGLE   =       932.0770  DIHED      =      3438.7831
 1-4 NB =       994.6729  1-4 EEL =     10643.4044  VDWAALS    =      6153.5039
 EELEC  =    -81538.7822  EHBOND  =         0.0000  RESTRAINT  =       133.2880
 EAMBER (non-restraint)  =    -59092.8087
 DV/DL  =       -79.5477
 ------------------------------------------------------------------------------

  Softcore part of the system:      41 atoms,       TEMP(K)    =          54.78
 SC_Etot=       173.8132  SC_EKtot=         5.4429  SC_EPtot   =       168.3703
 SC_BOND=         2.4551  SC_ANGLE=         5.7492  SC_DIHED   =        15.6504
 SC_14NB=         4.4989  SC_14EEL=        91.1875  SC_VDW     =        -0.3873
 SC_EEL =        49.2165
 SC_RES_DIST=     0.0000  SC_RES_ANG=       0.0000  SC_RES_TORS=         0.0000
 SC_EEL_DER=    -22.9935  SC_VDW_DER=       7.1714  SC_DERIV   =       -15.8221
 ------------------------------------------------------------------------------

 NMR restraints: Bond =    0.000   Angle =     0.000   Torsion =     0.000
===============================================================================

| TI region  1


 NSTEP =     5000   TIME(PS) =      10.000  TEMP(K) =    68.22  PRESS =     0.0
 Etot   =    -56028.8481  EKtot   =      2523.4283  EPtot      =    -58552.2764
 BOND   =       321.4258  ANGLE   =      1006.0526  DIHED      =      3444.8419
 1-4 NB =      1002.2656  1-4 EEL =     10663.3035  VDWAALS    =      6216.3845
 EELEC  =    -81369.0159  EHBOND  =         0.0000  RESTRAINT  =       162.4657
 EAMBER (non-restraint)  =    -58714.7421
 DV/DL  =       -81.0671
 ------------------------------------------------------------------------------

  Softcore part of the system:      42 atoms,       TEMP(K)    =          51.91
 SC_Etot=       102.8680  SC_EKtot=         5.3129  SC_EPtot   =        97.5551
 SC_BOND=         2.0501  SC_ANGLE=        11.0281  SC_DIHED   =        20.8750
 SC_14NB=         3.1043  SC_14EEL=        26.5724  SC_VDW     =         0.0672
 SC_EEL =        33.8581
 SC_RES_DIST=     0.0000  SC_RES_ANG=       0.0000  SC_RES_TORS=         0.0000
 SC_EEL_DER=    -22.4301  SC_VDW_DER=       7.4192  SC_DERIV   =       -15.0109
 ------------------------------------------------------------------------------


| TI region  2


 NSTEP =     5000   TIME(PS) =      10.000  TEMP(K) =    68.23  PRESS =     0.0
 Etot   =    -56028.4901  EKtot   =      2523.7863  EPtot      =    -58552.2764
 BOND   =       321.4258  ANGLE   =      1006.0526  DIHED      =      3444.8419
 1-4 NB =      1002.2656  1-4 EEL =     10663.3035  VDWAALS    =      6216.3845
 EELEC  =    -81369.0159  EHBOND  =         0.0000  RESTRAINT  =       162.4657
 EAMBER (non-restraint)  =    -58714.7421
 DV/DL  =       -81.0671
 ------------------------------------------------------------------------------

  Softcore part of the system:      41 atoms,       TEMP(K)    =          57.07
 SC_Etot=       176.4665  SC_EKtot=         5.6708  SC_EPtot   =       170.7957
 SC_BOND=         2.4401  SC_ANGLE=         7.3066  SC_DIHED   =        16.5007
 SC_14NB=         5.1546  SC_14EEL=        91.2671  SC_VDW     =        -0.8632
 SC_EEL =        48.9898
 SC_RES_DIST=     0.0000  SC_RES_ANG=       0.0000  SC_RES_TORS=         0.0000
 SC_EEL_DER=    -22.4301  SC_VDW_DER=       7.4192  SC_DERIV   =       -15.0109
 ------------------------------------------------------------------------------

 NMR restraints: Bond =    0.000   Angle =     0.000   Torsion =     0.000
===============================================================================

| TI region  1


 NSTEP =     6000   TIME(PS) =      12.000  TEMP(K) =    83.35  PRESS =     0.0
 Etot   =    -55002.8235  EKtot   =      3083.1016  EPtot      =    -58085.9250
 BOND   =       355.6384  ANGLE   =      1104.0272  DIHED      =      3480.1497
 1-4 NB =       997.9976  1-4 EEL =     10625.0332  VDWAALS    =      6080.0723
 EELEC  =    -80912.0200  EHBOND  =         0.0000  RESTRAINT  =       183.1765
 EAMBER (non-restraint)  =    -58269.1016
 DV/DL  =       -81.1896
 ------------------------------------------------------------------------------

  Softcore part of the system:      42 atoms,       TEMP(K)    =          91.46
 SC_Etot=       107.5925  SC_EKtot=         9.3601  SC_EPtot   =        98.2324
 SC_BOND=         1.6477  SC_ANGLE=        12.1701  SC_DIHED   =        20.6140
 SC_14NB=         3.2926  SC_14EEL=        26.4807  SC_VDW     =        -0.3410
 SC_EEL =        34.3682
 SC_RES_DIST=     0.0000  SC_RES_ANG=       0.0000  SC_RES_TORS=         0.0000
 SC_EEL_DER=    -23.9671  SC_VDW_DER=       9.0280  SC_DERIV   =       -14.9391
 ------------------------------------------------------------------------------


| TI region  2


 NSTEP =     6000   TIME(PS) =      12.000  TEMP(K) =    83.39  PRESS =     0.0
 Etot   =    -55001.4283  EKtot   =      3084.4968  EPtot      =    -58085.9250
 BOND   =       355.6384  ANGLE   =      1104.0272  DIHED      =      3480.1497
 1-4 NB =       997.9976  1-4 EEL =     10625.0332  VDWAALS    =      6080.0723
 EELEC  =    -80912.0200  EHBOND  =         0.0000  RESTRAINT  =       183.1765
 EAMBER (non-restraint)  =    -58269.1016
 DV/DL  =       -81.1896
 ------------------------------------------------------------------------------

  Softcore part of the system:      41 atoms,       TEMP(K)    =         108.25
 SC_Etot=       180.5720  SC_EKtot=        10.7553  SC_EPtot   =       169.8168
 SC_BOND=         2.7838  SC_ANGLE=         7.6372  SC_DIHED   =        16.3930
 SC_14NB=         4.3001  SC_14EEL=        91.0718  SC_VDW     =        -1.0865
 SC_EEL =        48.7175
 SC_RES_DIST=     0.0000  SC_RES_ANG=       0.0000  SC_RES_TORS=         0.0000
 SC_EEL_DER=    -23.9671  SC_VDW_DER=       9.0280  SC_DERIV   =       -14.9391
 ------------------------------------------------------------------------------

 NMR restraints: Bond =    0.000   Angle =     0.000   Torsion =     0.000
===============================================================================

| TI region  1


 NSTEP =     7000   TIME(PS) =      14.000  TEMP(K) =    98.11  PRESS =     0.0
 Etot   =    -53912.2645  EKtot   =      3629.3237  EPtot      =    -57541.5881
 BOND   =       396.3916  ANGLE   =      1157.2768  DIHED      =      3504.3435
 1-4 NB =      1015.2321  1-4 EEL =     10667.0253  VDWAALS    =      5929.6351
 EELEC  =    -80433.8386  EHBOND  =         0.0000  RESTRAINT  =       222.3460
 EAMBER (non-restraint)  =    -57763.9342
 DV/DL  =       -81.7741
 ------------------------------------------------------------------------------

  Softcore part of the system:      42 atoms,       TEMP(K)    =          84.05
 SC_Etot=       108.2137  SC_EKtot=         8.6016  SC_EPtot   =        99.6121
 SC_BOND=         2.4093  SC_ANGLE=        13.8537  SC_DIHED   =        19.4063
 SC_14NB=         3.2825  SC_14EEL=        26.3957  SC_VDW     =        -0.5214
 SC_EEL =        34.7859
 SC_RES_DIST=     0.0000  SC_RES_ANG=       0.0000  SC_RES_TORS=         0.0000
 SC_EEL_DER=    -21.0308  SC_VDW_DER=       7.8726  SC_DERIV   =       -13.1582
 ------------------------------------------------------------------------------


| TI region  2


 NSTEP =     7000   TIME(PS) =      14.000  TEMP(K) =    98.11  PRESS =     0.0
 Etot   =    -53912.6856  EKtot   =      3628.9026  EPtot      =    -57541.5881
 BOND   =       396.3916  ANGLE   =      1157.2768  DIHED      =      3504.3435
 1-4 NB =      1015.2321  1-4 EEL =     10667.0253  VDWAALS    =      5929.6351
 EELEC  =    -80433.8386  EHBOND  =         0.0000  RESTRAINT  =       222.3460
 EAMBER (non-restraint)  =    -57763.9342
 DV/DL  =       -81.7741
 ------------------------------------------------------------------------------

  Softcore part of the system:      41 atoms,       TEMP(K)    =          82.33
 SC_Etot=       181.7841  SC_EKtot=         8.1805  SC_EPtot   =       173.6036
 SC_BOND=         2.1585  SC_ANGLE=         8.9026  SC_DIHED   =        16.6004
 SC_14NB=         5.3670  SC_14EEL=        91.4171  SC_VDW     =        -0.2002
 SC_EEL =        49.3583
 SC_RES_DIST=     0.0000  SC_RES_ANG=       0.0000  SC_RES_TORS=         0.0000
 SC_EEL_DER=    -21.0308  SC_VDW_DER=       7.8726  SC_DERIV   =       -13.1582
 ------------------------------------------------------------------------------

 NMR restraints: Bond =    0.000   Angle =     0.000   Torsion =     0.000
===============================================================================

| TI region  1


 NSTEP =     8000   TIME(PS) =      16.000  TEMP(K) =   113.68  PRESS =     0.0
 Etot   =    -52894.3862  EKtot   =      4205.2816  EPtot      =    -57099.6678
 BOND   =       428.1999  ANGLE   =      1256.7224  DIHED      =      3512.5708
 1-4 NB =      1022.3607  1-4 EEL =     10667.7771  VDWAALS    =      5871.8458
 EELEC  =    -80104.2016  EHBOND  =         0.0000  RESTRAINT  =       245.0571
 EAMBER (non-restraint)  =    -57344.7249
 DV/DL  =       -75.6399
 ------------------------------------------------------------------------------

  Softcore part of the system:      42 atoms,       TEMP(K)    =         129.31
 SC_Etot=       115.0755  SC_EKtot=        13.2334  SC_EPtot   =       101.8421
 SC_BOND=         2.2673  SC_ANGLE=        16.6879  SC_DIHED   =        19.9208
 SC_14NB=         2.8280  SC_14EEL=        26.8432  SC_VDW     =        -0.5391
 SC_EEL =        33.8341
 SC_RES_DIST=     0.0000  SC_RES_ANG=       0.0000  SC_RES_TORS=         0.0000
 SC_EEL_DER=    -21.9620  SC_VDW_DER=      10.5804  SC_DERIV   =       -11.3816
 ------------------------------------------------------------------------------


| TI region  2


 NSTEP =     8000   TIME(PS) =      16.000  TEMP(K) =   113.66  PRESS =     0.0
 Etot   =    -52895.6585  EKtot   =      4204.0093  EPtot      =    -57099.6678
 BOND   =       428.1999  ANGLE   =      1256.7224  DIHED      =      3512.5708
 1-4 NB =      1022.3607  1-4 EEL =     10667.7771  VDWAALS    =      5871.8458
 EELEC  =    -80104.2016  EHBOND  =         0.0000  RESTRAINT  =       245.0571
 EAMBER (non-restraint)  =    -57344.7249
 DV/DL  =       -75.6399
 ------------------------------------------------------------------------------

  Softcore part of the system:      41 atoms,       TEMP(K)    =         120.38
 SC_Etot=       182.2296  SC_EKtot=        11.9611  SC_EPtot   =       170.2685
 SC_BOND=         2.6071  SC_ANGLE=         6.2825  SC_DIHED   =        16.4101
 SC_14NB=         4.8477  SC_14EEL=        91.8281  SC_VDW     =        -0.5495
 SC_EEL =        48.8425
 SC_RES_DIST=     0.0000  SC_RES_ANG=       0.0000  SC_RES_TORS=         0.0000
 SC_EEL_DER=    -21.9620  SC_VDW_DER=      10.5804  SC_DERIV   =       -11.3816
 ------------------------------------------------------------------------------

 NMR restraints: Bond =    0.000   Angle =     0.000   Torsion =     0.000
===============================================================================

| TI region  1


 NSTEP =     9000   TIME(PS) =      18.000  TEMP(K) =   127.59  PRESS =     0.0
 Etot   =    -51850.9092  EKtot   =      4719.8233  EPtot      =    -56570.7325
 BOND   =       447.0647  ANGLE   =      1336.6934  DIHED      =      3531.7719
 1-4 NB =      1030.1212  1-4 EEL =     10630.6293  VDWAALS    =      5769.5322
 EELEC  =    -79600.1451  EHBOND  =         0.0000  RESTRAINT  =       283.5999
 EAMBER (non-restraint)  =    -56854.3324
 DV/DL  =       -85.6930
 ------------------------------------------------------------------------------

  Softcore part of the system:      42 atoms,       TEMP(K)    =         124.61
 SC_Etot=       114.8385  SC_EKtot=        12.7528  SC_EPtot   =       102.0857
 SC_BOND=         2.3300  SC_ANGLE=        14.9835  SC_DIHED   =        21.1134
 SC_14NB=         3.2210  SC_14EEL=        26.4883  SC_VDW     =         0.0311
 SC_EEL =        33.9185
 SC_RES_DIST=     0.0000  SC_RES_ANG=       0.0000  SC_RES_TORS=         0.0000
 SC_EEL_DER=    -23.0930  SC_VDW_DER=       9.8152  SC_DERIV   =       -13.2778
 ------------------------------------------------------------------------------


| TI region  2


 NSTEP =     9000   TIME(PS) =      18.000  TEMP(K) =   127.64  PRESS =     0.0
 Etot   =    -51849.4224  EKtot   =      4721.3101  EPtot      =    -56570.7325
 BOND   =       447.0647  ANGLE   =      1336.6934  DIHED      =      3531.7719
 1-4 NB =      1030.1212  1-4 EEL =     10630.6293  VDWAALS    =      5769.5322
 EELEC  =    -79600.1451  EHBOND  =         0.0000  RESTRAINT  =       283.5999
 EAMBER (non-restraint)  =    -56854.3324
 DV/DL  =       -85.6930
 ------------------------------------------------------------------------------

  Softcore part of the system:      41 atoms,       TEMP(K)    =         143.31
 SC_Etot=       188.4652  SC_EKtot=        14.2396  SC_EPtot   =       174.2256
 SC_BOND=         2.7196  SC_ANGLE=        10.6414  SC_DIHED   =        16.9860
 SC_14NB=         4.8448  SC_14EEL=        90.6557  SC_VDW     =        -0.5356
 SC_EEL =        48.9137
 SC_RES_DIST=     0.0000  SC_RES_ANG=       0.0000  SC_RES_TORS=         0.0000
 SC_EEL_DER=    -23.0930  SC_VDW_DER=       9.8152  SC_DERIV   =       -13.2778
 ------------------------------------------------------------------------------

 NMR restraints: Bond =    0.000   Angle =     0.000   Torsion =     0.000
===============================================================================

| TI region  1


 NSTEP =    10000   TIME(PS) =      20.000  TEMP(K) =   142.73  PRESS =     0.0
 Etot   =    -50695.3937  EKtot   =      5279.8315  EPtot      =    -55975.2253
 BOND   =       493.9501  ANGLE   =      1403.5967  DIHED      =      3551.9324
 1-4 NB =      1030.6811  1-4 EEL =     10691.7942  VDWAALS    =      5438.5532
 EELEC  =    -78912.3242  EHBOND  =         0.0000  RESTRAINT  =       326.5913
 EAMBER (non-restraint)  =    -56301.8166
 DV/DL  =       -75.7115
 ------------------------------------------------------------------------------

  Softcore part of the system:      42 atoms,       TEMP(K)    =         158.26
 SC_Etot=       117.4974  SC_EKtot=        16.1959  SC_EPtot   =       101.3015
 SC_BOND=         2.0732  SC_ANGLE=        13.9195  SC_DIHED   =        20.7072
 SC_14NB=         3.3437  SC_14EEL=        26.4479  SC_VDW     =         0.1739
 SC_EEL =        34.6361
 SC_RES_DIST=     0.0000  SC_RES_ANG=       0.0000  SC_RES_TORS=         0.0000
 SC_EEL_DER=    -21.4764  SC_VDW_DER=      12.7912  SC_DERIV   =        -8.6852
 ------------------------------------------------------------------------------


| TI region  2


 NSTEP =    10000   TIME(PS) =      20.000  TEMP(K) =   142.69  PRESS =     0.0
 Etot   =    -50697.4997  EKtot   =      5277.7255  EPtot      =    -55975.2253
 BOND   =       493.9501  ANGLE   =      1403.5967  DIHED      =      3551.9324
 1-4 NB =      1030.6811  1-4 EEL =     10691.7942  VDWAALS    =      5438.5532
 EELEC  =    -78912.3242  EHBOND  =         0.0000  RESTRAINT  =       326.5913
 EAMBER (non-restraint)  =    -56301.8166
 DV/DL  =       -75.7115
 ------------------------------------------------------------------------------

  Softcore part of the system:      41 atoms,       TEMP(K)    =         141.81
 SC_Etot=       187.9824  SC_EKtot=        14.0899  SC_EPtot   =       173.8925
 SC_BOND=         3.0038  SC_ANGLE=        10.4349  SC_DIHED   =        16.9469
 SC_14NB=         4.5455  SC_14EEL=        90.3541  SC_VDW     =        -0.6697
 SC_EEL =        49.2769
 SC_RES_DIST=     0.0000  SC_RES_ANG=       0.0000  SC_RES_TORS=         0.0000
 SC_EEL_DER=    -21.4764  SC_VDW_DER=      12.7912  SC_DERIV   =        -8.6852
 ------------------------------------------------------------------------------

 NMR restraints: Bond =    0.000   Angle =     0.000   Torsion =     0.000
===============================================================================

| TI region  1


 NSTEP =    11000   TIME(PS) =      22.000  TEMP(K) =   157.08  PRESS =     0.0
 Etot   =    -49649.4650  EKtot   =      5810.6885  EPtot      =    -55460.1535
 BOND   =       519.5475  ANGLE   =      1490.6559  DIHED      =      3570.4544
 1-4 NB =      1035.4278  1-4 EEL =     10660.9298  VDWAALS    =      5331.0891
 EELEC  =    -78410.5361  EHBOND  =         0.0000  RESTRAINT  =       342.2781
 EAMBER (non-restraint)  =    -55802.4316
 DV/DL  =       -77.4397
 ------------------------------------------------------------------------------

  Softcore part of the system:      42 atoms,       TEMP(K)    =         181.53
 SC_Etot=       122.4186  SC_EKtot=        18.5775  SC_EPtot   =       103.8411
 SC_BOND=         3.4113  SC_ANGLE=        18.0638  SC_DIHED   =        19.7724
 SC_14NB=         2.5951  SC_14EEL=        24.7754  SC_VDW     =        -0.3571
 SC_EEL =        35.5804
 SC_RES_DIST=     0.0000  SC_RES_ANG=       0.0000  SC_RES_TORS=         0.0000
 SC_EEL_DER=    -26.6871  SC_VDW_DER=      10.3141  SC_DERIV   =       -16.3731
 ------------------------------------------------------------------------------


| TI region  2


 NSTEP =    11000   TIME(PS) =      22.000  TEMP(K) =   157.03  PRESS =     0.0
 Etot   =    -49651.8311  EKtot   =      5808.3225  EPtot      =    -55460.1535
 BOND   =       519.5475  ANGLE   =      1490.6559  DIHED      =      3570.4544
 1-4 NB =      1035.4278  1-4 EEL =     10660.9298  VDWAALS    =      5331.0891
 EELEC  =    -78410.5361  EHBOND  =         0.0000  RESTRAINT  =       342.2781
 EAMBER (non-restraint)  =    -55802.4316
 DV/DL  =       -77.4397
 ------------------------------------------------------------------------------

  Softcore part of the system:      41 atoms,       TEMP(K)    =         163.16
 SC_Etot=       192.6342  SC_EKtot=        16.2114  SC_EPtot   =       176.4228
 SC_BOND=         3.9135  SC_ANGLE=        11.1899  SC_DIHED   =        16.9682
 SC_14NB=         4.6632  SC_14EEL=        92.0096  SC_VDW     =        -0.9762
 SC_EEL =        48.6546
 SC_RES_DIST=     0.0000  SC_RES_ANG=       0.0000  SC_RES_TORS=         0.0000
 SC_EEL_DER=    -26.6871  SC_VDW_DER=      10.3141  SC_DERIV   =       -16.3731
 ------------------------------------------------------------------------------

 NMR restraints: Bond =    0.000   Angle =     0.000   Torsion =     0.000
===============================================================================

| TI region  1


 NSTEP =    12000   TIME(PS) =      24.000  TEMP(K) =   172.41  PRESS =     0.0
 Etot   =    -48433.4792  EKtot   =      6377.8247  EPtot      =    -54811.3039
 BOND   =       594.0749  ANGLE   =      1601.0369  DIHED      =      3583.7439
 1-4 NB =      1054.6040  1-4 EEL =     10621.6903  VDWAALS    =      4934.9954
 EELEC  =    -77569.3338  EHBOND  =         0.0000  RESTRAINT  =       367.8845
 EAMBER (non-restraint)  =    -55179.1884
 DV/DL  =       -80.3902
 ------------------------------------------------------------------------------

  Softcore part of the system:      42 atoms,       TEMP(K)    =         162.69
 SC_Etot=       123.1355  SC_EKtot=        16.6498  SC_EPtot   =       106.4857
 SC_BOND=         2.5025  SC_ANGLE=        16.4339  SC_DIHED   =        20.9255
 SC_14NB=         3.8879  SC_14EEL=        27.1831  SC_VDW     =         1.6375
 SC_EEL =        33.9152
 SC_RES_DIST=     0.0000  SC_RES_ANG=       0.0000  SC_RES_TORS=         0.0000
 SC_EEL_DER=    -22.5456  SC_VDW_DER=       8.9847  SC_DERIV   =       -13.5610
 ------------------------------------------------------------------------------


| TI region  2


 NSTEP =    12000   TIME(PS) =      24.000  TEMP(K) =   172.31  PRESS =     0.0
 Etot   =    -48437.6446  EKtot   =      6373.6592  EPtot      =    -54811.3039
 BOND   =       594.0749  ANGLE   =      1601.0369  DIHED      =      3583.7439
 1-4 NB =      1054.6040  1-4 EEL =     10621.6903  VDWAALS    =      4934.9954
 EELEC  =    -77569.3338  EHBOND  =         0.0000  RESTRAINT  =       367.8845
 EAMBER (non-restraint)  =    -55179.1884
 DV/DL  =       -80.3902
 ------------------------------------------------------------------------------

  Softcore part of the system:      41 atoms,       TEMP(K)    =         125.65
 SC_Etot=       188.1987  SC_EKtot=        12.4844  SC_EPtot   =       175.7143
 SC_BOND=         3.9468  SC_ANGLE=        10.4553  SC_DIHED   =        17.1738
 SC_14NB=         4.9106  SC_14EEL=        90.0272  SC_VDW     =         1.1313
 SC_EEL =        48.0693
 SC_RES_DIST=     0.0000  SC_RES_ANG=       0.0000  SC_RES_TORS=         0.0000
 SC_EEL_DER=    -22.5456  SC_VDW_DER=       8.9847  SC_DERIV   =       -13.5610
 ------------------------------------------------------------------------------

 NMR restraints: Bond =    0.000   Angle =     0.000   Torsion =     0.000
===============================================================================

| TI region  1


 NSTEP =    13000   TIME(PS) =      26.000  TEMP(K) =   186.36  PRESS =     0.0
 Etot   =    -47430.2884  EKtot   =      6893.9049  EPtot      =    -54324.1933
 BOND   =       588.8495  ANGLE   =      1648.6724  DIHED      =      3601.0783
 1-4 NB =      1047.6142  1-4 EEL =     10649.9078  VDWAALS    =      5002.4556
 EELEC  =    -77266.0892  EHBOND  =         0.0000  RESTRAINT  =       403.3181
 EAMBER (non-restraint)  =    -54727.5114
 DV/DL  =       -73.3967
 ------------------------------------------------------------------------------

  Softcore part of the system:      42 atoms,       TEMP(K)    =         171.05
 SC_Etot=       126.5643  SC_EKtot=        17.5054  SC_EPtot   =       109.0589
 SC_BOND=         6.3753  SC_ANGLE=        15.2975  SC_DIHED   =        22.9344
 SC_14NB=         3.8752  SC_14EEL=        25.9658  SC_VDW     =         0.8454
 SC_EEL =        33.7653
 SC_RES_DIST=     0.0000  SC_RES_ANG=       0.0000  SC_RES_TORS=         0.0000
 SC_EEL_DER=    -22.0361  SC_VDW_DER=      10.7050  SC_DERIV   =       -11.3311
 ------------------------------------------------------------------------------


| TI region  2


 NSTEP =    13000   TIME(PS) =      26.000  TEMP(K) =   186.47  PRESS =     0.0
 Etot   =    -47426.9000  EKtot   =      6897.2932  EPtot      =    -54324.1933
 BOND   =       588.8495  ANGLE   =      1648.6724  DIHED      =      3601.0783
 1-4 NB =      1047.6142  1-4 EEL =     10649.9078  VDWAALS    =      5002.4556
 EELEC  =    -77266.0892  EHBOND  =         0.0000  RESTRAINT  =       403.3181
 EAMBER (non-restraint)  =    -54727.5114
 DV/DL  =       -73.3967
 ------------------------------------------------------------------------------

  Softcore part of the system:      41 atoms,       TEMP(K)    =         210.28
 SC_Etot=       199.7487  SC_EKtot=        20.8938  SC_EPtot   =       178.8549
 SC_BOND=         5.9618  SC_ANGLE=        12.2228  SC_DIHED   =        15.9665
 SC_14NB=         4.8825  SC_14EEL=        90.2980  SC_VDW     =        -0.1156
 SC_EEL =        49.6389
 SC_RES_DIST=     0.0000  SC_RES_ANG=       0.0000  SC_RES_TORS=         0.0000
 SC_EEL_DER=    -22.0361  SC_VDW_DER=      10.7050  SC_DERIV   =       -11.3311
 ------------------------------------------------------------------------------

 NMR restraints: Bond =    0.000   Angle =     0.000   Torsion =     0.000
===============================================================================

| TI region  1


 NSTEP =    14000   TIME(PS) =      28.000  TEMP(K) =   200.58  PRESS =     0.0
 Etot   =    -46237.6839  EKtot   =      7419.9498  EPtot      =    -53657.6337
 BOND   =       647.5921  ANGLE   =      1759.3613  DIHED      =      3623.8730
 1-4 NB =      1049.8320  1-4 EEL =     10640.3386  VDWAALS    =      4713.9686
 EELEC  =    -76516.0749  EHBOND  =         0.0000  RESTRAINT  =       423.4755
 EAMBER (non-restraint)  =    -54081.1093
 DV/DL  =       -76.8464
 ------------------------------------------------------------------------------

  Softcore part of the system:      42 atoms,       TEMP(K)    =         214.22
 SC_Etot=       129.5521  SC_EKtot=        21.9236  SC_EPtot   =       107.6285
 SC_BOND=         4.8942  SC_ANGLE=        16.7034  SC_DIHED   =        22.4994
 SC_14NB=         3.5916  SC_14EEL=        25.9423  SC_VDW     =        -0.0423
 SC_EEL =        34.0398
 SC_RES_DIST=     0.0000  SC_RES_ANG=       0.0000  SC_RES_TORS=         0.0000
 SC_EEL_DER=    -20.7681  SC_VDW_DER=      11.2016  SC_DERIV   =        -9.5666
 ------------------------------------------------------------------------------


| TI region  2


 NSTEP =    14000   TIME(PS) =      28.000  TEMP(K) =   200.61  PRESS =     0.0
 Etot   =    -46237.4674  EKtot   =      7420.1664  EPtot      =    -53657.6337
 BOND   =       647.5921  ANGLE   =      1759.3613  DIHED      =      3623.8730
 1-4 NB =      1049.8320  1-4 EEL =     10640.3386  VDWAALS    =      4713.9686
 EELEC  =    -76516.0749  EHBOND  =         0.0000  RESTRAINT  =       423.4755
 EAMBER (non-restraint)  =    -54081.1093
 DV/DL  =       -76.8464
 ------------------------------------------------------------------------------

  Softcore part of the system:      41 atoms,       TEMP(K)    =         222.83
 SC_Etot=       207.0335  SC_EKtot=        22.1401  SC_EPtot   =       184.8934
 SC_BOND=         6.7648  SC_ANGLE=        13.7310  SC_DIHED   =        20.1630
 SC_14NB=         4.3806  SC_14EEL=        91.1268  SC_VDW     =        -0.8428
 SC_EEL =        49.5699
 SC_RES_DIST=     0.0000  SC_RES_ANG=       0.0000  SC_RES_TORS=         0.0000
 SC_EEL_DER=    -20.7681  SC_VDW_DER=      11.2016  SC_DERIV   =        -9.5666
 ------------------------------------------------------------------------------

 NMR restraints: Bond =    0.000   Angle =     0.000   Torsion =     0.000
===============================================================================

| TI region  1


 NSTEP =    15000   TIME(PS) =      30.000  TEMP(K) =   214.99  PRESS =     0.0
 Etot   =    -44993.9247  EKtot   =      7952.9737  EPtot      =    -52946.8984
 BOND   =       671.3225  ANGLE   =      1857.4687  DIHED      =      3637.0121
 1-4 NB =      1040.6321  1-4 EEL =     10664.1032  VDWAALS    =      4474.7726
 EELEC  =    -75757.0027  EHBOND  =         0.0000  RESTRAINT  =       464.7931
 EAMBER (non-restraint)  =    -53411.6915
 DV/DL  =       -85.2610
 ------------------------------------------------------------------------------

  Softcore part of the system:      42 atoms,       TEMP(K)    =         231.98
 SC_Etot=       130.1937  SC_EKtot=        23.7412  SC_EPtot   =       106.4525
 SC_BOND=         3.7747  SC_ANGLE=        18.4019  SC_DIHED   =        20.9618
 SC_14NB=         2.9638  SC_14EEL=        26.4720  SC_VDW     =        -0.4641
 SC_EEL =        34.3423
 SC_RES_DIST=     0.0000  SC_RES_ANG=       0.0000  SC_RES_TORS=         0.0000
 SC_EEL_DER=    -22.8241  SC_VDW_DER=       5.7499  SC_DERIV   =       -17.0741
 ------------------------------------------------------------------------------


| TI region  2


 NSTEP =    15000   TIME(PS) =      30.000  TEMP(K) =   214.83  PRESS =     0.0
 Etot   =    -45000.6833  EKtot   =      7946.2151  EPtot      =    -52946.8984
 BOND   =       671.3225  ANGLE   =      1857.4687  DIHED      =      3637.0121
 1-4 NB =      1040.6321  1-4 EEL =     10664.1032  VDWAALS    =      4474.7726
 EELEC  =    -75757.0027  EHBOND  =         0.0000  RESTRAINT  =       464.7931
 EAMBER (non-restraint)  =    -53411.6915
 DV/DL  =       -85.2610
 ------------------------------------------------------------------------------

  Softcore part of the system:      41 atoms,       TEMP(K)    =         170.92
 SC_Etot=       198.5298  SC_EKtot=        16.9825  SC_EPtot   =       181.5473
 SC_BOND=         3.2210  SC_ANGLE=        11.0583  SC_DIHED   =        18.2204
 SC_14NB=         5.5070  SC_14EEL=        91.4785  SC_VDW     =         0.9763
 SC_EEL =        51.0857
 SC_RES_DIST=     0.0000  SC_RES_ANG=       0.0000  SC_RES_TORS=         0.0000
 SC_EEL_DER=    -22.8241  SC_VDW_DER=       5.7499  SC_DERIV   =       -17.0741
 ------------------------------------------------------------------------------

 NMR restraints: Bond =    0.000   Angle =     0.000   Torsion =     0.000
===============================================================================

| TI region  1


 NSTEP =    16000   TIME(PS) =      32.000  TEMP(K) =   231.72  PRESS =     0.0
 Etot   =    -43520.9714  EKtot   =      8571.7205  EPtot      =    -52092.6920
 BOND   =       736.1001  ANGLE   =      1929.7288  DIHED      =      3673.2416
 1-4 NB =      1057.2493  1-4 EEL =     10607.7086  VDWAALS    =      4222.2928
 EELEC  =    -74808.3422  EHBOND  =         0.0000  RESTRAINT  =       489.3290
 EAMBER (non-restraint)  =    -52582.0210
 DV/DL  =      -130.3283
 ------------------------------------------------------------------------------

  Softcore part of the system:      42 atoms,       TEMP(K)    =         216.09
 SC_Etot=       135.3289  SC_EKtot=        22.1150  SC_EPtot   =       113.2138
 SC_BOND=         6.7344  SC_ANGLE=        21.6544  SC_DIHED   =        20.1492
 SC_14NB=         2.9659  SC_14EEL=        26.2985  SC_VDW     =         0.6889
 SC_EEL =        34.7225
 SC_RES_DIST=     0.0000  SC_RES_ANG=       0.0000  SC_RES_TORS=         0.0000
 SC_EEL_DER=    -32.7383  SC_VDW_DER=       0.9372  SC_DERIV   =       -31.8011
 ------------------------------------------------------------------------------


| TI region  2


 NSTEP =    16000   TIME(PS) =      32.000  TEMP(K) =   231.64  PRESS =     0.0
 Etot   =    -43524.6341  EKtot   =      8568.0579  EPtot      =    -52092.6920
 BOND   =       736.1001  ANGLE   =      1929.7288  DIHED      =      3673.2416
 1-4 NB =      1057.2493  1-4 EEL =     10607.7086  VDWAALS    =      4222.2928
 EELEC  =    -74808.3422  EHBOND  =         0.0000  RESTRAINT  =       489.3290
 EAMBER (non-restraint)  =    -52582.0210
 DV/DL  =      -130.3283
 ------------------------------------------------------------------------------

  Softcore part of the system:      41 atoms,       TEMP(K)    =         185.71
 SC_Etot=       202.0175  SC_EKtot=        18.4524  SC_EPtot   =       183.5651
 SC_BOND=         6.4872  SC_ANGLE=        15.4958  SC_DIHED   =        18.0111
 SC_14NB=         5.1997  SC_14EEL=        90.9113  SC_VDW     =        -0.4114
 SC_EEL =        47.8714
 SC_RES_DIST=     0.0000  SC_RES_ANG=       0.0000  SC_RES_TORS=         0.0000
 SC_EEL_DER=    -32.7383  SC_VDW_DER=       0.9372  SC_DERIV   =       -31.8011
 ------------------------------------------------------------------------------

 NMR restraints: Bond =    0.000   Angle =     0.000   Torsion =     0.000
===============================================================================

| TI region  1


 NSTEP =    17000   TIME(PS) =      34.000  TEMP(K) =   247.39  PRESS =     0.0
 Etot   =    -42231.2625  EKtot   =      9151.4065  EPtot      =    -51382.6691
 BOND   =       767.1997  ANGLE   =      1998.0575  DIHED      =      3662.1128
 1-4 NB =      1073.6000  1-4 EEL =     10624.8177  VDWAALS    =      4020.2977
 EELEC  =    -74037.5738  EHBOND  =         0.0000  RESTRAINT  =       508.8192
 EAMBER (non-restraint)  =    -51891.4883
 DV/DL  =       -81.7144
 ------------------------------------------------------------------------------

  Softcore part of the system:      42 atoms,       TEMP(K)    =         230.95
 SC_Etot=       138.6015  SC_EKtot=        23.6353  SC_EPtot   =       114.9663
 SC_BOND=         4.7465  SC_ANGLE=        25.5344  SC_DIHED   =        19.8411
 SC_14NB=         3.5598  SC_14EEL=        25.0810  SC_VDW     =         0.7038
 SC_EEL =        35.4998
 SC_RES_DIST=     0.0000  SC_RES_ANG=       0.0000  SC_RES_TORS=         0.0000
 SC_EEL_DER=    -20.5429  SC_VDW_DER=       9.8144  SC_DERIV   =       -10.7285
 ------------------------------------------------------------------------------


| TI region  2


 NSTEP =    17000   TIME(PS) =      34.000  TEMP(K) =   247.43  PRESS =     0.0
 Etot   =    -42230.4099  EKtot   =      9152.2592  EPtot      =    -51382.6691
 BOND   =       767.1997  ANGLE   =      1998.0575  DIHED      =      3662.1128
 1-4 NB =      1073.6000  1-4 EEL =     10624.8177  VDWAALS    =      4020.2977
 EELEC  =    -74037.5738  EHBOND  =         0.0000  RESTRAINT  =       508.8192
 EAMBER (non-restraint)  =    -51891.4883
 DV/DL  =       -81.7144
 ------------------------------------------------------------------------------

  Softcore part of the system:      41 atoms,       TEMP(K)    =         246.46
 SC_Etot=       211.2894  SC_EKtot=        24.4879  SC_EPtot   =       186.8016
 SC_BOND=         5.6667  SC_ANGLE=        18.0179  SC_DIHED   =        18.4207
 SC_14NB=         5.1857  SC_14EEL=        92.0260  SC_VDW     =         0.2239
 SC_EEL =        47.2606
 SC_RES_DIST=     0.0000  SC_RES_ANG=       0.0000  SC_RES_TORS=         0.0000
 SC_EEL_DER=    -20.5429  SC_VDW_DER=       9.8144  SC_DERIV   =       -10.7285
 ------------------------------------------------------------------------------

 NMR restraints: Bond =    0.000   Angle =     0.000   Torsion =     0.000
===============================================================================

| TI region  1


 NSTEP =    18000   TIME(PS) =      36.000  TEMP(K) =   261.60  PRESS =     0.0
 Etot   =    -40652.9297  EKtot   =      9676.8578  EPtot      =    -50329.7875
 BOND   =       773.0639  ANGLE   =      2108.9773  DIHED      =      3693.1245
 1-4 NB =      1085.9489  1-4 EEL =     10624.1535  VDWAALS    =      3668.9951
 EELEC  =    -72831.9659  EHBOND  =         0.0000  RESTRAINT  =       547.9152
 EAMBER (non-restraint)  =    -50877.7027
 DV/DL  =       -98.8712
 ------------------------------------------------------------------------------

  Softcore part of the system:      42 atoms,       TEMP(K)    =         240.67
 SC_Etot=       139.4975  SC_EKtot=        24.6298  SC_EPtot   =       114.8677
 SC_BOND=         8.4904  SC_ANGLE=        18.8359  SC_DIHED   =        22.5282
 SC_14NB=         3.1494  SC_14EEL=        26.7497  SC_VDW     =         0.4790
 SC_EEL =        34.6352
 SC_RES_DIST=     0.0000  SC_RES_ANG=       0.0000  SC_RES_TORS=         0.0000
 SC_EEL_DER=    -14.8262  SC_VDW_DER=       6.6787  SC_DERIV   =        -8.1476
 ------------------------------------------------------------------------------


| TI region  2


 NSTEP =    18000   TIME(PS) =      36.000  TEMP(K) =   261.65  PRESS =     0.0
 Etot   =    -40651.8904  EKtot   =      9677.8971  EPtot      =    -50329.7875
 BOND   =       773.0639  ANGLE   =      2108.9773  DIHED      =      3693.1245
 1-4 NB =      1085.9489  1-4 EEL =     10624.1535  VDWAALS    =      3668.9951
 EELEC  =    -72831.9659  EHBOND  =         0.0000  RESTRAINT  =       547.9152
 EAMBER (non-restraint)  =    -50877.7027
 DV/DL  =       -98.8712
 ------------------------------------------------------------------------------

  Softcore part of the system:      41 atoms,       TEMP(K)    =         258.35
 SC_Etot=       209.7736  SC_EKtot=        25.6691  SC_EPtot   =       184.1044
 SC_BOND=         8.8241  SC_ANGLE=        14.8218  SC_DIHED   =        16.8950
 SC_14NB=         4.5850  SC_14EEL=        90.9814  SC_VDW     =        -1.0542
 SC_EEL =        49.0514
 SC_RES_DIST=     0.0000  SC_RES_ANG=       0.0000  SC_RES_TORS=         0.0000
 SC_EEL_DER=    -14.8262  SC_VDW_DER=       6.6787  SC_DERIV   =        -8.1476
 ------------------------------------------------------------------------------

 NMR restraints: Bond =    0.000   Angle =     0.000   Torsion =     0.000
===============================================================================

| TI region  1


 NSTEP =    19000   TIME(PS) =      38.000  TEMP(K) =   275.27  PRESS =     0.0
 Etot   =    -39091.2698  EKtot   =     10182.7184  EPtot      =    -49273.9882
 BOND   =       839.6240  ANGLE   =      2160.5552  DIHED      =      3750.1848
 1-4 NB =      1091.2941  1-4 EEL =     10654.1120  VDWAALS    =      3180.8368
 EELEC  =    -71536.2319  EHBOND  =         0.0000  RESTRAINT  =       585.6369
 EAMBER (non-restraint)  =    -49859.6250
 DV/DL  =      -107.1629
 ------------------------------------------------------------------------------

  Softcore part of the system:      42 atoms,       TEMP(K)    =         245.39
 SC_Etot=       147.5253  SC_EKtot=        25.1129  SC_EPtot   =       122.4124
 SC_BOND=         8.0724  SC_ANGLE=        31.7170  SC_DIHED   =        21.3447
 SC_14NB=         2.4142  SC_14EEL=        25.5774  SC_VDW     =        -1.3389
 SC_EEL =        34.6257
 SC_RES_DIST=     0.0000  SC_RES_ANG=       0.0000  SC_RES_TORS=         0.0000
 SC_EEL_DER=    -16.2665  SC_VDW_DER=       7.7670  SC_DERIV   =        -8.4995
 ------------------------------------------------------------------------------


| TI region  2


 NSTEP =    19000   TIME(PS) =      38.000  TEMP(K) =   275.34  PRESS =     0.0
 Etot   =    -39089.5575  EKtot   =     10184.4306  EPtot      =    -49273.9882
 BOND   =       839.6240  ANGLE   =      2160.5552  DIHED      =      3750.1848
 1-4 NB =      1091.2941  1-4 EEL =     10654.1120  VDWAALS    =      3180.8368
 EELEC  =    -71536.2319  EHBOND  =         0.0000  RESTRAINT  =       585.6369
 EAMBER (non-restraint)  =    -49859.6250
 DV/DL  =      -107.1629
 ------------------------------------------------------------------------------

  Softcore part of the system:      41 atoms,       TEMP(K)    =         269.98
 SC_Etot=       222.0768  SC_EKtot=        26.8252  SC_EPtot   =       195.2516
 SC_BOND=         6.9321  SC_ANGLE=        21.6950  SC_DIHED   =        20.6762
 SC_14NB=         4.9246  SC_14EEL=        91.6422  SC_VDW     =        -0.3101
 SC_EEL =        49.6917
 SC_RES_DIST=     0.0000  SC_RES_ANG=       0.0000  SC_RES_TORS=         0.0000
 SC_EEL_DER=    -16.2665  SC_VDW_DER=       7.7670  SC_DERIV   =        -8.4995
 ------------------------------------------------------------------------------

 NMR restraints: Bond =    0.000   Angle =     0.000   Torsion =     0.000
===============================================================================

| TI region  1


 NSTEP =    20000   TIME(PS) =      40.000  TEMP(K) =   291.39  PRESS =     0.0
 Etot   =    -37527.9890  EKtot   =     10779.0473  EPtot      =    -48307.0363
 BOND   =       856.1684  ANGLE   =      2318.3187  DIHED      =      3741.7310
 1-4 NB =      1096.6683  1-4 EEL =     10621.7804  VDWAALS    =      2926.2672
 EELEC  =    -70480.0049  EHBOND  =         0.0000  RESTRAINT  =       612.0346
 EAMBER (non-restraint)  =    -48919.0709
 DV/DL  =      -105.7002
 ------------------------------------------------------------------------------

  Softcore part of the system:      42 atoms,       TEMP(K)    =         291.13
 SC_Etot=       151.3156  SC_EKtot=        29.7939  SC_EPtot   =       121.5216
 SC_BOND=         6.5128  SC_ANGLE=        25.1943  SC_DIHED   =        24.5436
 SC_14NB=         2.7517  SC_14EEL=        27.8400  SC_VDW     =         0.6562
 SC_EEL =        34.0230
 SC_RES_DIST=     0.0000  SC_RES_ANG=       0.0000  SC_RES_TORS=         0.0000
 SC_EEL_DER=    -23.3742  SC_VDW_DER=       2.6207  SC_DERIV   =       -20.7534
 ------------------------------------------------------------------------------


| TI region  2


 NSTEP =    20000   TIME(PS) =      40.000  TEMP(K) =   291.52  PRESS =     0.0
 Etot   =    -37523.9865  EKtot   =     10783.0498  EPtot      =    -48307.0363
 BOND   =       856.1684  ANGLE   =      2318.3187  DIHED      =      3741.7310
 1-4 NB =      1096.6683  1-4 EEL =     10621.7804  VDWAALS    =      2926.2672
 EELEC  =    -70480.0049  EHBOND  =         0.0000  RESTRAINT  =       612.0346
 EAMBER (non-restraint)  =    -48919.0709
 DV/DL  =      -105.7002
 ------------------------------------------------------------------------------

  Softcore part of the system:      41 atoms,       TEMP(K)    =         340.14
 SC_Etot=       224.7215  SC_EKtot=        33.7964  SC_EPtot   =       190.9251
 SC_BOND=         7.2732  SC_ANGLE=        18.0499  SC_DIHED   =        20.3950
 SC_14NB=         5.1507  SC_14EEL=        91.4559  SC_VDW     =         0.2262
 SC_EEL =        48.3742
 SC_RES_DIST=     0.0000  SC_RES_ANG=       0.0000  SC_RES_TORS=         0.0000
 SC_EEL_DER=    -23.3742  SC_VDW_DER=       2.6207  SC_DERIV   =       -20.7534
 ------------------------------------------------------------------------------

 NMR restraints: Bond =    0.000   Angle =     0.000   Torsion =     0.000
===============================================================================

| TI region  1


 NSTEP =    21000   TIME(PS) =      42.000  TEMP(K) =   296.62  PRESS =     0.0
 Etot   =    -36936.5894  EKtot   =     10972.5846  EPtot      =    -47909.1740
 BOND   =       843.2500  ANGLE   =      2320.0358  DIHED      =      3738.7320
 1-4 NB =      1088.4980  1-4 EEL =     10676.7723  VDWAALS    =      2917.1225
 EELEC  =    -70108.6611  EHBOND  =         0.0000  RESTRAINT  =       615.0765
 EAMBER (non-restraint)  =    -48524.2505
 DV/DL  =       -90.3990
 ------------------------------------------------------------------------------

  Softcore part of the system:      42 atoms,       TEMP(K)    =         337.25
 SC_Etot=       148.5776  SC_EKtot=        34.5144  SC_EPtot   =       114.0633
 SC_BOND=         6.5230  SC_ANGLE=        19.5802  SC_DIHED   =        23.4109
 SC_14NB=         2.9636  SC_14EEL=        25.9383  SC_VDW     =         0.5579
 SC_EEL =        35.0892
 SC_RES_DIST=     0.0000  SC_RES_ANG=       0.0000  SC_RES_TORS=         0.0000
 SC_EEL_DER=    -25.8499  SC_VDW_DER=      12.6915  SC_DERIV   =       -13.1584
 ------------------------------------------------------------------------------


| TI region  2


 NSTEP =    21000   TIME(PS) =      42.000  TEMP(K) =   296.42  PRESS =     0.0
 Etot   =    -36944.8984  EKtot   =     10964.2756  EPtot      =    -47909.1740
 BOND   =       843.2500  ANGLE   =      2320.0358  DIHED      =      3738.7320
 1-4 NB =      1088.4980  1-4 EEL =     10676.7723  VDWAALS    =      2917.1225
 EELEC  =    -70108.6611  EHBOND  =         0.0000  RESTRAINT  =       615.0765
 EAMBER (non-restraint)  =    -48524.2505
 DV/DL  =       -90.3990
 ------------------------------------------------------------------------------

  Softcore part of the system:      41 atoms,       TEMP(K)    =         263.74
 SC_Etot=       221.0463  SC_EKtot=        26.2053  SC_EPtot   =       194.8409
 SC_BOND=         5.2274  SC_ANGLE=        23.7128  SC_DIHED   =        20.2612
 SC_14NB=         5.4368  SC_14EEL=        90.7783  SC_VDW     =        -0.1112
 SC_EEL =        49.5357
 SC_RES_DIST=     0.0000  SC_RES_ANG=       0.0000  SC_RES_TORS=         0.0000
 SC_EEL_DER=    -25.8499  SC_VDW_DER=      12.6915  SC_DERIV   =       -13.1584
 ------------------------------------------------------------------------------

 NMR restraints: Bond =    0.000   Angle =     0.000   Torsion =     0.000
===============================================================================

| TI region  1


 NSTEP =    22000   TIME(PS) =      44.000  TEMP(K) =   295.44  PRESS =     0.0
 Etot   =    -36730.7957  EKtot   =     10928.9276  EPtot      =    -47659.7232
 BOND   =       876.3874  ANGLE   =      2280.0556  DIHED      =      3762.5236
 1-4 NB =      1105.6317  1-4 EEL =     10641.5390  VDWAALS    =      2871.5097
 EELEC  =    -69812.0445  EHBOND  =         0.0000  RESTRAINT  =       614.6742
 EAMBER (non-restraint)  =    -48274.3974
 DV/DL  =       -89.7382
 ------------------------------------------------------------------------------

  Softcore part of the system:      42 atoms,       TEMP(K)    =         350.80
 SC_Etot=       148.8847  SC_EKtot=        35.9008  SC_EPtot   =       112.9838
 SC_BOND=         5.7950  SC_ANGLE=        23.0212  SC_DIHED   =        21.4777
 SC_14NB=         3.2216  SC_14EEL=        26.0510  SC_VDW     =        -1.2042
 SC_EEL =        34.6216
 SC_RES_DIST=     0.0000  SC_RES_ANG=       0.0000  SC_RES_TORS=         0.0000
 SC_EEL_DER=    -22.5329  SC_VDW_DER=      13.6094  SC_DERIV   =        -8.9234
 ------------------------------------------------------------------------------


| TI region  2


 NSTEP =    22000   TIME(PS) =      44.000  TEMP(K) =   295.11  PRESS =     0.0
 Etot   =    -36744.0165  EKtot   =     10915.7068  EPtot      =    -47659.7232
 BOND   =       876.3874  ANGLE   =      2280.0556  DIHED      =      3762.5236
 1-4 NB =      1105.6317  1-4 EEL =     10641.5390  VDWAALS    =      2871.5097
 EELEC  =    -69812.0445  EHBOND  =         0.0000  RESTRAINT  =       614.6742
 EAMBER (non-restraint)  =    -48274.3974
 DV/DL  =       -89.7382
 ------------------------------------------------------------------------------

  Softcore part of the system:      41 atoms,       TEMP(K)    =         228.26
 SC_Etot=       206.5146  SC_EKtot=        22.6800  SC_EPtot   =       183.8345
 SC_BOND=         6.2043  SC_ANGLE=        14.9686  SC_DIHED   =        19.0353
 SC_14NB=         4.7328  SC_14EEL=        90.0246  SC_VDW     =         0.2140
 SC_EEL =        48.6550
 SC_RES_DIST=     0.0000  SC_RES_ANG=       0.0000  SC_RES_TORS=         0.0000
 SC_EEL_DER=    -22.5329  SC_VDW_DER=      13.6094  SC_DERIV   =        -8.9234
 ------------------------------------------------------------------------------

 NMR restraints: Bond =    0.000   Angle =     0.000   Torsion =     0.000
===============================================================================

| TI region  1


 NSTEP =    23000   TIME(PS) =      46.000  TEMP(K) =   302.93  PRESS =     0.0
 Etot   =    -36807.5759  EKtot   =     11205.9741  EPtot      =    -48013.5499
 BOND   =       857.1642  ANGLE   =      2268.7603  DIHED      =      3765.0483
 1-4 NB =      1086.1243  1-4 EEL =     10616.2593  VDWAALS    =      2804.1454
 EELEC  =    -70040.1613  EHBOND  =         0.0000  RESTRAINT  =       629.1095
 EAMBER (non-restraint)  =    -48642.6594
 DV/DL  =      -102.7418
 ------------------------------------------------------------------------------

  Softcore part of the system:      42 atoms,       TEMP(K)    =         284.87
 SC_Etot=       149.5830  SC_EKtot=        29.1536  SC_EPtot   =       120.4294
 SC_BOND=         9.8871  SC_ANGLE=        22.0562  SC_DIHED   =        25.4099
 SC_14NB=         2.7705  SC_14EEL=        26.8499  SC_VDW     =         0.0004
 SC_EEL =        33.4553
 SC_RES_DIST=     0.0000  SC_RES_ANG=       0.0000  SC_RES_TORS=         0.0000
 SC_EEL_DER=    -24.0170  SC_VDW_DER=       9.8376  SC_DERIV   =       -14.1794
 ------------------------------------------------------------------------------


| TI region  2


 NSTEP =    23000   TIME(PS) =      46.000  TEMP(K) =   302.88  PRESS =     0.0
 Etot   =    -36810.6166  EKtot   =     11202.9333  EPtot      =    -48013.5499
 BOND   =       857.1642  ANGLE   =      2268.7603  DIHED      =      3765.0483
 1-4 NB =      1086.1243  1-4 EEL =     10616.2593  VDWAALS    =      2804.1454
 EELEC  =    -70040.1613  EHBOND  =         0.0000  RESTRAINT  =       629.1095
 EAMBER (non-restraint)  =    -48642.6594
 DV/DL  =      -102.7418
 ------------------------------------------------------------------------------

  Softcore part of the system:      41 atoms,       TEMP(K)    =         262.81
 SC_Etot=       217.0604  SC_EKtot=        26.1128  SC_EPtot   =       190.9476
 SC_BOND=         9.0889  SC_ANGLE=        19.5542  SC_DIHED   =        19.6935
 SC_14NB=         4.1129  SC_14EEL=        91.7792  SC_VDW     =        -0.0709
 SC_EEL =        46.7898
 SC_RES_DIST=     0.0000  SC_RES_ANG=       0.0000  SC_RES_TORS=         0.0000
 SC_EEL_DER=    -24.0170  SC_VDW_DER=       9.8376  SC_DERIV   =       -14.1794
 ------------------------------------------------------------------------------

 NMR restraints: Bond =    0.000   Angle =     0.000   Torsion =     0.000
===============================================================================

| TI region  1


 NSTEP =    24000   TIME(PS) =      48.000  TEMP(K) =   301.81  PRESS =     0.0
 Etot   =    -36542.7099  EKtot   =     11164.5888  EPtot      =    -47707.2987
 BOND   =       846.9886  ANGLE   =      2372.0846  DIHED      =      3762.6628
 1-4 NB =      1090.0166  1-4 EEL =     10679.5945  VDWAALS    =      2873.0057
 EELEC  =    -69951.4995  EHBOND  =         0.0000  RESTRAINT  =       619.8481
 EAMBER (non-restraint)  =    -48327.1468
 DV/DL  =       -76.6612
 ------------------------------------------------------------------------------

  Softcore part of the system:      42 atoms,       TEMP(K)    =         345.23
 SC_Etot=       152.5698  SC_EKtot=        35.3310  SC_EPtot   =       117.2388
 SC_BOND=         4.5818  SC_ANGLE=        24.9983  SC_DIHED   =        20.9202
 SC_14NB=         3.4871  SC_14EEL=        26.6093  SC_VDW     =         1.6275
 SC_EEL =        35.0145
 SC_RES_DIST=     0.0000  SC_RES_ANG=       0.0000  SC_RES_TORS=         0.0000
 SC_EEL_DER=    -14.0280  SC_VDW_DER=       9.3957  SC_DERIV   =        -4.6324
 ------------------------------------------------------------------------------


| TI region  2


 NSTEP =    24000   TIME(PS) =      48.000  TEMP(K) =   301.66  PRESS =     0.0
 Etot   =    -36549.3934  EKtot   =     11157.9052  EPtot      =    -47707.2987
 BOND   =       846.9886  ANGLE   =      2372.0846  DIHED      =      3762.6628
 1-4 NB =      1090.0166  1-4 EEL =     10679.5945  VDWAALS    =      2873.0057
 EELEC  =    -69951.4995  EHBOND  =         0.0000  RESTRAINT  =       619.8481
 EAMBER (non-restraint)  =    -48327.1468
 DV/DL  =       -76.6612
 ------------------------------------------------------------------------------

  Softcore part of the system:      41 atoms,       TEMP(K)    =         288.32
 SC_Etot=       221.5414  SC_EKtot=        28.6474  SC_EPtot   =       192.8940
 SC_BOND=         8.8246  SC_ANGLE=        23.4474  SC_DIHED   =        17.4159
 SC_14NB=         5.2272  SC_14EEL=        90.2172  SC_VDW     =         0.2239
 SC_EEL =        47.5376
 SC_RES_DIST=     0.0000  SC_RES_ANG=       0.0000  SC_RES_TORS=         0.0000
 SC_EEL_DER=    -14.0280  SC_VDW_DER=       9.3957  SC_DERIV   =        -4.6324
 ------------------------------------------------------------------------------

 NMR restraints: Bond =    0.000   Angle =     0.000   Torsion =     0.000
===============================================================================

| TI region  1


 NSTEP =    25000   TIME(PS) =      50.000  TEMP(K) =   297.78  PRESS =     0.0
 Etot   =    -36746.5038  EKtot   =     11015.3930  EPtot      =    -47761.8968
 BOND   =       865.1055  ANGLE   =      2312.5317  DIHED      =      3750.8782
 1-4 NB =      1094.3665  1-4 EEL =     10667.7641  VDWAALS    =      2757.9479
 EELEC  =    -69813.3035  EHBOND  =         0.0000  RESTRAINT  =       602.8128
 EAMBER (non-restraint)  =    -48364.7096
 DV/DL  =       -81.5147
 ------------------------------------------------------------------------------

  Softcore part of the system:      42 atoms,       TEMP(K)    =         290.77
 SC_Etot=       159.3167  SC_EKtot=        29.7574  SC_EPtot   =       129.5593
 SC_BOND=        11.4667  SC_ANGLE=        29.0349  SC_DIHED   =        23.6279
 SC_14NB=         3.7581  SC_14EEL=        26.8210  SC_VDW     =         0.9942
 SC_EEL =        33.8565
 SC_RES_DIST=     0.0000  SC_RES_ANG=       0.0000  SC_RES_TORS=         0.0000
 SC_EEL_DER=    -23.8933  SC_VDW_DER=      13.3680  SC_DERIV   =       -10.5252
 ------------------------------------------------------------------------------


| TI region  2


 NSTEP =    25000   TIME(PS) =      50.000  TEMP(K) =   297.67  PRESS =     0.0
 Etot   =    -36751.6653  EKtot   =     11010.2314  EPtot      =    -47761.8968
 BOND   =       865.1055  ANGLE   =      2312.5317  DIHED      =      3750.8782
 1-4 NB =      1094.3665  1-4 EEL =     10667.7641  VDWAALS    =      2757.9479
 EELEC  =    -69813.3035  EHBOND  =         0.0000  RESTRAINT  =       602.8128
 EAMBER (non-restraint)  =    -48364.7096
 DV/DL  =       -81.5147
 ------------------------------------------------------------------------------

  Softcore part of the system:      41 atoms,       TEMP(K)    =         247.54
 SC_Etot=       219.0947  SC_EKtot=        24.5958  SC_EPtot   =       194.4988
 SC_BOND=         9.0401  SC_ANGLE=        22.8257  SC_DIHED   =        17.2577
 SC_14NB=         5.2848  SC_14EEL=        91.2219  SC_VDW     =        -0.9573
 SC_EEL =        49.8260
 SC_RES_DIST=     0.0000  SC_RES_ANG=       0.0000  SC_RES_TORS=         0.0000
 SC_EEL_DER=    -23.8933  SC_VDW_DER=      13.3680  SC_DERIV   =       -10.5252
 ------------------------------------------------------------------------------

 NMR restraints: Bond =    0.000   Angle =     0.000   Torsion =     0.000
===============================================================================

| TI region  1


      A V E R A G E S   O V E R      25 S T E P S


 NSTEP =    25000   TIME(PS) =      50.000  TEMP(K) =   180.29  PRESS =     0.0
 Etot   =    -47065.4060  EKtot   =      6669.2636  EPtot      =    -53734.6696
 BOND   =       585.4685  ANGLE   =      1635.4834  DIHED      =      3598.9077
 1-4 NB =      1045.8156  1-4 EEL =     10648.3389  VDWAALS    =      4703.0935
 EELEC  =    -76337.0423  EHBOND  =         0.0000  RESTRAINT  =       385.2651
 EAMBER (non-restraint)  =    -54119.9347
 DV/DL  =       -86.2707
 ------------------------------------------------------------------------------

 NMR restraints: Bond =    0.000   Angle =     0.000   Torsion =     0.000
===============================================================================
  Softcore part of the system:      42 atoms,       TEMP(K)    =         182.30
 SC_Etot=       126.2668  SC_EKtot=        18.6569  SC_EPtot   =       107.6099
 SC_BOND=         4.4079  SC_ANGLE=        17.8415  SC_DIHED   =        21.2406
 SC_14NB=         3.1871  SC_14EEL=        26.3241  SC_VDW     =         0.1881
 SC_EEL =        34.4205
 SC_RES_DIST=     0.0000  SC_RES_ANG=       0.0000  SC_RES_TORS=         0.0000
 SC_EEL_DER=    -22.3873  SC_VDW_DER=       8.9067  SC_DERIV   =       -13.4806
 ------------------------------------------------------------------------------


      R M S  F L U C T U A T I O N S


 NSTEP =    25000   TIME(PS) =      50.000  TEMP(K) =    95.94  PRESS =     0.0
 Etot   =      7832.6923  EKtot   =      3548.8026  EPtot      =      4304.2101
 BOND   =       231.8406  ANGLE   =       550.8768  DIHED      =       126.1495
 1-4 NB =        39.3405  1-4 EEL =        21.9899  VDWAALS    =      1346.8109
 EELEC  =      4532.5507  EHBOND  =         0.0000  RESTRAINT  =       190.9040
 EAMBER (non-restraint)  =      4113.3061
 DV/DL  =        12.9723
 ------------------------------------------------------------------------------

  Softcore part of the system:      42 atoms,       TEMP(K)    =         102.42
 SC_Etot=        19.9121  SC_EKtot=        10.4813  SC_EPtot   =        10.0231
 SC_BOND=         2.9400  SC_ANGLE=         6.2446  SC_DIHED   =         1.6666
 SC_14NB=         0.3680  SC_14EEL=         0.6189  SC_VDW     =         0.7159
 SC_EEL =         0.5257
 SC_RES_DIST=     0.0000  SC_RES_ANG=       0.0000  SC_RES_TORS=         0.0000
 SC_EEL_DER=      3.5954  SC_VDW_DER=       2.9397  SC_DERIV   =         5.0805
 ------------------------------------------------------------------------------


| TI region  2


      A V E R A G E S   O V E R      25 S T E P S


 NSTEP =    25000   TIME(PS) =      50.000  TEMP(K) =   180.26  PRESS =     0.0
 Etot   =    -47067.1629  EKtot   =      6667.5066  EPtot      =    -53734.6696
 BOND   =       585.4685  ANGLE   =      1635.4834  DIHED      =      3598.9077
 1-4 NB =      1045.8156  1-4 EEL =     10648.3389  VDWAALS    =      4703.0935
 EELEC  =    -76337.0423  EHBOND  =         0.0000  RESTRAINT  =       385.2651
 EAMBER (non-restraint)  =    -54119.9347
 DV/DL  =       -86.2707
 ------------------------------------------------------------------------------

 NMR restraints: Bond =    0.000   Angle =     0.000   Torsion =     0.000
===============================================================================
  Softcore part of the system:      41 atoms,       TEMP(K)    =         170.09
 SC_Etot=       196.6683  SC_EKtot=        16.9000  SC_EPtot   =       179.7683
 SC_BOND=         4.7709  SC_ANGLE=        12.8778  SC_DIHED   =        17.5957
 SC_14NB=         4.8861  SC_14EEL=        91.0623  SC_VDW     =        -0.3020
 SC_EEL =        48.8775
 SC_RES_DIST=     0.0000  SC_RES_ANG=       0.0000  SC_RES_TORS=         0.0000
 SC_EEL_DER=    -22.3873  SC_VDW_DER=       8.9067  SC_DERIV   =       -13.4806
 ------------------------------------------------------------------------------


      R M S  F L U C T U A T I O N S


 NSTEP =    25000   TIME(PS) =      50.000  TEMP(K) =    95.90  PRESS =     0.0
 Etot   =      7831.0685  EKtot   =      3547.2589  EPtot      =      4304.2101
 BOND   =       231.8406  ANGLE   =       550.8768  DIHED      =       126.1495
 1-4 NB =        39.3405  1-4 EEL =        21.9899  VDWAALS    =      1346.8109
 EELEC  =      4532.5507  EHBOND  =         0.0000  RESTRAINT  =       190.9040
 EAMBER (non-restraint)  =      4113.3061
 DV/DL  =        12.9723
 ------------------------------------------------------------------------------

  Softcore part of the system:      41 atoms,       TEMP(K)    =          91.50
 SC_Etot=        18.4606  SC_EKtot=         9.0917  SC_EPtot   =         9.6648
 SC_BOND=         2.5834  SC_ANGLE=         6.0697  SC_DIHED   =         1.5551
 SC_14NB=         0.3582  SC_14EEL=         0.5706  SC_VDW     =         0.5650
 SC_EEL =         0.8805
 SC_RES_DIST=     0.0000  SC_RES_ANG=       0.0000  SC_RES_TORS=         0.0000
 SC_EEL_DER=      3.5954  SC_VDW_DER=       2.9397  SC_DERIV   =         5.0805
 ------------------------------------------------------------------------------


      DV/DL, AVERAGES OVER      25 STEPS


 NSTEP =    25000   TIME(PS) =      50.000  TEMP(K) =    95.90  PRESS =     0.0
 Etot   =         0.0000  EKtot   =         0.0000  EPtot      =       -86.2707
 BOND   =        -2.6557  ANGLE   =         0.0383  DIHED      =         0.0000
 1-4 NB =         0.1488  1-4 EEL =        80.5680  VDWAALS    =        -5.8659
 EELEC  =      -145.0236  EHBOND  =         0.0000  RESTRAINT  =         0.0000
 DV/DL  =       -86.2707
 ------------------------------------------------------------------------------


 NMR restraints on final step:

--------------------------------------------------------------------------------
   5.  TIMINGS
--------------------------------------------------------------------------------

|  NonSetup CPU Time in Major Routines:
|
|     Routine           Sec        %
|     ------------------------------
|     Nonbond           8.73   37.59
|     Bond              0.00    0.00
|     Angle             0.00    0.00
|     Dihedral          0.00    0.00
|     Shake             0.04    0.17
|     RunMD            14.42   62.10
|     Other             0.03    0.13
|     ------------------------------
|     Total            23.22

|  PME Nonbond Pairlist CPU Time:
|
|     Routine              Sec        %
|     ---------------------------------
|     Set Up Cit           0.00    0.00
|     Build List           0.00    0.00
|     ---------------------------------
|     Total                0.00    0.00

|  PME Direct Force CPU Time:
|
|     Routine              Sec        %
|     ---------------------------------
|     NonBonded Calc       0.00    0.00
|     Exclude Masked       0.00    0.00
|     Other                0.02    0.08
|     ---------------------------------
|     Total                0.02    0.08

|  PME Reciprocal Force CPU Time:
|
|     Routine              Sec        %
|     ---------------------------------
|     1D bspline           0.00    0.00
|     Grid Charges         0.00    0.00
|     Scalar Sum           0.00    0.00
|     Gradient Sum         0.00    0.00
|     FFT                  0.00    0.00
|     ---------------------------------
|     Total                0.00    0.00

|  Final Performance Info:
|     -----------------------------------------------------
|     Average timings for last   25000 steps:
|     Elapsed(s) =      23.22 Per Step(ms) =       0.93
|         ns/day =     186.05   seconds/ns =     464.40
|
|     Average timings for all steps:
|     Elapsed(s) =      23.22 Per Step(ms) =       0.93
|         ns/day =     186.05   seconds/ns =     464.40
|     -----------------------------------------------------

|  Setup CPU time:            0.72 seconds
|  NonSetup CPU time:        23.22 seconds
|  Total CPU time:           23.94 seconds     0.01 hours

|  Setup wall time:           0    seconds
|  NonSetup wall time:       23    seconds
|  Total wall time:          23    seconds     0.01 hours
