
          -------------------------------------------------------
          Amber 20 PMEMD                              2020
          -------------------------------------------------------

| PMEMD implementation of SANDER, Release 18

|  Compiled date/time: Thu May 20 07:44:43 2021
| Run on 10/05/2024 at 21:44:11

|   Executable path: pmemd.cuda
| Working directory: /home/muditj/alk2_rbfe/lig_153~lig_104/water/la-0.68392
|          Hostname: Unknown
  [-O]verwriting output

File Assignments:
|   MDIN: 2_nvt/nvt.in                                                          
|  MDOUT: 2_nvt/ligwat_nvt.out                                                  
| INPCRD: 2_nvt/ligwat_nvt.inpcrd                                               
|   PARM: ../ligwat.prmtop                                                      
| RESTRT: 2_nvt/ligwat_nvt.rst                                                  
|   REFC: 2_nvt/ligwat_nvt_ref.rst                                              
|  MDVEL: mdvel                                                                 
|   MDEN: mden                                                                  
|  MDCRD: 2_nvt/ligwat_nvt.nc                                                   
| MDINFO: mdinfo                                                                
|  MDFRC: mdfrc                                                                 


 Here is the input file:

nvt run                                                                        
 &cntrl                                                                        
  ig = -1,                                                                     
  imin = 0,                                                                    
  nstlim = 25000,                                                              
  dt = 0.002,                                                                  
  irest = 0,                                                                   
  ntx = 1,                                                                     
  ntxo = 2,                                                                    
  ioutfm = 1,                                                                  
  ntb = 1,                                                                     
  ntt = 3,                                                                     
  gamma_ln = 1.0,                                                              
  tempi = 0.1,                                                                 
  temp0 = 300,                                                                 
  ntr = 1,                                                                     
  ntc = 2,                                                                     
  ntf = 1,                                                                     
  ntpr = 1000,                                                                 
  ntwx = 0,                                                                    
  ntwr = 1000,                                                                 
  nmropt = 1,                                                                  
  cut = 10,                                                                    
  restraintmask='!(:WAT|@H=|:Na+|:Cl-)',                                       
  restraint_wt=20.0,                                                           
                                                                               
  icfe = 1, ifsc = 1, clambda = 0.68392, gti_lam_sch = 1, scalpha = 0.2, scbeta
  timask1 = ':1', timask2 = ':2',                                              
  scmask1 = ':1@C29,H62,H59,H58,H57,H56,H55,H54,H53,H52,H51,H50,H49,H48,H47,H46
 /                                                                             
 &wt TYPE='TEMP0', istep1=0, istep2=20000,                                     
  value1=0.1, value2=300.0, /                                                  
 &wt TYPE='END' /                                                              


Note: ig = -1. Setting random seed to   127534 based on wallclock time in 
      microseconds.
| irandom = 1, using AMBER's internal random number generator (default).
 
|--------------------- INFORMATION ----------------------
| GPU (CUDA) Version of PMEMD in use: NVIDIA GPU IN USE.
|                    Version 18.0.0
| 
|                      03/25/2018
| 
| Implementation by:
|                    Ross C. Walker     (SDSC)
|                    Scott Le Grand     (nVIDIA)
| 
| Version 18 performance extensions by:
|                    David Cerutti     (Rutgers)
| 
| Precision model in use:
|      [SPFP] - Single Precision Forces, 64-bit Fixed Point
|               Accumulation. (Default)
| 
|--------------------------------------------------------
 
|----------------- CITATION INFORMATION -----------------
|
|    When publishing work that utilized the CUDA version
|    of AMBER, please cite the following in addition to
|    the regular AMBER citations:
|
|  - Romelia Salomon-Ferrer; Andreas W. Goetz; Duncan
|    Poole; Scott Le Grand; Ross C. Walker "Routine
|    microsecond molecular dynamics simulations with
|    AMBER - Part II: Particle Mesh Ewald", J. Chem.
|    Theory Comput., 2013, 9 (9), pp3878-3888,
|    DOI: 10.1021/ct400314y.
|
|  - Andreas W. Goetz; Mark J. Williamson; Dong Xu;
|    Duncan Poole; Scott Le Grand; Ross C. Walker
|    "Routine microsecond molecular dynamics simulations
|    with AMBER - Part I: Generalized Born", J. Chem.
|    Theory Comput., 2012, 8 (5), pp1542-1555.
|
|  - Scott Le Grand; Andreas W. Goetz; Ross C. Walker
|    "SPFP: Speed without compromise - a mixed precision
|    model for GPU accelerated molecular dynamics
|    simulations.", Comp. Phys. Comm., 2013, 184
|    pp374-380, DOI: 10.1016/j.cpc.2012.09.022
|
|    When publishing work that utilized the CUDA version
|    of TI, BAR, MBAR or FEP please cite the following 
|    publications in addition to the regular AMBER 
|    GPU citations:
|
|  - Daniel J. Mermelstein; Charles Lin; Gard Nelson; 
|    Rachael Kretsch; J. Andrew McCammon; Ross C. Walker
|    "Fast and Flexible GPU Accelerated Binding 
|    Free Energy Calculations within the AMBER Molecular
|    Dynamics Package" J. Comp. Chem., 2018,
|    DOI: 10.1002/jcc.25187
|
|  - Tai-Sung Lee; Yuan Hu; Brad Sherborne; Zhuyan Guo;
|    Darrin M. York
|    "Toward Fast and Accurate Binding Affinity Prediction with
|    pmemdGTI: An Efficient Implementation of GPU-Accelerated
|    Thermodynamic Integration"
|    J. Chem. Theory Comput., 2017, 13 (7), 3077
|
|
|--------------------------------------------------------
 
|------------------- GPU DEVICE INFO --------------------
|
|            CUDA_VISIBLE_DEVICES: 0
|   CUDA Capable Devices Detected:      1
|           CUDA Device ID in use:      0
|                CUDA Device Name: NVIDIA GeForce RTX 2080
|     CUDA Device Global Mem Size:   7982 MB
| CUDA Device Num Multiprocessors:     46
|           CUDA Device Core Freq:   1.71 GHz
|
|--------------------------------------------------------
 
 
| Conditional Compilation Defines Used:
| PUBFFT
| BINTRAJ
| CUDA
| EMIL

| Largest sphere to fit in unit cell has radius =    20.773

| New format PARM file being parsed.
| Version =    1.000 Date = 10/05/24 Time = 17:06:17

| Note: 1-4 EEL scale factors are being read from the topology file.

| Note: 1-4 VDW scale factors are being read from the topology file.
| Duplicated    0 dihedrals

| Duplicated    0 dihedrals

--------------------------------------------------------------------------------
   1.  RESOURCE   USE: 
--------------------------------------------------------------------------------

 getting box info from netcdf restart file
 NATOM  =    7380 NTYPES =      17 NBONH =    7315 MBONA  =      69
 NTHETH =     137 MTHETA =      95 NPHIH =     220 MPHIA  =     148
 NHPARM =       0 NPARM  =       0 NNB   =   10342 NRES   =    2423
 NBONA  =      69 NTHETA =      95 NPHIA =     148 NUMBND =      24
 NUMANG =      47 NPTRA  =      21 NATYP =      19 NPHB   =       1
 IFBOX  =       1 NMXRS  =      62 IFCAP =       0 NEXTRA =       0
 NCOPY  =       0

| Coordinate Index Table dimensions:     7    7    9
| Direct force subcell size =     5.9350    6.2531    6.0553

     BOX TYPE: RECTILINEAR

--------------------------------------------------------------------------------
   2.  CONTROL  DATA  FOR  THE  RUN
--------------------------------------------------------------------------------

L0                                                                              

General flags:
     imin    =       0, nmropt  =       1

Nature and format of input:
     ntx     =       1, irest   =       0, ntrx    =       1

Nature and format of output:
     ntxo    =       2, ntpr    =    1000, ntrx    =       1, ntwr    =    1000
     iwrap   =       0, ntwx    =       0, ntwv    =       0, ntwe    =       0
     ioutfm  =       1, ntwprt  =       0, idecomp =       0, rbornstat=      0

Potential function:
     ntf     =       1, ntb     =       1, igb     =       0, nsnb    =      25
     ipol    =       0, gbsa    =       0, iesp    =       0
     dielc   =   1.00000, cut     =  10.00000, intdiel =   1.00000

Frozen or restrained atoms:
     ibelly  =       0, ntr     =       1
     restraint_wt =  20.00000

Molecular dynamics:
     nstlim  =     25000, nscm    =         0, nrespa  =         1
     t       =   0.00000, dt      =   0.00200, vlimit  =  -1.00000

Langevin dynamics temperature regulation:
     ig      =  127534
     temp0   = 300.00000, tempi   =   0.10000, gamma_ln=   1.00000

SHAKE:
     ntc     =       2, jfastw  =       0
     tol     =   0.00001

NMR refinement options:
     iscale  =       0, noeskp  =       1, ipnlty  =       1, mxsub   =       1
     scalm   = 100.00000, pencut  =   0.10000, tausw   =   0.10000

Free energy options:
     icfe    =       1, ifsc    =       1, klambda =       1
     clambda =  0.6839, scalpha =  0.2000, scbeta  = 50.0000
     sceeorder =       2
     dynlmb =  0.0000 logdvdl =       0

| Intermolecular bonds treatment:
|     no_intermolecular_bonds =       1

| Energy averages sample interval:
|     ene_avg_sampling =    1000

Ewald parameters:
     verbose =       0, ew_type =       0, nbflag  =       1, use_pme =       1
     vdwmeth =       1, eedmeth =       1, netfrc  =       1
     Box X =   41.545   Box Y =   43.772   Box Z =   54.498
     Alpha =   90.000   Beta  =   90.000   Gamma =   90.000
     NFFT1 =   48       NFFT2 =   48       NFFT3 =   56
     Cutoff=   10.000   Tol   =0.100E-04
     Ewald Coefficient =  0.27511
     Interpolation order =    4

    LOADING THE CONSTRAINED ATOMS AS GROUPS


   5.  REFERENCE ATOM COORDINATES

  L0                                                                              
     Mask !(:WAT|@H=|:Na+|:Cl-); matches    62 atoms
     TI Mask 1 :1; matches     62 atoms
     TI Mask 2 :2; matches     61 atoms
     TI region 1:    7319 atoms
     TI region 2:    7318 atoms
     SC Mask 1 :1@C29,H62,H59,H58,H57,H56,H55,H54,H53,H52,H51,H50,H49,H48,H47,H46,H41,H40,H39,H38,H37,H36,H35,H34,H33,H32,C27,O26,C25,O24,C23,O22,C21,C20,C19,C18,C17,C7,C6,C5,C4,N3; matches     42 atoms
     SC Mask 2 :2@H46,C5,C6,C7,O8,C9,C10,C11,C12,C13,C14,O15,C16,C24,C25,N26,C27,C28,H33,H34,H35,H36,H37,H38,H39,H40,H41,H42,H43,H44,H45,H49,H50,H51,H52,H53,H54,H55,H56,H57,H61; matches     41 atoms

|--------------------------------------------------------------------------------------------
| Extra TI control variables
|     gti_add_sc     =   1, gti_ele_gauss  =   0, gti_auto_alpha =   0, gti_scale_beta =   0
|     gti_ele_exp    =   2, gti_vdw_exp    =   6, gti_ele_sc     =   1, gti_vdw_sc     =   1
|     gti_cut        =   1, gti_cut_sc     =   0
|     gti_cut_sc_on    =  0.0000, gti_cut_sc_off    =  0.0000
|--------------------------------------------------------------------------------------------


--------------------------------------------------------------------------------
   3.  ATOMIC COORDINATES AND VELOCITIES
--------------------------------------------------------------------------------

L0                                                                              
 begin time read from input coords =     0.000 ps



           Begin reading energy term weight changes/NMR restraints
 WEIGHT CHANGES:
 TEMP0         0  20000    0.100000  300.000000      0      0

 RESTRAINTS:
                          ** No restraint defined **

                  Done reading weight changes/NMR restraints


 
 Number of triangulated 3-point waters found:     2418
   Removing shake constraints from C2    L0    1 -- H33   L0    1
   Removing shake constraints from C2    L0    1 -- H32   L0    1
   Removing shake constraints from C17   L1    2 -- H46   L1    2
 Number of shake restraints removed in TI region  1 :        2
 Number of shake restraints removed in TI region  2 :        1

     Sum of charges for TI region  1 =  -0.00001901
     Skip neutralizing charges...


     Sum of charges for TI region  2 =  -0.00002499
     Skip neutralizing charges...

| Dynamic Memory, Types Used:
| Reals              447451
| Integers           314237

| Nonbonded Pairs Initial Allocation:     2232265

| GPU memory information (estimate):
| KB of GPU memory in use:     73958
| KB of CPU memory in use:     27590

--------------------------------------------------------------------------------
   4.  RESULTS
--------------------------------------------------------------------------------

   DOF for the SC part  1 of the system:  103
   SHAKE constraints in the SC region:   23
   DOF for the SC part  2 of the system:  100
   SHAKE constraints in the SC region:   23

| TI region  1


 NSTEP =        0   TIME(PS) =       0.000  TEMP(K) =     0.15  PRESS =     0.0
 Etot   =    -28909.6071  EKtot   =         2.1648  EPtot      =    -28911.7718
 BOND   =      2148.3528  ANGLE   =         0.7881  DIHED      =         3.1210
 1-4 NB =         7.8730  1-4 EEL =       -13.5522  VDWAALS    =      5618.1286
 EELEC  =    -36676.4831  EHBOND  =         0.0000  RESTRAINT  =         0.0000
 DV/DL  =       -82.1490
 ------------------------------------------------------------------------------

  Softcore part of the system:      42 atoms,       TEMP(K)    =           1.49
 SC_Etot=        91.8585  SC_EKtot=         0.1527  SC_EPtot   =        91.7057
 SC_BOND=         0.9946  SC_ANGLE=         7.7679  SC_DIHED   =        19.5919
 SC_14NB=         3.0812  SC_14EEL=        26.0256  SC_VDW     =        -0.1281
 SC_EEL =        34.3726
 SC_RES_DIST=     0.0000  SC_RES_ANG=       0.0000  SC_RES_TORS=         0.0000
 SC_EEL_DER=    -18.4212  SC_VDW_DER=       4.4202  SC_DERIV   =       -14.0010
 ------------------------------------------------------------------------------


| TI region  2


 NSTEP =        0   TIME(PS) =       0.000  TEMP(K) =     0.15  PRESS =     0.0
 Etot   =    -28909.6058  EKtot   =         2.1660  EPtot      =    -28911.7718
 BOND   =      2148.3528  ANGLE   =         0.7881  DIHED      =         3.1210
 1-4 NB =         7.8730  1-4 EEL =       -13.5522  VDWAALS    =      5618.1286
 EELEC  =    -36676.4831  EHBOND  =         0.0000  RESTRAINT  =         0.0000
 DV/DL  =       -82.1490
 ------------------------------------------------------------------------------

  Softcore part of the system:      41 atoms,       TEMP(K)    =           1.57
 SC_Etot=       163.8456  SC_EKtot=         0.1558  SC_EPtot   =       163.6898
 SC_BOND=         1.9519  SC_ANGLE=         4.0065  SC_DIHED   =        14.4481
 SC_14NB=         4.3794  SC_14EEL=        90.9644  SC_VDW     =        -0.7280
 SC_EEL =        48.6676
 SC_RES_DIST=     0.0000  SC_RES_ANG=       0.0000  SC_RES_TORS=         0.0000
 SC_EEL_DER=    -18.4212  SC_VDW_DER=       4.4202  SC_DERIV   =       -14.0010
 ------------------------------------------------------------------------------

 NMR restraints: Bond =    0.000   Angle =     0.000   Torsion =     0.000
===============================================================================

| TI region  1


 NSTEP =     1000   TIME(PS) =       2.000  TEMP(K) =    22.69  PRESS =     0.0
 Etot   =    -27879.8024  EKtot   =       330.8449  EPtot      =    -28210.6473
 BOND   =         1.3073  ANGLE   =         0.9217  DIHED      =         3.1896
 1-4 NB =         7.8815  1-4 EEL =       -13.6641  VDWAALS    =      5690.2917
 EELEC  =    -33902.2238  EHBOND  =         0.0000  RESTRAINT  =         1.6488
 EAMBER (non-restraint)  =    -28212.2961
 DV/DL  =       -99.6961
 ------------------------------------------------------------------------------

  Softcore part of the system:      42 atoms,       TEMP(K)    =           9.58
 SC_Etot=        92.9295  SC_EKtot=         0.9808  SC_EPtot   =        91.9487
 SC_BOND=         0.6188  SC_ANGLE=         7.7425  SC_DIHED   =        19.5424
 SC_14NB=         3.2127  SC_14EEL=        25.9720  SC_VDW     =         0.1684
 SC_EEL =        34.6921
 SC_RES_DIST=     0.0000  SC_RES_ANG=       0.0000  SC_RES_TORS=         0.0000
 SC_EEL_DER=    -21.0415  SC_VDW_DER=       2.9652  SC_DERIV   =       -18.0763
 ------------------------------------------------------------------------------


| TI region  2


 NSTEP =     1000   TIME(PS) =       2.000  TEMP(K) =    22.68  PRESS =     0.0
 Etot   =    -27880.0089  EKtot   =       330.6383  EPtot      =    -28210.6473
 BOND   =         1.3073  ANGLE   =         0.9217  DIHED      =         3.1896
 1-4 NB =         7.8815  1-4 EEL =       -13.6641  VDWAALS    =      5690.2917
 EELEC  =    -33902.2238  EHBOND  =         0.0000  RESTRAINT  =         1.6488
 EAMBER (non-restraint)  =    -28212.2961
 DV/DL  =       -99.6961
 ------------------------------------------------------------------------------

  Softcore part of the system:      41 atoms,       TEMP(K)    =           7.79
 SC_Etot=       165.3836  SC_EKtot=         0.7743  SC_EPtot   =       164.6093
 SC_BOND=         1.6231  SC_ANGLE=         4.1181  SC_DIHED   =        14.8244
 SC_14NB=         4.4993  SC_14EEL=        90.7589  SC_VDW     =        -0.7831
 SC_EEL =        49.5688
 SC_RES_DIST=     0.0000  SC_RES_ANG=       0.0000  SC_RES_TORS=         0.0000
 SC_EEL_DER=    -21.0415  SC_VDW_DER=       2.9652  SC_DERIV   =       -18.0763
 ------------------------------------------------------------------------------

 NMR restraints: Bond =    0.000   Angle =     0.000   Torsion =     0.000
===============================================================================

| TI region  1


 NSTEP =     2000   TIME(PS) =       4.000  TEMP(K) =    26.84  PRESS =     0.0
 Etot   =    -27926.4199  EKtot   =       391.3884  EPtot      =    -28317.8083
 BOND   =         1.4131  ANGLE   =         0.9383  DIHED      =         3.1061
 1-4 NB =         8.1719  1-4 EEL =       -13.7607  VDWAALS    =      5765.6636
 EELEC  =    -34085.5525  EHBOND  =         0.0000  RESTRAINT  =         2.2119
 EAMBER (non-restraint)  =    -28320.0203
 DV/DL  =      -113.0589
 ------------------------------------------------------------------------------

  Softcore part of the system:      42 atoms,       TEMP(K)    =          23.04
 SC_Etot=        95.0166  SC_EKtot=         2.3579  SC_EPtot   =        92.6587
 SC_BOND=         0.6948  SC_ANGLE=         9.1289  SC_DIHED   =        19.8540
 SC_14NB=         3.0512  SC_14EEL=        26.0025  SC_VDW     =        -0.5156
 SC_EEL =        34.4430
 SC_RES_DIST=     0.0000  SC_RES_ANG=       0.0000  SC_RES_TORS=         0.0000
 SC_EEL_DER=    -24.1796  SC_VDW_DER=       1.7930  SC_DERIV   =       -22.3867
 ------------------------------------------------------------------------------


| TI region  2


 NSTEP =     2000   TIME(PS) =       4.000  TEMP(K) =    26.86  PRESS =     0.0
 Etot   =    -27926.3353  EKtot   =       391.4731  EPtot      =    -28317.8083
 BOND   =         1.4131  ANGLE   =         0.9383  DIHED      =         3.1061
 1-4 NB =         8.1719  1-4 EEL =       -13.7607  VDWAALS    =      5765.6636
 EELEC  =    -34085.5525  EHBOND  =         0.0000  RESTRAINT  =         2.2119
 EAMBER (non-restraint)  =    -28320.0203
 DV/DL  =      -113.0589
 ------------------------------------------------------------------------------

  Softcore part of the system:      41 atoms,       TEMP(K)    =          24.58
 SC_Etot=       168.1443  SC_EKtot=         2.4426  SC_EPtot   =       165.7018
 SC_BOND=         1.6416  SC_ANGLE=         4.8671  SC_DIHED   =        14.8555
 SC_14NB=         4.6157  SC_14EEL=        91.2603  SC_VDW     =        -0.5802
 SC_EEL =        49.0417
 SC_RES_DIST=     0.0000  SC_RES_ANG=       0.0000  SC_RES_TORS=         0.0000
 SC_EEL_DER=    -24.1796  SC_VDW_DER=       1.7930  SC_DERIV   =       -22.3867
 ------------------------------------------------------------------------------

 NMR restraints: Bond =    0.000   Angle =     0.000   Torsion =     0.000
===============================================================================

| TI region  1


 NSTEP =     3000   TIME(PS) =       6.000  TEMP(K) =    39.31  PRESS =     0.0
 Etot   =    -27627.9150  EKtot   =       573.0704  EPtot      =    -28200.9855
 BOND   =         1.3383  ANGLE   =         1.3953  DIHED      =         3.5350
 1-4 NB =         8.1905  1-4 EEL =       -13.8490  VDWAALS    =      5625.5258
 EELEC  =    -33829.8560  EHBOND  =         0.0000  RESTRAINT  =         2.7347
 EAMBER (non-restraint)  =    -28203.7201
 DV/DL  =      -119.4902
 ------------------------------------------------------------------------------

  Softcore part of the system:      42 atoms,       TEMP(K)    =          46.76
 SC_Etot=        99.9066  SC_EKtot=         4.7852  SC_EPtot   =        95.1213
 SC_BOND=         1.8100  SC_ANGLE=         9.4851  SC_DIHED   =        19.9694
 SC_14NB=         3.0777  SC_14EEL=        26.3736  SC_VDW     =         0.0119
 SC_EEL =        34.3936
 SC_RES_DIST=     0.0000  SC_RES_ANG=       0.0000  SC_RES_TORS=         0.0000
 SC_EEL_DER=    -25.5474  SC_VDW_DER=       2.1182  SC_DERIV   =       -23.4293
 ------------------------------------------------------------------------------


| TI region  2


 NSTEP =     3000   TIME(PS) =       6.000  TEMP(K) =    39.34  PRESS =     0.0
 Etot   =    -27627.4816  EKtot   =       573.5039  EPtot      =    -28200.9855
 BOND   =         1.3383  ANGLE   =         1.3953  DIHED      =         3.5350
 1-4 NB =         8.1905  1-4 EEL =       -13.8490  VDWAALS    =      5625.5258
 EELEC  =    -33829.8560  EHBOND  =         0.0000  RESTRAINT  =         2.7347
 EAMBER (non-restraint)  =    -28203.7201
 DV/DL  =      -119.4902
 ------------------------------------------------------------------------------

  Softcore part of the system:      41 atoms,       TEMP(K)    =          52.52
 SC_Etot=       171.6785  SC_EKtot=         5.2187  SC_EPtot   =       166.4599
 SC_BOND=         2.4553  SC_ANGLE=         6.1355  SC_DIHED   =        14.5401
 SC_14NB=         4.4195  SC_14EEL=        90.5420  SC_VDW     =        -0.5623
 SC_EEL =        48.9297
 SC_RES_DIST=     0.0000  SC_RES_ANG=       0.0000  SC_RES_TORS=         0.0000
 SC_EEL_DER=    -25.5474  SC_VDW_DER=       2.1182  SC_DERIV   =       -23.4293
 ------------------------------------------------------------------------------

 NMR restraints: Bond =    0.000   Angle =     0.000   Torsion =     0.000
===============================================================================

| TI region  1


 NSTEP =     4000   TIME(PS) =       8.000  TEMP(K) =    54.40  PRESS =     0.0
 Etot   =    -27263.8777  EKtot   =       793.1291  EPtot      =    -28057.0068
 BOND   =         1.3252  ANGLE   =         2.1339  DIHED      =         3.7063
 1-4 NB =         8.0953  1-4 EEL =       -13.7943  VDWAALS    =      5573.3852
 EELEC  =    -33634.3145  EHBOND  =         0.0000  RESTRAINT  =         2.4562
 EAMBER (non-restraint)  =    -28059.4631
 DV/DL  =      -115.7714
 ------------------------------------------------------------------------------

  Softcore part of the system:      42 atoms,       TEMP(K)    =          46.26
 SC_Etot=       100.4045  SC_EKtot=         4.7344  SC_EPtot   =        95.6701
 SC_BOND=         1.7456  SC_ANGLE=         9.6987  SC_DIHED   =        20.0865
 SC_14NB=         3.2706  SC_14EEL=        26.6132  SC_VDW     =        -0.1285
 SC_EEL =        34.3840
 SC_RES_DIST=     0.0000  SC_RES_ANG=       0.0000  SC_RES_TORS=         0.0000
 SC_EEL_DER=    -22.7086  SC_VDW_DER=       3.1303  SC_DERIV   =       -19.5783
 ------------------------------------------------------------------------------


| TI region  2


 NSTEP =     4000   TIME(PS) =       8.000  TEMP(K) =    54.41  PRESS =     0.0
 Etot   =    -27263.8564  EKtot   =       793.1504  EPtot      =    -28057.0068
 BOND   =         1.3252  ANGLE   =         2.1339  DIHED      =         3.7063
 1-4 NB =         8.0953  1-4 EEL =       -13.7943  VDWAALS    =      5573.3852
 EELEC  =    -33634.3145  EHBOND  =         0.0000  RESTRAINT  =         2.4562
 EAMBER (non-restraint)  =    -28059.4631
 DV/DL  =      -115.7714
 ------------------------------------------------------------------------------

  Softcore part of the system:      41 atoms,       TEMP(K)    =          47.86
 SC_Etot=       172.9147  SC_EKtot=         4.7557  SC_EPtot   =       168.1590
 SC_BOND=         2.5306  SC_ANGLE=         6.2687  SC_DIHED   =        14.8980
 SC_14NB=         4.6675  SC_14EEL=        91.4093  SC_VDW     =        -0.6965
 SC_EEL =        49.0814
 SC_RES_DIST=     0.0000  SC_RES_ANG=       0.0000  SC_RES_TORS=         0.0000
 SC_EEL_DER=    -22.7086  SC_VDW_DER=       3.1303  SC_DERIV   =       -19.5783
 ------------------------------------------------------------------------------

 NMR restraints: Bond =    0.000   Angle =     0.000   Torsion =     0.000
===============================================================================

| TI region  1


 NSTEP =     5000   TIME(PS) =      10.000  TEMP(K) =    67.88  PRESS =     0.0
 Etot   =    -26878.4392  EKtot   =       989.7628  EPtot      =    -27868.2020
 BOND   =         2.0029  ANGLE   =         1.6772  DIHED      =         3.5756
 1-4 NB =         7.8879  1-4 EEL =       -14.0285  VDWAALS    =      5428.6459
 EELEC  =    -33301.6511  EHBOND  =         0.0000  RESTRAINT  =         3.6880
 EAMBER (non-restraint)  =    -27871.8900
 DV/DL  =      -114.3693
 ------------------------------------------------------------------------------

  Softcore part of the system:      42 atoms,       TEMP(K)    =          72.68
 SC_Etot=       105.3057  SC_EKtot=         7.4386  SC_EPtot   =        97.8671
 SC_BOND=         2.1041  SC_ANGLE=        10.7120  SC_DIHED   =        21.7485
 SC_14NB=         2.8940  SC_14EEL=        26.7534  SC_VDW     =        -0.4437
 SC_EEL =        34.0987
 SC_RES_DIST=     0.0000  SC_RES_ANG=       0.0000  SC_RES_TORS=         0.0000
 SC_EEL_DER=    -23.9582  SC_VDW_DER=       2.0745  SC_DERIV   =       -21.8837
 ------------------------------------------------------------------------------


| TI region  2


 NSTEP =     5000   TIME(PS) =      10.000  TEMP(K) =    67.73  PRESS =     0.0
 Etot   =    -26880.8550  EKtot   =       987.3470  EPtot      =    -27868.2020
 BOND   =         2.0029  ANGLE   =         1.6772  DIHED      =         3.5756
 1-4 NB =         7.8879  1-4 EEL =       -14.0285  VDWAALS    =      5428.6459
 EELEC  =    -33301.6511  EHBOND  =         0.0000  RESTRAINT  =         3.6880
 EAMBER (non-restraint)  =    -27871.8900
 DV/DL  =      -114.3693
 ------------------------------------------------------------------------------

  Softcore part of the system:      41 atoms,       TEMP(K)    =          50.55
 SC_Etot=       173.0608  SC_EKtot=         5.0227  SC_EPtot   =       168.0381
 SC_BOND=         2.2186  SC_ANGLE=         7.8457  SC_DIHED   =        14.7158
 SC_14NB=         4.4195  SC_14EEL=        90.4886  SC_VDW     =        -0.4291
 SC_EEL =        48.7789
 SC_RES_DIST=     0.0000  SC_RES_ANG=       0.0000  SC_RES_TORS=         0.0000
 SC_EEL_DER=    -23.9582  SC_VDW_DER=       2.0745  SC_DERIV   =       -21.8837
 ------------------------------------------------------------------------------

 NMR restraints: Bond =    0.000   Angle =     0.000   Torsion =     0.000
===============================================================================

| TI region  1


 NSTEP =     6000   TIME(PS) =      12.000  TEMP(K) =    83.93  PRESS =     0.0
 Etot   =    -26464.0957  EKtot   =      1223.6946  EPtot      =    -27687.7903
 BOND   =         2.5476  ANGLE   =         1.8805  DIHED      =         3.5515
 1-4 NB =         7.8682  1-4 EEL =       -14.1060  VDWAALS    =      5467.4854
 EELEC  =    -33161.3812  EHBOND  =         0.0000  RESTRAINT  =         4.3636
 EAMBER (non-restraint)  =    -27692.1539
 DV/DL  =      -122.5954
 ------------------------------------------------------------------------------

  Softcore part of the system:      42 atoms,       TEMP(K)    =         108.14
 SC_Etot=       109.4447  SC_EKtot=        11.0670  SC_EPtot   =        98.3777
 SC_BOND=         2.4671  SC_ANGLE=        13.6039  SC_DIHED   =        19.3503
 SC_14NB=         2.8609  SC_14EEL=        25.6535  SC_VDW     =        -0.6074
 SC_EEL =        35.0495
 SC_RES_DIST=     0.0000  SC_RES_ANG=       0.0000  SC_RES_TORS=         0.0000
 SC_EEL_DER=    -21.8034  SC_VDW_DER=      -1.3555  SC_DERIV   =       -23.1589
 ------------------------------------------------------------------------------


| TI region  2


 NSTEP =     6000   TIME(PS) =      12.000  TEMP(K) =    83.78  PRESS =     0.0
 Etot   =    -26466.5873  EKtot   =      1221.2030  EPtot      =    -27687.7903
 BOND   =         2.5476  ANGLE   =         1.8805  DIHED      =         3.5515
 1-4 NB =         7.8682  1-4 EEL =       -14.1060  VDWAALS    =      5467.4854
 EELEC  =    -33161.3812  EHBOND  =         0.0000  RESTRAINT  =         4.3636
 EAMBER (non-restraint)  =    -27692.1539
 DV/DL  =      -122.5954
 ------------------------------------------------------------------------------

  Softcore part of the system:      41 atoms,       TEMP(K)    =          86.31
 SC_Etot=       179.6063  SC_EKtot=         8.5754  SC_EPtot   =       171.0309
 SC_BOND=         4.2856  SC_ANGLE=         8.0674  SC_DIHED   =        15.9619
 SC_14NB=         4.3620  SC_14EEL=        90.3041  SC_VDW     =        -0.8694
 SC_EEL =        48.9193
 SC_RES_DIST=     0.0000  SC_RES_ANG=       0.0000  SC_RES_TORS=         0.0000
 SC_EEL_DER=    -21.8034  SC_VDW_DER=      -1.3555  SC_DERIV   =       -23.1589
 ------------------------------------------------------------------------------

 NMR restraints: Bond =    0.000   Angle =     0.000   Torsion =     0.000
===============================================================================

| TI region  1


 NSTEP =     7000   TIME(PS) =      14.000  TEMP(K) =    97.61  PRESS =     0.0
 Etot   =    -26049.9662  EKtot   =      1423.1343  EPtot      =    -27473.1005
 BOND   =         2.9889  ANGLE   =         1.8341  DIHED      =         4.3559
 1-4 NB =         8.0867  1-4 EEL =       -13.9406  VDWAALS    =      5246.6219
 EELEC  =    -32729.1857  EHBOND  =         0.0000  RESTRAINT  =         6.1384
 EAMBER (non-restraint)  =    -27479.2389
 DV/DL  =      -125.0392
 ------------------------------------------------------------------------------

  Softcore part of the system:      42 atoms,       TEMP(K)    =          96.35
 SC_Etot=       111.6719  SC_EKtot=         9.8609  SC_EPtot   =       101.8110
 SC_BOND=         3.1324  SC_ANGLE=        12.4701  SC_DIHED   =        21.3956
 SC_14NB=         3.0289  SC_14EEL=        27.2766  SC_VDW     =         0.2526
 SC_EEL =        34.2548
 SC_RES_DIST=     0.0000  SC_RES_ANG=       0.0000  SC_RES_TORS=         0.0000
 SC_EEL_DER=    -20.8836  SC_VDW_DER=      -1.9158  SC_DERIV   =       -22.7994
 ------------------------------------------------------------------------------


| TI region  2


 NSTEP =     7000   TIME(PS) =      14.000  TEMP(K) =    97.50  PRESS =     0.0
 Etot   =    -26051.8615  EKtot   =      1421.2389  EPtot      =    -27473.1005
 BOND   =         2.9889  ANGLE   =         1.8341  DIHED      =         4.3559
 1-4 NB =         8.0867  1-4 EEL =       -13.9406  VDWAALS    =      5246.6219
 EELEC  =    -32729.1857  EHBOND  =         0.0000  RESTRAINT  =         6.1384
 EAMBER (non-restraint)  =    -27479.2389
 DV/DL  =      -125.0392
 ------------------------------------------------------------------------------

  Softcore part of the system:      41 atoms,       TEMP(K)    =          80.17
 SC_Etot=       180.0625  SC_EKtot=         7.9656  SC_EPtot   =       172.0970
 SC_BOND=         2.0003  SC_ANGLE=         8.9718  SC_DIHED   =        16.0742
 SC_14NB=         5.1320  SC_14EEL=        90.2824  SC_VDW     =         0.3667
 SC_EEL =        49.2695
 SC_RES_DIST=     0.0000  SC_RES_ANG=       0.0000  SC_RES_TORS=         0.0000
 SC_EEL_DER=    -20.8836  SC_VDW_DER=      -1.9158  SC_DERIV   =       -22.7994
 ------------------------------------------------------------------------------

 NMR restraints: Bond =    0.000   Angle =     0.000   Torsion =     0.000
===============================================================================

| TI region  1


 NSTEP =     8000   TIME(PS) =      16.000  TEMP(K) =   113.84  PRESS =     0.0
 Etot   =    -25611.7025  EKtot   =      1659.7661  EPtot      =    -27271.4686
 BOND   =         2.8212  ANGLE   =         2.8208  DIHED      =         4.6622
 1-4 NB =         7.7848  1-4 EEL =       -13.2430  VDWAALS    =      5303.6835
 EELEC  =    -32585.2269  EHBOND  =         0.0000  RESTRAINT  =         5.2287
 EAMBER (non-restraint)  =    -27276.6974
 DV/DL  =      -116.5202
 ------------------------------------------------------------------------------

  Softcore part of the system:      42 atoms,       TEMP(K)    =         130.62
 SC_Etot=       113.7123  SC_EKtot=        13.3677  SC_EPtot   =       100.3445
 SC_BOND=         2.0970  SC_ANGLE=        14.2553  SC_DIHED   =        19.4100
 SC_14NB=         3.3616  SC_14EEL=        26.2248  SC_VDW     =         0.1861
 SC_EEL =        34.8098
 SC_RES_DIST=     0.0000  SC_RES_ANG=       0.0000  SC_RES_TORS=         0.0000
 SC_EEL_DER=    -21.0433  SC_VDW_DER=      -0.5595  SC_DERIV   =       -21.6028
 ------------------------------------------------------------------------------


| TI region  2


 NSTEP =     8000   TIME(PS) =      16.000  TEMP(K) =   113.70  PRESS =     0.0
 Etot   =    -25614.0889  EKtot   =      1657.3798  EPtot      =    -27271.4686
 BOND   =         2.8212  ANGLE   =         2.8208  DIHED      =         4.6622
 1-4 NB =         7.7848  1-4 EEL =       -13.2430  VDWAALS    =      5303.6835
 EELEC  =    -32585.2269  EHBOND  =         0.0000  RESTRAINT  =         5.2287
 EAMBER (non-restraint)  =    -27276.6974
 DV/DL  =      -116.5202
 ------------------------------------------------------------------------------

  Softcore part of the system:      41 atoms,       TEMP(K)    =         110.52
 SC_Etot=       187.7772  SC_EKtot=        10.9814  SC_EPtot   =       176.7958
 SC_BOND=         3.9184  SC_ANGLE=        12.5035  SC_DIHED   =        16.7659
 SC_14NB=         4.2631  SC_14EEL=        91.6165  SC_VDW     =        -1.0375
 SC_EEL =        48.7659
 SC_RES_DIST=     0.0000  SC_RES_ANG=       0.0000  SC_RES_TORS=         0.0000
 SC_EEL_DER=    -21.0433  SC_VDW_DER=      -0.5595  SC_DERIV   =       -21.6028
 ------------------------------------------------------------------------------

 NMR restraints: Bond =    0.000   Angle =     0.000   Torsion =     0.000
===============================================================================

| TI region  1


 NSTEP =     9000   TIME(PS) =      18.000  TEMP(K) =   126.14  PRESS =     0.0
 Etot   =    -25251.5908  EKtot   =      1839.0631  EPtot      =    -27090.6539
 BOND   =         1.7467  ANGLE   =         2.1514  DIHED      =         5.3340
 1-4 NB =         8.2276  1-4 EEL =       -14.6288  VDWAALS    =      5230.3370
 EELEC  =    -32329.9412  EHBOND  =         0.0000  RESTRAINT  =         6.1194
 EAMBER (non-restraint)  =    -27096.7733
 DV/DL  =      -120.9496
 ------------------------------------------------------------------------------

  Softcore part of the system:      42 atoms,       TEMP(K)    =         119.91
 SC_Etot=       115.8797  SC_EKtot=        12.2717  SC_EPtot   =       103.6080
 SC_BOND=         3.3352  SC_ANGLE=        14.2277  SC_DIHED   =        21.3168
 SC_14NB=         3.4031  SC_14EEL=        27.2483  SC_VDW     =         0.3146
 SC_EEL =        33.7622
 SC_RES_DIST=     0.0000  SC_RES_ANG=       0.0000  SC_RES_TORS=         0.0000
 SC_EEL_DER=     -8.3380  SC_VDW_DER=      -4.4829  SC_DERIV   =       -12.8209
 ------------------------------------------------------------------------------


| TI region  2


 NSTEP =     9000   TIME(PS) =      18.000  TEMP(K) =   125.87  PRESS =     0.0
 Etot   =    -25255.7808  EKtot   =      1834.8731  EPtot      =    -27090.6539
 BOND   =         1.7467  ANGLE   =         2.1514  DIHED      =         5.3340
 1-4 NB =         8.2276  1-4 EEL =       -14.6288  VDWAALS    =      5230.3370
 EELEC  =    -32329.9412  EHBOND  =         0.0000  RESTRAINT  =         6.1194
 EAMBER (non-restraint)  =    -27096.7733
 DV/DL  =      -120.9496
 ------------------------------------------------------------------------------

  Softcore part of the system:      41 atoms,       TEMP(K)    =          81.34
 SC_Etot=       186.2004  SC_EKtot=         8.0817  SC_EPtot   =       178.1187
 SC_BOND=         3.5363  SC_ANGLE=        13.5421  SC_DIHED   =        15.8926
 SC_14NB=         5.6345  SC_14EEL=        91.1140  SC_VDW     =        -0.4832
 SC_EEL =        48.8823
 SC_RES_DIST=     0.0000  SC_RES_ANG=       0.0000  SC_RES_TORS=         0.0000
 SC_EEL_DER=     -8.3380  SC_VDW_DER=      -4.4829  SC_DERIV   =       -12.8209
 ------------------------------------------------------------------------------

 NMR restraints: Bond =    0.000   Angle =     0.000   Torsion =     0.000
===============================================================================

| TI region  1


 NSTEP =    10000   TIME(PS) =      20.000  TEMP(K) =   141.76  PRESS =     0.0
 Etot   =    -24779.2286  EKtot   =      2066.8739  EPtot      =    -26846.1026
 BOND   =         1.9666  ANGLE   =         2.1695  DIHED      =         4.8256
 1-4 NB =         8.1824  1-4 EEL =       -14.5920  VDWAALS    =      4993.9270
 EELEC  =    -31849.3207  EHBOND  =         0.0000  RESTRAINT  =         6.7390
 EAMBER (non-restraint)  =    -26852.8416
 DV/DL  =      -108.6386
 ------------------------------------------------------------------------------

  Softcore part of the system:      42 atoms,       TEMP(K)    =         150.13
 SC_Etot=       120.3737  SC_EKtot=        15.3646  SC_EPtot   =       105.0091
 SC_BOND=         3.0145  SC_ANGLE=        17.3252  SC_DIHED   =        21.7375
 SC_14NB=         3.0874  SC_14EEL=        26.1906  SC_VDW     =        -0.9177
 SC_EEL =        34.5717
 SC_RES_DIST=     0.0000  SC_RES_ANG=       0.0000  SC_RES_TORS=         0.0000
 SC_EEL_DER=    -17.9301  SC_VDW_DER=       0.3150  SC_DERIV   =       -17.6151
 ------------------------------------------------------------------------------


| TI region  2


 NSTEP =    10000   TIME(PS) =      20.000  TEMP(K) =   141.70  PRESS =     0.0
 Etot   =    -24780.4680  EKtot   =      2065.6346  EPtot      =    -26846.1026
 BOND   =         1.9666  ANGLE   =         2.1695  DIHED      =         4.8256
 1-4 NB =         8.1824  1-4 EEL =       -14.5920  VDWAALS    =      4993.9270
 EELEC  =    -31849.3207  EHBOND  =         0.0000  RESTRAINT  =         6.7390
 EAMBER (non-restraint)  =    -26852.8416
 DV/DL  =      -108.6386
 ------------------------------------------------------------------------------

  Softcore part of the system:      41 atoms,       TEMP(K)    =         142.16
 SC_Etot=       189.0855  SC_EKtot=        14.1253  SC_EPtot   =       174.9602
 SC_BOND=         5.0837  SC_ANGLE=        10.4845  SC_DIHED   =        16.8611
 SC_14NB=         4.7002  SC_14EEL=        90.7798  SC_VDW     =        -0.7905
 SC_EEL =        47.8415
 SC_RES_DIST=     0.0000  SC_RES_ANG=       0.0000  SC_RES_TORS=         0.0000
 SC_EEL_DER=    -17.9301  SC_VDW_DER=       0.3150  SC_DERIV   =       -17.6151
 ------------------------------------------------------------------------------

 NMR restraints: Bond =    0.000   Angle =     0.000   Torsion =     0.000
===============================================================================

| TI region  1


 NSTEP =    11000   TIME(PS) =      22.000  TEMP(K) =   157.17  PRESS =     0.0
 Etot   =    -24319.4470  EKtot   =      2291.5996  EPtot      =    -26611.0465
 BOND   =         4.1465  ANGLE   =         2.2385  DIHED      =         6.0396
 1-4 NB =         8.2228  1-4 EEL =       -13.5812  VDWAALS    =      4912.8129
 EELEC  =    -31538.0859  EHBOND  =         0.0000  RESTRAINT  =         7.1602
 EAMBER (non-restraint)  =    -26618.2068
 DV/DL  =      -109.3393
 ------------------------------------------------------------------------------

  Softcore part of the system:      42 atoms,       TEMP(K)    =         138.00
 SC_Etot=       116.9528  SC_EKtot=        14.1228  SC_EPtot   =       102.8300
 SC_BOND=         4.0666  SC_ANGLE=        15.5473  SC_DIHED   =        20.1201
 SC_14NB=         3.0481  SC_14EEL=        26.1552  SC_VDW     =        -0.4150
 SC_EEL =        34.3077
 SC_RES_DIST=     0.0000  SC_RES_ANG=       0.0000  SC_RES_TORS=         0.0000
 SC_EEL_DER=    -18.9064  SC_VDW_DER=      -0.1527  SC_DERIV   =       -19.0591
 ------------------------------------------------------------------------------


| TI region  2


 NSTEP =    11000   TIME(PS) =      22.000  TEMP(K) =   157.27  PRESS =     0.0
 Etot   =    -24318.5087  EKtot   =      2292.5379  EPtot      =    -26611.0465
 BOND   =         4.1465  ANGLE   =         2.2385  DIHED      =         6.0396
 1-4 NB =         8.2228  1-4 EEL =       -13.5812  VDWAALS    =      4912.8129
 EELEC  =    -31538.0859  EHBOND  =         0.0000  RESTRAINT  =         7.1602
 EAMBER (non-restraint)  =    -26618.2068
 DV/DL  =      -109.3393
 ------------------------------------------------------------------------------

  Softcore part of the system:      41 atoms,       TEMP(K)    =         151.58
 SC_Etot=       191.5059  SC_EKtot=        15.0611  SC_EPtot   =       176.4448
 SC_BOND=         4.1504  SC_ANGLE=        14.5433  SC_DIHED   =        14.6878
 SC_14NB=         4.1498  SC_14EEL=        90.1922  SC_VDW     =        -0.7012
 SC_EEL =        49.4225
 SC_RES_DIST=     0.0000  SC_RES_ANG=       0.0000  SC_RES_TORS=         0.0000
 SC_EEL_DER=    -18.9064  SC_VDW_DER=      -0.1527  SC_DERIV   =       -19.0591
 ------------------------------------------------------------------------------

 NMR restraints: Bond =    0.000   Angle =     0.000   Torsion =     0.000
===============================================================================

| TI region  1


 NSTEP =    12000   TIME(PS) =      24.000  TEMP(K) =   168.03  PRESS =     0.0
 Etot   =    -23891.3156  EKtot   =      2449.8249  EPtot      =    -26341.1405
 BOND   =         5.3053  ANGLE   =         3.6922  DIHED      =         4.7950
 1-4 NB =         8.0889  1-4 EEL =       -12.6501  VDWAALS    =      4873.9124
 EELEC  =    -31232.7216  EHBOND  =         0.0000  RESTRAINT  =         8.4375
 EAMBER (non-restraint)  =    -26349.5780
 DV/DL  =      -111.2714
 ------------------------------------------------------------------------------

  Softcore part of the system:      42 atoms,       TEMP(K)    =         169.01
 SC_Etot=       124.9854  SC_EKtot=        17.2964  SC_EPtot   =       107.6890
 SC_BOND=         3.7270  SC_ANGLE=        17.0835  SC_DIHED   =        22.0251
 SC_14NB=         3.3756  SC_14EEL=        25.9723  SC_VDW     =         0.6038
 SC_EEL =        34.9016
 SC_RES_DIST=     0.0000  SC_RES_ANG=       0.0000  SC_RES_TORS=         0.0000
 SC_EEL_DER=    -10.5613  SC_VDW_DER=      -2.1171  SC_DERIV   =       -12.6784
 ------------------------------------------------------------------------------


| TI region  2


 NSTEP =    12000   TIME(PS) =      24.000  TEMP(K) =   167.88  PRESS =     0.0
 Etot   =    -23893.9466  EKtot   =      2447.1939  EPtot      =    -26341.1405
 BOND   =         5.3053  ANGLE   =         3.6922  DIHED      =         4.7950
 1-4 NB =         8.0889  1-4 EEL =       -12.6501  VDWAALS    =      4873.9124
 EELEC  =    -31232.7216  EHBOND  =         0.0000  RESTRAINT  =         8.4375
 EAMBER (non-restraint)  =    -26349.5780
 DV/DL  =      -111.2714
 ------------------------------------------------------------------------------

  Softcore part of the system:      41 atoms,       TEMP(K)    =         147.60
 SC_Etot=       191.0743  SC_EKtot=        14.6654  SC_EPtot   =       176.4089
 SC_BOND=         3.0422  SC_ANGLE=        13.7439  SC_DIHED   =        16.1343
 SC_14NB=         4.2134  SC_14EEL=        91.0184  SC_VDW     =        -0.6474
 SC_EEL =        48.9041
 SC_RES_DIST=     0.0000  SC_RES_ANG=       0.0000  SC_RES_TORS=         0.0000
 SC_EEL_DER=    -10.5613  SC_VDW_DER=      -2.1171  SC_DERIV   =       -12.6784
 ------------------------------------------------------------------------------

 NMR restraints: Bond =    0.000   Angle =     0.000   Torsion =     0.000
===============================================================================

| TI region  1


 NSTEP =    13000   TIME(PS) =      26.000  TEMP(K) =   186.70  PRESS =     0.0
 Etot   =    -23279.2092  EKtot   =      2722.0720  EPtot      =    -26001.2812
 BOND   =         3.5380  ANGLE   =         6.0097  DIHED      =         5.1555
 1-4 NB =         8.0838  1-4 EEL =       -13.2232  VDWAALS    =      4708.7280
 EELEC  =    -30728.7835  EHBOND  =         0.0000  RESTRAINT  =         9.2104
 EAMBER (non-restraint)  =    -26010.4917
 DV/DL  =      -124.4820
 ------------------------------------------------------------------------------

  Softcore part of the system:      42 atoms,       TEMP(K)    =         147.98
 SC_Etot=       120.3861  SC_EKtot=        15.1439  SC_EPtot   =       105.2422
 SC_BOND=         4.3798  SC_ANGLE=        19.8618  SC_DIHED   =        18.8478
 SC_14NB=         2.6337  SC_14EEL=        25.5617  SC_VDW     =        -0.9118
 SC_EEL =        34.8693
 SC_RES_DIST=     0.0000  SC_RES_ANG=       0.0000  SC_RES_TORS=         0.0000
 SC_EEL_DER=    -22.5496  SC_VDW_DER=      -1.8088  SC_DERIV   =       -24.3584
 ------------------------------------------------------------------------------


| TI region  2


 NSTEP =    13000   TIME(PS) =      26.000  TEMP(K) =   187.12  PRESS =     0.0
 Etot   =    -23273.6888  EKtot   =      2727.5924  EPtot      =    -26001.2812
 BOND   =         3.5380  ANGLE   =         6.0097  DIHED      =         5.1555
 1-4 NB =         8.0838  1-4 EEL =       -13.2232  VDWAALS    =      4708.7280
 EELEC  =    -30728.7835  EHBOND  =         0.0000  RESTRAINT  =         9.2104
 EAMBER (non-restraint)  =    -26010.4917
 DV/DL  =      -124.4820
 ------------------------------------------------------------------------------

  Softcore part of the system:      41 atoms,       TEMP(K)    =         207.97
 SC_Etot=       200.1533  SC_EKtot=        20.6643  SC_EPtot   =       179.4890
 SC_BOND=         3.6892  SC_ANGLE=        13.7116  SC_DIHED   =        17.4509
 SC_14NB=         4.9597  SC_14EEL=        90.7025  SC_VDW     =        -0.4626
 SC_EEL =        49.4375
 SC_RES_DIST=     0.0000  SC_RES_ANG=       0.0000  SC_RES_TORS=         0.0000
 SC_EEL_DER=    -22.5496  SC_VDW_DER=      -1.8088  SC_DERIV   =       -24.3584
 ------------------------------------------------------------------------------

 NMR restraints: Bond =    0.000   Angle =     0.000   Torsion =     0.000
===============================================================================

| TI region  1


 NSTEP =    14000   TIME(PS) =      28.000  TEMP(K) =   202.77  PRESS =     0.0
 Etot   =    -22847.1336  EKtot   =      2956.4015  EPtot      =    -25803.5351
 BOND   =         5.4549  ANGLE   =         1.8923  DIHED      =         4.3396
 1-4 NB =         7.7711  1-4 EEL =       -14.4451  VDWAALS    =      4596.9018
 EELEC  =    -30412.4290  EHBOND  =         0.0000  RESTRAINT  =         6.9794
 EAMBER (non-restraint)  =    -25810.5145
 DV/DL  =      -119.5133
 ------------------------------------------------------------------------------

  Softcore part of the system:      42 atoms,       TEMP(K)    =         210.21
 SC_Etot=       131.7598  SC_EKtot=        21.5134  SC_EPtot   =       110.2464
 SC_BOND=         2.7670  SC_ANGLE=        19.9160  SC_DIHED   =        23.4811
 SC_14NB=         3.8223  SC_14EEL=        25.8912  SC_VDW     =        -0.2519
 SC_EEL =        34.6208
 SC_RES_DIST=     0.0000  SC_RES_ANG=       0.0000  SC_RES_TORS=         0.0000
 SC_EEL_DER=    -18.7263  SC_VDW_DER=      -1.2402  SC_DERIV   =       -19.9665
 ------------------------------------------------------------------------------


| TI region  2


 NSTEP =    14000   TIME(PS) =      28.000  TEMP(K) =   202.39  PRESS =     0.0
 Etot   =    -22853.3355  EKtot   =      2950.1996  EPtot      =    -25803.5351
 BOND   =         5.4549  ANGLE   =         1.8923  DIHED      =         4.3396
 1-4 NB =         7.7711  1-4 EEL =       -14.4451  VDWAALS    =      4596.9018
 EELEC  =    -30412.4290  EHBOND  =         0.0000  RESTRAINT  =         6.9794
 EAMBER (non-restraint)  =    -25810.5145
 DV/DL  =      -119.5133
 ------------------------------------------------------------------------------

  Softcore part of the system:      41 atoms,       TEMP(K)    =         154.10
 SC_Etot=       195.4195  SC_EKtot=        15.3116  SC_EPtot   =       180.1079
 SC_BOND=         6.3187  SC_ANGLE=        13.8647  SC_DIHED   =        16.7304
 SC_14NB=         4.4815  SC_14EEL=        91.0611  SC_VDW     =        -0.5844
 SC_EEL =        48.2359
 SC_RES_DIST=     0.0000  SC_RES_ANG=       0.0000  SC_RES_TORS=         0.0000
 SC_EEL_DER=    -18.7263  SC_VDW_DER=      -1.2402  SC_DERIV   =       -19.9665
 ------------------------------------------------------------------------------

 NMR restraints: Bond =    0.000   Angle =     0.000   Torsion =     0.000
===============================================================================

| TI region  1


 NSTEP =    15000   TIME(PS) =      30.000  TEMP(K) =   212.10  PRESS =     0.0
 Etot   =    -22298.6306  EKtot   =      3092.3590  EPtot      =    -25390.9896
 BOND   =         4.6557  ANGLE   =         2.6922  DIHED      =         5.1733
 1-4 NB =         8.1542  1-4 EEL =       -13.2295  VDWAALS    =      4412.4458
 EELEC  =    -29820.5318  EHBOND  =         0.0000  RESTRAINT  =         9.6503
 EAMBER (non-restraint)  =    -25400.6399
 DV/DL  =      -140.0180
 ------------------------------------------------------------------------------

  Softcore part of the system:      42 atoms,       TEMP(K)    =         270.23
 SC_Etot=       132.1410  SC_EKtot=        27.6551  SC_EPtot   =       104.4860
 SC_BOND=         2.8325  SC_ANGLE=        16.7413  SC_DIHED   =        20.6466
 SC_14NB=         3.5130  SC_14EEL=        26.4107  SC_VDW     =        -0.0513
 SC_EEL =        34.3931
 SC_RES_DIST=     0.0000  SC_RES_ANG=       0.0000  SC_RES_TORS=         0.0000
 SC_EEL_DER=    -18.7470  SC_VDW_DER=      -6.5932  SC_DERIV   =       -25.3402
 ------------------------------------------------------------------------------


| TI region  2


 NSTEP =    15000   TIME(PS) =      30.000  TEMP(K) =   211.87  PRESS =     0.0
 Etot   =    -22302.5931  EKtot   =      3088.3965  EPtot      =    -25390.9896
 BOND   =         4.6557  ANGLE   =         2.6922  DIHED      =         5.1733
 1-4 NB =         8.1542  1-4 EEL =       -13.2295  VDWAALS    =      4412.4458
 EELEC  =    -29820.5318  EHBOND  =         0.0000  RESTRAINT  =         9.6503
 EAMBER (non-restraint)  =    -25400.6399
 DV/DL  =      -140.0180
 ------------------------------------------------------------------------------

  Softcore part of the system:      41 atoms,       TEMP(K)    =         238.45
 SC_Etot=       203.5737  SC_EKtot=        23.6925  SC_EPtot   =       179.8812
 SC_BOND=         7.1317  SC_ANGLE=        13.3004  SC_DIHED   =        14.7640
 SC_14NB=         4.8336  SC_14EEL=        91.6580  SC_VDW     =        -0.3979
 SC_EEL =        48.5913
 SC_RES_DIST=     0.0000  SC_RES_ANG=       0.0000  SC_RES_TORS=         0.0000
 SC_EEL_DER=    -18.7470  SC_VDW_DER=      -6.5932  SC_DERIV   =       -25.3402
 ------------------------------------------------------------------------------

 NMR restraints: Bond =    0.000   Angle =     0.000   Torsion =     0.000
===============================================================================

| TI region  1


 NSTEP =    16000   TIME(PS) =      32.000  TEMP(K) =   229.50  PRESS =     0.0
 Etot   =    -21816.3495  EKtot   =      3346.0731  EPtot      =    -25162.4226
 BOND   =         8.7487  ANGLE   =         3.2533  DIHED      =         6.1556
 1-4 NB =         7.1663  1-4 EEL =       -13.4352  VDWAALS    =      4317.1245
 EELEC  =    -29500.9313  EHBOND  =         0.0000  RESTRAINT  =         9.4956
 EAMBER (non-restraint)  =    -25171.9182
 DV/DL  =      -143.6469
 ------------------------------------------------------------------------------

  Softcore part of the system:      42 atoms,       TEMP(K)    =         205.71
 SC_Etot=       139.8154  SC_EKtot=        21.0528  SC_EPtot   =       118.7627
 SC_BOND=         7.6018  SC_ANGLE=        25.0837  SC_DIHED   =        24.3430
 SC_14NB=         2.4497  SC_14EEL=        25.6411  SC_VDW     =        -0.6223
 SC_EEL =        34.2657
 SC_RES_DIST=     0.0000  SC_RES_ANG=       0.0000  SC_RES_TORS=         0.0000
 SC_EEL_DER=    -22.9010  SC_VDW_DER=      -1.9293  SC_DERIV   =       -24.8304
 ------------------------------------------------------------------------------


| TI region  2


 NSTEP =    16000   TIME(PS) =      32.000  TEMP(K) =   230.18  PRESS =     0.0
 Etot   =    -21807.0099  EKtot   =      3355.4127  EPtot      =    -25162.4226
 BOND   =         8.7487  ANGLE   =         3.2533  DIHED      =         6.1556
 1-4 NB =         7.1663  1-4 EEL =       -13.4352  VDWAALS    =      4317.1245
 EELEC  =    -29500.9313  EHBOND  =         0.0000  RESTRAINT  =         9.4956
 EAMBER (non-restraint)  =    -25171.9182
 DV/DL  =      -143.6469
 ------------------------------------------------------------------------------

  Softcore part of the system:      41 atoms,       TEMP(K)    =         305.88
 SC_Etot=       214.6842  SC_EKtot=        30.3923  SC_EPtot   =       184.2919
 SC_BOND=         5.3492  SC_ANGLE=        16.1861  SC_DIHED   =        16.8956
 SC_14NB=         4.6511  SC_14EEL=        91.7546  SC_VDW     =         0.3381
 SC_EEL =        49.1172
 SC_RES_DIST=     0.0000  SC_RES_ANG=       0.0000  SC_RES_TORS=         0.0000
 SC_EEL_DER=    -22.9010  SC_VDW_DER=      -1.9293  SC_DERIV   =       -24.8304
 ------------------------------------------------------------------------------

 NMR restraints: Bond =    0.000   Angle =     0.000   Torsion =     0.000
===============================================================================

| TI region  1


 NSTEP =    17000   TIME(PS) =      34.000  TEMP(K) =   241.78  PRESS =     0.0
 Etot   =    -21070.8882  EKtot   =      3525.1326  EPtot      =    -24596.0208
 BOND   =         6.6509  ANGLE   =         5.7669  DIHED      =         4.0120
 1-4 NB =         7.8636  1-4 EEL =       -12.8960  VDWAALS    =      4095.9923
 EELEC  =    -28713.7195  EHBOND  =         0.0000  RESTRAINT  =        10.3090
 EAMBER (non-restraint)  =    -24606.3298
 DV/DL  =      -109.5838
 ------------------------------------------------------------------------------

  Softcore part of the system:      42 atoms,       TEMP(K)    =         268.58
 SC_Etot=       142.5963  SC_EKtot=        27.4865  SC_EPtot   =       115.1098
 SC_BOND=         6.6960  SC_ANGLE=        20.2077  SC_DIHED   =        22.1370
 SC_14NB=         3.9403  SC_14EEL=        27.2641  SC_VDW     =         0.0470
 SC_EEL =        34.8176
 SC_RES_DIST=     0.0000  SC_RES_ANG=       0.0000  SC_RES_TORS=         0.0000
 SC_EEL_DER=    -20.0425  SC_VDW_DER=       1.6488  SC_DERIV   =       -18.3937
 ------------------------------------------------------------------------------


| TI region  2


 NSTEP =    17000   TIME(PS) =      34.000  TEMP(K) =   241.95  PRESS =     0.0
 Etot   =    -21069.1405  EKtot   =      3526.8803  EPtot      =    -24596.0208
 BOND   =         6.6509  ANGLE   =         5.7669  DIHED      =         4.0120
 1-4 NB =         7.8636  1-4 EEL =       -12.8960  VDWAALS    =      4095.9923
 EELEC  =    -28713.7195  EHBOND  =         0.0000  RESTRAINT  =        10.3090
 EAMBER (non-restraint)  =    -24606.3298
 DV/DL  =      -109.5838
 ------------------------------------------------------------------------------

  Softcore part of the system:      41 atoms,       TEMP(K)    =         294.23
 SC_Etot=       214.3909  SC_EKtot=        29.2341  SC_EPtot   =       185.1568
 SC_BOND=         6.0230  SC_ANGLE=        20.3492  SC_DIHED   =        17.0885
 SC_14NB=         4.2356  SC_14EEL=        90.2243  SC_VDW     =        -0.0843
 SC_EEL =        47.3205
 SC_RES_DIST=     0.0000  SC_RES_ANG=       0.0000  SC_RES_TORS=         0.0000
 SC_EEL_DER=    -20.0425  SC_VDW_DER=       1.6488  SC_DERIV   =       -18.3937
 ------------------------------------------------------------------------------

 NMR restraints: Bond =    0.000   Angle =     0.000   Torsion =     0.000
===============================================================================

| TI region  1


 NSTEP =    18000   TIME(PS) =      36.000  TEMP(K) =   259.26  PRESS =     0.0
 Etot   =    -20299.3666  EKtot   =      3780.0392  EPtot      =    -24079.4058
 BOND   =         5.5296  ANGLE   =         4.3950  DIHED      =         5.9270
 1-4 NB =         8.7651  1-4 EEL =       -14.1967  VDWAALS    =      3809.4021
 EELEC  =    -27910.4930  EHBOND  =         0.0000  RESTRAINT  =        11.2651
 EAMBER (non-restraint)  =    -24090.6709
 DV/DL  =      -104.3915
 ------------------------------------------------------------------------------

  Softcore part of the system:      42 atoms,       TEMP(K)    =         245.58
 SC_Etot=       139.3984  SC_EKtot=        25.1323  SC_EPtot   =       114.2661
 SC_BOND=         5.6230  SC_ANGLE=        23.3821  SC_DIHED   =        21.1767
 SC_14NB=         2.8632  SC_14EEL=        26.0497  SC_VDW     =         0.3945
 SC_EEL =        34.7769
 SC_RES_DIST=     0.0000  SC_RES_ANG=       0.0000  SC_RES_TORS=         0.0000
 SC_EEL_DER=    -17.6319  SC_VDW_DER=       0.1298  SC_DERIV   =       -17.5020
 ------------------------------------------------------------------------------


| TI region  2


 NSTEP =    18000   TIME(PS) =      36.000  TEMP(K) =   259.09  PRESS =     0.0
 Etot   =    -20302.6295  EKtot   =      3776.7762  EPtot      =    -24079.4058
 BOND   =         5.5296  ANGLE   =         4.3950  DIHED      =         5.9270
 1-4 NB =         8.7651  1-4 EEL =       -14.1967  VDWAALS    =      3809.4021
 EELEC  =    -27910.4930  EHBOND  =         0.0000  RESTRAINT  =        11.2651
 EAMBER (non-restraint)  =    -24090.6709
 DV/DL  =      -104.3915
 ------------------------------------------------------------------------------

  Softcore part of the system:      41 atoms,       TEMP(K)    =         220.10
 SC_Etot=       215.5974  SC_EKtot=        21.8693  SC_EPtot   =       193.7281
 SC_BOND=         6.1391  SC_ANGLE=        23.5253  SC_DIHED   =        16.4297
 SC_14NB=         6.2300  SC_14EEL=        90.6375  SC_VDW     =        -0.1168
 SC_EEL =        50.8833
 SC_RES_DIST=     0.0000  SC_RES_ANG=       0.0000  SC_RES_TORS=         0.0000
 SC_EEL_DER=    -17.6319  SC_VDW_DER=       0.1298  SC_DERIV   =       -17.5020
 ------------------------------------------------------------------------------

 NMR restraints: Bond =    0.000   Angle =     0.000   Torsion =     0.000
===============================================================================

| TI region  1


 NSTEP =    19000   TIME(PS) =      38.000  TEMP(K) =   273.39  PRESS =     0.0
 Etot   =    -19636.7341  EKtot   =      3986.0684  EPtot      =    -23622.8024
 BOND   =         5.4792  ANGLE   =         1.6459  DIHED      =         4.5964
 1-4 NB =         7.7871  1-4 EEL =       -13.8471  VDWAALS    =      3758.4857
 EELEC  =    -27404.5391  EHBOND  =         0.0000  RESTRAINT  =        17.5895
 EAMBER (non-restraint)  =    -23640.3919
 DV/DL  =       -99.6731
 ------------------------------------------------------------------------------

  Softcore part of the system:      42 atoms,       TEMP(K)    =         245.82
 SC_Etot=       139.1591  SC_EKtot=        25.1576  SC_EPtot   =       114.0015
 SC_BOND=         5.5090  SC_ANGLE=        22.6417  SC_DIHED   =        23.9343
 SC_14NB=         2.7292  SC_14EEL=        25.6509  SC_VDW     =        -0.5116
 SC_EEL =        34.0479
 SC_RES_DIST=     0.0000  SC_RES_ANG=       0.0000  SC_RES_TORS=         0.0000
 SC_EEL_DER=    -22.8987  SC_VDW_DER=       8.4578  SC_DERIV   =       -14.4409
 ------------------------------------------------------------------------------


| TI region  2


 NSTEP =    19000   TIME(PS) =      38.000  TEMP(K) =   273.65  PRESS =     0.0
 Etot   =    -19633.7546  EKtot   =      3989.0479  EPtot      =    -23622.8024
 BOND   =         5.4792  ANGLE   =         1.6459  DIHED      =         4.5964
 1-4 NB =         7.7871  1-4 EEL =       -13.8471  VDWAALS    =      3758.4857
 EELEC  =    -27404.5391  EHBOND  =         0.0000  RESTRAINT  =        17.5895
 EAMBER (non-restraint)  =    -23640.3919
 DV/DL  =       -99.6731
 ------------------------------------------------------------------------------

  Softcore part of the system:      41 atoms,       TEMP(K)    =         283.18
 SC_Etot=       221.4384  SC_EKtot=        28.1371  SC_EPtot   =       193.3014
 SC_BOND=         5.8086  SC_ANGLE=        22.9566  SC_DIHED   =        17.5738
 SC_14NB=         4.5278  SC_14EEL=        93.5563  SC_VDW     =        -0.2993
 SC_EEL =        49.1776
 SC_RES_DIST=     0.0000  SC_RES_ANG=       0.0000  SC_RES_TORS=         0.0000
 SC_EEL_DER=    -22.8987  SC_VDW_DER=       8.4578  SC_DERIV   =       -14.4409
 ------------------------------------------------------------------------------

 NMR restraints: Bond =    0.000   Angle =     0.000   Torsion =     0.000
===============================================================================

| TI region  1


 NSTEP =    20000   TIME(PS) =      40.000  TEMP(K) =   290.03  PRESS =     0.0
 Etot   =    -18948.9797  EKtot   =      4228.5770  EPtot      =    -23177.5567
 BOND   =         5.7288  ANGLE   =         2.5957  DIHED      =         5.2726
 1-4 NB =         7.9938  1-4 EEL =       -14.0921  VDWAALS    =      3514.0891
 EELEC  =    -26715.1795  EHBOND  =         0.0000  RESTRAINT  =        16.0350
 EAMBER (non-restraint)  =    -23193.5917
 DV/DL  =      -117.5329
 ------------------------------------------------------------------------------

  Softcore part of the system:      42 atoms,       TEMP(K)    =         287.41
 SC_Etot=       151.1168  SC_EKtot=        29.4134  SC_EPtot   =       121.7034
 SC_BOND=        11.1109  SC_ANGLE=        28.6715  SC_DIHED   =        19.4476
 SC_14NB=         2.2935  SC_14EEL=        25.2580  SC_VDW     =         0.1132
 SC_EEL =        34.8088
 SC_RES_DIST=     0.0000  SC_RES_ANG=       0.0000  SC_RES_TORS=         0.0000
 SC_EEL_DER=    -28.7849  SC_VDW_DER=       6.1768  SC_DERIV   =       -22.6081
 ------------------------------------------------------------------------------


| TI region  2


 NSTEP =    20000   TIME(PS) =      40.000  TEMP(K) =   289.96  PRESS =     0.0
 Etot   =    -18950.7618  EKtot   =      4226.7949  EPtot      =    -23177.5567
 BOND   =         5.7288  ANGLE   =         2.5957  DIHED      =         5.2726
 1-4 NB =         7.9938  1-4 EEL =       -14.0921  VDWAALS    =      3514.0891
 EELEC  =    -26715.1795  EHBOND  =         0.0000  RESTRAINT  =        16.0350
 EAMBER (non-restraint)  =    -23193.5917
 DV/DL  =      -117.5329
 ------------------------------------------------------------------------------

  Softcore part of the system:      41 atoms,       TEMP(K)    =         278.09
 SC_Etot=       219.3461  SC_EKtot=        27.6313  SC_EPtot   =       191.7148
 SC_BOND=         8.4664  SC_ANGLE=        19.4699  SC_DIHED   =        19.5506
 SC_14NB=         4.2790  SC_14EEL=        92.0451  SC_VDW     =        -1.1544
 SC_EEL =        49.0583
 SC_RES_DIST=     0.0000  SC_RES_ANG=       0.0000  SC_RES_TORS=         0.0000
 SC_EEL_DER=    -28.7849  SC_VDW_DER=       6.1768  SC_DERIV   =       -22.6081
 ------------------------------------------------------------------------------

 NMR restraints: Bond =    0.000   Angle =     0.000   Torsion =     0.000
===============================================================================

| TI region  1


 NSTEP =    21000   TIME(PS) =      42.000  TEMP(K) =   292.88  PRESS =     0.0
 Etot   =    -18576.2083  EKtot   =      4270.1362  EPtot      =    -22846.3445
 BOND   =         5.7531  ANGLE   =         3.6075  DIHED      =         5.1831
 1-4 NB =         9.0616  1-4 EEL =       -14.3971  VDWAALS    =      3430.1484
 EELEC  =    -26298.1587  EHBOND  =         0.0000  RESTRAINT  =        12.4575
 EAMBER (non-restraint)  =    -22858.8020
 DV/DL  =       -99.0560
 ------------------------------------------------------------------------------

  Softcore part of the system:      42 atoms,       TEMP(K)    =         339.89
 SC_Etot=       150.2661  SC_EKtot=        34.7846  SC_EPtot   =       115.4816
 SC_BOND=         4.9838  SC_ANGLE=        22.3790  SC_DIHED   =        23.9322
 SC_14NB=         3.9177  SC_14EEL=        25.5914  SC_VDW     =         1.2567
 SC_EEL =        33.4208
 SC_RES_DIST=     0.0000  SC_RES_ANG=       0.0000  SC_RES_TORS=         0.0000
 SC_EEL_DER=    -16.0527  SC_VDW_DER=       5.9402  SC_DERIV   =       -10.1125
 ------------------------------------------------------------------------------


| TI region  2


 NSTEP =    21000   TIME(PS) =      42.000  TEMP(K) =   292.68  PRESS =     0.0
 Etot   =    -18579.9562  EKtot   =      4266.3883  EPtot      =    -22846.3445
 BOND   =         5.7531  ANGLE   =         3.6075  DIHED      =         5.1831
 1-4 NB =         9.0616  1-4 EEL =       -14.3971  VDWAALS    =      3430.1484
 EELEC  =    -26298.1587  EHBOND  =         0.0000  RESTRAINT  =        12.4575
 EAMBER (non-restraint)  =    -22858.8020
 DV/DL  =       -99.0560
 ------------------------------------------------------------------------------

  Softcore part of the system:      41 atoms,       TEMP(K)    =         312.37
 SC_Etot=       215.7419  SC_EKtot=        31.0367  SC_EPtot   =       184.7052
 SC_BOND=         7.6138  SC_ANGLE=        17.8545  SC_DIHED   =        16.9664
 SC_14NB=         4.7631  SC_14EEL=        91.0308  SC_VDW     =        -0.6706
 SC_EEL =        47.1472
 SC_RES_DIST=     0.0000  SC_RES_ANG=       0.0000  SC_RES_TORS=         0.0000
 SC_EEL_DER=    -16.0527  SC_VDW_DER=       5.9402  SC_DERIV   =       -10.1125
 ------------------------------------------------------------------------------

 NMR restraints: Bond =    0.000   Angle =     0.000   Torsion =     0.000
===============================================================================

| TI region  1


 NSTEP =    22000   TIME(PS) =      44.000  TEMP(K) =   294.64  PRESS =     0.0
 Etot   =    -18299.1717  EKtot   =      4295.8885  EPtot      =    -22595.0602
 BOND   =         6.6725  ANGLE   =         3.0167  DIHED      =         4.4948
 1-4 NB =         7.2919  1-4 EEL =       -13.0722  VDWAALS    =      3351.7315
 EELEC  =    -25968.9358  EHBOND  =         0.0000  RESTRAINT  =        13.7404
 EAMBER (non-restraint)  =    -22608.8005
 DV/DL  =      -104.5186
 ------------------------------------------------------------------------------

  Softcore part of the system:      42 atoms,       TEMP(K)    =         283.61
 SC_Etot=       146.0444  SC_EKtot=        29.0247  SC_EPtot   =       117.0197
 SC_BOND=         5.7548  SC_ANGLE=        21.3593  SC_DIHED   =        25.8720
 SC_14NB=         2.9151  SC_14EEL=        26.1656  SC_VDW     =        -0.4259
 SC_EEL =        35.3788
 SC_RES_DIST=     0.0000  SC_RES_ANG=       0.0000  SC_RES_TORS=         0.0000
 SC_EEL_DER=    -20.2210  SC_VDW_DER=      -1.8691  SC_DERIV   =       -22.0901
 ------------------------------------------------------------------------------


| TI region  2


 NSTEP =    22000   TIME(PS) =      44.000  TEMP(K) =   294.27  PRESS =     0.0
 Etot   =    -18305.4846  EKtot   =      4289.5755  EPtot      =    -22595.0602
 BOND   =         6.6725  ANGLE   =         3.0167  DIHED      =         4.4948
 1-4 NB =         7.2919  1-4 EEL =       -13.0722  VDWAALS    =      3351.7315
 EELEC  =    -25968.9358  EHBOND  =         0.0000  RESTRAINT  =        13.7404
 EAMBER (non-restraint)  =    -22608.8005
 DV/DL  =      -104.5186
 ------------------------------------------------------------------------------

  Softcore part of the system:      41 atoms,       TEMP(K)    =         228.58
 SC_Etot=       213.3482  SC_EKtot=        22.7118  SC_EPtot   =       190.6364
 SC_BOND=         4.8264  SC_ANGLE=        24.4009  SC_DIHED   =        17.0486
 SC_14NB=         4.8091  SC_14EEL=        90.6298  SC_VDW     =        -1.0331
 SC_EEL =        49.9547
 SC_RES_DIST=     0.0000  SC_RES_ANG=       0.0000  SC_RES_TORS=         0.0000
 SC_EEL_DER=    -20.2210  SC_VDW_DER=      -1.8691  SC_DERIV   =       -22.0901
 ------------------------------------------------------------------------------

 NMR restraints: Bond =    0.000   Angle =     0.000   Torsion =     0.000
===============================================================================

| TI region  1


 NSTEP =    23000   TIME(PS) =      46.000  TEMP(K) =   303.77  PRESS =     0.0
 Etot   =    -18248.9336  EKtot   =      4429.0026  EPtot      =    -22677.9363
 BOND   =         3.7284  ANGLE   =         3.8736  DIHED      =         6.3030
 1-4 NB =         9.2129  1-4 EEL =       -12.4694  VDWAALS    =      3523.2034
 EELEC  =    -26222.4669  EHBOND  =         0.0000  RESTRAINT  =        10.6788
 EAMBER (non-restraint)  =    -22688.6150
 DV/DL  =      -125.3757
 ------------------------------------------------------------------------------

  Softcore part of the system:      42 atoms,       TEMP(K)    =         272.80
 SC_Etot=       139.4263  SC_EKtot=        27.9180  SC_EPtot   =       111.5083
 SC_BOND=         3.2975  SC_ANGLE=        21.6809  SC_DIHED   =        23.3493
 SC_14NB=         2.8066  SC_14EEL=        26.9147  SC_VDW     =        -1.0990
 SC_EEL =        34.5583
 SC_RES_DIST=     0.0000  SC_RES_ANG=       0.0000  SC_RES_TORS=         0.0000
 SC_EEL_DER=    -28.8679  SC_VDW_DER=      -4.1699  SC_DERIV   =       -33.0378
 ------------------------------------------------------------------------------


| TI region  2


 NSTEP =    23000   TIME(PS) =      46.000  TEMP(K) =   304.07  PRESS =     0.0
 Etot   =    -18245.5427  EKtot   =      4432.3936  EPtot      =    -22677.9363
 BOND   =         3.7284  ANGLE   =         3.8736  DIHED      =         6.3030
 1-4 NB =         9.2129  1-4 EEL =       -12.4694  VDWAALS    =      3523.2034
 EELEC  =    -26222.4669  EHBOND  =         0.0000  RESTRAINT  =        10.6788
 EAMBER (non-restraint)  =    -22688.6150
 DV/DL  =      -125.3757
 ------------------------------------------------------------------------------

  Softcore part of the system:      41 atoms,       TEMP(K)    =         315.11
 SC_Etot=       216.4172  SC_EKtot=        31.3089  SC_EPtot   =       185.1083
 SC_BOND=         4.6760  SC_ANGLE=        17.5989  SC_DIHED   =        16.0352
 SC_14NB=         4.7943  SC_14EEL=        92.6495  SC_VDW     =         0.2253
 SC_EEL =        49.1292
 SC_RES_DIST=     0.0000  SC_RES_ANG=       0.0000  SC_RES_TORS=         0.0000
 SC_EEL_DER=    -28.8679  SC_VDW_DER=      -4.1699  SC_DERIV   =       -33.0378
 ------------------------------------------------------------------------------

 NMR restraints: Bond =    0.000   Angle =     0.000   Torsion =     0.000
===============================================================================

| TI region  1


 NSTEP =    24000   TIME(PS) =      48.000  TEMP(K) =   301.65  PRESS =     0.0
 Etot   =    -18426.4313  EKtot   =      4398.1287  EPtot      =    -22824.5600
 BOND   =         3.9263  ANGLE   =         5.7292  DIHED      =         5.8540
 1-4 NB =         8.3648  1-4 EEL =       -14.1902  VDWAALS    =      3304.6136
 EELEC  =    -26148.0220  EHBOND  =         0.0000  RESTRAINT  =         9.1643
 EAMBER (non-restraint)  =    -22833.7243
 DV/DL  =      -139.5565
 ------------------------------------------------------------------------------

  Softcore part of the system:      42 atoms,       TEMP(K)    =         274.09
 SC_Etot=       143.2649  SC_EKtot=        28.0508  SC_EPtot   =       115.2141
 SC_BOND=         6.2635  SC_ANGLE=        22.7331  SC_DIHED   =        22.5482
 SC_14NB=         3.2596  SC_14EEL=        26.4507  SC_VDW     =        -0.1716
 SC_EEL =        34.1306
 SC_RES_DIST=     0.0000  SC_RES_ANG=       0.0000  SC_RES_TORS=         0.0000
 SC_EEL_DER=    -25.1907  SC_VDW_DER=      -3.9920  SC_DERIV   =       -29.1826
 ------------------------------------------------------------------------------


| TI region  2


 NSTEP =    24000   TIME(PS) =      48.000  TEMP(K) =   301.49  PRESS =     0.0
 Etot   =    -18429.7281  EKtot   =      4394.8319  EPtot      =    -22824.5600
 BOND   =         3.9263  ANGLE   =         5.7292  DIHED      =         5.8540
 1-4 NB =         8.3648  1-4 EEL =       -14.1902  VDWAALS    =      3304.6136
 EELEC  =    -26148.0220  EHBOND  =         0.0000  RESTRAINT  =         9.1643
 EAMBER (non-restraint)  =    -22833.7243
 DV/DL  =      -139.5565
 ------------------------------------------------------------------------------

  Softcore part of the system:      41 atoms,       TEMP(K)    =         249.14
 SC_Etot=       208.2534  SC_EKtot=        24.7540  SC_EPtot   =       183.4994
 SC_BOND=         4.4508  SC_ANGLE=        18.1490  SC_DIHED   =        16.3799
 SC_14NB=         5.0121  SC_14EEL=        91.6269  SC_VDW     =        -1.1424
 SC_EEL =        49.0230
 SC_RES_DIST=     0.0000  SC_RES_ANG=       0.0000  SC_RES_TORS=         0.0000
 SC_EEL_DER=    -25.1907  SC_VDW_DER=      -3.9920  SC_DERIV   =       -29.1826
 ------------------------------------------------------------------------------

 NMR restraints: Bond =    0.000   Angle =     0.000   Torsion =     0.000
===============================================================================

| TI region  1


 NSTEP =    25000   TIME(PS) =      50.000  TEMP(K) =   303.19  PRESS =     0.0
 Etot   =    -18293.6729  EKtot   =      4420.5373  EPtot      =    -22714.2101
 BOND   =         4.7320  ANGLE   =         4.2483  DIHED      =         5.8326
 1-4 NB =         9.0760  1-4 EEL =       -14.1133  VDWAALS    =      3307.6636
 EELEC  =    -26044.8775  EHBOND  =         0.0000  RESTRAINT  =        13.2282
 EAMBER (non-restraint)  =    -22727.4383
 DV/DL  =      -104.1152
 ------------------------------------------------------------------------------

  Softcore part of the system:      42 atoms,       TEMP(K)    =         313.98
 SC_Etot=       147.1842  SC_EKtot=        32.1324  SC_EPtot   =       115.0518
 SC_BOND=         4.4250  SC_ANGLE=        22.6605  SC_DIHED   =        24.0768
 SC_14NB=         2.8665  SC_14EEL=        25.5385  SC_VDW     =         0.8620
 SC_EEL =        34.6225
 SC_RES_DIST=     0.0000  SC_RES_ANG=       0.0000  SC_RES_TORS=         0.0000
 SC_EEL_DER=    -19.8613  SC_VDW_DER=       2.6714  SC_DERIV   =       -17.1900
 ------------------------------------------------------------------------------


| TI region  2


 NSTEP =    25000   TIME(PS) =      50.000  TEMP(K) =   303.27  PRESS =     0.0
 Etot   =    -18293.4137  EKtot   =      4420.7965  EPtot      =    -22714.2101
 BOND   =         4.7320  ANGLE   =         4.2483  DIHED      =         5.8326
 1-4 NB =         9.0760  1-4 EEL =       -14.1133  VDWAALS    =      3307.6636
 EELEC  =    -26044.8775  EHBOND  =         0.0000  RESTRAINT  =        13.2282
 EAMBER (non-restraint)  =    -22727.4383
 DV/DL  =      -104.1152
 ------------------------------------------------------------------------------

  Softcore part of the system:      41 atoms,       TEMP(K)    =         326.00
 SC_Etot=       220.9013  SC_EKtot=        32.3917  SC_EPtot   =       188.5097
 SC_BOND=         4.0763  SC_ANGLE=        24.5841  SC_DIHED   =        16.1862
 SC_14NB=         5.1252  SC_14EEL=        91.2084  SC_VDW     =        -0.8525
 SC_EEL =        48.1820
 SC_RES_DIST=     0.0000  SC_RES_ANG=       0.0000  SC_RES_TORS=         0.0000
 SC_EEL_DER=    -19.8613  SC_VDW_DER=       2.6714  SC_DERIV   =       -17.1900
 ------------------------------------------------------------------------------

 NMR restraints: Bond =    0.000   Angle =     0.000   Torsion =     0.000
===============================================================================

| TI region  1


      A V E R A G E S   O V E R      25 S T E P S


 NSTEP =    25000   TIME(PS) =      50.000  TEMP(K) =   179.65  PRESS =     0.0
 Etot   =    -23039.4204  EKtot   =      2619.3027  EPtot      =    -25658.7231
 BOND   =         3.9803  ANGLE   =         2.9032  DIHED      =         4.7590
 1-4 NB =         8.1312  1-4 EEL =       -13.7378  VDWAALS    =      4569.7129
 EELEC  =    -30242.7411  EHBOND  =         0.0000  RESTRAINT  =         8.2692
 EAMBER (non-restraint)  =    -25666.9923
 DV/DL  =      -116.3281
 ------------------------------------------------------------------------------

 NMR restraints: Bond =    0.000   Angle =     0.000   Torsion =     0.000
===============================================================================
  Softcore part of the system:      42 atoms,       TEMP(K)    =         179.05
 SC_Etot=       125.1657  SC_EKtot=        18.3245  SC_EPtot   =       106.8412
 SC_BOND=         4.0023  SC_ANGLE=        17.5440  SC_DIHED   =        21.6140
 SC_14NB=         3.1073  SC_14EEL=        26.1930  SC_VDW     =        -0.1145
 SC_EEL =        34.4952
 SC_RES_DIST=     0.0000  SC_RES_ANG=       0.0000  SC_RES_TORS=         0.0000
 SC_EEL_DER=    -20.7751  SC_VDW_DER=       0.2094  SC_DERIV   =       -20.5657
 ------------------------------------------------------------------------------


      R M S  F L U C T U A T I O N S


 NSTEP =    25000   TIME(PS) =      50.000  TEMP(K) =    95.48  PRESS =     0.0
 Etot   =      3403.6252  EKtot   =      1392.1067  EPtot      =      2027.6778
 BOND   =         1.9830  ANGLE   =         1.4242  DIHED      =         0.9479
 1-4 NB =         0.4776  1-4 EEL =         0.5749  VDWAALS    =       846.8633
 EELEC  =      2865.7716  EHBOND  =         0.0000  RESTRAINT  =         4.2338
 EAMBER (non-restraint)  =      2023.4439
 DV/DL  =        12.0514
 ------------------------------------------------------------------------------

  Softcore part of the system:      42 atoms,       TEMP(K)    =          96.39
 SC_Etot=        18.0197  SC_EKtot=         9.8644  SC_EPtot   =         8.5566
 SC_BOND=         2.3034  SC_ANGLE=         5.5678  SC_DIHED   =         1.8814
 SC_14NB=         0.4069  SC_14EEL=         0.5584  SC_VDW     =         0.5508
 SC_EEL =         0.4107
 SC_RES_DIST=     0.0000  SC_RES_ANG=       0.0000  SC_RES_TORS=         0.0000
 SC_EEL_DER=      4.5762  SC_VDW_DER=       3.4853  SC_DERIV   =         5.0227
 ------------------------------------------------------------------------------


| TI region  2


      A V E R A G E S   O V E R      25 S T E P S


 NSTEP =    25000   TIME(PS) =      50.000  TEMP(K) =   179.63  PRESS =     0.0
 Etot   =    -23040.2727  EKtot   =      2618.4504  EPtot      =    -25658.7231
 BOND   =         3.9803  ANGLE   =         2.9032  DIHED      =         4.7590
 1-4 NB =         8.1312  1-4 EEL =       -13.7378  VDWAALS    =      4569.7129
 EELEC  =    -30242.7411  EHBOND  =         0.0000  RESTRAINT  =         8.2692
 EAMBER (non-restraint)  =    -25666.9923
 DV/DL  =      -116.3281
 ------------------------------------------------------------------------------

 NMR restraints: Bond =    0.000   Angle =     0.000   Torsion =     0.000
===============================================================================
  Softcore part of the system:      41 atoms,       TEMP(K)    =         175.85
 SC_Etot=       196.6304  SC_EKtot=        17.4722  SC_EPtot   =       179.1582
 SC_BOND=         4.4422  SC_ANGLE=        14.2817  SC_DIHED   =        16.2125
 SC_14NB=         4.7111  SC_14EEL=        91.1421  SC_VDW     =        -0.5379
 SC_EEL =        48.9065
 SC_RES_DIST=     0.0000  SC_RES_ANG=       0.0000  SC_RES_TORS=         0.0000
 SC_EEL_DER=    -20.7751  SC_VDW_DER=       0.2094  SC_DERIV   =       -20.5657
 ------------------------------------------------------------------------------


      R M S  F L U C T U A T I O N S


 NSTEP =    25000   TIME(PS) =      50.000  TEMP(K) =    95.50  PRESS =     0.0
 Etot   =      3403.6218  EKtot   =      1392.1622  EPtot      =      2027.6778
 BOND   =         1.9830  ANGLE   =         1.4242  DIHED      =         0.9479
 1-4 NB =         0.4776  1-4 EEL =         0.5749  VDWAALS    =       846.8633
 EELEC  =      2865.7716  EHBOND  =         0.0000  RESTRAINT  =         4.2338
 EAMBER (non-restraint)  =      2023.4439
 DV/DL  =        12.0514
 ------------------------------------------------------------------------------

  Softcore part of the system:      41 atoms,       TEMP(K)    =         102.04
 SC_Etot=        18.2746  SC_EKtot=        10.1389  SC_EPtot   =         8.6990
 SC_BOND=         1.8314  SC_ANGLE=         6.0861  SC_DIHED   =         1.1538
 SC_14NB=         0.4608  SC_14EEL=         0.7773  SC_VDW     =         0.4151
 SC_EEL =         0.7546
 SC_RES_DIST=     0.0000  SC_RES_ANG=       0.0000  SC_RES_TORS=         0.0000
 SC_EEL_DER=      4.5762  SC_VDW_DER=       3.4853  SC_DERIV   =         5.0227
 ------------------------------------------------------------------------------


      DV/DL, AVERAGES OVER      25 STEPS


 NSTEP =    25000   TIME(PS) =      50.000  TEMP(K) =    95.50  PRESS =     0.0
 Etot   =         0.0000  EKtot   =         0.0000  EPtot      =      -116.3281
 BOND   =        -2.5541  ANGLE   =         0.0618  DIHED      =         0.0000
 1-4 NB =         0.1982  1-4 EEL =        80.5737  VDWAALS    =       -20.0114
 EELEC  =      -154.0307  EHBOND  =         0.0000  RESTRAINT  =         0.0000
 DV/DL  =      -116.3281
 ------------------------------------------------------------------------------


 NMR restraints on final step:

--------------------------------------------------------------------------------
   5.  TIMINGS
--------------------------------------------------------------------------------

|  NonSetup CPU Time in Major Routines:
|
|     Routine           Sec        %
|     ------------------------------
|     Nonbond           3.13   24.23
|     Bond              0.00    0.00
|     Angle             0.00    0.00
|     Dihedral          0.00    0.00
|     Shake             0.04    0.31
|     RunMD             9.72   75.25
|     Other             0.03    0.22
|     ------------------------------
|     Total            12.92

|  PME Nonbond Pairlist CPU Time:
|
|     Routine              Sec        %
|     ---------------------------------
|     Set Up Cit           0.00    0.00
|     Build List           0.00    0.00
|     ---------------------------------
|     Total                0.00    0.00

|  PME Direct Force CPU Time:
|
|     Routine              Sec        %
|     ---------------------------------
|     NonBonded Calc       0.00    0.00
|     Exclude Masked       0.00    0.00
|     Other                0.02    0.14
|     ---------------------------------
|     Total                0.02    0.14

|  PME Reciprocal Force CPU Time:
|
|     Routine              Sec        %
|     ---------------------------------
|     1D bspline           0.00    0.00
|     Grid Charges         0.00    0.00
|     Scalar Sum           0.00    0.00
|     Gradient Sum         0.00    0.00
|     FFT                  0.00    0.00
|     ---------------------------------
|     Total                0.00    0.00

|  Final Performance Info:
|     -----------------------------------------------------
|     Average timings for last   25000 steps:
|     Elapsed(s) =      12.92 Per Step(ms) =       0.52
|         ns/day =     334.47   seconds/ns =     258.32
|
|     Average timings for all steps:
|     Elapsed(s) =      12.92 Per Step(ms) =       0.52
|         ns/day =     334.47   seconds/ns =     258.32
|     -----------------------------------------------------

|  Setup CPU time:            0.68 seconds
|  NonSetup CPU time:        12.92 seconds
|  Total CPU time:           13.59 seconds     0.00 hours

|  Setup wall time:           1    seconds
|  NonSetup wall time:       12    seconds
|  Total wall time:          13    seconds     0.00 hours
