
          -------------------------------------------------------
          Amber 20 PMEMD                              2020
          -------------------------------------------------------

| PMEMD implementation of SANDER, Release 18

|  Compiled date/time: Thu May 20 07:44:43 2021
| Run on 10/05/2024 at 19:54:04

|   Executable path: pmemd.cuda
| Working directory: /home/muditj/alk2_rbfe/lig_153~lig_104/site/la-0.31608
|          Hostname: Unknown
  [-O]verwriting output

File Assignments:
|   MDIN: 2_nvt/nvt.in                                                          
|  MDOUT: 2_nvt/complex_nvt.out                                                 
| INPCRD: 2_nvt/complex_nvt.inpcrd                                              
|   PARM: ../complex.prmtop                                                     
| RESTRT: 2_nvt/complex_nvt.rst                                                 
|   REFC: 2_nvt/complex_nvt_ref.rst                                             
|  MDVEL: mdvel                                                                 
|   MDEN: mden                                                                  
|  MDCRD: 2_nvt/complex_nvt.nc                                                  
| MDINFO: mdinfo                                                                
|  MDFRC: mdfrc                                                                 


 Here is the input file:

nvt run                                                                        
 &cntrl                                                                        
  ig = -1,                                                                     
  imin = 0,                                                                    
  nstlim = 25000,                                                              
  dt = 0.002,                                                                  
  irest = 0,                                                                   
  ntx = 1,                                                                     
  ntxo = 2,                                                                    
  ioutfm = 1,                                                                  
  ntb = 1,                                                                     
  ntt = 3,                                                                     
  gamma_ln = 1.0,                                                              
  tempi = 0.1,                                                                 
  temp0 = 300,                                                                 
  ntr = 1,                                                                     
  ntc = 2,                                                                     
  ntf = 1,                                                                     
  ntpr = 1000,                                                                 
  ntwx = 0,                                                                    
  ntwr = 1000,                                                                 
  nmropt = 1,                                                                  
  cut = 10,                                                                    
  restraintmask=':309|!(:WAT|@H=|:Na+|:Cl-)',                                  
  restraint_wt=20.0,                                                           
                                                                               
  icfe = 1, ifsc = 1, clambda = 0.31608, gti_lam_sch = 1, scalpha = 0.2, scbeta
  timask1 = ':1', timask2 = ':2',                                              
  scmask1 = ':1@C29,H62,H59,H58,H57,H56,H55,H54,H53,H52,H51,H50,H49,H48,H47,H46
 /                                                                             
 &wt TYPE='TEMP0', istep1=0, istep2=20000,                                     
  value1=0.1, value2=300.0, /                                                  
 &wt TYPE='END' /                                                              


Note: ig = -1. Setting random seed to   475569 based on wallclock time in 
      microseconds.
| irandom = 1, using AMBER's internal random number generator (default).
 
|--------------------- INFORMATION ----------------------
| GPU (CUDA) Version of PMEMD in use: NVIDIA GPU IN USE.
|                    Version 18.0.0
| 
|                      03/25/2018
| 
| Implementation by:
|                    Ross C. Walker     (SDSC)
|                    Scott Le Grand     (nVIDIA)
| 
| Version 18 performance extensions by:
|                    David Cerutti     (Rutgers)
| 
| Precision model in use:
|      [SPFP] - Single Precision Forces, 64-bit Fixed Point
|               Accumulation. (Default)
| 
|--------------------------------------------------------
 
|----------------- CITATION INFORMATION -----------------
|
|    When publishing work that utilized the CUDA version
|    of AMBER, please cite the following in addition to
|    the regular AMBER citations:
|
|  - Romelia Salomon-Ferrer; Andreas W. Goetz; Duncan
|    Poole; Scott Le Grand; Ross C. Walker "Routine
|    microsecond molecular dynamics simulations with
|    AMBER - Part II: Particle Mesh Ewald", J. Chem.
|    Theory Comput., 2013, 9 (9), pp3878-3888,
|    DOI: 10.1021/ct400314y.
|
|  - Andreas W. Goetz; Mark J. Williamson; Dong Xu;
|    Duncan Poole; Scott Le Grand; Ross C. Walker
|    "Routine microsecond molecular dynamics simulations
|    with AMBER - Part I: Generalized Born", J. Chem.
|    Theory Comput., 2012, 8 (5), pp1542-1555.
|
|  - Scott Le Grand; Andreas W. Goetz; Ross C. Walker
|    "SPFP: Speed without compromise - a mixed precision
|    model for GPU accelerated molecular dynamics
|    simulations.", Comp. Phys. Comm., 2013, 184
|    pp374-380, DOI: 10.1016/j.cpc.2012.09.022
|
|    When publishing work that utilized the CUDA version
|    of TI, BAR, MBAR or FEP please cite the following 
|    publications in addition to the regular AMBER 
|    GPU citations:
|
|  - Daniel J. Mermelstein; Charles Lin; Gard Nelson; 
|    Rachael Kretsch; J. Andrew McCammon; Ross C. Walker
|    "Fast and Flexible GPU Accelerated Binding 
|    Free Energy Calculations within the AMBER Molecular
|    Dynamics Package" J. Comp. Chem., 2018,
|    DOI: 10.1002/jcc.25187
|
|  - Tai-Sung Lee; Yuan Hu; Brad Sherborne; Zhuyan Guo;
|    Darrin M. York
|    "Toward Fast and Accurate Binding Affinity Prediction with
|    pmemdGTI: An Efficient Implementation of GPU-Accelerated
|    Thermodynamic Integration"
|    J. Chem. Theory Comput., 2017, 13 (7), 3077
|
|
|--------------------------------------------------------
 
|------------------- GPU DEVICE INFO --------------------
|
|            CUDA_VISIBLE_DEVICES: 0
|   CUDA Capable Devices Detected:      1
|           CUDA Device ID in use:      0
|                CUDA Device Name: NVIDIA GeForce RTX 2080
|     CUDA Device Global Mem Size:   7982 MB
| CUDA Device Num Multiprocessors:     46
|           CUDA Device Core Freq:   1.71 GHz
|
|--------------------------------------------------------
 
 
| Conditional Compilation Defines Used:
| PUBFFT
| BINTRAJ
| CUDA
| EMIL

| Largest sphere to fit in unit cell has radius =    28.285

| New format PARM file being parsed.
| Version =    1.000 Date = 10/05/24 Time = 17:06:23

| Note: 1-4 EEL scale factors are being read from the topology file.

| Note: 1-4 VDW scale factors are being read from the topology file.
| Duplicated    0 dihedrals

| Duplicated    0 dihedrals

--------------------------------------------------------------------------------
   1.  RESOURCE   USE: 
--------------------------------------------------------------------------------

 getting box info from netcdf restart file
 NATOM  =   17464 NTYPES =      31 NBONH =   15011 MBONA  =    2503
 NTHETH =    5537 MTHETA =    3396 NPHIH =   11178 MPHIA  =   10632
 NHPARM =       0 NPARM  =       0 NNB   =   43744 NRES   =    4497
 NBONA  =    2503 NTHETA =    3396 NPHIA =   10632 NUMBND =      93
 NUMANG =     208 NPTRA  =     215 NATYP =      53 NPHB   =       1
 IFBOX  =       1 NMXRS  =      62 IFCAP =       0 NEXTRA =       0
 NCOPY  =       0

| Coordinate Index Table dimensions:    11   10   11
| Direct force subcell size =     5.9561    5.6570    5.5474

     BOX TYPE: RECTILINEAR

--------------------------------------------------------------------------------
   2.  CONTROL  DATA  FOR  THE  RUN
--------------------------------------------------------------------------------

L0                                                                              

General flags:
     imin    =       0, nmropt  =       1

Nature and format of input:
     ntx     =       1, irest   =       0, ntrx    =       1

Nature and format of output:
     ntxo    =       2, ntpr    =    1000, ntrx    =       1, ntwr    =    1000
     iwrap   =       0, ntwx    =       0, ntwv    =       0, ntwe    =       0
     ioutfm  =       1, ntwprt  =       0, idecomp =       0, rbornstat=      0

Potential function:
     ntf     =       1, ntb     =       1, igb     =       0, nsnb    =      25
     ipol    =       0, gbsa    =       0, iesp    =       0
     dielc   =   1.00000, cut     =  10.00000, intdiel =   1.00000

Frozen or restrained atoms:
     ibelly  =       0, ntr     =       1
     restraint_wt =  20.00000

Molecular dynamics:
     nstlim  =     25000, nscm    =         0, nrespa  =         1
     t       =   0.00000, dt      =   0.00200, vlimit  =  -1.00000

Langevin dynamics temperature regulation:
     ig      =  475569
     temp0   = 300.00000, tempi   =   0.10000, gamma_ln=   1.00000

SHAKE:
     ntc     =       2, jfastw  =       0
     tol     =   0.00001

NMR refinement options:
     iscale  =       0, noeskp  =       1, ipnlty  =       1, mxsub   =       1
     scalm   = 100.00000, pencut  =   0.10000, tausw   =   0.10000

Free energy options:
     icfe    =       1, ifsc    =       1, klambda =       1
     clambda =  0.3161, scalpha =  0.2000, scbeta  = 50.0000
     sceeorder =       2
     dynlmb =  0.0000 logdvdl =       0

| Intermolecular bonds treatment:
|     no_intermolecular_bonds =       1

| Energy averages sample interval:
|     ene_avg_sampling =    1000

Ewald parameters:
     verbose =       0, ew_type =       0, nbflag  =       1, use_pme =       1
     vdwmeth =       1, eedmeth =       1, netfrc  =       1
     Box X =   65.517   Box Y =   56.570   Box Z =   61.021
     Alpha =   90.000   Beta  =   90.000   Gamma =   90.000
     NFFT1 =   64       NFFT2 =   64       NFFT3 =   64
     Cutoff=   10.000   Tol   =0.100E-04
     Ewald Coefficient =  0.27511
     Interpolation order =    4

    LOADING THE CONSTRAINED ATOMS AS GROUPS


   5.  REFERENCE ATOM COORDINATES

  L0                                                                              
     Mask :309|!(:WAT|@H=|:Na+|:Cl-); matches  2446 atoms
     TI Mask 1 :1; matches     62 atoms
     TI Mask 2 :2; matches     61 atoms
     TI region 1:   17403 atoms
     TI region 2:   17402 atoms
     SC Mask 1 :1@C29,H62,H59,H58,H57,H56,H55,H54,H53,H52,H51,H50,H49,H48,H47,H46,H41,H40,H39,H38,H37,H36,H35,H34,H33,H32,C27,O26,C25,O24,C23,O22,C21,C20,C19,C18,C17,C7,C6,C5,C4,N3; matches     42 atoms
     SC Mask 2 :2@H46,C5,C6,C7,O8,C9,C10,C11,C12,C13,C14,O15,C16,C24,C25,N26,C27,C28,H33,H34,H35,H36,H37,H38,H39,H40,H41,H42,H43,H44,H45,H49,H50,H51,H52,H53,H54,H55,H56,H57,H61; matches     41 atoms

|--------------------------------------------------------------------------------------------
| Extra TI control variables
|     gti_add_sc     =   1, gti_ele_gauss  =   0, gti_auto_alpha =   0, gti_scale_beta =   0
|     gti_ele_exp    =   2, gti_vdw_exp    =   6, gti_ele_sc     =   1, gti_vdw_sc     =   1
|     gti_cut        =   1, gti_cut_sc     =   0
|     gti_cut_sc_on    =  0.0000, gti_cut_sc_off    =  0.0000
|--------------------------------------------------------------------------------------------


--------------------------------------------------------------------------------
   3.  ATOMIC COORDINATES AND VELOCITIES
--------------------------------------------------------------------------------

L0                                                                              
 begin time read from input coords =     0.000 ps



           Begin reading energy term weight changes/NMR restraints
 WEIGHT CHANGES:
 TEMP0         0  20000    0.100000  300.000000      0      0

 RESTRAINTS:
                          ** No restraint defined **

                  Done reading weight changes/NMR restraints


 
 Number of triangulated 3-point waters found:     4189
   Removing shake constraints from C2    L0    1 -- H33   L0    1
   Removing shake constraints from C2    L0    1 -- H32   L0    1
   Removing shake constraints from C17   L1    2 -- H46   L1    2
 Number of shake restraints removed in TI region  1 :        2
 Number of shake restraints removed in TI region  2 :        1

     Sum of charges for TI region  1 =  -0.00001916
     Skip neutralizing charges...


     Sum of charges for TI region  2 =  -0.00002514
     Skip neutralizing charges...

| Dynamic Memory, Types Used:
| Reals              867995
| Integers          1262921

| Nonbonded Pairs Initial Allocation:     5282423

| GPU memory information (estimate):
| KB of GPU memory in use:    147303
| KB of CPU memory in use:     47637

--------------------------------------------------------------------------------
   4.  RESULTS
--------------------------------------------------------------------------------

   DOF for the SC part  1 of the system:  103
   SHAKE constraints in the SC region:   23
   DOF for the SC part  2 of the system:  100
   SHAKE constraints in the SC region:   23

| TI region  1


 NSTEP =        0   TIME(PS) =       0.000  TEMP(K) =     0.14  PRESS =     0.0
 Etot   =    -60118.6884  EKtot   =         5.2269  EPtot      =    -60123.9153
 BOND   =      3868.7731  ANGLE   =       626.6796  DIHED      =      3371.0223
 1-4 NB =       970.5506  1-4 EEL =     10633.9617  VDWAALS    =      6618.1316
 EELEC  =    -86213.0342  EHBOND  =         0.0000  RESTRAINT  =         0.0000
 DV/DL  =        -8.5057
 ------------------------------------------------------------------------------

  Softcore part of the system:      42 atoms,       TEMP(K)    =           0.30
 SC_Etot=        91.8259  SC_EKtot=         0.0304  SC_EPtot   =        91.7955
 SC_BOND=         0.6100  SC_ANGLE=         7.6579  SC_DIHED   =        19.4186
 SC_14NB=         3.2352  SC_14EEL=        25.9896  SC_VDW     =         0.5084
 SC_EEL =        34.3757
 SC_RES_DIST=     0.0000  SC_RES_ANG=       0.0000  SC_RES_TORS=         0.0000
 SC_EEL_DER=     15.5176  SC_VDW_DER=      -7.5963  SC_DERIV   =         7.9212
 ------------------------------------------------------------------------------


| TI region  2


 NSTEP =        0   TIME(PS) =       0.000  TEMP(K) =     0.14  PRESS =     0.0
 Etot   =    -60118.6922  EKtot   =         5.2230  EPtot      =    -60123.9153
 BOND   =      3868.7731  ANGLE   =       626.6796  DIHED      =      3371.0223
 1-4 NB =       970.5506  1-4 EEL =     10633.9617  VDWAALS    =      6618.1316
 EELEC  =    -86213.0342  EHBOND  =         0.0000  RESTRAINT  =         0.0000
 DV/DL  =        -8.5057
 ------------------------------------------------------------------------------

  Softcore part of the system:      41 atoms,       TEMP(K)    =           0.26
 SC_Etot=       162.0149  SC_EKtot=         0.0262  SC_EPtot   =       161.9887
 SC_BOND=         1.3204  SC_ANGLE=         3.6824  SC_DIHED   =        14.0382
 SC_14NB=         4.4245  SC_14EEL=        90.8770  SC_VDW     =        -0.6959
 SC_EEL =        48.3422
 SC_RES_DIST=     0.0000  SC_RES_ANG=       0.0000  SC_RES_TORS=         0.0000
 SC_EEL_DER=     15.5176  SC_VDW_DER=      -7.5963  SC_DERIV   =         7.9212
 ------------------------------------------------------------------------------

 NMR restraints: Bond =    0.000   Angle =     0.000   Torsion =     0.000
===============================================================================

| TI region  1


 NSTEP =     1000   TIME(PS) =       2.000  TEMP(K) =    22.02  PRESS =     0.0
 Etot   =    -58829.0226  EKtot   =       814.3812  EPtot      =    -59643.4037
 BOND   =       175.3471  ANGLE   =       675.3061  DIHED      =      3382.0775
 1-4 NB =       981.7346  1-4 EEL =     10625.0861  VDWAALS    =      6492.8829
 EELEC  =    -82034.9943  EHBOND  =         0.0000  RESTRAINT  =        59.1562
 EAMBER (non-restraint)  =    -59702.5600
 DV/DL  =       -10.9573
 ------------------------------------------------------------------------------

  Softcore part of the system:      42 atoms,       TEMP(K)    =           9.10
 SC_Etot=        93.6388  SC_EKtot=         0.9308  SC_EPtot   =        92.7080
 SC_BOND=         0.5819  SC_ANGLE=         8.9445  SC_DIHED   =        18.8460
 SC_14NB=         3.3500  SC_14EEL=        25.8159  SC_VDW     =         0.5602
 SC_EEL =        34.6095
 SC_RES_DIST=     0.0000  SC_RES_ANG=       0.0000  SC_RES_TORS=         0.0000
 SC_EEL_DER=     13.6124  SC_VDW_DER=      -8.6038  SC_DERIV   =         5.0086
 ------------------------------------------------------------------------------


| TI region  2


 NSTEP =     1000   TIME(PS) =       2.000  TEMP(K) =    22.02  PRESS =     0.0
 Etot   =    -58828.8870  EKtot   =       814.5167  EPtot      =    -59643.4037
 BOND   =       175.3471  ANGLE   =       675.3061  DIHED      =      3382.0775
 1-4 NB =       981.7346  1-4 EEL =     10625.0861  VDWAALS    =      6492.8829
 EELEC  =    -82034.9943  EHBOND  =         0.0000  RESTRAINT  =        59.1562
 EAMBER (non-restraint)  =    -59702.5600
 DV/DL  =       -10.9573
 ------------------------------------------------------------------------------

  Softcore part of the system:      41 atoms,       TEMP(K)    =          10.73
 SC_Etot=       164.1718  SC_EKtot=         1.0664  SC_EPtot   =       163.1054
 SC_BOND=         1.4532  SC_ANGLE=         4.6235  SC_DIHED   =        14.2434
 SC_14NB=         4.3387  SC_14EEL=        91.1990  SC_VDW     =        -0.8282
 SC_EEL =        48.0758
 SC_RES_DIST=     0.0000  SC_RES_ANG=       0.0000  SC_RES_TORS=         0.0000
 SC_EEL_DER=     13.6124  SC_VDW_DER=      -8.6038  SC_DERIV   =         5.0086
 ------------------------------------------------------------------------------

 NMR restraints: Bond =    0.000   Angle =     0.000   Torsion =     0.000
===============================================================================

| TI region  1


 NSTEP =     2000   TIME(PS) =       4.000  TEMP(K) =    26.11  PRESS =     0.0
 Etot   =    -58841.7999  EKtot   =       965.8089  EPtot      =    -59807.6088
 BOND   =       210.7537  ANGLE   =       743.5010  DIHED      =      3399.9743
 1-4 NB =       983.5120  1-4 EEL =     10637.4417  VDWAALS    =      6596.1906
 EELEC  =    -82461.3951  EHBOND  =         0.0000  RESTRAINT  =        82.4131
 EAMBER (non-restraint)  =    -59890.0219
 DV/DL  =       -11.2326
 ------------------------------------------------------------------------------

  Softcore part of the system:      42 atoms,       TEMP(K)    =          22.54
 SC_Etot=        96.6175  SC_EKtot=         2.3065  SC_EPtot   =        94.3110
 SC_BOND=         1.2522  SC_ANGLE=         9.4977  SC_DIHED   =        19.2084
 SC_14NB=         3.1487  SC_14EEL=        26.0314  SC_VDW     =         0.9814
 SC_EEL =        34.1912
 SC_RES_DIST=     0.0000  SC_RES_ANG=       0.0000  SC_RES_TORS=         0.0000
 SC_EEL_DER=     13.6605  SC_VDW_DER=      -6.8566  SC_DERIV   =         6.8040
 ------------------------------------------------------------------------------


| TI region  2


 NSTEP =     2000   TIME(PS) =       4.000  TEMP(K) =    26.12  PRESS =     0.0
 Etot   =    -58841.4542  EKtot   =       966.1546  EPtot      =    -59807.6088
 BOND   =       210.7537  ANGLE   =       743.5010  DIHED      =      3399.9743
 1-4 NB =       983.5120  1-4 EEL =     10637.4417  VDWAALS    =      6596.1906
 EELEC  =    -82461.3951  EHBOND  =         0.0000  RESTRAINT  =        82.4131
 EAMBER (non-restraint)  =    -59890.0219
 DV/DL  =       -11.2326
 ------------------------------------------------------------------------------

  Softcore part of the system:      41 atoms,       TEMP(K)    =          26.69
 SC_Etot=       166.5691  SC_EKtot=         2.6523  SC_EPtot   =       163.9168
 SC_BOND=         1.6297  SC_ANGLE=         5.1669  SC_DIHED   =        13.8915
 SC_14NB=         4.4193  SC_14EEL=        91.0577  SC_VDW     =        -0.7072
 SC_EEL =        48.4589
 SC_RES_DIST=     0.0000  SC_RES_ANG=       0.0000  SC_RES_TORS=         0.0000
 SC_EEL_DER=     13.6605  SC_VDW_DER=      -6.8566  SC_DERIV   =         6.8040
 ------------------------------------------------------------------------------

 NMR restraints: Bond =    0.000   Angle =     0.000   Torsion =     0.000
===============================================================================

| TI region  1


 NSTEP =     3000   TIME(PS) =       6.000  TEMP(K) =    38.60  PRESS =     0.0
 Etot   =    -58036.9691  EKtot   =      1427.9136  EPtot      =    -59464.8828
 BOND   =       237.0600  ANGLE   =       839.7816  DIHED      =      3411.5376
 1-4 NB =       987.9855  1-4 EEL =     10630.8036  VDWAALS    =      6463.8480
 EELEC  =    -82142.8545  EHBOND  =         0.0000  RESTRAINT  =       106.9555
 EAMBER (non-restraint)  =    -59571.8383
 DV/DL  =       -15.7447
 ------------------------------------------------------------------------------

  Softcore part of the system:      42 atoms,       TEMP(K)    =          42.56
 SC_Etot=        99.4339  SC_EKtot=         4.3553  SC_EPtot   =        95.0786
 SC_BOND=         1.2113  SC_ANGLE=        10.1510  SC_DIHED   =        19.2148
 SC_14NB=         3.1290  SC_14EEL=        26.1994  SC_VDW     =         0.6658
 SC_EEL =        34.5072
 SC_RES_DIST=     0.0000  SC_RES_ANG=       0.0000  SC_RES_TORS=         0.0000
 SC_EEL_DER=     12.7390  SC_VDW_DER=     -10.2703  SC_DERIV   =         2.4686
 ------------------------------------------------------------------------------


| TI region  2


 NSTEP =     3000   TIME(PS) =       6.000  TEMP(K) =    38.60  PRESS =     0.0
 Etot   =    -58037.0906  EKtot   =      1427.7921  EPtot      =    -59464.8828
 BOND   =       237.0600  ANGLE   =       839.7816  DIHED      =      3411.5376
 1-4 NB =       987.9855  1-4 EEL =     10630.8036  VDWAALS    =      6463.8480
 EELEC  =    -82142.8545  EHBOND  =         0.0000  RESTRAINT  =       106.9555
 EAMBER (non-restraint)  =    -59571.8383
 DV/DL  =       -15.7447
 ------------------------------------------------------------------------------

  Softcore part of the system:      41 atoms,       TEMP(K)    =          42.61
 SC_Etot=       169.8397  SC_EKtot=         4.2338  SC_EPtot   =       165.6059
 SC_BOND=         1.7971  SC_ANGLE=         6.8276  SC_DIHED   =        14.3813
 SC_14NB=         4.3448  SC_14EEL=        91.1030  SC_VDW     =        -0.8870
 SC_EEL =        48.0392
 SC_RES_DIST=     0.0000  SC_RES_ANG=       0.0000  SC_RES_TORS=         0.0000
 SC_EEL_DER=     12.7390  SC_VDW_DER=     -10.2703  SC_DERIV   =         2.4686
 ------------------------------------------------------------------------------

 NMR restraints: Bond =    0.000   Angle =     0.000   Torsion =     0.000
===============================================================================

| TI region  1


 NSTEP =     4000   TIME(PS) =       8.000  TEMP(K) =    52.68  PRESS =     0.0
 Etot   =    -57043.3787  EKtot   =      1948.8812  EPtot      =    -58992.2599
 BOND   =       274.3700  ANGLE   =       917.2408  DIHED      =      3434.5648
 1-4 NB =       990.6900  1-4 EEL =     10628.9891  VDWAALS    =      6259.9744
 EELEC  =    -81630.1423  EHBOND  =         0.0000  RESTRAINT  =       132.0533
 EAMBER (non-restraint)  =    -59124.3132
 DV/DL  =       -22.8122
 ------------------------------------------------------------------------------

  Softcore part of the system:      42 atoms,       TEMP(K)    =          65.79
 SC_Etot=       102.9533  SC_EKtot=         6.7333  SC_EPtot   =        96.2200
 SC_BOND=         1.5129  SC_ANGLE=        11.5031  SC_DIHED   =        18.8466
 SC_14NB=         3.2599  SC_14EEL=        25.6749  SC_VDW     =         0.8392
 SC_EEL =        34.5834
 SC_RES_DIST=     0.0000  SC_RES_ANG=       0.0000  SC_RES_TORS=         0.0000
 SC_EEL_DER=      8.9475  SC_VDW_DER=     -10.6818  SC_DERIV   =        -1.7344
 ------------------------------------------------------------------------------


| TI region  2


 NSTEP =     4000   TIME(PS) =       8.000  TEMP(K) =    52.65  PRESS =     0.0
 Etot   =    -57044.6356  EKtot   =      1947.6243  EPtot      =    -58992.2599
 BOND   =       274.3700  ANGLE   =       917.2408  DIHED      =      3434.5648
 1-4 NB =       990.6900  1-4 EEL =     10628.9891  VDWAALS    =      6259.9744
 EELEC  =    -81630.1423  EHBOND  =         0.0000  RESTRAINT  =       132.0533
 EAMBER (non-restraint)  =    -59124.3132
 DV/DL  =       -22.8122
 ------------------------------------------------------------------------------

  Softcore part of the system:      41 atoms,       TEMP(K)    =          55.12
 SC_Etot=       173.1543  SC_EKtot=         5.4765  SC_EPtot   =       167.6778
 SC_BOND=         2.7230  SC_ANGLE=         7.7702  SC_DIHED   =        14.3709
 SC_14NB=         4.5689  SC_14EEL=        91.2723  SC_VDW     =        -1.0382
 SC_EEL =        48.0107
 SC_RES_DIST=     0.0000  SC_RES_ANG=       0.0000  SC_RES_TORS=         0.0000
 SC_EEL_DER=      8.9475  SC_VDW_DER=     -10.6818  SC_DERIV   =        -1.7344
 ------------------------------------------------------------------------------

 NMR restraints: Bond =    0.000   Angle =     0.000   Torsion =     0.000
===============================================================================

| TI region  1


 NSTEP =     5000   TIME(PS) =      10.000  TEMP(K) =    67.28  PRESS =     0.0
 Etot   =    -56007.5979  EKtot   =      2488.8868  EPtot      =    -58496.4847
 BOND   =       303.9528  ANGLE   =      1011.1892  DIHED      =      3453.3004
 1-4 NB =      1008.6573  1-4 EEL =     10649.4018  VDWAALS    =      6289.1643
 EELEC  =    -81370.1826  EHBOND  =         0.0000  RESTRAINT  =       158.0320
 EAMBER (non-restraint)  =    -58654.5167
 DV/DL  =       -17.5583
 ------------------------------------------------------------------------------

  Softcore part of the system:      42 atoms,       TEMP(K)    =          61.06
 SC_Etot=       103.6785  SC_EKtot=         6.2492  SC_EPtot   =        97.4293
 SC_BOND=         1.1437  SC_ANGLE=        11.4237  SC_DIHED   =        20.6436
 SC_14NB=         3.4818  SC_14EEL=        26.0093  SC_VDW     =         0.3914
 SC_EEL =        34.3358
 SC_RES_DIST=     0.0000  SC_RES_ANG=       0.0000  SC_RES_TORS=         0.0000
 SC_EEL_DER=      9.1983  SC_VDW_DER=      -6.1601  SC_DERIV   =         3.0382
 ------------------------------------------------------------------------------


| TI region  2


 NSTEP =     5000   TIME(PS) =      10.000  TEMP(K) =    67.32  PRESS =     0.0
 Etot   =    -56006.2858  EKtot   =      2490.1989  EPtot      =    -58496.4847
 BOND   =       303.9528  ANGLE   =      1011.1892  DIHED      =      3453.3004
 1-4 NB =      1008.6573  1-4 EEL =     10649.4018  VDWAALS    =      6289.1643
 EELEC  =    -81370.1826  EHBOND  =         0.0000  RESTRAINT  =       158.0320
 EAMBER (non-restraint)  =    -58654.5167
 DV/DL  =       -17.5583
 ------------------------------------------------------------------------------

  Softcore part of the system:      41 atoms,       TEMP(K)    =          76.10
 SC_Etot=       176.1993  SC_EKtot=         7.5613  SC_EPtot   =       168.6380
 SC_BOND=         1.5652  SC_ANGLE=         8.3542  SC_DIHED   =        15.0446
 SC_14NB=         4.7943  SC_14EEL=        91.2327  SC_VDW     =        -0.7269
 SC_EEL =        48.3739
 SC_RES_DIST=     0.0000  SC_RES_ANG=       0.0000  SC_RES_TORS=         0.0000
 SC_EEL_DER=      9.1983  SC_VDW_DER=      -6.1601  SC_DERIV   =         3.0382
 ------------------------------------------------------------------------------

 NMR restraints: Bond =    0.000   Angle =     0.000   Torsion =     0.000
===============================================================================

| TI region  1


 NSTEP =     6000   TIME(PS) =      12.000  TEMP(K) =    84.56  PRESS =     0.0
 Etot   =    -54858.7893  EKtot   =      3128.0841  EPtot      =    -57986.8734
 BOND   =       373.3005  ANGLE   =      1102.3422  DIHED      =      3472.0001
 1-4 NB =      1007.0094  1-4 EEL =     10590.1276  VDWAALS    =      6126.4651
 EELEC  =    -80857.0945  EHBOND  =         0.0000  RESTRAINT  =       198.9763
 EAMBER (non-restraint)  =    -58185.8497
 DV/DL  =       -21.5441
 ------------------------------------------------------------------------------

  Softcore part of the system:      42 atoms,       TEMP(K)    =          76.01
 SC_Etot=       106.2596  SC_EKtot=         7.7790  SC_EPtot   =        98.4806
 SC_BOND=         2.2751  SC_ANGLE=        10.8760  SC_DIHED   =        19.7631
 SC_14NB=         3.5950  SC_14EEL=        26.2773  SC_VDW     =         0.9845
 SC_EEL =        34.7096
 SC_RES_DIST=     0.0000  SC_RES_ANG=       0.0000  SC_RES_TORS=         0.0000
 SC_EEL_DER=     11.2035  SC_VDW_DER=     -14.4409  SC_DERIV   =        -3.2374
 ------------------------------------------------------------------------------


| TI region  2


 NSTEP =     6000   TIME(PS) =      12.000  TEMP(K) =    84.61  PRESS =     0.0
 Etot   =    -54857.1153  EKtot   =      3129.7581  EPtot      =    -57986.8734
 BOND   =       373.3005  ANGLE   =      1102.3422  DIHED      =      3472.0001
 1-4 NB =      1007.0094  1-4 EEL =     10590.1276  VDWAALS    =      6126.4651
 EELEC  =    -80857.0945  EHBOND  =         0.0000  RESTRAINT  =       198.9763
 EAMBER (non-restraint)  =    -58185.8497
 DV/DL  =       -21.5441
 ------------------------------------------------------------------------------

  Softcore part of the system:      41 atoms,       TEMP(K)    =          95.14
 SC_Etot=       178.5328  SC_EKtot=         9.4530  SC_EPtot   =       169.0798
 SC_BOND=         2.5776  SC_ANGLE=         9.2416  SC_DIHED   =        14.1886
 SC_14NB=         4.2957  SC_14EEL=        91.2008  SC_VDW     =        -0.8675
 SC_EEL =        48.4429
 SC_RES_DIST=     0.0000  SC_RES_ANG=       0.0000  SC_RES_TORS=         0.0000
 SC_EEL_DER=     11.2035  SC_VDW_DER=     -14.4409  SC_DERIV   =        -3.2374
 ------------------------------------------------------------------------------

 NMR restraints: Bond =    0.000   Angle =     0.000   Torsion =     0.000
===============================================================================

| TI region  1


 NSTEP =     7000   TIME(PS) =      14.000  TEMP(K) =    98.98  PRESS =     0.0
 Etot   =    -53816.9496  EKtot   =      3661.2507  EPtot      =    -57478.2003
 BOND   =       401.2568  ANGLE   =      1168.7497  DIHED      =      3503.7054
 1-4 NB =      1017.7427  1-4 EEL =     10618.6052  VDWAALS    =      5868.5556
 EELEC  =    -80283.5649  EHBOND  =         0.0000  RESTRAINT  =       226.7493
 EAMBER (non-restraint)  =    -57704.9496
 DV/DL  =       -25.3265
 ------------------------------------------------------------------------------

  Softcore part of the system:      42 atoms,       TEMP(K)    =          87.51
 SC_Etot=       106.9284  SC_EKtot=         8.9556  SC_EPtot   =        97.9727
 SC_BOND=         2.2324  SC_ANGLE=        11.1404  SC_DIHED   =        20.4898
 SC_14NB=         3.1891  SC_14EEL=        25.8673  SC_VDW     =         0.3173
 SC_EEL =        34.7364
 SC_RES_DIST=     0.0000  SC_RES_ANG=       0.0000  SC_RES_TORS=         0.0000
 SC_EEL_DER=     11.2304  SC_VDW_DER=     -11.8763  SC_DERIV   =        -0.6459
 ------------------------------------------------------------------------------


| TI region  2


 NSTEP =     7000   TIME(PS) =      14.000  TEMP(K) =    99.02  PRESS =     0.0
 Etot   =    -53815.7505  EKtot   =      3662.4498  EPtot      =    -57478.2003
 BOND   =       401.2568  ANGLE   =      1168.7497  DIHED      =      3503.7054
 1-4 NB =      1017.7427  1-4 EEL =     10618.6052  VDWAALS    =      5868.5556
 EELEC  =    -80283.5649  EHBOND  =         0.0000  RESTRAINT  =       226.7493
 EAMBER (non-restraint)  =    -57704.9496
 DV/DL  =       -25.3265
 ------------------------------------------------------------------------------

  Softcore part of the system:      41 atoms,       TEMP(K)    =         102.20
 SC_Etot=       178.8295  SC_EKtot=        10.1547  SC_EPtot   =       168.6747
 SC_BOND=         2.0325  SC_ANGLE=         7.5600  SC_DIHED   =        14.5283
 SC_14NB=         4.8208  SC_14EEL=        90.9444  SC_VDW     =         0.4340
 SC_EEL =        48.3548
 SC_RES_DIST=     0.0000  SC_RES_ANG=       0.0000  SC_RES_TORS=         0.0000
 SC_EEL_DER=     11.2304  SC_VDW_DER=     -11.8763  SC_DERIV   =        -0.6459
 ------------------------------------------------------------------------------

 NMR restraints: Bond =    0.000   Angle =     0.000   Torsion =     0.000
===============================================================================

| TI region  1


 NSTEP =     8000   TIME(PS) =      16.000  TEMP(K) =   113.14  PRESS =     0.0
 Etot   =    -52810.4701  EKtot   =      4185.3433  EPtot      =    -56995.8134
 BOND   =       420.1142  ANGLE   =      1248.9548  DIHED      =      3505.5077
 1-4 NB =      1019.7642  1-4 EEL =     10628.7505  VDWAALS    =      5717.5524
 EELEC  =    -79782.1375  EHBOND  =         0.0000  RESTRAINT  =       245.6803
 EAMBER (non-restraint)  =    -57241.4937
 DV/DL  =       -25.7517
 ------------------------------------------------------------------------------

  Softcore part of the system:      42 atoms,       TEMP(K)    =         117.88
 SC_Etot=       111.6404  SC_EKtot=        12.0635  SC_EPtot   =        99.5769
 SC_BOND=         2.1399  SC_ANGLE=        12.7193  SC_DIHED   =        20.2810
 SC_14NB=         3.3964  SC_14EEL=        26.5813  SC_VDW     =         0.3057
 SC_EEL =        34.1532
 SC_RES_DIST=     0.0000  SC_RES_ANG=       0.0000  SC_RES_TORS=         0.0000
 SC_EEL_DER=     13.4062  SC_VDW_DER=     -16.6069  SC_DERIV   =        -3.2007
 ------------------------------------------------------------------------------


| TI region  2


 NSTEP =     8000   TIME(PS) =      16.000  TEMP(K) =   113.18  PRESS =     0.0
 Etot   =    -52809.2637  EKtot   =      4186.5497  EPtot      =    -56995.8134
 BOND   =       420.1142  ANGLE   =      1248.9548  DIHED      =      3505.5077
 1-4 NB =      1019.7642  1-4 EEL =     10628.7505  VDWAALS    =      5717.5524
 EELEC  =    -79782.1375  EHBOND  =         0.0000  RESTRAINT  =       245.6803
 EAMBER (non-restraint)  =    -57241.4937
 DV/DL  =       -25.7517
 ------------------------------------------------------------------------------

  Softcore part of the system:      41 atoms,       TEMP(K)    =         133.55
 SC_Etot=       185.0338  SC_EKtot=        13.2699  SC_EPtot   =       171.7639
 SC_BOND=         4.1612  SC_ANGLE=         9.4546  SC_DIHED   =        14.2352
 SC_14NB=         4.8349  SC_14EEL=        91.3417  SC_VDW     =        -0.5551
 SC_EEL =        48.2915
 SC_RES_DIST=     0.0000  SC_RES_ANG=       0.0000  SC_RES_TORS=         0.0000
 SC_EEL_DER=     13.4062  SC_VDW_DER=     -16.6069  SC_DERIV   =        -3.2007
 ------------------------------------------------------------------------------

 NMR restraints: Bond =    0.000   Angle =     0.000   Torsion =     0.000
===============================================================================

| TI region  1


 NSTEP =     9000   TIME(PS) =      18.000  TEMP(K) =   126.40  PRESS =     0.0
 Etot   =    -51744.6251  EKtot   =      4675.8440  EPtot      =    -56420.4691
 BOND   =       466.5765  ANGLE   =      1350.3659  DIHED      =      3521.3349
 1-4 NB =      1021.4980  1-4 EEL =     10642.1200  VDWAALS    =      5614.7233
 EELEC  =    -79324.5668  EHBOND  =         0.0000  RESTRAINT  =       287.4790
 EAMBER (non-restraint)  =    -56707.9481
 DV/DL  =       -23.5547
 ------------------------------------------------------------------------------

  Softcore part of the system:      42 atoms,       TEMP(K)    =         117.52
 SC_Etot=       114.8958  SC_EKtot=        12.0270  SC_EPtot   =       102.8688
 SC_BOND=         3.7042  SC_ANGLE=        13.9094  SC_DIHED   =        21.8457
 SC_14NB=         2.8304  SC_14EEL=        26.1068  SC_VDW     =         0.0646
 SC_EEL =        34.4076
 SC_RES_DIST=     0.0000  SC_RES_ANG=       0.0000  SC_RES_TORS=         0.0000
 SC_EEL_DER=     13.8079  SC_VDW_DER=     -15.0419  SC_DERIV   =        -1.2339
 ------------------------------------------------------------------------------


| TI region  2


 NSTEP =     9000   TIME(PS) =      18.000  TEMP(K) =   126.39  PRESS =     0.0
 Etot   =    -51745.4630  EKtot   =      4675.0061  EPtot      =    -56420.4691
 BOND   =       466.5765  ANGLE   =      1350.3659  DIHED      =      3521.3349
 1-4 NB =      1021.4980  1-4 EEL =     10642.1200  VDWAALS    =      5614.7233
 EELEC  =    -79324.5668  EHBOND  =         0.0000  RESTRAINT  =       287.4790
 EAMBER (non-restraint)  =    -56707.9481
 DV/DL  =       -23.5547
 ------------------------------------------------------------------------------

  Softcore part of the system:      41 atoms,       TEMP(K)    =         112.61
 SC_Etot=       186.2046  SC_EKtot=        11.1891  SC_EPtot   =       175.0155
 SC_BOND=         4.1233  SC_ANGLE=        10.4717  SC_DIHED   =        16.9212
 SC_14NB=         4.4317  SC_14EEL=        91.0891  SC_VDW     =        -0.4449
 SC_EEL =        48.4234
 SC_RES_DIST=     0.0000  SC_RES_ANG=       0.0000  SC_RES_TORS=         0.0000
 SC_EEL_DER=     13.8079  SC_VDW_DER=     -15.0419  SC_DERIV   =        -1.2339
 ------------------------------------------------------------------------------

 NMR restraints: Bond =    0.000   Angle =     0.000   Torsion =     0.000
===============================================================================

| TI region  1


 NSTEP =    10000   TIME(PS) =      20.000  TEMP(K) =   143.85  PRESS =     0.0
 Etot   =    -50644.4937  EKtot   =      5321.3148  EPtot      =    -55965.8085
 BOND   =       516.3000  ANGLE   =      1436.7533  DIHED      =      3550.8123
 1-4 NB =      1023.3306  1-4 EEL =     10602.4073  VDWAALS    =      5596.7796
 EELEC  =    -79010.0880  EHBOND  =         0.0000  RESTRAINT  =       317.8964
 EAMBER (non-restraint)  =    -56283.7049
 DV/DL  =       -12.2521
 ------------------------------------------------------------------------------

  Softcore part of the system:      42 atoms,       TEMP(K)    =         155.98
 SC_Etot=       121.3714  SC_EKtot=        15.9631  SC_EPtot   =       105.4082
 SC_BOND=         4.6737  SC_ANGLE=        14.2024  SC_DIHED   =        22.9272
 SC_14NB=         3.8575  SC_14EEL=        26.5465  SC_VDW     =        -0.2857
 SC_EEL =        33.4866
 SC_RES_DIST=     0.0000  SC_RES_ANG=       0.0000  SC_RES_TORS=         0.0000
 SC_EEL_DER=     13.8291  SC_VDW_DER=      -8.1307  SC_DERIV   =         5.6984
 ------------------------------------------------------------------------------


| TI region  2


 NSTEP =    10000   TIME(PS) =      20.000  TEMP(K) =   143.79  PRESS =     0.0
 Etot   =    -50647.3860  EKtot   =      5318.4225  EPtot      =    -55965.8085
 BOND   =       516.3000  ANGLE   =      1436.7533  DIHED      =      3550.8123
 1-4 NB =      1023.3306  1-4 EEL =     10602.4073  VDWAALS    =      5596.7796
 EELEC  =    -79010.0880  EHBOND  =         0.0000  RESTRAINT  =       317.8964
 EAMBER (non-restraint)  =    -56283.7049
 DV/DL  =       -12.2521
 ------------------------------------------------------------------------------

  Softcore part of the system:      41 atoms,       TEMP(K)    =         131.55
 SC_Etot=       191.7273  SC_EKtot=        13.0708  SC_EPtot   =       178.6564
 SC_BOND=         5.5456  SC_ANGLE=        13.6585  SC_DIHED   =        15.7010
 SC_14NB=         4.6519  SC_14EEL=        91.9331  SC_VDW     =        -1.0555
 SC_EEL =        48.2219
 SC_RES_DIST=     0.0000  SC_RES_ANG=       0.0000  SC_RES_TORS=         0.0000
 SC_EEL_DER=     13.8291  SC_VDW_DER=      -8.1307  SC_DERIV   =         5.6984
 ------------------------------------------------------------------------------

 NMR restraints: Bond =    0.000   Angle =     0.000   Torsion =     0.000
===============================================================================

| TI region  1


 NSTEP =    11000   TIME(PS) =      22.000  TEMP(K) =   157.39  PRESS =     0.0
 Etot   =    -49635.0238  EKtot   =      5821.9753  EPtot      =    -55456.9991
 BOND   =       531.2076  ANGLE   =      1505.0173  DIHED      =      3579.8228
 1-4 NB =      1030.9333  1-4 EEL =     10604.7358  VDWAALS    =      5247.1206
 EELEC  =    -78306.5355  EHBOND  =         0.0000  RESTRAINT  =       350.6990
 EAMBER (non-restraint)  =    -55807.6982
 DV/DL  =        -6.3940
 ------------------------------------------------------------------------------

  Softcore part of the system:      42 atoms,       TEMP(K)    =         150.14
 SC_Etot=       119.9078  SC_EKtot=        15.3652  SC_EPtot   =       104.5425
 SC_BOND=         4.1405  SC_ANGLE=        16.3956  SC_DIHED   =        19.9608
 SC_14NB=         2.7777  SC_14EEL=        26.7400  SC_VDW     =         0.0162
 SC_EEL =        34.5117
 SC_RES_DIST=     0.0000  SC_RES_ANG=       0.0000  SC_RES_TORS=         0.0000
 SC_EEL_DER=     12.2887  SC_VDW_DER=      -8.1058  SC_DERIV   =         4.1829
 ------------------------------------------------------------------------------


| TI region  2


 NSTEP =    11000   TIME(PS) =      22.000  TEMP(K) =   157.41  PRESS =     0.0
 Etot   =    -49634.7351  EKtot   =      5822.2640  EPtot      =    -55456.9991
 BOND   =       531.2076  ANGLE   =      1505.0173  DIHED      =      3579.8228
 1-4 NB =      1030.9333  1-4 EEL =     10604.7358  VDWAALS    =      5247.1206
 EELEC  =    -78306.5355  EHBOND  =         0.0000  RESTRAINT  =       350.6990
 EAMBER (non-restraint)  =    -55807.6982
 DV/DL  =        -6.3940
 ------------------------------------------------------------------------------

  Softcore part of the system:      41 atoms,       TEMP(K)    =         157.55
 SC_Etot=       198.3744  SC_EKtot=        15.6539  SC_EPtot   =       182.7205
 SC_BOND=         6.8177  SC_ANGLE=        18.3891  SC_DIHED   =        15.4198
 SC_14NB=         4.4742  SC_14EEL=        89.1167  SC_VDW     =         0.0026
 SC_EEL =        48.5003
 SC_RES_DIST=     0.0000  SC_RES_ANG=       0.0000  SC_RES_TORS=         0.0000
 SC_EEL_DER=     12.2887  SC_VDW_DER=      -8.1058  SC_DERIV   =         4.1829
 ------------------------------------------------------------------------------

 NMR restraints: Bond =    0.000   Angle =     0.000   Torsion =     0.000
===============================================================================

| TI region  1


 NSTEP =    12000   TIME(PS) =      24.000  TEMP(K) =   171.96  PRESS =     0.0
 Etot   =    -48502.3223  EKtot   =      6360.9618  EPtot      =    -54863.2841
 BOND   =       565.7691  ANGLE   =      1559.4840  DIHED      =      3596.1826
 1-4 NB =      1035.4293  1-4 EEL =     10612.2553  VDWAALS    =      5165.7556
 EELEC  =    -77755.5826  EHBOND  =         0.0000  RESTRAINT  =       357.4225
 EAMBER (non-restraint)  =    -55220.7066
 DV/DL  =       -18.2140
 ------------------------------------------------------------------------------

  Softcore part of the system:      42 atoms,       TEMP(K)    =         173.42
 SC_Etot=       124.6401  SC_EKtot=        17.7479  SC_EPtot   =       106.8922
 SC_BOND=         2.3009  SC_ANGLE=        17.9556  SC_DIHED   =        22.1150
 SC_14NB=         3.8411  SC_14EEL=        26.7242  SC_VDW     =        -0.1437
 SC_EEL =        34.0991
 SC_RES_DIST=     0.0000  SC_RES_ANG=       0.0000  SC_RES_TORS=         0.0000
 SC_EEL_DER=     10.8880  SC_VDW_DER=      -9.8482  SC_DERIV   =         1.0398
 ------------------------------------------------------------------------------


| TI region  2


 NSTEP =    12000   TIME(PS) =      24.000  TEMP(K) =   171.85  PRESS =     0.0
 Etot   =    -48506.8448  EKtot   =      6356.4393  EPtot      =    -54863.2841
 BOND   =       565.7691  ANGLE   =      1559.4840  DIHED      =      3596.1826
 1-4 NB =      1035.4293  1-4 EEL =     10612.2553  VDWAALS    =      5165.7556
 EELEC  =    -77755.5826  EHBOND  =         0.0000  RESTRAINT  =       357.4225
 EAMBER (non-restraint)  =    -55220.7066
 DV/DL  =       -18.2140
 ------------------------------------------------------------------------------

  Softcore part of the system:      41 atoms,       TEMP(K)    =         133.11
 SC_Etot=       192.6663  SC_EKtot=        13.2254  SC_EPtot   =       179.4410
 SC_BOND=         2.9073  SC_ANGLE=        16.5224  SC_DIHED   =        16.6022
 SC_14NB=         4.3841  SC_14EEL=        91.1747  SC_VDW     =         0.0214
 SC_EEL =        47.8289
 SC_RES_DIST=     0.0000  SC_RES_ANG=       0.0000  SC_RES_TORS=         0.0000
 SC_EEL_DER=     10.8880  SC_VDW_DER=      -9.8482  SC_DERIV   =         1.0398
 ------------------------------------------------------------------------------

 NMR restraints: Bond =    0.000   Angle =     0.000   Torsion =     0.000
===============================================================================

| TI region  1


 NSTEP =    13000   TIME(PS) =      26.000  TEMP(K) =   187.72  PRESS =     0.0
 Etot   =    -47328.3797  EKtot   =      6944.1212  EPtot      =    -54272.5009
 BOND   =       593.7308  ANGLE   =      1672.6698  DIHED      =      3606.1820
 1-4 NB =      1052.8513  1-4 EEL =     10602.3221  VDWAALS    =      4888.8521
 EELEC  =    -77093.2300  EHBOND  =         0.0000  RESTRAINT  =       404.1210
 EAMBER (non-restraint)  =    -54676.6218
 DV/DL  =        -8.2441
 ------------------------------------------------------------------------------

  Softcore part of the system:      42 atoms,       TEMP(K)    =         232.51
 SC_Etot=       132.8032  SC_EKtot=        23.7953  SC_EPtot   =       109.0079
 SC_BOND=         3.4953  SC_ANGLE=        18.5157  SC_DIHED   =        21.3783
 SC_14NB=         3.8579  SC_14EEL=        27.2215  SC_VDW     =         0.2584
 SC_EEL =        34.2808
 SC_RES_DIST=     0.0000  SC_RES_ANG=       0.0000  SC_RES_TORS=         0.0000
 SC_EEL_DER=     10.0988  SC_VDW_DER=      -3.2261  SC_DERIV   =         6.8727
 ------------------------------------------------------------------------------


| TI region  2


 NSTEP =    13000   TIME(PS) =      26.000  TEMP(K) =   187.52  PRESS =     0.0
 Etot   =    -47336.2664  EKtot   =      6936.2344  EPtot      =    -54272.5009
 BOND   =       593.7308  ANGLE   =      1672.6698  DIHED      =      3606.1820
 1-4 NB =      1052.8513  1-4 EEL =     10602.3221  VDWAALS    =      4888.8521
 EELEC  =    -77093.2300  EHBOND  =         0.0000  RESTRAINT  =       404.1210
 EAMBER (non-restraint)  =    -54676.6218
 DV/DL  =        -8.2441
 ------------------------------------------------------------------------------

  Softcore part of the system:      41 atoms,       TEMP(K)    =         160.11
 SC_Etot=       193.2730  SC_EKtot=        15.9085  SC_EPtot   =       177.3645
 SC_BOND=         6.2356  SC_ANGLE=        13.2923  SC_DIHED   =        14.9312
 SC_14NB=         4.2724  SC_14EEL=        90.9006  SC_VDW     =        -0.8544
 SC_EEL =        48.5869
 SC_RES_DIST=     0.0000  SC_RES_ANG=       0.0000  SC_RES_TORS=         0.0000
 SC_EEL_DER=     10.0988  SC_VDW_DER=      -3.2261  SC_DERIV   =         6.8727
 ------------------------------------------------------------------------------

 NMR restraints: Bond =    0.000   Angle =     0.000   Torsion =     0.000
===============================================================================

| TI region  1


 NSTEP =    14000   TIME(PS) =      28.000  TEMP(K) =   204.29  PRESS =     0.0
 Etot   =    -46068.4309  EKtot   =      7556.9513  EPtot      =    -53625.3822
 BOND   =       629.5647  ANGLE   =      1752.3785  DIHED      =      3626.3952
 1-4 NB =      1058.8177  1-4 EEL =     10622.2107  VDWAALS    =      4804.4473
 EELEC  =    -76579.6488  EHBOND  =         0.0000  RESTRAINT  =       460.4525
 EAMBER (non-restraint)  =    -54085.8348
 DV/DL  =        -7.6901
 ------------------------------------------------------------------------------

  Softcore part of the system:      42 atoms,       TEMP(K)    =         180.10
 SC_Etot=       127.0692  SC_EKtot=        18.4310  SC_EPtot   =       108.6382
 SC_BOND=         3.0886  SC_ANGLE=        19.4650  SC_DIHED   =        21.4568
 SC_14NB=         2.9300  SC_14EEL=        26.7148  SC_VDW     =         0.6147
 SC_EEL =        34.3683
 SC_RES_DIST=     0.0000  SC_RES_ANG=       0.0000  SC_RES_TORS=         0.0000
 SC_EEL_DER=     12.2231  SC_VDW_DER=      -6.1409  SC_DERIV   =         6.0822
 ------------------------------------------------------------------------------


| TI region  2


 NSTEP =    14000   TIME(PS) =      28.000  TEMP(K) =   204.36  PRESS =     0.0
 Etot   =    -46066.4105  EKtot   =      7558.9717  EPtot      =    -53625.3822
 BOND   =       629.5647  ANGLE   =      1752.3785  DIHED      =      3626.3952
 1-4 NB =      1058.8177  1-4 EEL =     10622.2107  VDWAALS    =      4804.4473
 EELEC  =    -76579.6488  EHBOND  =         0.0000  RESTRAINT  =       460.4525
 EAMBER (non-restraint)  =    -54085.8348
 DV/DL  =        -7.6901
 ------------------------------------------------------------------------------

  Softcore part of the system:      41 atoms,       TEMP(K)    =         205.83
 SC_Etot=       202.6969  SC_EKtot=        20.4513  SC_EPtot   =       182.2456
 SC_BOND=         6.4667  SC_ANGLE=        15.7768  SC_DIHED   =        15.1866
 SC_14NB=         5.6153  SC_14EEL=        91.5626  SC_VDW     =         0.2304
 SC_EEL =        47.4072
 SC_RES_DIST=     0.0000  SC_RES_ANG=       0.0000  SC_RES_TORS=         0.0000
 SC_EEL_DER=     12.2231  SC_VDW_DER=      -6.1409  SC_DERIV   =         6.0822
 ------------------------------------------------------------------------------

 NMR restraints: Bond =    0.000   Angle =     0.000   Torsion =     0.000
===============================================================================

| TI region  1


 NSTEP =    15000   TIME(PS) =      30.000  TEMP(K) =   217.35  PRESS =     0.0
 Etot   =    -44841.2127  EKtot   =      8040.0200  EPtot      =    -52881.2327
 BOND   =       670.6830  ANGLE   =      1814.5214  DIHED      =      3639.8266
 1-4 NB =      1049.3422  1-4 EEL =     10605.7716  VDWAALS    =      4385.7069
 EELEC  =    -75507.8318  EHBOND  =         0.0000  RESTRAINT  =       460.7473
 EAMBER (non-restraint)  =    -53341.9800
 DV/DL  =       -15.4781
 ------------------------------------------------------------------------------

  Softcore part of the system:      42 atoms,       TEMP(K)    =         235.27
 SC_Etot=       134.5946  SC_EKtot=        24.0772  SC_EPtot   =       110.5175
 SC_BOND=         5.2614  SC_ANGLE=        22.6212  SC_DIHED   =        19.2688
 SC_14NB=         2.6910  SC_14EEL=        25.1100  SC_VDW     =        -0.3507
 SC_EEL =        35.9158
 SC_RES_DIST=     0.0000  SC_RES_ANG=       0.0000  SC_RES_TORS=         0.0000
 SC_EEL_DER=     13.1745  SC_VDW_DER=     -13.2078  SC_DERIV   =        -0.0333
 ------------------------------------------------------------------------------


| TI region  2


 NSTEP =    15000   TIME(PS) =      30.000  TEMP(K) =   217.32  PRESS =     0.0
 Etot   =    -44842.9881  EKtot   =      8038.2447  EPtot      =    -52881.2327
 BOND   =       670.6830  ANGLE   =      1814.5214  DIHED      =      3639.8266
 1-4 NB =      1049.3422  1-4 EEL =     10605.7716  VDWAALS    =      4385.7069
 EELEC  =    -75507.8318  EHBOND  =         0.0000  RESTRAINT  =       460.7473
 EAMBER (non-restraint)  =    -53341.9800
 DV/DL  =       -15.4781
 ------------------------------------------------------------------------------

  Softcore part of the system:      41 atoms,       TEMP(K)    =         224.46
 SC_Etot=       205.7085  SC_EKtot=        22.3018  SC_EPtot   =       183.4066
 SC_BOND=         4.1534  SC_ANGLE=        17.2455  SC_DIHED   =        17.1142
 SC_14NB=         4.9492  SC_14EEL=        91.7511  SC_VDW     =        -0.6592
 SC_EEL =        48.8523
 SC_RES_DIST=     0.0000  SC_RES_ANG=       0.0000  SC_RES_TORS=         0.0000
 SC_EEL_DER=     13.1745  SC_VDW_DER=     -13.2078  SC_DERIV   =        -0.0333
 ------------------------------------------------------------------------------

 NMR restraints: Bond =    0.000   Angle =     0.000   Torsion =     0.000
===============================================================================

| TI region  1


 NSTEP =    16000   TIME(PS) =      32.000  TEMP(K) =   231.14  PRESS =     0.0
 Etot   =    -43595.9125  EKtot   =      8550.1378  EPtot      =    -52146.0503
 BOND   =       715.3412  ANGLE   =      1942.7778  DIHED      =      3653.2018
 1-4 NB =      1055.0763  1-4 EEL =     10564.6926  VDWAALS    =      4285.2565
 EELEC  =    -74858.1175  EHBOND  =         0.0000  RESTRAINT  =       495.7211
 EAMBER (non-restraint)  =    -52641.7714
 DV/DL  =       -12.2221
 ------------------------------------------------------------------------------

  Softcore part of the system:      42 atoms,       TEMP(K)    =         238.37
 SC_Etot=       142.5390  SC_EKtot=        24.3951  SC_EPtot   =       118.1438
 SC_BOND=         5.1850  SC_ANGLE=        25.7815  SC_DIHED   =        21.8174
 SC_14NB=         3.4249  SC_14EEL=        27.0661  SC_VDW     =         0.7394
 SC_EEL =        34.1296
 SC_RES_DIST=     0.0000  SC_RES_ANG=       0.0000  SC_RES_TORS=         0.0000
 SC_EEL_DER=     13.8271  SC_VDW_DER=      -9.5032  SC_DERIV   =         4.3239
 ------------------------------------------------------------------------------


| TI region  2


 NSTEP =    16000   TIME(PS) =      32.000  TEMP(K) =   231.09  PRESS =     0.0
 Etot   =    -43598.2208  EKtot   =      8547.8296  EPtot      =    -52146.0503
 BOND   =       715.3412  ANGLE   =      1942.7778  DIHED      =      3653.2018
 1-4 NB =      1055.0763  1-4 EEL =     10564.6926  VDWAALS    =      4285.2565
 EELEC  =    -74858.1175  EHBOND  =         0.0000  RESTRAINT  =       495.7211
 EAMBER (non-restraint)  =    -52641.7714
 DV/DL  =       -12.2221
 ------------------------------------------------------------------------------

  Softcore part of the system:      41 atoms,       TEMP(K)    =         222.29
 SC_Etot=       205.7889  SC_EKtot=        22.0869  SC_EPtot   =       183.7020
 SC_BOND=         7.0281  SC_ANGLE=        16.5536  SC_DIHED   =        17.4391
 SC_14NB=         4.1335  SC_14EEL=        91.1711  SC_VDW     =        -0.9342
 SC_EEL =        48.3110
 SC_RES_DIST=     0.0000  SC_RES_ANG=       0.0000  SC_RES_TORS=         0.0000
 SC_EEL_DER=     13.8271  SC_VDW_DER=      -9.5032  SC_DERIV   =         4.3239
 ------------------------------------------------------------------------------

 NMR restraints: Bond =    0.000   Angle =     0.000   Torsion =     0.000
===============================================================================

| TI region  1


 NSTEP =    17000   TIME(PS) =      34.000  TEMP(K) =   246.41  PRESS =     0.0
 Etot   =    -42100.1665  EKtot   =      9114.9564  EPtot      =    -51215.1229
 BOND   =       731.1354  ANGLE   =      2011.8423  DIHED      =      3713.8731
 1-4 NB =      1070.7575  1-4 EEL =     10638.8494  VDWAALS    =      3967.7042
 EELEC  =    -73864.1185  EHBOND  =         0.0000  RESTRAINT  =       514.8337
 EAMBER (non-restraint)  =    -51729.9566
 DV/DL  =        -0.4628
 ------------------------------------------------------------------------------

  Softcore part of the system:      42 atoms,       TEMP(K)    =         182.20
 SC_Etot=       130.4552  SC_EKtot=        18.6460  SC_EPtot   =       111.8092
 SC_BOND=         7.9641  SC_ANGLE=        18.7840  SC_DIHED   =        19.7895
 SC_14NB=         2.9042  SC_14EEL=        25.8189  SC_VDW     =         1.6981
 SC_EEL =        34.8505
 SC_RES_DIST=     0.0000  SC_RES_ANG=       0.0000  SC_RES_TORS=         0.0000
 SC_EEL_DER=     14.9273  SC_VDW_DER=     -11.8748  SC_DERIV   =         3.0524
 ------------------------------------------------------------------------------


| TI region  2


 NSTEP =    17000   TIME(PS) =      34.000  TEMP(K) =   246.62  PRESS =     0.0
 Etot   =    -42092.8476  EKtot   =      9122.2753  EPtot      =    -51215.1229
 BOND   =       731.1354  ANGLE   =      2011.8423  DIHED      =      3713.8731
 1-4 NB =      1070.7575  1-4 EEL =     10638.8494  VDWAALS    =      3967.7042
 EELEC  =    -73864.1185  EHBOND  =         0.0000  RESTRAINT  =       514.8337
 EAMBER (non-restraint)  =    -51729.9566
 DV/DL  =        -0.4628
 ------------------------------------------------------------------------------

  Softcore part of the system:      41 atoms,       TEMP(K)    =         261.32
 SC_Etot=       209.9375  SC_EKtot=        25.9648  SC_EPtot   =       183.9727
 SC_BOND=         4.3910  SC_ANGLE=        18.4311  SC_DIHED   =        16.1494
 SC_14NB=         4.7601  SC_14EEL=        92.2877  SC_VDW     =        -0.9182
 SC_EEL =        48.8716
 SC_RES_DIST=     0.0000  SC_RES_ANG=       0.0000  SC_RES_TORS=         0.0000
 SC_EEL_DER=     14.9273  SC_VDW_DER=     -11.8748  SC_DERIV   =         3.0524
 ------------------------------------------------------------------------------

 NMR restraints: Bond =    0.000   Angle =     0.000   Torsion =     0.000
===============================================================================

| TI region  1


 NSTEP =    18000   TIME(PS) =      36.000  TEMP(K) =   259.25  PRESS =     0.0
 Etot   =    -40720.9075  EKtot   =      9589.9765  EPtot      =    -50310.8839
 BOND   =       767.3461  ANGLE   =      2120.0453  DIHED      =      3699.6761
 1-4 NB =      1086.1694  1-4 EEL =     10611.5179  VDWAALS    =      3710.9688
 EELEC  =    -72865.2041  EHBOND  =         0.0000  RESTRAINT  =       558.5966
 EAMBER (non-restraint)  =    -50869.4805
 DV/DL  =       -20.0483
 ------------------------------------------------------------------------------

  Softcore part of the system:      42 atoms,       TEMP(K)    =         233.15
 SC_Etot=       134.9441  SC_EKtot=        23.8609  SC_EPtot   =       111.0832
 SC_BOND=         4.4784  SC_ANGLE=        20.2398  SC_DIHED   =        23.5670
 SC_14NB=         3.0721  SC_14EEL=        26.5820  SC_VDW     =        -0.5637
 SC_EEL =        33.7077
 SC_RES_DIST=     0.0000  SC_RES_ANG=       0.0000  SC_RES_TORS=         0.0000
 SC_EEL_DER=     13.5013  SC_VDW_DER=     -15.6860  SC_DERIV   =        -2.1847
 ------------------------------------------------------------------------------


| TI region  2


 NSTEP =    18000   TIME(PS) =      36.000  TEMP(K) =   259.35  PRESS =     0.0
 Etot   =    -40717.7760  EKtot   =      9593.1080  EPtot      =    -50310.8839
 BOND   =       767.3461  ANGLE   =      2120.0453  DIHED      =      3699.6761
 1-4 NB =      1086.1694  1-4 EEL =     10611.5179  VDWAALS    =      3710.9688
 EELEC  =    -72865.2041  EHBOND  =         0.0000  RESTRAINT  =       558.5966
 EAMBER (non-restraint)  =    -50869.4805
 DV/DL  =       -20.0483
 ------------------------------------------------------------------------------

  Softcore part of the system:      41 atoms,       TEMP(K)    =         271.66
 SC_Etot=       216.4167  SC_EKtot=        26.9923  SC_EPtot   =       189.4244
 SC_BOND=         5.5292  SC_ANGLE=        22.1291  SC_DIHED   =        15.8453
 SC_14NB=         5.7067  SC_14EEL=        91.9022  SC_VDW     =         0.1196
 SC_EEL =        48.1921
 SC_RES_DIST=     0.0000  SC_RES_ANG=       0.0000  SC_RES_TORS=         0.0000
 SC_EEL_DER=     13.5013  SC_VDW_DER=     -15.6860  SC_DERIV   =        -2.1847
 ------------------------------------------------------------------------------

 NMR restraints: Bond =    0.000   Angle =     0.000   Torsion =     0.000
===============================================================================

| TI region  1


 NSTEP =    19000   TIME(PS) =      38.000  TEMP(K) =   275.34  PRESS =     0.0
 Etot   =    -39383.7785  EKtot   =     10185.2176  EPtot      =    -49568.9961
 BOND   =       787.7288  ANGLE   =      2187.8464  DIHED      =      3700.7193
 1-4 NB =      1077.2485  1-4 EEL =     10644.7935  VDWAALS    =      3272.9694
 EELEC  =    -71831.8528  EHBOND  =         0.0000  RESTRAINT  =       591.5508
 EAMBER (non-restraint)  =    -50160.5469
 DV/DL  =         1.6103
 ------------------------------------------------------------------------------

  Softcore part of the system:      42 atoms,       TEMP(K)    =         315.68
 SC_Etot=       151.5348  SC_EKtot=        32.3066  SC_EPtot   =       119.2282
 SC_BOND=         6.8080  SC_ANGLE=        26.3284  SC_DIHED   =        23.8838
 SC_14NB=         2.9803  SC_14EEL=        25.3261  SC_VDW     =         0.5164
 SC_EEL =        33.3852
 SC_RES_DIST=     0.0000  SC_RES_ANG=       0.0000  SC_RES_TORS=         0.0000
 SC_EEL_DER=     14.9143  SC_VDW_DER=      -9.5395  SC_DERIV   =         5.3748
 ------------------------------------------------------------------------------


| TI region  2


 NSTEP =    19000   TIME(PS) =      38.000  TEMP(K) =   275.25  PRESS =     0.0
 Etot   =    -39388.0374  EKtot   =     10180.9587  EPtot      =    -49568.9961
 BOND   =       787.7288  ANGLE   =      2187.8464  DIHED      =      3700.7193
 1-4 NB =      1077.2485  1-4 EEL =     10644.7935  VDWAALS    =      3272.9694
 EELEC  =    -71831.8528  EHBOND  =         0.0000  RESTRAINT  =       591.5508
 EAMBER (non-restraint)  =    -50160.5469
 DV/DL  =         1.6103
 ------------------------------------------------------------------------------

  Softcore part of the system:      41 atoms,       TEMP(K)    =         282.28
 SC_Etot=       218.7854  SC_EKtot=        28.0477  SC_EPtot   =       190.7377
 SC_BOND=         7.8279  SC_ANGLE=        24.2857  SC_DIHED   =        16.6592
 SC_14NB=         4.6405  SC_14EEL=        90.8426  SC_VDW     =        -1.3686
 SC_EEL =        47.8504
 SC_RES_DIST=     0.0000  SC_RES_ANG=       0.0000  SC_RES_TORS=         0.0000
 SC_EEL_DER=     14.9143  SC_VDW_DER=      -9.5395  SC_DERIV   =         5.3748
 ------------------------------------------------------------------------------

 NMR restraints: Bond =    0.000   Angle =     0.000   Torsion =     0.000
===============================================================================

| TI region  1


 NSTEP =    20000   TIME(PS) =      40.000  TEMP(K) =   290.54  PRESS =     0.0
 Etot   =    -37686.9688  EKtot   =     10747.3922  EPtot      =    -48434.3610
 BOND   =       863.4171  ANGLE   =      2245.9568  DIHED      =      3764.8273
 1-4 NB =      1093.3178  1-4 EEL =     10588.4472  VDWAALS    =      3061.3308
 EELEC  =    -70669.7326  EHBOND  =         0.0000  RESTRAINT  =       618.0746
 EAMBER (non-restraint)  =    -49052.4357
 DV/DL  =        -0.6847
 ------------------------------------------------------------------------------

  Softcore part of the system:      42 atoms,       TEMP(K)    =         308.47
 SC_Etot=       163.7831  SC_EKtot=        31.5693  SC_EPtot   =       132.2138
 SC_BOND=        10.2500  SC_ANGLE=        34.0130  SC_DIHED   =        23.1695
 SC_14NB=         2.6920  SC_14EEL=        27.4760  SC_VDW     =         1.0587
 SC_EEL =        33.5547
 SC_RES_DIST=     0.0000  SC_RES_ANG=       0.0000  SC_RES_TORS=         0.0000
 SC_EEL_DER=     16.3245  SC_VDW_DER=      -9.6765  SC_DERIV   =         6.6480
 ------------------------------------------------------------------------------


| TI region  2


 NSTEP =    20000   TIME(PS) =      40.000  TEMP(K) =   290.67  PRESS =     0.0
 Etot   =    -37682.8411  EKtot   =     10751.5200  EPtot      =    -48434.3610
 BOND   =       863.4171  ANGLE   =      2245.9568  DIHED      =      3764.8273
 1-4 NB =      1093.3178  1-4 EEL =     10588.4472  VDWAALS    =      3061.3308
 EELEC  =    -70669.7326  EHBOND  =         0.0000  RESTRAINT  =       618.0746
 EAMBER (non-restraint)  =    -49052.4357
 DV/DL  =        -0.6847
 ------------------------------------------------------------------------------

  Softcore part of the system:      41 atoms,       TEMP(K)    =         359.27
 SC_Etot=       226.0633  SC_EKtot=        35.6970  SC_EPtot   =       190.3663
 SC_BOND=         6.8169  SC_ANGLE=        19.2345  SC_DIHED   =        18.8543
 SC_14NB=         4.8992  SC_14EEL=        90.8748  SC_VDW     =        -0.3271
 SC_EEL =        50.0138
 SC_RES_DIST=     0.0000  SC_RES_ANG=       0.0000  SC_RES_TORS=         0.0000
 SC_EEL_DER=     16.3245  SC_VDW_DER=      -9.6765  SC_DERIV   =         6.6480
 ------------------------------------------------------------------------------

 NMR restraints: Bond =    0.000   Angle =     0.000   Torsion =     0.000
===============================================================================

| TI region  1


 NSTEP =    21000   TIME(PS) =      42.000  TEMP(K) =   300.92  PRESS =     0.0
 Etot   =    -36723.3085  EKtot   =     11131.4143  EPtot      =    -47854.7227
 BOND   =       881.7453  ANGLE   =      2263.4281  DIHED      =      3744.0884
 1-4 NB =      1105.4431  1-4 EEL =     10681.0282  VDWAALS    =      2885.7749
 EELEC  =    -70059.8926  EHBOND  =         0.0000  RESTRAINT  =       643.6618
 EAMBER (non-restraint)  =    -48498.3845
 DV/DL  =        20.1296
 ------------------------------------------------------------------------------

  Softcore part of the system:      42 atoms,       TEMP(K)    =         346.83
 SC_Etot=       151.8648  SC_EKtot=        35.4942  SC_EPtot   =       116.3706
 SC_BOND=         6.1231  SC_ANGLE=        22.5580  SC_DIHED   =        22.0180
 SC_14NB=         3.8955  SC_14EEL=        27.2936  SC_VDW     =         0.6752
 SC_EEL =        33.8072
 SC_RES_DIST=     0.0000  SC_RES_ANG=       0.0000  SC_RES_TORS=         0.0000
 SC_EEL_DER=     17.3990  SC_VDW_DER=      -2.5129  SC_DERIV   =        14.8861
 ------------------------------------------------------------------------------


| TI region  2


 NSTEP =    21000   TIME(PS) =      42.000  TEMP(K) =   300.79  PRESS =     0.0
 Etot   =    -36728.8095  EKtot   =     11125.9132  EPtot      =    -47854.7227
 BOND   =       881.7453  ANGLE   =      2263.4281  DIHED      =      3744.0884
 1-4 NB =      1105.4431  1-4 EEL =     10681.0282  VDWAALS    =      2885.7749
 EELEC  =    -70059.8926  EHBOND  =         0.0000  RESTRAINT  =       643.6618
 EAMBER (non-restraint)  =    -48498.3845
 DV/DL  =        20.1296
 ------------------------------------------------------------------------------

  Softcore part of the system:      41 atoms,       TEMP(K)    =         301.86
 SC_Etot=       220.1795  SC_EKtot=        29.9932  SC_EPtot   =       190.1863
 SC_BOND=         7.6107  SC_ANGLE=        19.1286  SC_DIHED   =        18.2936
 SC_14NB=         5.4374  SC_14EEL=        91.1817  SC_VDW     =         0.4906
 SC_EEL =        48.0437
 SC_RES_DIST=     0.0000  SC_RES_ANG=       0.0000  SC_RES_TORS=         0.0000
 SC_EEL_DER=     17.3990  SC_VDW_DER=      -2.5129  SC_DERIV   =        14.8861
 ------------------------------------------------------------------------------

 NMR restraints: Bond =    0.000   Angle =     0.000   Torsion =     0.000
===============================================================================

| TI region  1


 NSTEP =    22000   TIME(PS) =      44.000  TEMP(K) =   302.69  PRESS =     0.0
 Etot   =    -36513.8186  EKtot   =     11197.0883  EPtot      =    -47710.9069
 BOND   =       890.6017  ANGLE   =      2274.4119  DIHED      =      3742.8765
 1-4 NB =      1109.7234  1-4 EEL =     10633.6320  VDWAALS    =      2746.8245
 EELEC  =    -69768.1865  EHBOND  =         0.0000  RESTRAINT  =       659.2097
 EAMBER (non-restraint)  =    -48370.1167
 DV/DL  =        -6.5300
 ------------------------------------------------------------------------------

  Softcore part of the system:      42 atoms,       TEMP(K)    =         332.57
 SC_Etot=       153.0623  SC_EKtot=        34.0354  SC_EPtot   =       119.0269
 SC_BOND=         5.8799  SC_ANGLE=        23.6674  SC_DIHED   =        25.6343
 SC_14NB=         2.9173  SC_14EEL=        27.3952  SC_VDW     =         1.3977
 SC_EEL =        32.1351
 SC_RES_DIST=     0.0000  SC_RES_ANG=       0.0000  SC_RES_TORS=         0.0000
 SC_EEL_DER=     14.6830  SC_VDW_DER=      -8.2991  SC_DERIV   =         6.3839
 ------------------------------------------------------------------------------


| TI region  2


 NSTEP =    22000   TIME(PS) =      44.000  TEMP(K) =   302.61  PRESS =     0.0
 Etot   =    -36517.6787  EKtot   =     11193.2282  EPtot      =    -47710.9069
 BOND   =       890.6017  ANGLE   =      2274.4119  DIHED      =      3742.8765
 1-4 NB =      1109.7234  1-4 EEL =     10633.6320  VDWAALS    =      2746.8245
 EELEC  =    -69768.1865  EHBOND  =         0.0000  RESTRAINT  =       659.2097
 EAMBER (non-restraint)  =    -48370.1167
 DV/DL  =        -6.5300
 ------------------------------------------------------------------------------

  Softcore part of the system:      41 atoms,       TEMP(K)    =         303.70
 SC_Etot=       218.1233  SC_EKtot=        30.1753  SC_EPtot   =       187.9480
 SC_BOND=         7.9471  SC_ANGLE=        20.8965  SC_DIHED   =        16.4118
 SC_14NB=         4.0761  SC_14EEL=        91.7359  SC_VDW     =        -1.8221
 SC_EEL =        48.7027
 SC_RES_DIST=     0.0000  SC_RES_ANG=       0.0000  SC_RES_TORS=         0.0000
 SC_EEL_DER=     14.6830  SC_VDW_DER=      -8.2991  SC_DERIV   =         6.3839
 ------------------------------------------------------------------------------

 NMR restraints: Bond =    0.000   Angle =     0.000   Torsion =     0.000
===============================================================================

| TI region  1


 NSTEP =    23000   TIME(PS) =      46.000  TEMP(K) =   300.45  PRESS =     0.0
 Etot   =    -36632.6096  EKtot   =     11114.0797  EPtot      =    -47746.6893
 BOND   =       869.1105  ANGLE   =      2335.7015  DIHED      =      3741.6623
 1-4 NB =      1083.4420  1-4 EEL =     10587.1912  VDWAALS    =      2723.4445
 EELEC  =    -69742.9121  EHBOND  =         0.0000  RESTRAINT  =       655.6709
 EAMBER (non-restraint)  =    -48402.3602
 DV/DL  =        -8.0121
 ------------------------------------------------------------------------------

  Softcore part of the system:      42 atoms,       TEMP(K)    =         280.49
 SC_Etot=       149.3430  SC_EKtot=        28.7055  SC_EPtot   =       120.6375
 SC_BOND=         8.5564  SC_ANGLE=        29.5414  SC_DIHED   =        18.4753
 SC_14NB=         2.8834  SC_14EEL=        24.9934  SC_VDW     =         0.6697
 SC_EEL =        35.5178
 SC_RES_DIST=     0.0000  SC_RES_ANG=       0.0000  SC_RES_TORS=         0.0000
 SC_EEL_DER=     17.9110  SC_VDW_DER=      -9.6520  SC_DERIV   =         8.2591
 ------------------------------------------------------------------------------


| TI region  2


 NSTEP =    23000   TIME(PS) =      46.000  TEMP(K) =   300.33  PRESS =     0.0
 Etot   =    -36637.9347  EKtot   =     11108.7546  EPtot      =    -47746.6893
 BOND   =       869.1105  ANGLE   =      2335.7015  DIHED      =      3741.6623
 1-4 NB =      1083.4420  1-4 EEL =     10587.1912  VDWAALS    =      2723.4445
 EELEC  =    -69742.9121  EHBOND  =         0.0000  RESTRAINT  =       655.6709
 EAMBER (non-restraint)  =    -48402.3602
 DV/DL  =        -8.0121
 ------------------------------------------------------------------------------

  Softcore part of the system:      41 atoms,       TEMP(K)    =         235.31
 SC_Etot=       208.9149  SC_EKtot=        23.3804  SC_EPtot   =       185.5345
 SC_BOND=         6.5755  SC_ANGLE=        17.3159  SC_DIHED   =        17.8236
 SC_14NB=         5.1636  SC_14EEL=        90.6522  SC_VDW     =        -0.0878
 SC_EEL =        48.0914
 SC_RES_DIST=     0.0000  SC_RES_ANG=       0.0000  SC_RES_TORS=         0.0000
 SC_EEL_DER=     17.9110  SC_VDW_DER=      -9.6520  SC_DERIV   =         8.2591
 ------------------------------------------------------------------------------

 NMR restraints: Bond =    0.000   Angle =     0.000   Torsion =     0.000
===============================================================================

| TI region  1


 NSTEP =    24000   TIME(PS) =      48.000  TEMP(K) =   301.31  PRESS =     0.0
 Etot   =    -36597.9938  EKtot   =     11145.8244  EPtot      =    -47743.8182
 BOND   =       902.2974  ANGLE   =      2319.3188  DIHED      =      3747.2442
 1-4 NB =      1096.9477  1-4 EEL =     10611.2969  VDWAALS    =      2701.0387
 EELEC  =    -69759.0779  EHBOND  =         0.0000  RESTRAINT  =       637.1160
 EAMBER (non-restraint)  =    -48380.9342
 DV/DL  =       -10.4628
 ------------------------------------------------------------------------------

  Softcore part of the system:      42 atoms,       TEMP(K)    =         277.03
 SC_Etot=       143.2769  SC_EKtot=        28.3516  SC_EPtot   =       114.9252
 SC_BOND=         8.5505  SC_ANGLE=        17.8232  SC_DIHED   =        23.9782
 SC_14NB=         3.0564  SC_14EEL=        26.6573  SC_VDW     =         0.6446
 SC_EEL =        34.2150
 SC_RES_DIST=     0.0000  SC_RES_ANG=       0.0000  SC_RES_TORS=         0.0000
 SC_EEL_DER=     12.4171  SC_VDW_DER=     -10.9325  SC_DERIV   =         1.4846
 ------------------------------------------------------------------------------


| TI region  2


 NSTEP =    24000   TIME(PS) =      48.000  TEMP(K) =   301.31  PRESS =     0.0
 Etot   =    -36598.9244  EKtot   =     11144.8938  EPtot      =    -47743.8182
 BOND   =       902.2974  ANGLE   =      2319.3188  DIHED      =      3747.2442
 1-4 NB =      1096.9477  1-4 EEL =     10611.2969  VDWAALS    =      2701.0387
 EELEC  =    -69759.0779  EHBOND  =         0.0000  RESTRAINT  =       637.1160
 EAMBER (non-restraint)  =    -48380.9342
 DV/DL  =       -10.4628
 ------------------------------------------------------------------------------

  Softcore part of the system:      41 atoms,       TEMP(K)    =         275.98
 SC_Etot=       221.2737  SC_EKtot=        27.4210  SC_EPtot   =       193.8527
 SC_BOND=         7.6748  SC_ANGLE=        21.3037  SC_DIHED   =        18.9622
 SC_14NB=         5.4225  SC_14EEL=        92.1048  SC_VDW     =         0.0779
 SC_EEL =        48.3069
 SC_RES_DIST=     0.0000  SC_RES_ANG=       0.0000  SC_RES_TORS=         0.0000
 SC_EEL_DER=     12.4171  SC_VDW_DER=     -10.9325  SC_DERIV   =         1.4846
 ------------------------------------------------------------------------------

 NMR restraints: Bond =    0.000   Angle =     0.000   Torsion =     0.000
===============================================================================

| TI region  1


 NSTEP =    25000   TIME(PS) =      50.000  TEMP(K) =   299.57  PRESS =     0.0
 Etot   =    -36590.6264  EKtot   =     11081.4894  EPtot      =    -47672.1157
 BOND   =       822.8449  ANGLE   =      2321.8611  DIHED      =      3730.3762
 1-4 NB =      1109.1949  1-4 EEL =     10615.8116  VDWAALS    =      2717.7233
 EELEC  =    -69618.7200  EHBOND  =         0.0000  RESTRAINT  =       628.7923
 EAMBER (non-restraint)  =    -48300.9080
 DV/DL  =       -12.0621
 ------------------------------------------------------------------------------

  Softcore part of the system:      42 atoms,       TEMP(K)    =         304.59
 SC_Etot=       151.1768  SC_EKtot=        31.1723  SC_EPtot   =       120.0045
 SC_BOND=         9.5651  SC_ANGLE=        21.7343  SC_DIHED   =        23.1840
 SC_14NB=         3.7818  SC_14EEL=        26.4513  SC_VDW     =         0.8691
 SC_EEL =        34.4189
 SC_RES_DIST=     0.0000  SC_RES_ANG=       0.0000  SC_RES_TORS=         0.0000
 SC_EEL_DER=     12.0722  SC_VDW_DER=     -11.5785  SC_DERIV   =         0.4936
 ------------------------------------------------------------------------------


| TI region  2


 NSTEP =    25000   TIME(PS) =      50.000  TEMP(K) =   299.60  PRESS =     0.0
 Etot   =    -36590.3193  EKtot   =     11081.7964  EPtot      =    -47672.1157
 BOND   =       822.8449  ANGLE   =      2321.8611  DIHED      =      3730.3762
 1-4 NB =      1109.1949  1-4 EEL =     10615.8116  VDWAALS    =      2717.7233
 EELEC  =    -69618.7200  EHBOND  =         0.0000  RESTRAINT  =       628.7923
 EAMBER (non-restraint)  =    -48300.9080
 DV/DL  =       -12.0621
 ------------------------------------------------------------------------------

  Softcore part of the system:      41 atoms,       TEMP(K)    =         316.82
 SC_Etot=       213.4869  SC_EKtot=        31.4793  SC_EPtot   =       182.0077
 SC_BOND=         5.0557  SC_ANGLE=        16.7334  SC_DIHED   =        16.4356
 SC_14NB=         4.8187  SC_14EEL=        91.3832  SC_VDW     =        -1.3277
 SC_EEL =        48.9087
 SC_RES_DIST=     0.0000  SC_RES_ANG=       0.0000  SC_RES_TORS=         0.0000
 SC_EEL_DER=     12.0722  SC_VDW_DER=     -11.5785  SC_DERIV   =         0.4936
 ------------------------------------------------------------------------------

 NMR restraints: Bond =    0.000   Angle =     0.000   Torsion =     0.000
===============================================================================

| TI region  1


      A V E R A G E S   O V E R      25 S T E P S


 NSTEP =    25000   TIME(PS) =      50.000  TEMP(K) =   180.80  PRESS =     0.0
 Etot   =    -47022.2222  EKtot   =      6687.9726  EPtot      =    -53710.1948
 BOND   =       584.0622  ANGLE   =      1632.8578  DIHED      =      3596.8708
 1-4 NB =      1046.2647  1-4 EEL =     10619.1316  VDWAALS    =      4703.6422
 EELEC  =    -76287.1066  EHBOND  =         0.0000  RESTRAINT  =       394.0824
 EAMBER (non-restraint)  =    -54104.2773
 DV/DL  =       -11.6600
 ------------------------------------------------------------------------------

 NMR restraints: Bond =    0.000   Angle =     0.000   Torsion =     0.000
===============================================================================
  Softcore part of the system:      42 atoms,       TEMP(K)    =         181.87
 SC_Etot=       126.7365  SC_EKtot=        18.6127  SC_EPtot   =       108.1238
 SC_BOND=         4.4950  SC_ANGLE=        17.9917  SC_DIHED   =        21.2705
 SC_14NB=         3.2377  SC_14EEL=        26.3472  SC_VDW     =         0.5170
 SC_EEL =        34.2647
 SC_RES_DIST=     0.0000  SC_RES_ANG=       0.0000  SC_RES_TORS=         0.0000
 SC_EEL_DER=     13.1314  SC_VDW_DER=      -9.9381  SC_DERIV   =         3.1933
 ------------------------------------------------------------------------------


      R M S  F L U C T U A T I O N S


 NSTEP =    25000   TIME(PS) =      50.000  TEMP(K) =    96.39  PRESS =     0.0
 Etot   =      7838.2606  EKtot   =      3565.6816  EPtot      =      4291.9614
 BOND   =       232.4820  ANGLE   =       546.9399  DIHED      =       123.3802
 1-4 NB =        40.8140  1-4 EEL =        23.7757  VDWAALS    =      1370.6131
 EELEC  =      4540.1993  EHBOND  =         0.0000  RESTRAINT  =       198.9851
 EAMBER (non-restraint)  =      4092.9763
 DV/DL  =         9.9167
 ------------------------------------------------------------------------------

  Softcore part of the system:      42 atoms,       TEMP(K)    =         102.32
 SC_Etot=        20.2271  SC_EKtot=        10.4717  SC_EPtot   =        10.0740
 SC_BOND=         2.7978  SC_ANGLE=         6.5623  SC_DIHED   =         1.9042
 SC_14NB=         0.3836  SC_14EEL=         0.6689  SC_VDW     =         0.5253
 SC_EEL =         0.7061
 SC_RES_DIST=     0.0000  SC_RES_ANG=       0.0000  SC_RES_TORS=         0.0000
 SC_EEL_DER=      2.1916  SC_VDW_DER=       3.4429  SC_DERIV   =         4.1551
 ------------------------------------------------------------------------------


| TI region  2


      A V E R A G E S   O V E R      25 S T E P S


 NSTEP =    25000   TIME(PS) =      50.000  TEMP(K) =   180.79  PRESS =     0.0
 Etot   =    -47022.9586  EKtot   =      6687.2362  EPtot      =    -53710.1948
 BOND   =       584.0622  ANGLE   =      1632.8578  DIHED      =      3596.8708
 1-4 NB =      1046.2647  1-4 EEL =     10619.1316  VDWAALS    =      4703.6422
 EELEC  =    -76287.1066  EHBOND  =         0.0000  RESTRAINT  =       394.0824
 EAMBER (non-restraint)  =    -54104.2773
 DV/DL  =       -11.6600
 ------------------------------------------------------------------------------

 NMR restraints: Bond =    0.000   Angle =     0.000   Torsion =     0.000
===============================================================================
  Softcore part of the system:      41 atoms,       TEMP(K)    =         179.91
 SC_Etot=       196.8781  SC_EKtot=        17.8763  SC_EPtot   =       179.0018
 SC_BOND=         4.8259  SC_ANGLE=        14.4147  SC_DIHED   =        15.9854
 SC_14NB=         4.7302  SC_14EEL=        91.2406  SC_VDW     =        -0.5613
 SC_EEL =        48.3664
 SC_RES_DIST=     0.0000  SC_RES_ANG=       0.0000  SC_RES_TORS=         0.0000
 SC_EEL_DER=     13.1314  SC_VDW_DER=      -9.9381  SC_DERIV   =         3.1933
 ------------------------------------------------------------------------------


      R M S  F L U C T U A T I O N S


 NSTEP =    25000   TIME(PS) =      50.000  TEMP(K) =    96.38  PRESS =     0.0
 Etot   =      7837.6686  EKtot   =      3565.0785  EPtot      =      4291.9614
 BOND   =       232.4820  ANGLE   =       546.9399  DIHED      =       123.3802
 1-4 NB =        40.8140  1-4 EEL =        23.7757  VDWAALS    =      1370.6131
 EELEC  =      4540.1993  EHBOND  =         0.0000  RESTRAINT  =       198.9851
 EAMBER (non-restraint)  =      4092.9763
 DV/DL  =         9.9167
 ------------------------------------------------------------------------------

  Softcore part of the system:      41 atoms,       TEMP(K)    =          99.20
 SC_Etot=        18.7311  SC_EKtot=         9.8564  SC_EPtot   =         9.1982
 SC_BOND=         2.1922  SC_ANGLE=         5.6287  SC_DIHED   =         1.4883
 SC_14NB=         0.4431  SC_14EEL=         0.5948  SC_VDW     =         0.5841
 SC_EEL =         0.4789
 SC_RES_DIST=     0.0000  SC_RES_ANG=       0.0000  SC_RES_TORS=         0.0000
 SC_EEL_DER=      2.1916  SC_VDW_DER=       3.4429  SC_DERIV   =         4.1551
 ------------------------------------------------------------------------------


      DV/DL, AVERAGES OVER      25 STEPS


 NSTEP =    25000   TIME(PS) =      50.000  TEMP(K) =    96.38  PRESS =     0.0
 Etot   =         0.0000  EKtot   =         0.0000  EPtot      =       -11.6600
 BOND   =         4.3332  ANGLE   =         0.0619  DIHED      =         0.0000
 1-4 NB =         1.2395  1-4 EEL =        80.7262  VDWAALS    =        16.1920
 EELEC  =      -117.4061  EHBOND  =         0.0000  RESTRAINT  =         0.0000
 DV/DL  =       -11.6600
 ------------------------------------------------------------------------------


 NMR restraints on final step:

--------------------------------------------------------------------------------
   5.  TIMINGS
--------------------------------------------------------------------------------

|  NonSetup CPU Time in Major Routines:
|
|     Routine           Sec        %
|     ------------------------------
|     Nonbond           8.70   37.43
|     Bond              0.00    0.00
|     Angle             0.00    0.00
|     Dihedral          0.00    0.00
|     Shake             0.04    0.17
|     RunMD            14.47   62.26
|     Other             0.03    0.13
|     ------------------------------
|     Total            23.23

|  PME Nonbond Pairlist CPU Time:
|
|     Routine              Sec        %
|     ---------------------------------
|     Set Up Cit           0.00    0.00
|     Build List           0.00    0.00
|     ---------------------------------
|     Total                0.00    0.00

|  PME Direct Force CPU Time:
|
|     Routine              Sec        %
|     ---------------------------------
|     NonBonded Calc       0.00    0.00
|     Exclude Masked       0.00    0.00
|     Other                0.02    0.08
|     ---------------------------------
|     Total                0.02    0.08

|  PME Reciprocal Force CPU Time:
|
|     Routine              Sec        %
|     ---------------------------------
|     1D bspline           0.00    0.00
|     Grid Charges         0.00    0.00
|     Scalar Sum           0.00    0.00
|     Gradient Sum         0.00    0.00
|     FFT                  0.00    0.00
|     ---------------------------------
|     Total                0.00    0.00

|  Final Performance Info:
|     -----------------------------------------------------
|     Average timings for last   25000 steps:
|     Elapsed(s) =      23.23 Per Step(ms) =       0.93
|         ns/day =     185.94   seconds/ns =     464.66
|
|     Average timings for all steps:
|     Elapsed(s) =      23.23 Per Step(ms) =       0.93
|         ns/day =     185.94   seconds/ns =     464.66
|     -----------------------------------------------------

|  Setup CPU time:            0.76 seconds
|  NonSetup CPU time:        23.23 seconds
|  Total CPU time:           23.99 seconds     0.01 hours

|  Setup wall time:           1    seconds
|  NonSetup wall time:       23    seconds
|  Total wall time:          24    seconds     0.01 hours
