
          -------------------------------------------------------
          Amber 20 PMEMD                              2020
          -------------------------------------------------------

| PMEMD implementation of SANDER, Release 18

|  Compiled date/time: Thu May 20 07:44:43 2021
| Run on 10/05/2024 at 19:25:20

|   Executable path: pmemd.cuda
| Working directory: /home/muditj/alk2_rbfe/lig_153~lig_104/site/la-0.20634
|          Hostname: Unknown
  [-O]verwriting output

File Assignments:
|   MDIN: 2_nvt/nvt.in                                                          
|  MDOUT: 2_nvt/complex_nvt.out                                                 
| INPCRD: 2_nvt/complex_nvt.inpcrd                                              
|   PARM: ../complex.prmtop                                                     
| RESTRT: 2_nvt/complex_nvt.rst                                                 
|   REFC: 2_nvt/complex_nvt_ref.rst                                             
|  MDVEL: mdvel                                                                 
|   MDEN: mden                                                                  
|  MDCRD: 2_nvt/complex_nvt.nc                                                  
| MDINFO: mdinfo                                                                
|  MDFRC: mdfrc                                                                 


 Here is the input file:

nvt run                                                                        
 &cntrl                                                                        
  ig = -1,                                                                     
  imin = 0,                                                                    
  nstlim = 25000,                                                              
  dt = 0.002,                                                                  
  irest = 0,                                                                   
  ntx = 1,                                                                     
  ntxo = 2,                                                                    
  ioutfm = 1,                                                                  
  ntb = 1,                                                                     
  ntt = 3,                                                                     
  gamma_ln = 1.0,                                                              
  tempi = 0.1,                                                                 
  temp0 = 300,                                                                 
  ntr = 1,                                                                     
  ntc = 2,                                                                     
  ntf = 1,                                                                     
  ntpr = 1000,                                                                 
  ntwx = 0,                                                                    
  ntwr = 1000,                                                                 
  nmropt = 1,                                                                  
  cut = 10,                                                                    
  restraintmask=':309|!(:WAT|@H=|:Na+|:Cl-)',                                  
  restraint_wt=20.0,                                                           
                                                                               
  icfe = 1, ifsc = 1, clambda = 0.20634, gti_lam_sch = 1, scalpha = 0.2, scbeta
  timask1 = ':1', timask2 = ':2',                                              
  scmask1 = ':1@C29,H62,H59,H58,H57,H56,H55,H54,H53,H52,H51,H50,H49,H48,H47,H46
 /                                                                             
 &wt TYPE='TEMP0', istep1=0, istep2=20000,                                     
  value1=0.1, value2=300.0, /                                                  
 &wt TYPE='END' /                                                              


Note: ig = -1. Setting random seed to    44183 based on wallclock time in 
      microseconds.
| irandom = 1, using AMBER's internal random number generator (default).
 
|--------------------- INFORMATION ----------------------
| GPU (CUDA) Version of PMEMD in use: NVIDIA GPU IN USE.
|                    Version 18.0.0
| 
|                      03/25/2018
| 
| Implementation by:
|                    Ross C. Walker     (SDSC)
|                    Scott Le Grand     (nVIDIA)
| 
| Version 18 performance extensions by:
|                    David Cerutti     (Rutgers)
| 
| Precision model in use:
|      [SPFP] - Single Precision Forces, 64-bit Fixed Point
|               Accumulation. (Default)
| 
|--------------------------------------------------------
 
|----------------- CITATION INFORMATION -----------------
|
|    When publishing work that utilized the CUDA version
|    of AMBER, please cite the following in addition to
|    the regular AMBER citations:
|
|  - Romelia Salomon-Ferrer; Andreas W. Goetz; Duncan
|    Poole; Scott Le Grand; Ross C. Walker "Routine
|    microsecond molecular dynamics simulations with
|    AMBER - Part II: Particle Mesh Ewald", J. Chem.
|    Theory Comput., 2013, 9 (9), pp3878-3888,
|    DOI: 10.1021/ct400314y.
|
|  - Andreas W. Goetz; Mark J. Williamson; Dong Xu;
|    Duncan Poole; Scott Le Grand; Ross C. Walker
|    "Routine microsecond molecular dynamics simulations
|    with AMBER - Part I: Generalized Born", J. Chem.
|    Theory Comput., 2012, 8 (5), pp1542-1555.
|
|  - Scott Le Grand; Andreas W. Goetz; Ross C. Walker
|    "SPFP: Speed without compromise - a mixed precision
|    model for GPU accelerated molecular dynamics
|    simulations.", Comp. Phys. Comm., 2013, 184
|    pp374-380, DOI: 10.1016/j.cpc.2012.09.022
|
|    When publishing work that utilized the CUDA version
|    of TI, BAR, MBAR or FEP please cite the following 
|    publications in addition to the regular AMBER 
|    GPU citations:
|
|  - Daniel J. Mermelstein; Charles Lin; Gard Nelson; 
|    Rachael Kretsch; J. Andrew McCammon; Ross C. Walker
|    "Fast and Flexible GPU Accelerated Binding 
|    Free Energy Calculations within the AMBER Molecular
|    Dynamics Package" J. Comp. Chem., 2018,
|    DOI: 10.1002/jcc.25187
|
|  - Tai-Sung Lee; Yuan Hu; Brad Sherborne; Zhuyan Guo;
|    Darrin M. York
|    "Toward Fast and Accurate Binding Affinity Prediction with
|    pmemdGTI: An Efficient Implementation of GPU-Accelerated
|    Thermodynamic Integration"
|    J. Chem. Theory Comput., 2017, 13 (7), 3077
|
|
|--------------------------------------------------------
 
|------------------- GPU DEVICE INFO --------------------
|
|            CUDA_VISIBLE_DEVICES: 0
|   CUDA Capable Devices Detected:      1
|           CUDA Device ID in use:      0
|                CUDA Device Name: NVIDIA GeForce RTX 2080
|     CUDA Device Global Mem Size:   7982 MB
| CUDA Device Num Multiprocessors:     46
|           CUDA Device Core Freq:   1.71 GHz
|
|--------------------------------------------------------
 
 
| Conditional Compilation Defines Used:
| PUBFFT
| BINTRAJ
| CUDA
| EMIL

| Largest sphere to fit in unit cell has radius =    28.285

| New format PARM file being parsed.
| Version =    1.000 Date = 10/05/24 Time = 17:06:23

| Note: 1-4 EEL scale factors are being read from the topology file.

| Note: 1-4 VDW scale factors are being read from the topology file.
| Duplicated    0 dihedrals

| Duplicated    0 dihedrals

--------------------------------------------------------------------------------
   1.  RESOURCE   USE: 
--------------------------------------------------------------------------------

 getting box info from netcdf restart file
 NATOM  =   17464 NTYPES =      31 NBONH =   15011 MBONA  =    2503
 NTHETH =    5537 MTHETA =    3396 NPHIH =   11178 MPHIA  =   10632
 NHPARM =       0 NPARM  =       0 NNB   =   43744 NRES   =    4497
 NBONA  =    2503 NTHETA =    3396 NPHIA =   10632 NUMBND =      93
 NUMANG =     208 NPTRA  =     215 NATYP =      53 NPHB   =       1
 IFBOX  =       1 NMXRS  =      62 IFCAP =       0 NEXTRA =       0
 NCOPY  =       0

| Coordinate Index Table dimensions:    11   10   11
| Direct force subcell size =     5.9561    5.6570    5.5474

     BOX TYPE: RECTILINEAR

--------------------------------------------------------------------------------
   2.  CONTROL  DATA  FOR  THE  RUN
--------------------------------------------------------------------------------

L0                                                                              

General flags:
     imin    =       0, nmropt  =       1

Nature and format of input:
     ntx     =       1, irest   =       0, ntrx    =       1

Nature and format of output:
     ntxo    =       2, ntpr    =    1000, ntrx    =       1, ntwr    =    1000
     iwrap   =       0, ntwx    =       0, ntwv    =       0, ntwe    =       0
     ioutfm  =       1, ntwprt  =       0, idecomp =       0, rbornstat=      0

Potential function:
     ntf     =       1, ntb     =       1, igb     =       0, nsnb    =      25
     ipol    =       0, gbsa    =       0, iesp    =       0
     dielc   =   1.00000, cut     =  10.00000, intdiel =   1.00000

Frozen or restrained atoms:
     ibelly  =       0, ntr     =       1
     restraint_wt =  20.00000

Molecular dynamics:
     nstlim  =     25000, nscm    =         0, nrespa  =         1
     t       =   0.00000, dt      =   0.00200, vlimit  =  -1.00000

Langevin dynamics temperature regulation:
     ig      =   44183
     temp0   = 300.00000, tempi   =   0.10000, gamma_ln=   1.00000

SHAKE:
     ntc     =       2, jfastw  =       0
     tol     =   0.00001

NMR refinement options:
     iscale  =       0, noeskp  =       1, ipnlty  =       1, mxsub   =       1
     scalm   = 100.00000, pencut  =   0.10000, tausw   =   0.10000

Free energy options:
     icfe    =       1, ifsc    =       1, klambda =       1
     clambda =  0.2063, scalpha =  0.2000, scbeta  = 50.0000
     sceeorder =       2
     dynlmb =  0.0000 logdvdl =       0

| Intermolecular bonds treatment:
|     no_intermolecular_bonds =       1

| Energy averages sample interval:
|     ene_avg_sampling =    1000

Ewald parameters:
     verbose =       0, ew_type =       0, nbflag  =       1, use_pme =       1
     vdwmeth =       1, eedmeth =       1, netfrc  =       1
     Box X =   65.517   Box Y =   56.570   Box Z =   61.021
     Alpha =   90.000   Beta  =   90.000   Gamma =   90.000
     NFFT1 =   64       NFFT2 =   64       NFFT3 =   64
     Cutoff=   10.000   Tol   =0.100E-04
     Ewald Coefficient =  0.27511
     Interpolation order =    4

    LOADING THE CONSTRAINED ATOMS AS GROUPS


   5.  REFERENCE ATOM COORDINATES

  L0                                                                              
     Mask :309|!(:WAT|@H=|:Na+|:Cl-); matches  2446 atoms
     TI Mask 1 :1; matches     62 atoms
     TI Mask 2 :2; matches     61 atoms
     TI region 1:   17403 atoms
     TI region 2:   17402 atoms
     SC Mask 1 :1@C29,H62,H59,H58,H57,H56,H55,H54,H53,H52,H51,H50,H49,H48,H47,H46,H41,H40,H39,H38,H37,H36,H35,H34,H33,H32,C27,O26,C25,O24,C23,O22,C21,C20,C19,C18,C17,C7,C6,C5,C4,N3; matches     42 atoms
     SC Mask 2 :2@H46,C5,C6,C7,O8,C9,C10,C11,C12,C13,C14,O15,C16,C24,C25,N26,C27,C28,H33,H34,H35,H36,H37,H38,H39,H40,H41,H42,H43,H44,H45,H49,H50,H51,H52,H53,H54,H55,H56,H57,H61; matches     41 atoms

|--------------------------------------------------------------------------------------------
| Extra TI control variables
|     gti_add_sc     =   1, gti_ele_gauss  =   0, gti_auto_alpha =   0, gti_scale_beta =   0
|     gti_ele_exp    =   2, gti_vdw_exp    =   6, gti_ele_sc     =   1, gti_vdw_sc     =   1
|     gti_cut        =   1, gti_cut_sc     =   0
|     gti_cut_sc_on    =  0.0000, gti_cut_sc_off    =  0.0000
|--------------------------------------------------------------------------------------------


--------------------------------------------------------------------------------
   3.  ATOMIC COORDINATES AND VELOCITIES
--------------------------------------------------------------------------------

L0                                                                              
 begin time read from input coords =     0.000 ps



           Begin reading energy term weight changes/NMR restraints
 WEIGHT CHANGES:
 TEMP0         0  20000    0.100000  300.000000      0      0

 RESTRAINTS:
                          ** No restraint defined **

                  Done reading weight changes/NMR restraints


 
 Number of triangulated 3-point waters found:     4189
   Removing shake constraints from C2    L0    1 -- H33   L0    1
   Removing shake constraints from C2    L0    1 -- H32   L0    1
   Removing shake constraints from C17   L1    2 -- H46   L1    2
 Number of shake restraints removed in TI region  1 :        2
 Number of shake restraints removed in TI region  2 :        1

     Sum of charges for TI region  1 =  -0.00001916
     Skip neutralizing charges...


     Sum of charges for TI region  2 =  -0.00002514
     Skip neutralizing charges...

| Dynamic Memory, Types Used:
| Reals              867995
| Integers          1262921

| Nonbonded Pairs Initial Allocation:     5282423

| GPU memory information (estimate):
| KB of GPU memory in use:    147303
| KB of CPU memory in use:     47637

--------------------------------------------------------------------------------
   4.  RESULTS
--------------------------------------------------------------------------------

   DOF for the SC part  1 of the system:  103
   SHAKE constraints in the SC region:   23
   DOF for the SC part  2 of the system:  100
   SHAKE constraints in the SC region:   23

| TI region  1


 NSTEP =        0   TIME(PS) =       0.000  TEMP(K) =     0.14  PRESS =     0.0
 Etot   =    -59895.3899  EKtot   =         5.2111  EPtot      =    -59900.6010
 BOND   =      3832.7830  ANGLE   =       627.4105  DIHED      =      3370.8160
 1-4 NB =       971.2692  1-4 EEL =     10631.9281  VDWAALS    =      6460.5766
 EELEC  =    -85795.3844  EHBOND  =         0.0000  RESTRAINT  =         0.0000
 DV/DL  =        27.9115
 ------------------------------------------------------------------------------

  Softcore part of the system:      42 atoms,       TEMP(K)    =           0.21
 SC_Etot=        92.0549  SC_EKtot=         0.0214  SC_EPtot   =        92.0335
 SC_BOND=         0.7011  SC_ANGLE=         7.4619  SC_DIHED   =        19.6878
 SC_14NB=         3.2522  SC_14EEL=        26.0316  SC_VDW     =         0.5991
 SC_EEL =        34.2999
 SC_RES_DIST=     0.0000  SC_RES_ANG=       0.0000  SC_RES_TORS=         0.0000
 SC_EEL_DER=     30.3022  SC_VDW_DER=      -6.6595  SC_DERIV   =        23.6427
 ------------------------------------------------------------------------------


| TI region  2


 NSTEP =        0   TIME(PS) =       0.000  TEMP(K) =     0.14  PRESS =     0.0
 Etot   =    -59895.3925  EKtot   =         5.2085  EPtot      =    -59900.6010
 BOND   =      3832.7830  ANGLE   =       627.4105  DIHED      =      3370.8160
 1-4 NB =       971.2692  1-4 EEL =     10631.9281  VDWAALS    =      6460.5766
 EELEC  =    -85795.3844  EHBOND  =         0.0000  RESTRAINT  =         0.0000
 DV/DL  =        27.9115
 ------------------------------------------------------------------------------

  Softcore part of the system:      41 atoms,       TEMP(K)    =           0.19
 SC_Etot=       161.7081  SC_EKtot=         0.0186  SC_EPtot   =       161.6895
 SC_BOND=         1.3447  SC_ANGLE=         3.9303  SC_DIHED   =        13.5996
 SC_14NB=         4.3080  SC_14EEL=        90.8676  SC_VDW     =        -0.6213
 SC_EEL =        48.2605
 SC_RES_DIST=     0.0000  SC_RES_ANG=       0.0000  SC_RES_TORS=         0.0000
 SC_EEL_DER=     30.3022  SC_VDW_DER=      -6.6595  SC_DERIV   =        23.6427
 ------------------------------------------------------------------------------

 NMR restraints: Bond =    0.000   Angle =     0.000   Torsion =     0.000
===============================================================================

| TI region  1


 NSTEP =     1000   TIME(PS) =       2.000  TEMP(K) =    22.40  PRESS =     0.0
 Etot   =    -58775.2073  EKtot   =       828.6678  EPtot      =    -59603.8751
 BOND   =       174.4913  ANGLE   =       673.1497  DIHED      =      3383.1278
 1-4 NB =       981.9368  1-4 EEL =     10618.0527  VDWAALS    =      6388.2020
 EELEC  =    -81890.8959  EHBOND  =         0.0000  RESTRAINT  =        68.0605
 EAMBER (non-restraint)  =    -59671.9356
 DV/DL  =        36.9174
 ------------------------------------------------------------------------------

  Softcore part of the system:      42 atoms,       TEMP(K)    =          12.21
 SC_Etot=        94.7330  SC_EKtot=         1.2494  SC_EPtot   =        93.4837
 SC_BOND=         0.9786  SC_ANGLE=         8.8236  SC_DIHED   =        19.6022
 SC_14NB=         3.3059  SC_14EEL=        26.0030  SC_VDW     =         0.4602
 SC_EEL =        34.3101
 SC_RES_DIST=     0.0000  SC_RES_ANG=       0.0000  SC_RES_TORS=         0.0000
 SC_EEL_DER=     32.7220  SC_VDW_DER=      -7.5656  SC_DERIV   =        25.1564
 ------------------------------------------------------------------------------


| TI region  2


 NSTEP =     1000   TIME(PS) =       2.000  TEMP(K) =    22.40  PRESS =     0.0
 Etot   =    -58775.3472  EKtot   =       828.5279  EPtot      =    -59603.8751
 BOND   =       174.4913  ANGLE   =       673.1497  DIHED      =      3383.1278
 1-4 NB =       981.9368  1-4 EEL =     10618.0527  VDWAALS    =      6388.2020
 EELEC  =    -81890.8959  EHBOND  =         0.0000  RESTRAINT  =        68.0605
 EAMBER (non-restraint)  =    -59671.9356
 DV/DL  =        36.9174
 ------------------------------------------------------------------------------

  Softcore part of the system:      41 atoms,       TEMP(K)    =          11.17
 SC_Etot=       163.6688  SC_EKtot=         1.1095  SC_EPtot   =       162.5594
 SC_BOND=         1.3130  SC_ANGLE=         4.4884  SC_DIHED   =        13.5749
 SC_14NB=         4.1787  SC_14EEL=        91.1750  SC_VDW     =        -0.6260
 SC_EEL =        48.4553
 SC_RES_DIST=     0.0000  SC_RES_ANG=       0.0000  SC_RES_TORS=         0.0000
 SC_EEL_DER=     32.7220  SC_VDW_DER=      -7.5656  SC_DERIV   =        25.1564
 ------------------------------------------------------------------------------

 NMR restraints: Bond =    0.000   Angle =     0.000   Torsion =     0.000
===============================================================================

| TI region  1


 NSTEP =     2000   TIME(PS) =       4.000  TEMP(K) =    25.85  PRESS =     0.0
 Etot   =    -58813.9070  EKtot   =       956.0576  EPtot      =    -59769.9646
 BOND   =       216.8909  ANGLE   =       755.4096  DIHED      =      3393.3718
 1-4 NB =       982.5231  1-4 EEL =     10612.5697  VDWAALS    =      6522.9080
 EELEC  =    -82333.0881  EHBOND  =         0.0000  RESTRAINT  =        79.4503
 EAMBER (non-restraint)  =    -59849.4149
 DV/DL  =        27.9848
 ------------------------------------------------------------------------------

  Softcore part of the system:      42 atoms,       TEMP(K)    =          24.40
 SC_Etot=        96.7000  SC_EKtot=         2.4973  SC_EPtot   =        94.2027
 SC_BOND=         1.0047  SC_ANGLE=         9.4054  SC_DIHED   =        19.9143
 SC_14NB=         3.0839  SC_14EEL=        26.2261  SC_VDW     =         0.2829
 SC_EEL =        34.2854
 SC_RES_DIST=     0.0000  SC_RES_ANG=       0.0000  SC_RES_TORS=         0.0000
 SC_EEL_DER=     31.4428  SC_VDW_DER=      -8.6205  SC_DERIV   =        22.8222
 ------------------------------------------------------------------------------


| TI region  2


 NSTEP =     2000   TIME(PS) =       4.000  TEMP(K) =    25.83  PRESS =     0.0
 Etot   =    -58814.5183  EKtot   =       955.4463  EPtot      =    -59769.9646
 BOND   =       216.8909  ANGLE   =       755.4096  DIHED      =      3393.3718
 1-4 NB =       982.5231  1-4 EEL =     10612.5697  VDWAALS    =      6522.9080
 EELEC  =    -82333.0881  EHBOND  =         0.0000  RESTRAINT  =        79.4503
 EAMBER (non-restraint)  =    -59849.4149
 DV/DL  =        27.9848
 ------------------------------------------------------------------------------

  Softcore part of the system:      41 atoms,       TEMP(K)    =          18.98
 SC_Etot=       166.1232  SC_EKtot=         1.8860  SC_EPtot   =       164.2372
 SC_BOND=         1.6944  SC_ANGLE=         5.8446  SC_DIHED   =        13.8203
 SC_14NB=         4.2546  SC_14EEL=        91.0956  SC_VDW     =        -0.6551
 SC_EEL =        48.1827
 SC_RES_DIST=     0.0000  SC_RES_ANG=       0.0000  SC_RES_TORS=         0.0000
 SC_EEL_DER=     31.4428  SC_VDW_DER=      -8.6205  SC_DERIV   =        22.8222
 ------------------------------------------------------------------------------

 NMR restraints: Bond =    0.000   Angle =     0.000   Torsion =     0.000
===============================================================================

| TI region  1


 NSTEP =     3000   TIME(PS) =       6.000  TEMP(K) =    38.82  PRESS =     0.0
 Etot   =    -57968.6507  EKtot   =      1435.9473  EPtot      =    -59404.5980
 BOND   =       238.1742  ANGLE   =       839.2025  DIHED      =      3415.2656
 1-4 NB =       992.2003  1-4 EEL =     10625.7103  VDWAALS    =      6410.2353
 EELEC  =    -82031.4808  EHBOND  =         0.0000  RESTRAINT  =       106.0947
 EAMBER (non-restraint)  =    -59510.6927
 DV/DL  =        32.3884
 ------------------------------------------------------------------------------

  Softcore part of the system:      42 atoms,       TEMP(K)    =          35.67
 SC_Etot=        99.6609  SC_EKtot=         3.6510  SC_EPtot   =        96.0099
 SC_BOND=         0.9787  SC_ANGLE=        10.3798  SC_DIHED   =        19.5763
 SC_14NB=         3.5599  SC_14EEL=        26.1164  SC_VDW     =         0.9857
 SC_EEL =        34.4131
 SC_RES_DIST=     0.0000  SC_RES_ANG=       0.0000  SC_RES_TORS=         0.0000
 SC_EEL_DER=     32.4616  SC_VDW_DER=      -7.8594  SC_DERIV   =        24.6023
 ------------------------------------------------------------------------------


| TI region  2


 NSTEP =     3000   TIME(PS) =       6.000  TEMP(K) =    38.82  PRESS =     0.0
 Etot   =    -57968.6685  EKtot   =      1435.9295  EPtot      =    -59404.5980
 BOND   =       238.1742  ANGLE   =       839.2025  DIHED      =      3415.2656
 1-4 NB =       992.2003  1-4 EEL =     10625.7103  VDWAALS    =      6410.2353
 EELEC  =    -82031.4808  EHBOND  =         0.0000  RESTRAINT  =       106.0947
 EAMBER (non-restraint)  =    -59510.6927
 DV/DL  =        32.3884
 ------------------------------------------------------------------------------

  Softcore part of the system:      41 atoms,       TEMP(K)    =          36.57
 SC_Etot=       169.5517  SC_EKtot=         3.6332  SC_EPtot   =       165.9185
 SC_BOND=         3.0287  SC_ANGLE=         6.8710  SC_DIHED   =        13.8199
 SC_14NB=         4.1700  SC_14EEL=        90.6531  SC_VDW     =        -0.8370
 SC_EEL =        48.2128
 SC_RES_DIST=     0.0000  SC_RES_ANG=       0.0000  SC_RES_TORS=         0.0000
 SC_EEL_DER=     32.4616  SC_VDW_DER=      -7.8594  SC_DERIV   =        24.6023
 ------------------------------------------------------------------------------

 NMR restraints: Bond =    0.000   Angle =     0.000   Torsion =     0.000
===============================================================================

| TI region  1


 NSTEP =     4000   TIME(PS) =       8.000  TEMP(K) =    53.68  PRESS =     0.0
 Etot   =    -56920.4558  EKtot   =      1985.7818  EPtot      =    -58906.2377
 BOND   =       288.6198  ANGLE   =       911.0802  DIHED      =      3445.2728
 1-4 NB =       998.9771  1-4 EEL =     10625.8584  VDWAALS    =      6344.2803
 EELEC  =    -81650.3985  EHBOND  =         0.0000  RESTRAINT  =       130.0722
 EAMBER (non-restraint)  =    -59036.3098
 DV/DL  =        28.1635
 ------------------------------------------------------------------------------

  Softcore part of the system:      42 atoms,       TEMP(K)    =          46.16
 SC_Etot=       101.4006  SC_EKtot=         4.7236  SC_EPtot   =        96.6770
 SC_BOND=         1.5269  SC_ANGLE=        10.3749  SC_DIHED   =        19.3600
 SC_14NB=         3.5121  SC_14EEL=        25.9957  SC_VDW     =         1.7664
 SC_EEL =        34.1410
 SC_RES_DIST=     0.0000  SC_RES_ANG=       0.0000  SC_RES_TORS=         0.0000
 SC_EEL_DER=     31.9644  SC_VDW_DER=      -8.3166  SC_DERIV   =        23.6478
 ------------------------------------------------------------------------------


| TI region  2


 NSTEP =     4000   TIME(PS) =       8.000  TEMP(K) =    53.69  PRESS =     0.0
 Etot   =    -56920.3107  EKtot   =      1985.9270  EPtot      =    -58906.2377
 BOND   =       288.6198  ANGLE   =       911.0802  DIHED      =      3445.2728
 1-4 NB =       998.9771  1-4 EEL =     10625.8584  VDWAALS    =      6344.2803
 EELEC  =    -81650.3985  EHBOND  =         0.0000  RESTRAINT  =       130.0722
 EAMBER (non-restraint)  =    -59036.3098
 DV/DL  =        28.1635
 ------------------------------------------------------------------------------

  Softcore part of the system:      41 atoms,       TEMP(K)    =          49.00
 SC_Etot=       170.1283  SC_EKtot=         4.8688  SC_EPtot   =       165.2595
 SC_BOND=         1.3984  SC_ANGLE=         6.5713  SC_DIHED   =        13.7895
 SC_14NB=         4.3191  SC_14EEL=        91.3101  SC_VDW     =        -0.7370
 SC_EEL =        48.6081
 SC_RES_DIST=     0.0000  SC_RES_ANG=       0.0000  SC_RES_TORS=         0.0000
 SC_EEL_DER=     31.9644  SC_VDW_DER=      -8.3166  SC_DERIV   =        23.6478
 ------------------------------------------------------------------------------

 NMR restraints: Bond =    0.000   Angle =     0.000   Torsion =     0.000
===============================================================================

| TI region  1


 NSTEP =     5000   TIME(PS) =      10.000  TEMP(K) =    67.81  PRESS =     0.0
 Etot   =    -55916.3619  EKtot   =      2508.3319  EPtot      =    -58424.6938
 BOND   =       311.8458  ANGLE   =      1007.9233  DIHED      =      3455.6385
 1-4 NB =      1004.1128  1-4 EEL =     10601.8967  VDWAALS    =      6145.3156
 EELEC  =    -81116.4879  EHBOND  =         0.0000  RESTRAINT  =       165.0615
 EAMBER (non-restraint)  =    -58589.7553
 DV/DL  =        30.3577
 ------------------------------------------------------------------------------

  Softcore part of the system:      42 atoms,       TEMP(K)    =          70.07
 SC_Etot=       104.9268  SC_EKtot=         7.1708  SC_EPtot   =        97.7559
 SC_BOND=         2.4070  SC_ANGLE=        11.4483  SC_DIHED   =        18.9430
 SC_14NB=         3.4252  SC_14EEL=        25.9573  SC_VDW     =         1.1191
 SC_EEL =        34.4560
 SC_RES_DIST=     0.0000  SC_RES_ANG=       0.0000  SC_RES_TORS=         0.0000
 SC_EEL_DER=     31.0660  SC_VDW_DER=      -7.9551  SC_DERIV   =        23.1109
 ------------------------------------------------------------------------------


| TI region  2


 NSTEP =     5000   TIME(PS) =      10.000  TEMP(K) =    67.83  PRESS =     0.0
 Etot   =    -55915.7681  EKtot   =      2508.9257  EPtot      =    -58424.6938
 BOND   =       311.8458  ANGLE   =      1007.9233  DIHED      =      3455.6385
 1-4 NB =      1004.1128  1-4 EEL =     10601.8967  VDWAALS    =      6145.3156
 EELEC  =    -81116.4879  EHBOND  =         0.0000  RESTRAINT  =       165.0615
 EAMBER (non-restraint)  =    -58589.7553
 DV/DL  =        30.3577
 ------------------------------------------------------------------------------

  Softcore part of the system:      41 atoms,       TEMP(K)    =          78.15
 SC_Etot=       176.3569  SC_EKtot=         7.7647  SC_EPtot   =       168.5923
 SC_BOND=         4.0808  SC_ANGLE=         7.5696  SC_DIHED   =        14.3620
 SC_14NB=         4.4553  SC_14EEL=        90.9292  SC_VDW     =        -1.0435
 SC_EEL =        48.2389
 SC_RES_DIST=     0.0000  SC_RES_ANG=       0.0000  SC_RES_TORS=         0.0000
 SC_EEL_DER=     31.0660  SC_VDW_DER=      -7.9551  SC_DERIV   =        23.1109
 ------------------------------------------------------------------------------

 NMR restraints: Bond =    0.000   Angle =     0.000   Torsion =     0.000
===============================================================================

| TI region  1


 NSTEP =     6000   TIME(PS) =      12.000  TEMP(K) =    83.11  PRESS =     0.0
 Etot   =    -54828.2050  EKtot   =      3074.2532  EPtot      =    -57902.4582
 BOND   =       363.6351  ANGLE   =      1090.2148  DIHED      =      3469.0461
 1-4 NB =      1005.7968  1-4 EEL =     10633.8741  VDWAALS    =      5981.8845
 EELEC  =    -80640.3976  EHBOND  =         0.0000  RESTRAINT  =       193.4880
 EAMBER (non-restraint)  =    -58095.9462
 DV/DL  =        25.7869
 ------------------------------------------------------------------------------

  Softcore part of the system:      42 atoms,       TEMP(K)    =          78.98
 SC_Etot=       109.4176  SC_EKtot=         8.0826  SC_EPtot   =       101.3350
 SC_BOND=         2.5101  SC_ANGLE=        12.9929  SC_DIHED   =        20.7196
 SC_14NB=         3.3484  SC_14EEL=        26.2097  SC_VDW     =         1.4261
 SC_EEL =        34.1282
 SC_RES_DIST=     0.0000  SC_RES_ANG=       0.0000  SC_RES_TORS=         0.0000
 SC_EEL_DER=     30.6877  SC_VDW_DER=      -9.5780  SC_DERIV   =        21.1096
 ------------------------------------------------------------------------------


| TI region  2


 NSTEP =     6000   TIME(PS) =      12.000  TEMP(K) =    83.10  PRESS =     0.0
 Etot   =    -54828.7490  EKtot   =      3073.7092  EPtot      =    -57902.4582
 BOND   =       363.6351  ANGLE   =      1090.2148  DIHED      =      3469.0461
 1-4 NB =      1005.7968  1-4 EEL =     10633.8741  VDWAALS    =      5981.8845
 EELEC  =    -80640.3976  EHBOND  =         0.0000  RESTRAINT  =       193.4880
 EAMBER (non-restraint)  =    -58095.9462
 DV/DL  =        25.7869
 ------------------------------------------------------------------------------

  Softcore part of the system:      41 atoms,       TEMP(K)    =          75.87
 SC_Etot=       175.1110  SC_EKtot=         7.5386  SC_EPtot   =       167.5724
 SC_BOND=         2.5051  SC_ANGLE=         6.4626  SC_DIHED   =        14.1386
 SC_14NB=         4.5367  SC_14EEL=        91.8526  SC_VDW     =        -0.5037
 SC_EEL =        48.5805
 SC_RES_DIST=     0.0000  SC_RES_ANG=       0.0000  SC_RES_TORS=         0.0000
 SC_EEL_DER=     30.6877  SC_VDW_DER=      -9.5780  SC_DERIV   =        21.1096
 ------------------------------------------------------------------------------

 NMR restraints: Bond =    0.000   Angle =     0.000   Torsion =     0.000
===============================================================================

| TI region  1


 NSTEP =     7000   TIME(PS) =      14.000  TEMP(K) =    99.69  PRESS =     0.0
 Etot   =    -53740.3091  EKtot   =      3687.7240  EPtot      =    -57428.0331
 BOND   =       385.6361  ANGLE   =      1157.8396  DIHED      =      3486.4213
 1-4 NB =      1017.1500  1-4 EEL =     10649.8799  VDWAALS    =      5979.7217
 EELEC  =    -80322.2550  EHBOND  =         0.0000  RESTRAINT  =       217.5733
 EAMBER (non-restraint)  =    -57645.6064
 DV/DL  =        28.2652
 ------------------------------------------------------------------------------

  Softcore part of the system:      42 atoms,       TEMP(K)    =         114.90
 SC_Etot=       114.0582  SC_EKtot=        11.7586  SC_EPtot   =       102.2996
 SC_BOND=         2.0510  SC_ANGLE=        13.8182  SC_DIHED   =        22.0975
 SC_14NB=         3.4755  SC_14EEL=        26.2770  SC_VDW     =        -0.2055
 SC_EEL =        34.7860
 SC_RES_DIST=     0.0000  SC_RES_ANG=       0.0000  SC_RES_TORS=         0.0000
 SC_EEL_DER=     31.2891  SC_VDW_DER=      -9.9360  SC_DERIV   =        21.3531
 ------------------------------------------------------------------------------


| TI region  2


 NSTEP =     7000   TIME(PS) =      14.000  TEMP(K) =    99.58  PRESS =     0.0
 Etot   =    -53744.7256  EKtot   =      3683.3075  EPtot      =    -57428.0331
 BOND   =       385.6361  ANGLE   =      1157.8396  DIHED      =      3486.4213
 1-4 NB =      1017.1500  1-4 EEL =     10649.8799  VDWAALS    =      5979.7217
 EELEC  =    -80322.2550  EHBOND  =         0.0000  RESTRAINT  =       217.5733
 EAMBER (non-restraint)  =    -57645.6064
 DV/DL  =        28.2652
 ------------------------------------------------------------------------------

  Softcore part of the system:      41 atoms,       TEMP(K)    =          73.89
 SC_Etot=       177.0105  SC_EKtot=         7.3421  SC_EPtot   =       169.6684
 SC_BOND=         1.9644  SC_ANGLE=         9.8277  SC_DIHED   =        14.3373
 SC_14NB=         4.7104  SC_14EEL=        91.3117  SC_VDW     =        -0.2738
 SC_EEL =        47.7909
 SC_RES_DIST=     0.0000  SC_RES_ANG=       0.0000  SC_RES_TORS=         0.0000
 SC_EEL_DER=     31.2891  SC_VDW_DER=      -9.9360  SC_DERIV   =        21.3531
 ------------------------------------------------------------------------------

 NMR restraints: Bond =    0.000   Angle =     0.000   Torsion =     0.000
===============================================================================

| TI region  1


 NSTEP =     8000   TIME(PS) =      16.000  TEMP(K) =   114.22  PRESS =     0.0
 Etot   =    -52708.2347  EKtot   =      4225.1012  EPtot      =    -56933.3359
 BOND   =       413.5460  ANGLE   =      1253.5394  DIHED      =      3530.6387
 1-4 NB =      1015.5203  1-4 EEL =     10626.3417  VDWAALS    =      5759.1247
 EELEC  =    -79788.9527  EHBOND  =         0.0000  RESTRAINT  =       256.9059
 EAMBER (non-restraint)  =    -57190.2419
 DV/DL  =        39.5482
 ------------------------------------------------------------------------------

  Softcore part of the system:      42 atoms,       TEMP(K)    =          95.95
 SC_Etot=       112.0161  SC_EKtot=         9.8191  SC_EPtot   =       102.1971
 SC_BOND=         3.8958  SC_ANGLE=        14.3240  SC_DIHED   =        20.0897
 SC_14NB=         3.0120  SC_14EEL=        25.6183  SC_VDW     =         1.1206
 SC_EEL =        34.1367
 SC_RES_DIST=     0.0000  SC_RES_ANG=       0.0000  SC_RES_TORS=         0.0000
 SC_EEL_DER=     31.4480  SC_VDW_DER=      -6.3230  SC_DERIV   =        25.1250
 ------------------------------------------------------------------------------


| TI region  2


 NSTEP =     8000   TIME(PS) =      16.000  TEMP(K) =   114.32  PRESS =     0.0
 Etot   =    -52704.7562  EKtot   =      4228.5797  EPtot      =    -56933.3359
 BOND   =       413.5460  ANGLE   =      1253.5394  DIHED      =      3530.6387
 1-4 NB =      1015.5203  1-4 EEL =     10626.3417  VDWAALS    =      5759.1247
 EELEC  =    -79788.9527  EHBOND  =         0.0000  RESTRAINT  =       256.9059
 EAMBER (non-restraint)  =    -57190.2419
 DV/DL  =        39.5482
 ------------------------------------------------------------------------------

  Softcore part of the system:      41 atoms,       TEMP(K)    =         133.83
 SC_Etot=       188.4289  SC_EKtot=        13.2975  SC_EPtot   =       175.1314
 SC_BOND=         4.1421  SC_ANGLE=        11.9052  SC_DIHED   =        14.5679
 SC_14NB=         4.6534  SC_14EEL=        91.1254  SC_VDW     =         0.3336
 SC_EEL =        48.4038
 SC_RES_DIST=     0.0000  SC_RES_ANG=       0.0000  SC_RES_TORS=         0.0000
 SC_EEL_DER=     31.4480  SC_VDW_DER=      -6.3230  SC_DERIV   =        25.1250
 ------------------------------------------------------------------------------

 NMR restraints: Bond =    0.000   Angle =     0.000   Torsion =     0.000
===============================================================================

| TI region  1


 NSTEP =     9000   TIME(PS) =      18.000  TEMP(K) =   128.59  PRESS =     0.0
 Etot   =    -51719.8846  EKtot   =      4756.7619  EPtot      =    -56476.6465
 BOND   =       467.0513  ANGLE   =      1332.5097  DIHED      =      3527.7695
 1-4 NB =      1031.9080  1-4 EEL =     10620.4594  VDWAALS    =      5625.8782
 EELEC  =    -79367.6307  EHBOND  =         0.0000  RESTRAINT  =       285.4082
 EAMBER (non-restraint)  =    -56762.0548
 DV/DL  =        64.9390
 ------------------------------------------------------------------------------

  Softcore part of the system:      42 atoms,       TEMP(K)    =         146.14
 SC_Etot=       117.1843  SC_EKtot=        14.9558  SC_EPtot   =       102.2285
 SC_BOND=         3.1507  SC_ANGLE=        14.1509  SC_DIHED   =        20.7494
 SC_14NB=         3.2612  SC_14EEL=        26.2719  SC_VDW     =         0.4387
 SC_EEL =        34.2057
 SC_RES_DIST=     0.0000  SC_RES_ANG=       0.0000  SC_RES_TORS=         0.0000
 SC_EEL_DER=     38.0327  SC_VDW_DER=      -6.2599  SC_DERIV   =        31.7729
 ------------------------------------------------------------------------------


| TI region  2


 NSTEP =     9000   TIME(PS) =      18.000  TEMP(K) =   128.58  PRESS =     0.0
 Etot   =    -51720.6219  EKtot   =      4756.0246  EPtot      =    -56476.6465
 BOND   =       467.0513  ANGLE   =      1332.5097  DIHED      =      3527.7695
 1-4 NB =      1031.9080  1-4 EEL =     10620.4594  VDWAALS    =      5625.8782
 EELEC  =    -79367.6307  EHBOND  =         0.0000  RESTRAINT  =       285.4082
 EAMBER (non-restraint)  =    -56762.0548
 DV/DL  =        64.9390
 ------------------------------------------------------------------------------

  Softcore part of the system:      41 atoms,       TEMP(K)    =         143.10
 SC_Etot=       187.5352  SC_EKtot=        14.2185  SC_EPtot   =       173.3167
 SC_BOND=         1.9675  SC_ANGLE=        12.9541  SC_DIHED   =        14.5083
 SC_14NB=         4.3966  SC_14EEL=        92.3762  SC_VDW     =        -1.1331
 SC_EEL =        48.2471
 SC_RES_DIST=     0.0000  SC_RES_ANG=       0.0000  SC_RES_TORS=         0.0000
 SC_EEL_DER=     38.0327  SC_VDW_DER=      -6.2599  SC_DERIV   =        31.7729
 ------------------------------------------------------------------------------

 NMR restraints: Bond =    0.000   Angle =     0.000   Torsion =     0.000
===============================================================================

| TI region  1


 NSTEP =    10000   TIME(PS) =      20.000  TEMP(K) =   144.06  PRESS =     0.0
 Etot   =    -50629.9297  EKtot   =      5329.0407  EPtot      =    -55958.9705
 BOND   =       494.4333  ANGLE   =      1466.5376  DIHED      =      3550.2925
 1-4 NB =      1022.5272  1-4 EEL =     10604.1141  VDWAALS    =      5407.4348
 EELEC  =    -78823.5751  EHBOND  =         0.0000  RESTRAINT  =       319.2651
 EAMBER (non-restraint)  =    -56278.2356
 DV/DL  =        86.6248
 ------------------------------------------------------------------------------

  Softcore part of the system:      42 atoms,       TEMP(K)    =         153.22
 SC_Etot=       122.1709  SC_EKtot=        15.6802  SC_EPtot   =       106.4907
 SC_BOND=         6.2250  SC_ANGLE=        15.6813  SC_DIHED   =        19.8239
 SC_14NB=         3.2951  SC_14EEL=        25.3599  SC_VDW     =         1.2377
 SC_EEL =        34.8679
 SC_RES_DIST=     0.0000  SC_RES_ANG=       0.0000  SC_RES_TORS=         0.0000
 SC_EEL_DER=     35.3367  SC_VDW_DER=      -2.7593  SC_DERIV   =        32.5774
 ------------------------------------------------------------------------------


| TI region  2


 NSTEP =    10000   TIME(PS) =      20.000  TEMP(K) =   143.92  PRESS =     0.0
 Etot   =    -50635.4735  EKtot   =      5323.4970  EPtot      =    -55958.9705
 BOND   =       494.4333  ANGLE   =      1466.5376  DIHED      =      3550.2925
 1-4 NB =      1022.5272  1-4 EEL =     10604.1141  VDWAALS    =      5407.4348
 EELEC  =    -78823.5751  EHBOND  =         0.0000  RESTRAINT  =       319.2651
 EAMBER (non-restraint)  =    -56278.2356
 DV/DL  =        86.6248
 ------------------------------------------------------------------------------

  Softcore part of the system:      41 atoms,       TEMP(K)    =         102.02
 SC_Etot=       189.5525  SC_EKtot=        10.1364  SC_EPtot   =       179.4161
 SC_BOND=         7.6464  SC_ANGLE=        14.1081  SC_DIHED   =        16.1025
 SC_14NB=         3.5771  SC_14EEL=        90.7852  SC_VDW     =        -0.9237
 SC_EEL =        48.1206
 SC_RES_DIST=     0.0000  SC_RES_ANG=       0.0000  SC_RES_TORS=         0.0000
 SC_EEL_DER=     35.3367  SC_VDW_DER=      -2.7593  SC_DERIV   =        32.5774
 ------------------------------------------------------------------------------

 NMR restraints: Bond =    0.000   Angle =     0.000   Torsion =     0.000
===============================================================================

| TI region  1


 NSTEP =    11000   TIME(PS) =      22.000  TEMP(K) =   159.01  PRESS =     0.0
 Etot   =    -49540.9806  EKtot   =      5881.8483  EPtot      =    -55422.8289
 BOND   =       535.1386  ANGLE   =      1498.7306  DIHED      =      3573.2396
 1-4 NB =      1029.5745  1-4 EEL =     10595.2095  VDWAALS    =      5311.1430
 EELEC  =    -78313.2681  EHBOND  =         0.0000  RESTRAINT  =       347.4035
 EAMBER (non-restraint)  =    -55770.2323
 DV/DL  =        54.3214
 ------------------------------------------------------------------------------

  Softcore part of the system:      42 atoms,       TEMP(K)    =         158.49
 SC_Etot=       120.0446  SC_EKtot=        16.2203  SC_EPtot   =       103.8243
 SC_BOND=         3.1109  SC_ANGLE=        16.4784  SC_DIHED   =        18.5661
 SC_14NB=         3.5324  SC_14EEL=        25.9447  SC_VDW     =         1.7090
 SC_EEL =        34.4829
 SC_RES_DIST=     0.0000  SC_RES_ANG=       0.0000  SC_RES_TORS=         0.0000
 SC_EEL_DER=     28.6862  SC_VDW_DER=      -8.1463  SC_DERIV   =        20.5399
 ------------------------------------------------------------------------------


| TI region  2


 NSTEP =    11000   TIME(PS) =      22.000  TEMP(K) =   158.98  PRESS =     0.0
 Etot   =    -49542.4349  EKtot   =      5880.3940  EPtot      =    -55422.8289
 BOND   =       535.1386  ANGLE   =      1498.7306  DIHED      =      3573.2396
 1-4 NB =      1029.5745  1-4 EEL =     10595.2095  VDWAALS    =      5311.1430
 EELEC  =    -78313.2681  EHBOND  =         0.0000  RESTRAINT  =       347.4035
 EAMBER (non-restraint)  =    -55770.2323
 DV/DL  =        54.3214
 ------------------------------------------------------------------------------

  Softcore part of the system:      41 atoms,       TEMP(K)    =         148.61
 SC_Etot=       193.2054  SC_EKtot=        14.7660  SC_EPtot   =       178.4395
 SC_BOND=         3.3284  SC_ANGLE=        15.2776  SC_DIHED   =        15.1648
 SC_14NB=         5.4071  SC_14EEL=        91.0452  SC_VDW     =        -0.0968
 SC_EEL =        48.3132
 SC_RES_DIST=     0.0000  SC_RES_ANG=       0.0000  SC_RES_TORS=         0.0000
 SC_EEL_DER=     28.6862  SC_VDW_DER=      -8.1463  SC_DERIV   =        20.5399
 ------------------------------------------------------------------------------

 NMR restraints: Bond =    0.000   Angle =     0.000   Torsion =     0.000
===============================================================================

| TI region  1


 NSTEP =    12000   TIME(PS) =      24.000  TEMP(K) =   173.97  PRESS =     0.0
 Etot   =    -48534.4389  EKtot   =      6435.3041  EPtot      =    -54969.7431
 BOND   =       589.1546  ANGLE   =      1580.3624  DIHED      =      3576.7762
 1-4 NB =      1033.7526  1-4 EEL =     10610.5939  VDWAALS    =      5099.9055
 EELEC  =    -77836.9596  EHBOND  =         0.0000  RESTRAINT  =       376.6713
 EAMBER (non-restraint)  =    -55346.4144
 DV/DL  =        53.1224
 ------------------------------------------------------------------------------

  Softcore part of the system:      42 atoms,       TEMP(K)    =         185.56
 SC_Etot=       123.8886  SC_EKtot=        18.9901  SC_EPtot   =       104.8985
 SC_BOND=         4.5696  SC_ANGLE=        12.4714  SC_DIHED   =        23.3084
 SC_14NB=         3.0635  SC_14EEL=        26.2741  SC_VDW     =         1.0210
 SC_EEL =        34.1905
 SC_RES_DIST=     0.0000  SC_RES_ANG=       0.0000  SC_RES_TORS=         0.0000
 SC_EEL_DER=     27.7835  SC_VDW_DER=      -8.5612  SC_DERIV   =        19.2223
 ------------------------------------------------------------------------------


| TI region  2


 NSTEP =    12000   TIME(PS) =      24.000  TEMP(K) =   173.91  PRESS =     0.0
 Etot   =    -48537.0248  EKtot   =      6432.7183  EPtot      =    -54969.7431
 BOND   =       589.1546  ANGLE   =      1580.3624  DIHED      =      3576.7762
 1-4 NB =      1033.7526  1-4 EEL =     10610.5939  VDWAALS    =      5099.9055
 EELEC  =    -77836.9596  EHBOND  =         0.0000  RESTRAINT  =       376.6713
 EAMBER (non-restraint)  =    -55346.4144
 DV/DL  =        53.1224
 ------------------------------------------------------------------------------

  Softcore part of the system:      41 atoms,       TEMP(K)    =         165.10
 SC_Etot=       193.0638  SC_EKtot=        16.4043  SC_EPtot   =       176.6595
 SC_BOND=         2.7517  SC_ANGLE=        15.3694  SC_DIHED   =        16.0787
 SC_14NB=         3.9693  SC_14EEL=        90.8510  SC_VDW     =        -0.1321
 SC_EEL =        47.7716
 SC_RES_DIST=     0.0000  SC_RES_ANG=       0.0000  SC_RES_TORS=         0.0000
 SC_EEL_DER=     27.7835  SC_VDW_DER=      -8.5612  SC_DERIV   =        19.2223
 ------------------------------------------------------------------------------

 NMR restraints: Bond =    0.000   Angle =     0.000   Torsion =     0.000
===============================================================================

| TI region  1


 NSTEP =    13000   TIME(PS) =      26.000  TEMP(K) =   188.93  PRESS =     0.0
 Etot   =    -47337.8551  EKtot   =      6988.9884  EPtot      =    -54326.8435
 BOND   =       604.4413  ANGLE   =      1676.2198  DIHED      =      3607.6427
 1-4 NB =      1030.8759  1-4 EEL =     10624.9225  VDWAALS    =      4953.9234
 EELEC  =    -77235.2634  EHBOND  =         0.0000  RESTRAINT  =       410.3945
 EAMBER (non-restraint)  =    -54737.2379
 DV/DL  =        86.7922
 ------------------------------------------------------------------------------

  Softcore part of the system:      42 atoms,       TEMP(K)    =         152.27
 SC_Etot=       129.0479  SC_EKtot=        15.5835  SC_EPtot   =       113.4644
 SC_BOND=         5.5505  SC_ANGLE=        16.3049  SC_DIHED   =        24.4963
 SC_14NB=         4.4879  SC_14EEL=        26.6211  SC_VDW     =         1.7915
 SC_EEL =        34.2122
 SC_RES_DIST=     0.0000  SC_RES_ANG=       0.0000  SC_RES_TORS=         0.0000
 SC_EEL_DER=     40.8796  SC_VDW_DER=      -6.0221  SC_DERIV   =        34.8575
 ------------------------------------------------------------------------------


| TI region  2


 NSTEP =    13000   TIME(PS) =      26.000  TEMP(K) =   188.94  PRESS =     0.0
 Etot   =    -47338.3474  EKtot   =      6988.4960  EPtot      =    -54326.8435
 BOND   =       604.4413  ANGLE   =      1676.2198  DIHED      =      3607.6427
 1-4 NB =      1030.8759  1-4 EEL =     10624.9225  VDWAALS    =      4953.9234
 EELEC  =    -77235.2634  EHBOND  =         0.0000  RESTRAINT  =       410.3945
 EAMBER (non-restraint)  =    -54737.2379
 DV/DL  =        86.7922
 ------------------------------------------------------------------------------

  Softcore part of the system:      41 atoms,       TEMP(K)    =         151.88
 SC_Etot=       190.1279  SC_EKtot=        15.0911  SC_EPtot   =       175.0368
 SC_BOND=         5.0439  SC_ANGLE=         9.1503  SC_DIHED   =        15.4600
 SC_14NB=         5.8546  SC_14EEL=        91.0441  SC_VDW     =         0.2326
 SC_EEL =        48.2512
 SC_RES_DIST=     0.0000  SC_RES_ANG=       0.0000  SC_RES_TORS=         0.0000
 SC_EEL_DER=     40.8796  SC_VDW_DER=      -6.0221  SC_DERIV   =        34.8575
 ------------------------------------------------------------------------------

 NMR restraints: Bond =    0.000   Angle =     0.000   Torsion =     0.000
===============================================================================

| TI region  1


 NSTEP =    14000   TIME(PS) =      28.000  TEMP(K) =   200.07  PRESS =     0.0
 Etot   =    -46149.3134  EKtot   =      7400.7477  EPtot      =    -53550.0611
 BOND   =       642.7619  ANGLE   =      1773.5913  DIHED      =      3646.2243
 1-4 NB =      1050.5126  1-4 EEL =     10641.1643  VDWAALS    =      4892.4190
 EELEC  =    -76647.7968  EHBOND  =         0.0000  RESTRAINT  =       451.0623
 EAMBER (non-restraint)  =    -54001.1235
 DV/DL  =        61.4378
 ------------------------------------------------------------------------------

  Softcore part of the system:      42 atoms,       TEMP(K)    =         170.21
 SC_Etot=       126.1787  SC_EKtot=        17.4189  SC_EPtot   =       108.7598
 SC_BOND=         3.3425  SC_ANGLE=        20.1770  SC_DIHED   =        20.3160
 SC_14NB=         3.2272  SC_14EEL=        26.4388  SC_VDW     =         1.1038
 SC_EEL =        34.1545
 SC_RES_DIST=     0.0000  SC_RES_ANG=       0.0000  SC_RES_TORS=         0.0000
 SC_EEL_DER=     37.5401  SC_VDW_DER=      -5.5466  SC_DERIV   =        31.9936
 ------------------------------------------------------------------------------


| TI region  2


 NSTEP =    14000   TIME(PS) =      28.000  TEMP(K) =   200.17  PRESS =     0.0
 Etot   =    -46146.1644  EKtot   =      7403.8967  EPtot      =    -53550.0611
 BOND   =       642.7619  ANGLE   =      1773.5913  DIHED      =      3646.2243
 1-4 NB =      1050.5126  1-4 EEL =     10641.1643  VDWAALS    =      4892.4190
 EELEC  =    -76647.7968  EHBOND  =         0.0000  RESTRAINT  =       451.0623
 EAMBER (non-restraint)  =    -54001.1235
 DV/DL  =        61.4378
 ------------------------------------------------------------------------------

  Softcore part of the system:      41 atoms,       TEMP(K)    =         207.00
 SC_Etot=       197.6358  SC_EKtot=        20.5679  SC_EPtot   =       177.0679
 SC_BOND=         3.7568  SC_ANGLE=        14.7974  SC_DIHED   =        14.2109
 SC_14NB=         4.6375  SC_14EEL=        91.4337  SC_VDW     =        -0.4858
 SC_EEL =        48.7175
 SC_RES_DIST=     0.0000  SC_RES_ANG=       0.0000  SC_RES_TORS=         0.0000
 SC_EEL_DER=     37.5401  SC_VDW_DER=      -5.5466  SC_DERIV   =        31.9936
 ------------------------------------------------------------------------------

 NMR restraints: Bond =    0.000   Angle =     0.000   Torsion =     0.000
===============================================================================

| TI region  1


 NSTEP =    15000   TIME(PS) =      30.000  TEMP(K) =   217.29  PRESS =     0.0
 Etot   =    -44929.5334  EKtot   =      8037.9036  EPtot      =    -52967.4370
 BOND   =       657.8823  ANGLE   =      1819.3455  DIHED      =      3641.3504
 1-4 NB =      1064.4220  1-4 EEL =     10621.1734  VDWAALS    =      4369.9828
 EELEC  =    -75583.1326  EHBOND  =         0.0000  RESTRAINT  =       441.5393
 EAMBER (non-restraint)  =    -53408.9763
 DV/DL  =        43.5694
 ------------------------------------------------------------------------------

  Softcore part of the system:      42 atoms,       TEMP(K)    =         236.60
 SC_Etot=       133.3878  SC_EKtot=        24.2139  SC_EPtot   =       109.1739
 SC_BOND=         4.4490  SC_ANGLE=        17.0324  SC_DIHED   =        23.7630
 SC_14NB=         3.5939  SC_14EEL=        25.5497  SC_VDW     =        -0.2186
 SC_EEL =        35.0044
 SC_RES_DIST=     0.0000  SC_RES_ANG=       0.0000  SC_RES_TORS=         0.0000
 SC_EEL_DER=     30.8258  SC_VDW_DER=      -6.9130  SC_DERIV   =        23.9128
 ------------------------------------------------------------------------------


| TI region  2


 NSTEP =    15000   TIME(PS) =      30.000  TEMP(K) =   217.29  PRESS =     0.0
 Etot   =    -44930.2848  EKtot   =      8037.1522  EPtot      =    -52967.4370
 BOND   =       657.8823  ANGLE   =      1819.3455  DIHED      =      3641.3504
 1-4 NB =      1064.4220  1-4 EEL =     10621.1734  VDWAALS    =      4369.9828
 EELEC  =    -75583.1326  EHBOND  =         0.0000  RESTRAINT  =       441.5393
 EAMBER (non-restraint)  =    -53408.9763
 DV/DL  =        43.5694
 ------------------------------------------------------------------------------

  Softcore part of the system:      41 atoms,       TEMP(K)    =         236.14
 SC_Etot=       206.7810  SC_EKtot=        23.4625  SC_EPtot   =       183.3186
 SC_BOND=         7.1522  SC_ANGLE=        17.7705  SC_DIHED   =        13.8107
 SC_14NB=         4.1557  SC_14EEL=        91.6953  SC_VDW     =        -0.6409
 SC_EEL =        49.3751
 SC_RES_DIST=     0.0000  SC_RES_ANG=       0.0000  SC_RES_TORS=         0.0000
 SC_EEL_DER=     30.8258  SC_VDW_DER=      -6.9130  SC_DERIV   =        23.9128
 ------------------------------------------------------------------------------

 NMR restraints: Bond =    0.000   Angle =     0.000   Torsion =     0.000
===============================================================================

| TI region  1


 NSTEP =    16000   TIME(PS) =      32.000  TEMP(K) =   232.81  PRESS =     0.0
 Etot   =    -43492.4613  EKtot   =      8611.9214  EPtot      =    -52104.3827
 BOND   =       694.6516  ANGLE   =      1913.9601  DIHED      =      3673.8420
 1-4 NB =      1074.7409  1-4 EEL =     10656.8559  VDWAALS    =      4149.2699
 EELEC  =    -74734.1751  EHBOND  =         0.0000  RESTRAINT  =       466.4720
 EAMBER (non-restraint)  =    -52570.8547
 DV/DL  =        56.2843
 ------------------------------------------------------------------------------

  Softcore part of the system:      42 atoms,       TEMP(K)    =         255.40
 SC_Etot=       142.1302  SC_EKtot=        26.1379  SC_EPtot   =       115.9923
 SC_BOND=         4.9849  SC_ANGLE=        24.6785  SC_DIHED   =        23.0428
 SC_14NB=         3.0050  SC_14EEL=        26.8554  SC_VDW     =        -0.1252
 SC_EEL =        33.5508
 SC_RES_DIST=     0.0000  SC_RES_ANG=       0.0000  SC_RES_TORS=         0.0000
 SC_EEL_DER=     39.5614  SC_VDW_DER=      -6.4439  SC_DERIV   =        33.1176
 ------------------------------------------------------------------------------


| TI region  2


 NSTEP =    16000   TIME(PS) =      32.000  TEMP(K) =   232.69  PRESS =     0.0
 Etot   =    -43497.6156  EKtot   =      8606.7671  EPtot      =    -52104.3827
 BOND   =       694.6516  ANGLE   =      1913.9601  DIHED      =      3673.8420
 1-4 NB =      1074.7409  1-4 EEL =     10656.8559  VDWAALS    =      4149.2699
 EELEC  =    -74734.1751  EHBOND  =         0.0000  RESTRAINT  =       466.4720
 EAMBER (non-restraint)  =    -52570.8547
 DV/DL  =        56.2843
 ------------------------------------------------------------------------------

  Softcore part of the system:      41 atoms,       TEMP(K)    =         211.19
 SC_Etot=       203.8121  SC_EKtot=        20.9836  SC_EPtot   =       182.8285
 SC_BOND=         7.1192  SC_ANGLE=        16.0743  SC_DIHED   =        16.3781
 SC_14NB=         4.6131  SC_14EEL=        91.3131  SC_VDW     =        -0.6712
 SC_EEL =        48.0020
 SC_RES_DIST=     0.0000  SC_RES_ANG=       0.0000  SC_RES_TORS=         0.0000
 SC_EEL_DER=     39.5614  SC_VDW_DER=      -6.4439  SC_DERIV   =        33.1176
 ------------------------------------------------------------------------------

 NMR restraints: Bond =    0.000   Angle =     0.000   Torsion =     0.000
===============================================================================

| TI region  1


 NSTEP =    17000   TIME(PS) =      34.000  TEMP(K) =   248.60  PRESS =     0.0
 Etot   =    -41999.7545  EKtot   =      9196.1893  EPtot      =    -51195.9438
 BOND   =       736.2944  ANGLE   =      1998.3200  DIHED      =      3689.7879
 1-4 NB =      1061.3493  1-4 EEL =     10616.4128  VDWAALS    =      3955.6863
 EELEC  =    -73773.5577  EHBOND  =         0.0000  RESTRAINT  =       519.7632
 EAMBER (non-restraint)  =    -51715.7070
 DV/DL  =        62.8658
 ------------------------------------------------------------------------------

  Softcore part of the system:      42 atoms,       TEMP(K)    =         260.09
 SC_Etot=       141.6471  SC_EKtot=        26.6173  SC_EPtot   =       115.0298
 SC_BOND=         3.9553  SC_ANGLE=        23.1361  SC_DIHED   =        21.1493
 SC_14NB=         3.9305  SC_14EEL=        25.1995  SC_VDW     =         2.6952
 SC_EEL =        34.9640
 SC_RES_DIST=     0.0000  SC_RES_ANG=       0.0000  SC_RES_TORS=         0.0000
 SC_EEL_DER=     30.9711  SC_VDW_DER=      -4.8363  SC_DERIV   =        26.1348
 ------------------------------------------------------------------------------


| TI region  2


 NSTEP =    17000   TIME(PS) =      34.000  TEMP(K) =   248.83  PRESS =     0.0
 Etot   =    -41992.1462  EKtot   =      9203.7976  EPtot      =    -51195.9438
 BOND   =       736.2944  ANGLE   =      1998.3200  DIHED      =      3689.7879
 1-4 NB =      1061.3493  1-4 EEL =     10616.4128  VDWAALS    =      3955.6863
 EELEC  =    -73773.5577  EHBOND  =         0.0000  RESTRAINT  =       519.7632
 EAMBER (non-restraint)  =    -51715.7070
 DV/DL  =        62.8658
 ------------------------------------------------------------------------------

  Softcore part of the system:      41 atoms,       TEMP(K)    =         344.46
 SC_Etot=       222.6876  SC_EKtot=        34.2256  SC_EPtot   =       188.4620
 SC_BOND=         5.4842  SC_ANGLE=        21.8257  SC_DIHED   =        17.0492
 SC_14NB=         3.9918  SC_14EEL=        90.2791  SC_VDW     =         0.0966
 SC_EEL =        49.7352
 SC_RES_DIST=     0.0000  SC_RES_ANG=       0.0000  SC_RES_TORS=         0.0000
 SC_EEL_DER=     30.9711  SC_VDW_DER=      -4.8363  SC_DERIV   =        26.1348
 ------------------------------------------------------------------------------

 NMR restraints: Bond =    0.000   Angle =     0.000   Torsion =     0.000
===============================================================================

| TI region  1


 NSTEP =    18000   TIME(PS) =      36.000  TEMP(K) =   258.12  PRESS =     0.0
 Etot   =    -40761.8113  EKtot   =      9548.2211  EPtot      =    -50310.0324
 BOND   =       771.3952  ANGLE   =      2058.0685  DIHED      =      3685.7313
 1-4 NB =      1086.0249  1-4 EEL =     10650.7752  VDWAALS    =      3639.9055
 EELEC  =    -72758.5598  EHBOND  =         0.0000  RESTRAINT  =       556.6268
 EAMBER (non-restraint)  =    -50866.6592
 DV/DL  =        54.2600
 ------------------------------------------------------------------------------

  Softcore part of the system:      42 atoms,       TEMP(K)    =         297.49
 SC_Etot=       139.3474  SC_EKtot=        30.4451  SC_EPtot   =       108.9023
 SC_BOND=         3.5034  SC_ANGLE=        17.9446  SC_DIHED   =        22.6844
 SC_14NB=         3.2009  SC_14EEL=        27.1510  SC_VDW     =         0.5091
 SC_EEL =        33.9088
 SC_RES_DIST=     0.0000  SC_RES_ANG=       0.0000  SC_RES_TORS=         0.0000
 SC_EEL_DER=     26.7477  SC_VDW_DER=      -3.4501  SC_DERIV   =        23.2976
 ------------------------------------------------------------------------------


| TI region  2


 NSTEP =    18000   TIME(PS) =      36.000  TEMP(K) =   258.11  PRESS =     0.0
 Etot   =    -40763.0283  EKtot   =      9547.0041  EPtot      =    -50310.0324
 BOND   =       771.3952  ANGLE   =      2058.0685  DIHED      =      3685.7313
 1-4 NB =      1086.0249  1-4 EEL =     10650.7752  VDWAALS    =      3639.9055
 EELEC  =    -72758.5598  EHBOND  =         0.0000  RESTRAINT  =       556.6268
 EAMBER (non-restraint)  =    -50866.6592
 DV/DL  =        54.2600
 ------------------------------------------------------------------------------

  Softcore part of the system:      41 atoms,       TEMP(K)    =         294.17
 SC_Etot=       214.0778  SC_EKtot=        29.2281  SC_EPtot   =       184.8497
 SC_BOND=         5.0784  SC_ANGLE=        20.6328  SC_DIHED   =        17.1282
 SC_14NB=         4.5625  SC_14EEL=        90.1796  SC_VDW     =         0.2313
 SC_EEL =        47.0369
 SC_RES_DIST=     0.0000  SC_RES_ANG=       0.0000  SC_RES_TORS=         0.0000
 SC_EEL_DER=     26.7477  SC_VDW_DER=      -3.4501  SC_DERIV   =        23.2976
 ------------------------------------------------------------------------------

 NMR restraints: Bond =    0.000   Angle =     0.000   Torsion =     0.000
===============================================================================

| TI region  1


 NSTEP =    19000   TIME(PS) =      38.000  TEMP(K) =   277.78  PRESS =     0.0
 Etot   =    -38996.8422  EKtot   =     10275.6030  EPtot      =    -49272.4452
 BOND   =       780.4081  ANGLE   =      2182.9867  DIHED      =      3711.0270
 1-4 NB =      1085.2350  1-4 EEL =     10612.6215  VDWAALS    =      3323.7452
 EELEC  =    -71519.8353  EHBOND  =         0.0000  RESTRAINT  =       551.3666
 EAMBER (non-restraint)  =    -49823.8118
 DV/DL  =        44.2198
 ------------------------------------------------------------------------------

  Softcore part of the system:      42 atoms,       TEMP(K)    =         230.84
 SC_Etot=       137.9527  SC_EKtot=        23.6240  SC_EPtot   =       114.3287
 SC_BOND=         5.5259  SC_ANGLE=        21.5800  SC_DIHED   =        23.4336
 SC_14NB=         3.3951  SC_14EEL=        25.9700  SC_VDW     =         0.8391
 SC_EEL =        33.5850
 SC_RES_DIST=     0.0000  SC_RES_ANG=       0.0000  SC_RES_TORS=         0.0000
 SC_EEL_DER=     21.7355  SC_VDW_DER=      -4.2979  SC_DERIV   =        17.4376
 ------------------------------------------------------------------------------


| TI region  2


 NSTEP =    19000   TIME(PS) =      38.000  TEMP(K) =   278.04  PRESS =     0.0
 Etot   =    -38987.9646  EKtot   =     10284.4806  EPtot      =    -49272.4452
 BOND   =       780.4081  ANGLE   =      2182.9867  DIHED      =      3711.0270
 1-4 NB =      1085.2350  1-4 EEL =     10612.6215  VDWAALS    =      3323.7452
 EELEC  =    -71519.8353  EHBOND  =         0.0000  RESTRAINT  =       551.3666
 EAMBER (non-restraint)  =    -49823.8118
 DV/DL  =        44.2198
 ------------------------------------------------------------------------------

  Softcore part of the system:      41 atoms,       TEMP(K)    =         327.11
 SC_Etot=       226.3638  SC_EKtot=        32.5017  SC_EPtot   =       193.8621
 SC_BOND=        10.0617  SC_ANGLE=        26.7933  SC_DIHED   =        18.6486
 SC_14NB=         2.7632  SC_14EEL=        88.9863  SC_VDW     =        -0.9777
 SC_EEL =        47.5866
 SC_RES_DIST=     0.0000  SC_RES_ANG=       0.0000  SC_RES_TORS=         0.0000
 SC_EEL_DER=     21.7355  SC_VDW_DER=      -4.2979  SC_DERIV   =        17.4376
 ------------------------------------------------------------------------------

 NMR restraints: Bond =    0.000   Angle =     0.000   Torsion =     0.000
===============================================================================

| TI region  1


 NSTEP =    20000   TIME(PS) =      40.000  TEMP(K) =   291.59  PRESS =     0.0
 Etot   =    -37515.0086  EKtot   =     10786.3514  EPtot      =    -48301.3600
 BOND   =       898.9476  ANGLE   =      2262.6836  DIHED      =      3733.8358
 1-4 NB =      1082.7115  1-4 EEL =     10625.3884  VDWAALS    =      3064.6526
 EELEC  =    -70577.6200  EHBOND  =         0.0000  RESTRAINT  =       608.0404
 EAMBER (non-restraint)  =    -48909.4004
 DV/DL  =        57.2136
 ------------------------------------------------------------------------------

  Softcore part of the system:      42 atoms,       TEMP(K)    =         285.96
 SC_Etot=       143.4178  SC_EKtot=        29.2654  SC_EPtot   =       114.1525
 SC_BOND=         4.2481  SC_ANGLE=        23.0268  SC_DIHED   =        20.4704
 SC_14NB=         3.2848  SC_14EEL=        27.1802  SC_VDW     =         1.9299
 SC_EEL =        34.0122
 SC_RES_DIST=     0.0000  SC_RES_ANG=       0.0000  SC_RES_TORS=         0.0000
 SC_EEL_DER=     25.6738  SC_VDW_DER=      -2.3960  SC_DERIV   =        23.2778
 ------------------------------------------------------------------------------


| TI region  2


 NSTEP =    20000   TIME(PS) =      40.000  TEMP(K) =   291.51  PRESS =     0.0
 Etot   =    -37518.8620  EKtot   =     10782.4980  EPtot      =    -48301.3600
 BOND   =       898.9476  ANGLE   =      2262.6836  DIHED      =      3733.8358
 1-4 NB =      1082.7115  1-4 EEL =     10625.3884  VDWAALS    =      3064.6526
 EELEC  =    -70577.6200  EHBOND  =         0.0000  RESTRAINT  =       608.0404
 EAMBER (non-restraint)  =    -48909.4004
 DV/DL  =        57.2136
 ------------------------------------------------------------------------------

  Softcore part of the system:      41 atoms,       TEMP(K)    =         255.76
 SC_Etot=       217.7359  SC_EKtot=        25.4120  SC_EPtot   =       192.3239
 SC_BOND=         8.8427  SC_ANGLE=        26.1906  SC_DIHED   =        14.4097
 SC_14NB=         4.9386  SC_14EEL=        91.3742  SC_VDW     =        -1.2072
 SC_EEL =        47.7753
 SC_RES_DIST=     0.0000  SC_RES_ANG=       0.0000  SC_RES_TORS=         0.0000
 SC_EEL_DER=     25.6738  SC_VDW_DER=      -2.3960  SC_DERIV   =        23.2778
 ------------------------------------------------------------------------------

 NMR restraints: Bond =    0.000   Angle =     0.000   Torsion =     0.000
===============================================================================

| TI region  1


 NSTEP =    21000   TIME(PS) =      42.000  TEMP(K) =   296.39  PRESS =     0.0
 Etot   =    -37147.3336  EKtot   =     10963.9276  EPtot      =    -48111.2612
 BOND   =       824.6719  ANGLE   =      2328.3645  DIHED      =      3757.5001
 1-4 NB =      1075.3628  1-4 EEL =     10591.3416  VDWAALS    =      2828.6584
 EELEC  =    -70128.3117  EHBOND  =         0.0000  RESTRAINT  =       611.1510
 EAMBER (non-restraint)  =    -48722.4122
 DV/DL  =        54.8323
 ------------------------------------------------------------------------------

  Softcore part of the system:      42 atoms,       TEMP(K)    =         276.68
 SC_Etot=       146.3194  SC_EKtot=        28.3154  SC_EPtot   =       118.0040
 SC_BOND=         6.4696  SC_ANGLE=        21.2451  SC_DIHED   =        25.1051
 SC_14NB=         3.9352  SC_14EEL=        27.1866  SC_VDW     =        -0.0860
 SC_EEL =        34.1484
 SC_RES_DIST=     0.0000  SC_RES_ANG=       0.0000  SC_RES_TORS=         0.0000
 SC_EEL_DER=     32.5418  SC_VDW_DER=     -13.6093  SC_DERIV   =        18.9325
 ------------------------------------------------------------------------------


| TI region  2


 NSTEP =    21000   TIME(PS) =      42.000  TEMP(K) =   296.47  PRESS =     0.0
 Etot   =    -37145.3183  EKtot   =     10965.9429  EPtot      =    -48111.2612
 BOND   =       824.6719  ANGLE   =      2328.3645  DIHED      =      3757.5001
 1-4 NB =      1075.3628  1-4 EEL =     10591.3416  VDWAALS    =      2828.6584
 EELEC  =    -70128.3117  EHBOND  =         0.0000  RESTRAINT  =       611.1510
 EAMBER (non-restraint)  =    -48722.4122
 DV/DL  =        54.8323
 ------------------------------------------------------------------------------

  Softcore part of the system:      41 atoms,       TEMP(K)    =         305.26
 SC_Etot=       215.5099  SC_EKtot=        30.3308  SC_EPtot   =       185.1791
 SC_BOND=         6.1309  SC_ANGLE=        19.0665  SC_DIHED   =        15.3532
 SC_14NB=         4.6275  SC_14EEL=        90.2727  SC_VDW     =         1.6505
 SC_EEL =        48.0780
 SC_RES_DIST=     0.0000  SC_RES_ANG=       0.0000  SC_RES_TORS=         0.0000
 SC_EEL_DER=     32.5418  SC_VDW_DER=     -13.6093  SC_DERIV   =        18.9325
 ------------------------------------------------------------------------------

 NMR restraints: Bond =    0.000   Angle =     0.000   Torsion =     0.000
===============================================================================

| TI region  1


 NSTEP =    22000   TIME(PS) =      44.000  TEMP(K) =   302.10  PRESS =     0.0
 Etot   =    -36837.0183  EKtot   =     11175.2013  EPtot      =    -48012.2196
 BOND   =       877.6434  ANGLE   =      2268.3702  DIHED      =      3747.4620
 1-4 NB =      1078.2803  1-4 EEL =     10566.5395  VDWAALS    =      2737.3437
 EELEC  =    -69912.7873  EHBOND  =         0.0000  RESTRAINT  =       624.9286
 EAMBER (non-restraint)  =    -48637.1482
 DV/DL  =        44.3704
 ------------------------------------------------------------------------------

  Softcore part of the system:      42 atoms,       TEMP(K)    =         253.20
 SC_Etot=       139.1477  SC_EKtot=        25.9127  SC_EPtot   =       113.2350
 SC_BOND=         5.3973  SC_ANGLE=        23.0872  SC_DIHED   =        20.9664
 SC_14NB=         2.5690  SC_14EEL=        26.3498  SC_VDW     =         0.9113
 SC_EEL =        33.9539
 SC_RES_DIST=     0.0000  SC_RES_ANG=       0.0000  SC_RES_TORS=         0.0000
 SC_EEL_DER=     29.5638  SC_VDW_DER=      -9.8261  SC_DERIV   =        19.7377
 ------------------------------------------------------------------------------


| TI region  2


 NSTEP =    22000   TIME(PS) =      44.000  TEMP(K) =   302.23  PRESS =     0.0
 Etot   =    -36833.0920  EKtot   =     11179.1276  EPtot      =    -48012.2196
 BOND   =       877.6434  ANGLE   =      2268.3702  DIHED      =      3747.4620
 1-4 NB =      1078.2803  1-4 EEL =     10566.5395  VDWAALS    =      2737.3437
 EELEC  =    -69912.7873  EHBOND  =         0.0000  RESTRAINT  =       624.9286
 EAMBER (non-restraint)  =    -48637.1482
 DV/DL  =        44.3704
 ------------------------------------------------------------------------------

  Softcore part of the system:      41 atoms,       TEMP(K)    =         300.31
 SC_Etot=       216.2053  SC_EKtot=        29.8390  SC_EPtot   =       186.3662
 SC_BOND=         6.8249  SC_ANGLE=        18.6984  SC_DIHED   =        16.8496
 SC_14NB=         4.4299  SC_14EEL=        91.3963  SC_VDW     =        -0.6826
 SC_EEL =        48.8498
 SC_RES_DIST=     0.0000  SC_RES_ANG=       0.0000  SC_RES_TORS=         0.0000
 SC_EEL_DER=     29.5638  SC_VDW_DER=      -9.8261  SC_DERIV   =        19.7377
 ------------------------------------------------------------------------------

 NMR restraints: Bond =    0.000   Angle =     0.000   Torsion =     0.000
===============================================================================

| TI region  1


 NSTEP =    23000   TIME(PS) =      46.000  TEMP(K) =   298.66  PRESS =     0.0
 Etot   =    -36773.4866  EKtot   =     11047.8411  EPtot      =    -47821.3277
 BOND   =       887.8113  ANGLE   =      2290.8318  DIHED      =      3757.3321
 1-4 NB =      1093.8898  1-4 EEL =     10582.0117  VDWAALS    =      2729.6937
 EELEC  =    -69788.7529  EHBOND  =         0.0000  RESTRAINT  =       625.8548
 EAMBER (non-restraint)  =    -48447.1825
 DV/DL  =        30.7944
 ------------------------------------------------------------------------------

  Softcore part of the system:      42 atoms,       TEMP(K)    =         348.64
 SC_Etot=       148.1298  SC_EKtot=        35.6795  SC_EPtot   =       112.4503
 SC_BOND=         2.2874  SC_ANGLE=        21.4726  SC_DIHED   =        23.4247
 SC_14NB=         4.4924  SC_14EEL=        25.6714  SC_VDW     =         0.3691
 SC_EEL =        34.7327
 SC_RES_DIST=     0.0000  SC_RES_ANG=       0.0000  SC_RES_TORS=         0.0000
 SC_EEL_DER=     22.0394  SC_VDW_DER=      -6.4639  SC_DERIV   =        15.5755
 ------------------------------------------------------------------------------


| TI region  2


 NSTEP =    23000   TIME(PS) =      46.000  TEMP(K) =   298.49  PRESS =     0.0
 Etot   =    -36780.7598  EKtot   =     11040.5679  EPtot      =    -47821.3277
 BOND   =       887.8113  ANGLE   =      2290.8318  DIHED      =      3757.3321
 1-4 NB =      1093.8898  1-4 EEL =     10582.0117  VDWAALS    =      2729.6937
 EELEC  =    -69788.7529  EHBOND  =         0.0000  RESTRAINT  =       625.8548
 EAMBER (non-restraint)  =    -48447.1825
 DV/DL  =        30.7944
 ------------------------------------------------------------------------------

  Softcore part of the system:      41 atoms,       TEMP(K)    =         285.89
 SC_Etot=       223.3002  SC_EKtot=        28.4063  SC_EPtot   =       194.8939
 SC_BOND=        10.1964  SC_ANGLE=        24.8567  SC_DIHED   =        16.1699
 SC_14NB=         4.4623  SC_14EEL=        90.9234  SC_VDW     =         0.6551
 SC_EEL =        47.6302
 SC_RES_DIST=     0.0000  SC_RES_ANG=       0.0000  SC_RES_TORS=         0.0000
 SC_EEL_DER=     22.0394  SC_VDW_DER=      -6.4639  SC_DERIV   =        15.5755
 ------------------------------------------------------------------------------

 NMR restraints: Bond =    0.000   Angle =     0.000   Torsion =     0.000
===============================================================================

| TI region  1


 NSTEP =    24000   TIME(PS) =      48.000  TEMP(K) =   297.22  PRESS =     0.0
 Etot   =    -36898.3718  EKtot   =     10994.7080  EPtot      =    -47893.0798
 BOND   =       841.8968  ANGLE   =      2302.2171  DIHED      =      3765.7477
 1-4 NB =      1091.1908  1-4 EEL =     10651.7805  VDWAALS    =      2812.4651
 EELEC  =    -69973.6944  EHBOND  =         0.0000  RESTRAINT  =       615.3166
 EAMBER (non-restraint)  =    -48508.3964
 DV/DL  =        49.3129
 ------------------------------------------------------------------------------

  Softcore part of the system:      42 atoms,       TEMP(K)    =         300.57
 SC_Etot=       147.3779  SC_EKtot=        30.7609  SC_EPtot   =       116.6170
 SC_BOND=         6.2793  SC_ANGLE=        24.3167  SC_DIHED   =        20.1203
 SC_14NB=         3.4615  SC_14EEL=        25.9968  SC_VDW     =         0.6432
 SC_EEL =        35.7994
 SC_RES_DIST=     0.0000  SC_RES_ANG=       0.0000  SC_RES_TORS=         0.0000
 SC_EEL_DER=     27.9166  SC_VDW_DER=      -6.4994  SC_DERIV   =        21.4172
 ------------------------------------------------------------------------------


| TI region  2


 NSTEP =    24000   TIME(PS) =      48.000  TEMP(K) =   297.37  PRESS =     0.0
 Etot   =    -36893.6575  EKtot   =     10999.4223  EPtot      =    -47893.0798
 BOND   =       841.8968  ANGLE   =      2302.2171  DIHED      =      3765.7477
 1-4 NB =      1091.1908  1-4 EEL =     10651.7805  VDWAALS    =      2812.4651
 EELEC  =    -69973.6944  EHBOND  =         0.0000  RESTRAINT  =       615.3166
 EAMBER (non-restraint)  =    -48508.3964
 DV/DL  =        49.3129
 ------------------------------------------------------------------------------

  Softcore part of the system:      41 atoms,       TEMP(K)    =         357.04
 SC_Etot=       227.9047  SC_EKtot=        35.4753  SC_EPtot   =       192.4294
 SC_BOND=         8.1088  SC_ANGLE=        25.2459  SC_DIHED   =        16.6375
 SC_14NB=         4.1499  SC_14EEL=        92.2734  SC_VDW     =        -0.8479
 SC_EEL =        46.8618
 SC_RES_DIST=     0.0000  SC_RES_ANG=       0.0000  SC_RES_TORS=         0.0000
 SC_EEL_DER=     27.9166  SC_VDW_DER=      -6.4994  SC_DERIV   =        21.4172
 ------------------------------------------------------------------------------

 NMR restraints: Bond =    0.000   Angle =     0.000   Torsion =     0.000
===============================================================================

| TI region  1


 NSTEP =    25000   TIME(PS) =      50.000  TEMP(K) =   298.69  PRESS =     0.0
 Etot   =    -36627.5425  EKtot   =     11049.0144  EPtot      =    -47676.5570
 BOND   =       863.7337  ANGLE   =      2309.4514  DIHED      =      3758.2312
 1-4 NB =      1098.5460  1-4 EEL =     10642.4642  VDWAALS    =      2736.1620
 EELEC  =    -69726.9302  EHBOND  =         0.0000  RESTRAINT  =       641.7848
 EAMBER (non-restraint)  =    -48318.3418
 DV/DL  =        53.4415
 ------------------------------------------------------------------------------

  Softcore part of the system:      42 atoms,       TEMP(K)    =         286.25
 SC_Etot=       151.4749  SC_EKtot=        29.2945  SC_EPtot   =       122.1805
 SC_BOND=         5.7672  SC_ANGLE=        28.4431  SC_DIHED   =        21.9186
 SC_14NB=         3.5170  SC_14EEL=        26.2112  SC_VDW     =         2.1456
 SC_EEL =        34.1778
 SC_RES_DIST=     0.0000  SC_RES_ANG=       0.0000  SC_RES_TORS=         0.0000
 SC_EEL_DER=     19.1810  SC_VDW_DER=      -1.6305  SC_DERIV   =        17.5505
 ------------------------------------------------------------------------------


| TI region  2


 NSTEP =    25000   TIME(PS) =      50.000  TEMP(K) =   298.72  PRESS =     0.0
 Etot   =    -36627.1961  EKtot   =     11049.3609  EPtot      =    -47676.5570
 BOND   =       863.7337  ANGLE   =      2309.4514  DIHED      =      3758.2312
 1-4 NB =      1098.5460  1-4 EEL =     10642.4642  VDWAALS    =      2736.1620
 EELEC  =    -69726.9302  EHBOND  =         0.0000  RESTRAINT  =       641.7848
 EAMBER (non-restraint)  =    -48318.3418
 DV/DL  =        53.4415
 ------------------------------------------------------------------------------

  Softcore part of the system:      41 atoms,       TEMP(K)    =         298.32
 SC_Etot=       219.3955  SC_EKtot=        29.6410  SC_EPtot   =       189.7546
 SC_BOND=        14.5325  SC_ANGLE=        17.4885  SC_DIHED   =        17.2633
 SC_14NB=         3.4513  SC_14EEL=        89.4980  SC_VDW     =        -0.0089
 SC_EEL =        47.5298
 SC_RES_DIST=     0.0000  SC_RES_ANG=       0.0000  SC_RES_TORS=         0.0000
 SC_EEL_DER=     19.1810  SC_VDW_DER=      -1.6305  SC_DERIV   =        17.5505
 ------------------------------------------------------------------------------

 NMR restraints: Bond =    0.000   Angle =     0.000   Torsion =     0.000
===============================================================================

| TI region  1


      A V E R A G E S   O V E R      25 S T E P S


 NSTEP =    25000   TIME(PS) =      50.000  TEMP(K) =   180.78  PRESS =     0.0
 Etot   =    -47022.5159  EKtot   =      6687.2575  EPtot      =    -53709.7735
 BOND   =       582.4463  ANGLE   =      1630.0364  DIHED      =      3599.3030
 1-4 NB =      1043.5648  1-4 EEL =     10620.3205  VDWAALS    =      4686.7976
 EELEC  =    -76259.0323  EHBOND  =         0.0000  RESTRAINT  =       386.7902
 EAMBER (non-restraint)  =    -54096.5637
 DV/DL  =        48.3126
 ------------------------------------------------------------------------------

 NMR restraints: Bond =    0.000   Angle =     0.000   Torsion =     0.000
===============================================================================
  Softcore part of the system:      42 atoms,       TEMP(K)    =         179.04
 SC_Etot=       125.6704  SC_EKtot=        18.3227  SC_EPtot   =       107.3477
 SC_BOND=         3.7668  SC_ANGLE=        17.3118  SC_DIHED   =        21.3456
 SC_14NB=         3.4390  SC_14EEL=        26.1854  SC_VDW     =         0.9548
 SC_EEL =        34.3443
 SC_RES_DIST=     0.0000  SC_RES_ANG=       0.0000  SC_RES_TORS=         0.0000
 SC_EEL_DER=     30.7239  SC_VDW_DER=      -6.7926  SC_DERIV   =        23.9313
 ------------------------------------------------------------------------------


      R M S  F L U C T U A T I O N S


 NSTEP =    25000   TIME(PS) =      50.000  TEMP(K) =    95.81  PRESS =     0.0
 Etot   =      7771.5761  EKtot   =      3544.1379  EPtot      =      4248.4301
 BOND   =       230.0661  ANGLE   =       544.4367  DIHED      =       125.1000
 1-4 NB =        37.1658  1-4 EEL =        21.9496  VDWAALS    =      1350.4875
 EELEC  =      4492.9537  EHBOND  =         0.0000  RESTRAINT  =       190.5056
 EAMBER (non-restraint)  =      4057.9245
 DV/DL  =        16.4791
 ------------------------------------------------------------------------------

  Softcore part of the system:      42 atoms,       TEMP(K)    =          97.94
 SC_Etot=        17.5460  SC_EKtot=        10.0229  SC_EPtot   =         7.9676
 SC_BOND=         1.7122  SC_ANGLE=         5.4021  SC_DIHED   =         1.8090
 SC_14NB=         0.4176  SC_14EEL=         0.5134  SC_VDW     =         0.7563
 SC_EEL =         0.4712
 SC_RES_DIST=     0.0000  SC_RES_ANG=       0.0000  SC_RES_TORS=         0.0000
 SC_EEL_DER=      5.1714  SC_VDW_DER=       2.6342  SC_DERIV   =         5.1612
 ------------------------------------------------------------------------------


| TI region  2


      A V E R A G E S   O V E R      25 S T E P S


 NSTEP =    25000   TIME(PS) =      50.000  TEMP(K) =   180.79  PRESS =     0.0
 Etot   =    -47022.5134  EKtot   =      6687.2600  EPtot      =    -53709.7735
 BOND   =       582.4463  ANGLE   =      1630.0364  DIHED      =      3599.3030
 1-4 NB =      1043.5648  1-4 EEL =     10620.3205  VDWAALS    =      4686.7976
 EELEC  =    -76259.0323  EHBOND  =         0.0000  RESTRAINT  =       386.7902
 EAMBER (non-restraint)  =    -54096.5637
 DV/DL  =        48.3126
 ------------------------------------------------------------------------------

 NMR restraints: Bond =    0.000   Angle =     0.000   Torsion =     0.000
===============================================================================
  Softcore part of the system:      41 atoms,       TEMP(K)    =         184.43
 SC_Etot=       197.2510  SC_EKtot=        18.3252  SC_EPtot   =       178.9257
 SC_BOND=         5.3661  SC_ANGLE=        15.0336  SC_DIHED   =        15.3453
 SC_14NB=         4.3706  SC_14EEL=        91.0072  SC_VDW     =        -0.3714
 SC_EEL =        48.1742
 SC_RES_DIST=     0.0000  SC_RES_ANG=       0.0000  SC_RES_TORS=         0.0000
 SC_EEL_DER=     30.7239  SC_VDW_DER=      -6.7926  SC_DERIV   =        23.9313
 ------------------------------------------------------------------------------


      R M S  F L U C T U A T I O N S


 NSTEP =    25000   TIME(PS) =      50.000  TEMP(K) =    95.83  PRESS =     0.0
 Etot   =      7772.2591  EKtot   =      3544.7928  EPtot      =      4248.4301
 BOND   =       230.0661  ANGLE   =       544.4367  DIHED      =       125.1000
 1-4 NB =        37.1658  1-4 EEL =        21.9496  VDWAALS    =      1350.4875
 EELEC  =      4492.9537  EHBOND  =         0.0000  RESTRAINT  =       190.5056
 EAMBER (non-restraint)  =      4057.9245
 DV/DL  =        16.4791
 ------------------------------------------------------------------------------

  Softcore part of the system:      41 atoms,       TEMP(K)    =         108.58
 SC_Etot=        20.3811  SC_EKtot=        10.7888  SC_EPtot   =         9.8858
 SC_BOND=         3.2406  SC_ANGLE=         6.7091  SC_DIHED   =         1.3708
 SC_14NB=         0.5874  SC_14EEL=         0.7428  SC_VDW     =         0.6411
 SC_EEL =         0.6240
 SC_RES_DIST=     0.0000  SC_RES_ANG=       0.0000  SC_RES_TORS=         0.0000
 SC_EEL_DER=      5.1714  SC_VDW_DER=       2.6342  SC_DERIV   =         5.1612
 ------------------------------------------------------------------------------


      DV/DL, AVERAGES OVER      25 STEPS


 NSTEP =    25000   TIME(PS) =      50.000  TEMP(K) =    95.83  PRESS =     0.0
 Etot   =         0.0000  EKtot   =         0.0000  EPtot      =        48.3126
 BOND   =         3.8095  ANGLE   =         0.0544  DIHED      =         0.0000
 1-4 NB =         0.5498  1-4 EEL =        46.8596  VDWAALS    =        33.1378
 EELEC  =       -60.0299  EHBOND  =         0.0000  RESTRAINT  =         0.0000
 DV/DL  =        48.3126
 ------------------------------------------------------------------------------


 NMR restraints on final step:

--------------------------------------------------------------------------------
   5.  TIMINGS
--------------------------------------------------------------------------------

|  NonSetup CPU Time in Major Routines:
|
|     Routine           Sec        %
|     ------------------------------
|     Nonbond           8.76   37.64
|     Bond              0.00    0.00
|     Angle             0.00    0.00
|     Dihedral          0.00    0.00
|     Shake             0.04    0.17
|     RunMD            14.44   62.06
|     Other             0.03    0.13
|     ------------------------------
|     Total            23.26

|  PME Nonbond Pairlist CPU Time:
|
|     Routine              Sec        %
|     ---------------------------------
|     Set Up Cit           0.00    0.00
|     Build List           0.00    0.00
|     ---------------------------------
|     Total                0.00    0.00

|  PME Direct Force CPU Time:
|
|     Routine              Sec        %
|     ---------------------------------
|     NonBonded Calc       0.00    0.00
|     Exclude Masked       0.00    0.00
|     Other                0.02    0.08
|     ---------------------------------
|     Total                0.02    0.08

|  PME Reciprocal Force CPU Time:
|
|     Routine              Sec        %
|     ---------------------------------
|     1D bspline           0.00    0.00
|     Grid Charges         0.00    0.00
|     Scalar Sum           0.00    0.00
|     Gradient Sum         0.00    0.00
|     FFT                  0.00    0.00
|     ---------------------------------
|     Total                0.00    0.00

|  Final Performance Info:
|     -----------------------------------------------------
|     Average timings for last   25000 steps:
|     Elapsed(s) =      23.26 Per Step(ms) =       0.93
|         ns/day =     185.72   seconds/ns =     465.23
|
|     Average timings for all steps:
|     Elapsed(s) =      23.26 Per Step(ms) =       0.93
|         ns/day =     185.72   seconds/ns =     465.23
|     -----------------------------------------------------

|  Setup CPU time:            0.72 seconds
|  NonSetup CPU time:        23.26 seconds
|  Total CPU time:           23.98 seconds     0.01 hours

|  Setup wall time:           0    seconds
|  NonSetup wall time:       24    seconds
|  Total wall time:          24    seconds     0.01 hours
